[0.014s] Invoking command in '/home/hansollee/kdta_ROS2_workspace/build/simple_pkg_cpp': CMAKE_PREFIX_PATH=${CMAKE_PREFIX_PATH}:/opt/ros/humble /usr/bin/cmake --build /home/hansollee/kdta_ROS2_workspace/build/simple_pkg_cpp -- -j2 -l2
[0.052s] -- Found ament_cmake: 1.3.10 (/opt/ros/humble/share/ament_cmake/cmake)
[0.161s] -- Override CMake install command with custom implementation using symlinks instead of copying resources
[0.168s] -- Found rclcpp: 16.0.10 (/opt/ros/humble/share/rclcpp/cmake)
[0.191s] -- Found rosidl_generator_c: 3.1.5 (/opt/ros/humble/share/rosidl_generator_c/cmake)
[0.194s] -- Found rosidl_adapter: 3.1.5 (/opt/ros/humble/share/rosidl_adapter/cmake)
[0.198s] -- Found rosidl_generator_cpp: 3.1.5 (/opt/ros/humble/share/rosidl_generator_cpp/cmake)
[0.205s] -- Using all available rosidl_typesupport_c: rosidl_typesupport_fastrtps_c;rosidl_typesupport_introspection_c
[0.215s] -- Using all available rosidl_typesupport_cpp: rosidl_typesupport_fastrtps_cpp;rosidl_typesupport_introspection_cpp
[0.246s] -- Found rmw_implementation_cmake: 6.1.2 (/opt/ros/humble/share/rmw_implementation_cmake/cmake)
[0.247s] -- Found rmw_fastrtps_cpp: 6.2.7 (/opt/ros/humble/share/rmw_fastrtps_cpp/cmake)
[0.354s] -- Using RMW implementation 'rmw_fastrtps_cpp' as default
[0.396s] -- Found interface_example: 0.0.0 (/home/hansollee/kdta_ROS2_workspace/install/interface_example/share/interface_example/cmake)
[0.430s] -- Found rclcpp_action: 16.0.10 (/opt/ros/humble/share/rclcpp_action/cmake)
[0.449s] -- Found ament_lint_auto: 0.12.11 (/opt/ros/humble/share/ament_lint_auto/cmake)
[0.517s] -- Added test 'cppcheck' to perform static code analysis on C / C++ code
[0.517s] -- Configured cppcheck include dirs: /home/hansollee/kdta_ROS2_workspace/src/simple_pkg_cpp/include
[0.517s] -- Configured cppcheck exclude dirs and/or files: 
[0.519s] -- Added test 'flake8' to check Python code syntax and style conventions
[0.520s] -- Added test 'lint_cmake' to check CMake code style
[0.521s] -- Added test 'pep257' to check Python code against some of the docstring style conventions in PEP 257
[0.525s] -- Added test 'uncrustify' to check C / C++ code style
[0.525s] -- Configured uncrustify additional arguments: 
[0.528s] -- Added test 'xmllint' to check XML markup files
[0.532s] -- Configuring done
[0.646s] -- Generating done
[0.657s] -- Build files have been written to: /home/hansollee/kdta_ROS2_workspace/build/simple_pkg_cpp
[0.684s] [35m[1mConsolidate compiler generated dependencies of target helloword[0m
[0.702s] [35m[1mConsolidate compiler generated dependencies of target helloOpenCV[0m
[0.721s] [  6%] Built target helloword
[0.732s] [35m[1mConsolidate compiler generated dependencies of target hello_publisher[0m
[0.739s] [ 12%] Built target helloOpenCV
[0.767s] [35m[1mConsolidate compiler generated dependencies of target hello_publisher2[0m
[0.776s] [ 18%] Built target hello_publisher
[0.793s] [35m[1mConsolidate compiler generated dependencies of target hello_publisher_class[0m
[0.812s] [ 25%] Built target hello_publisher2
[0.815s] [ 31%] Built target hello_publisher_class
[0.828s] [35m[1mConsolidate compiler generated dependencies of target hello_subscriber_class[0m
[0.855s] [35m[1mConsolidate compiler generated dependencies of target hello_publisher_class2[0m
[0.883s] [ 40%] Built target hello_publisher_class2
[0.892s] [ 50%] Built target hello_subscriber_class
[0.895s] [35m[1mConsolidate compiler generated dependencies of target time_publisher_class[0m
[0.916s] [35m[1mConsolidate compiler generated dependencies of target time_subscriber_class[0m
[0.940s] [ 59%] Built target time_publisher_class
[0.949s] [ 68%] Built target time_subscriber_class
[0.964s] [35m[1mConsolidate compiler generated dependencies of target simple_service_server[0m
[0.985s] [35m[1mConsolidate compiler generated dependencies of target simple_service_client[0m
[1.017s] [ 75%] Built target simple_service_server
[1.018s] [ 81%] Built target simple_service_client
[1.041s] [35m[1mConsolidate compiler generated dependencies of target simple_action_server[0m
[1.048s] [35m[1mConsolidate compiler generated dependencies of target simple_service_client2[0m
[1.104s] [ 87%] Built target simple_action_server
[1.111s] [ 93%] Built target simple_service_client2
[1.120s] [35m[1mConsolidate compiler generated dependencies of target simple_action_client[0m
[1.137s] [100%] Built target simple_action_client
[1.152s] Invoked command in '/home/hansollee/kdta_ROS2_workspace/build/simple_pkg_cpp' returned '0': CMAKE_PREFIX_PATH=${CMAKE_PREFIX_PATH}:/opt/ros/humble /usr/bin/cmake --build /home/hansollee/kdta_ROS2_workspace/build/simple_pkg_cpp -- -j2 -l2
[1.267s] Invoking command in '/home/hansollee/kdta_ROS2_workspace/build/simple_pkg_cpp': CMAKE_PREFIX_PATH=${CMAKE_PREFIX_PATH}:/opt/ros/humble /usr/bin/cmake --install /home/hansollee/kdta_ROS2_workspace/build/simple_pkg_cpp
[1.274s] -- Install configuration: ""
[1.275s] -- Execute custom install script
[1.276s] -- Up-to-date symlink: /home/hansollee/kdta_ROS2_workspace/install/simple_pkg_cpp/lib/simple_pkg_cpp/helloword
[1.277s] -- Up-to-date symlink: /home/hansollee/kdta_ROS2_workspace/install/simple_pkg_cpp/lib/simple_pkg_cpp/helloOpenCV
[1.278s] -- Up-to-date symlink: /home/hansollee/kdta_ROS2_workspace/install/simple_pkg_cpp/lib/simple_pkg_cpp/hello_publisher
[1.280s] -- Up-to-date symlink: /home/hansollee/kdta_ROS2_workspace/install/simple_pkg_cpp/lib/simple_pkg_cpp/hello_publisher2
[1.281s] -- Up-to-date symlink: /home/hansollee/kdta_ROS2_workspace/install/simple_pkg_cpp/lib/simple_pkg_cpp/hello_publisher_class
[1.281s] -- Up-to-date symlink: /home/hansollee/kdta_ROS2_workspace/install/simple_pkg_cpp/lib/simple_pkg_cpp/hello_publisher_class2
[1.282s] -- Up-to-date symlink: /home/hansollee/kdta_ROS2_workspace/install/simple_pkg_cpp/lib/simple_pkg_cpp/hello_subscriber_class
[1.282s] -- Up-to-date symlink: /home/hansollee/kdta_ROS2_workspace/install/simple_pkg_cpp/lib/simple_pkg_cpp/time_publisher_class
[1.282s] -- Up-to-date symlink: /home/hansollee/kdta_ROS2_workspace/install/simple_pkg_cpp/lib/simple_pkg_cpp/time_subscriber_class
[1.283s] -- Up-to-date symlink: /home/hansollee/kdta_ROS2_workspace/install/simple_pkg_cpp/lib/simple_pkg_cpp/simple_service_server
[1.283s] -- Up-to-date symlink: /home/hansollee/kdta_ROS2_workspace/install/simple_pkg_cpp/lib/simple_pkg_cpp/simple_service_client
[1.284s] -- Up-to-date symlink: /home/hansollee/kdta_ROS2_workspace/install/simple_pkg_cpp/lib/simple_pkg_cpp/simple_service_client2
[1.284s] -- Up-to-date symlink: /home/hansollee/kdta_ROS2_workspace/install/simple_pkg_cpp/lib/simple_pkg_cpp/simple_action_server
[1.284s] -- Up-to-date symlink: /home/hansollee/kdta_ROS2_workspace/install/simple_pkg_cpp/lib/simple_pkg_cpp/simple_action_client
[1.285s] -- Up-to-date symlink: /home/hansollee/kdta_ROS2_workspace/install/simple_pkg_cpp/share/simple_pkg_cpp/launch/action.launch.py
[1.286s] -- Up-to-date symlink: /home/hansollee/kdta_ROS2_workspace/install/simple_pkg_cpp/share/simple_pkg_cpp/launch/service.launch.py
[1.286s] -- Up-to-date symlink: /home/hansollee/kdta_ROS2_workspace/install/simple_pkg_cpp/share/simple_pkg_cpp/param/service.yaml
[1.287s] -- Up-to-date symlink: /home/hansollee/kdta_ROS2_workspace/install/simple_pkg_cpp/share/ament_index/resource_index/package_run_dependencies/simple_pkg_cpp
[1.287s] -- Up-to-date symlink: /home/hansollee/kdta_ROS2_workspace/install/simple_pkg_cpp/share/ament_index/resource_index/parent_prefix_path/simple_pkg_cpp
[1.287s] -- Up-to-date symlink: /home/hansollee/kdta_ROS2_workspace/install/simple_pkg_cpp/share/simple_pkg_cpp/environment/ament_prefix_path.sh
[1.288s] -- Up-to-date symlink: /home/hansollee/kdta_ROS2_workspace/install/simple_pkg_cpp/share/simple_pkg_cpp/environment/ament_prefix_path.dsv
[1.289s] -- Up-to-date symlink: /home/hansollee/kdta_ROS2_workspace/install/simple_pkg_cpp/share/simple_pkg_cpp/environment/path.sh
[1.291s] -- Up-to-date symlink: /home/hansollee/kdta_ROS2_workspace/install/simple_pkg_cpp/share/simple_pkg_cpp/environment/path.dsv
[1.292s] -- Up-to-date symlink: /home/hansollee/kdta_ROS2_workspace/install/simple_pkg_cpp/share/simple_pkg_cpp/local_setup.bash
[1.293s] -- Up-to-date symlink: /home/hansollee/kdta_ROS2_workspace/install/simple_pkg_cpp/share/simple_pkg_cpp/local_setup.sh
[1.294s] -- Up-to-date symlink: /home/hansollee/kdta_ROS2_workspace/install/simple_pkg_cpp/share/simple_pkg_cpp/local_setup.zsh
[1.294s] -- Up-to-date symlink: /home/hansollee/kdta_ROS2_workspace/install/simple_pkg_cpp/share/simple_pkg_cpp/local_setup.dsv
[1.295s] -- Symlinking: /home/hansollee/kdta_ROS2_workspace/install/simple_pkg_cpp/share/simple_pkg_cpp/package.dsv
[1.297s] -- Up-to-date symlink: /home/hansollee/kdta_ROS2_workspace/install/simple_pkg_cpp/share/ament_index/resource_index/packages/simple_pkg_cpp
[1.298s] -- Up-to-date symlink: /home/hansollee/kdta_ROS2_workspace/install/simple_pkg_cpp/share/simple_pkg_cpp/cmake/simple_pkg_cppConfig.cmake
[1.299s] -- Up-to-date symlink: /home/hansollee/kdta_ROS2_workspace/install/simple_pkg_cpp/share/simple_pkg_cpp/cmake/simple_pkg_cppConfig-version.cmake
[1.300s] -- Up-to-date symlink: /home/hansollee/kdta_ROS2_workspace/install/simple_pkg_cpp/share/simple_pkg_cpp/package.xml
[1.300s] Invoked command in '/home/hansollee/kdta_ROS2_workspace/build/simple_pkg_cpp' returned '0': CMAKE_PREFIX_PATH=${CMAKE_PREFIX_PATH}:/opt/ros/humble /usr/bin/cmake --install /home/hansollee/kdta_ROS2_workspace/build/simple_pkg_cpp
