[0.010s] Invoking command in '/home/hansollee/kdta_ROS2_workspace/build/simple_pkg_cpp': CMAKE_PREFIX_PATH=${CMAKE_PREFIX_PATH}:/opt/ros/humble /usr/bin/cmake --build /home/hansollee/kdta_ROS2_workspace/build/simple_pkg_cpp -- -j2 -l2
[0.066s] [  6%] Built target helloword
[0.067s] [ 12%] Built target helloOpenCV
[0.093s] [ 21%] Built target hello_publisher
[0.093s] [ 25%] Built target hello_publisher2
[0.119s] [ 31%] Built target hello_publisher_class
[0.132s] [ 40%] Built target hello_publisher_class2
[0.152s] [ 50%] Built target hello_subscriber_class
[0.171s] [ 59%] Built target time_publisher_class
[0.184s] [ 68%] Built target time_subscriber_class
[0.198s] [ 75%] Built target simple_service_server
[0.213s] [ 81%] Built target simple_service_client
[0.224s] [ 87%] Built target simple_service_client2
[0.239s] [ 93%] Built target simple_action_server
[0.255s] [100%] Built target simple_action_client
[0.271s] Invoked command in '/home/hansollee/kdta_ROS2_workspace/build/simple_pkg_cpp' returned '0': CMAKE_PREFIX_PATH=${CMAKE_PREFIX_PATH}:/opt/ros/humble /usr/bin/cmake --build /home/hansollee/kdta_ROS2_workspace/build/simple_pkg_cpp -- -j2 -l2
[0.376s] Invoking command in '/home/hansollee/kdta_ROS2_workspace/build/simple_pkg_cpp': CMAKE_PREFIX_PATH=${CMAKE_PREFIX_PATH}:/opt/ros/humble /usr/bin/cmake --install /home/hansollee/kdta_ROS2_workspace/build/simple_pkg_cpp
[0.387s] -- Install configuration: ""
[0.387s] -- Execute custom install script
[0.388s] -- Up-to-date symlink: /home/hansollee/kdta_ROS2_workspace/install/simple_pkg_cpp/lib/simple_pkg_cpp/helloword
[0.389s] -- Up-to-date symlink: /home/hansollee/kdta_ROS2_workspace/install/simple_pkg_cpp/lib/simple_pkg_cpp/helloOpenCV
[0.390s] -- Up-to-date symlink: /home/hansollee/kdta_ROS2_workspace/install/simple_pkg_cpp/lib/simple_pkg_cpp/hello_publisher
[0.391s] -- Up-to-date symlink: /home/hansollee/kdta_ROS2_workspace/install/simple_pkg_cpp/lib/simple_pkg_cpp/hello_publisher2
[0.391s] -- Up-to-date symlink: /home/hansollee/kdta_ROS2_workspace/install/simple_pkg_cpp/lib/simple_pkg_cpp/hello_publisher_class
[0.391s] -- Up-to-date symlink: /home/hansollee/kdta_ROS2_workspace/install/simple_pkg_cpp/lib/simple_pkg_cpp/hello_publisher_class2
[0.392s] -- Up-to-date symlink: /home/hansollee/kdta_ROS2_workspace/install/simple_pkg_cpp/lib/simple_pkg_cpp/hello_subscriber_class
[0.392s] -- Up-to-date symlink: /home/hansollee/kdta_ROS2_workspace/install/simple_pkg_cpp/lib/simple_pkg_cpp/time_publisher_class
[0.392s] -- Up-to-date symlink: /home/hansollee/kdta_ROS2_workspace/install/simple_pkg_cpp/lib/simple_pkg_cpp/time_subscriber_class
[0.393s] -- Up-to-date symlink: /home/hansollee/kdta_ROS2_workspace/install/simple_pkg_cpp/lib/simple_pkg_cpp/simple_service_server
[0.393s] -- Up-to-date symlink: /home/hansollee/kdta_ROS2_workspace/install/simple_pkg_cpp/lib/simple_pkg_cpp/simple_service_client
[0.393s] -- Up-to-date symlink: /home/hansollee/kdta_ROS2_workspace/install/simple_pkg_cpp/lib/simple_pkg_cpp/simple_service_client2
[0.393s] -- Up-to-date symlink: /home/hansollee/kdta_ROS2_workspace/install/simple_pkg_cpp/lib/simple_pkg_cpp/simple_action_server
[0.394s] -- Up-to-date symlink: /home/hansollee/kdta_ROS2_workspace/install/simple_pkg_cpp/lib/simple_pkg_cpp/simple_action_client
[0.394s] -- Up-to-date symlink: /home/hansollee/kdta_ROS2_workspace/install/simple_pkg_cpp/share/simple_pkg_cpp/launch/action.launch.py
[0.394s] -- Up-to-date symlink: /home/hansollee/kdta_ROS2_workspace/install/simple_pkg_cpp/share/simple_pkg_cpp/launch/service.launch.py
[0.395s] -- Up-to-date symlink: /home/hansollee/kdta_ROS2_workspace/install/simple_pkg_cpp/share/simple_pkg_cpp/param/service.yaml
[0.395s] -- Up-to-date symlink: /home/hansollee/kdta_ROS2_workspace/install/simple_pkg_cpp/share/ament_index/resource_index/package_run_dependencies/simple_pkg_cpp
[0.395s] -- Up-to-date symlink: /home/hansollee/kdta_ROS2_workspace/install/simple_pkg_cpp/share/ament_index/resource_index/parent_prefix_path/simple_pkg_cpp
[0.396s] -- Up-to-date symlink: /home/hansollee/kdta_ROS2_workspace/install/simple_pkg_cpp/share/simple_pkg_cpp/environment/ament_prefix_path.sh
[0.397s] -- Up-to-date symlink: /home/hansollee/kdta_ROS2_workspace/install/simple_pkg_cpp/share/simple_pkg_cpp/environment/ament_prefix_path.dsv
[0.397s] -- Up-to-date symlink: /home/hansollee/kdta_ROS2_workspace/install/simple_pkg_cpp/share/simple_pkg_cpp/environment/path.sh
[0.398s] -- Up-to-date symlink: /home/hansollee/kdta_ROS2_workspace/install/simple_pkg_cpp/share/simple_pkg_cpp/environment/path.dsv
[0.398s] -- Up-to-date symlink: /home/hansollee/kdta_ROS2_workspace/install/simple_pkg_cpp/share/simple_pkg_cpp/local_setup.bash
[0.398s] -- Up-to-date symlink: /home/hansollee/kdta_ROS2_workspace/install/simple_pkg_cpp/share/simple_pkg_cpp/local_setup.sh
[0.398s] -- Up-to-date symlink: /home/hansollee/kdta_ROS2_workspace/install/simple_pkg_cpp/share/simple_pkg_cpp/local_setup.zsh
[0.399s] -- Up-to-date symlink: /home/hansollee/kdta_ROS2_workspace/install/simple_pkg_cpp/share/simple_pkg_cpp/local_setup.dsv
[0.399s] -- Symlinking: /home/hansollee/kdta_ROS2_workspace/install/simple_pkg_cpp/share/simple_pkg_cpp/package.dsv
[0.414s] -- Up-to-date symlink: /home/hansollee/kdta_ROS2_workspace/install/simple_pkg_cpp/share/ament_index/resource_index/packages/simple_pkg_cpp
[0.414s] -- Up-to-date symlink: /home/hansollee/kdta_ROS2_workspace/install/simple_pkg_cpp/share/simple_pkg_cpp/cmake/simple_pkg_cppConfig.cmake
[0.414s] -- Up-to-date symlink: /home/hansollee/kdta_ROS2_workspace/install/simple_pkg_cpp/share/simple_pkg_cpp/cmake/simple_pkg_cppConfig-version.cmake
[0.416s] -- Up-to-date symlink: /home/hansollee/kdta_ROS2_workspace/install/simple_pkg_cpp/share/simple_pkg_cpp/package.xml
[0.416s] Invoked command in '/home/hansollee/kdta_ROS2_workspace/build/simple_pkg_cpp' returned '0': CMAKE_PREFIX_PATH=${CMAKE_PREFIX_PATH}:/opt/ros/humble /usr/bin/cmake --install /home/hansollee/kdta_ROS2_workspace/build/simple_pkg_cpp
