[0.009s] Invoking command in '/home/hansollee/kdta_ROS2_workspace/build/simple_pkg_cpp': CMAKE_PREFIX_PATH=/opt/ros/humble /usr/bin/cmake /home/hansollee/kdta_ROS2_workspace/src/simple_pkg_cpp -DAMENT_CMAKE_SYMLINK_INSTALL=1 -DCMAKE_INSTALL_PREFIX=/home/hansollee/kdta_ROS2_workspace/install/simple_pkg_cpp
[0.025s] -- Found ament_cmake: 1.3.10 (/opt/ros/humble/share/ament_cmake/cmake)
[0.148s] -- Override CMake install command with custom implementation using symlinks instead of copying resources
[0.153s] -- Found rclcpp: 16.0.10 (/opt/ros/humble/share/rclcpp/cmake)
[0.178s] -- Found rosidl_generator_c: 3.1.5 (/opt/ros/humble/share/rosidl_generator_c/cmake)
[0.180s] -- Found rosidl_adapter: 3.1.5 (/opt/ros/humble/share/rosidl_adapter/cmake)
[0.188s] -- Found rosidl_generator_cpp: 3.1.5 (/opt/ros/humble/share/rosidl_generator_cpp/cmake)
[0.195s] -- Using all available rosidl_typesupport_c: rosidl_typesupport_fastrtps_c;rosidl_typesupport_introspection_c
[0.206s] -- Using all available rosidl_typesupport_cpp: rosidl_typesupport_fastrtps_cpp;rosidl_typesupport_introspection_cpp
[0.232s] -- Found rmw_implementation_cmake: 6.1.2 (/opt/ros/humble/share/rmw_implementation_cmake/cmake)
[0.243s] -- Found rmw_fastrtps_cpp: 6.2.7 (/opt/ros/humble/share/rmw_fastrtps_cpp/cmake)
[0.372s] -- Using RMW implementation 'rmw_fastrtps_cpp' as default
[0.442s] [31mCMake Error at CMakeLists.txt:13 (find_package):
[0.443s]   By not providing "Findinterface_example.cmake" in CMAKE_MODULE_PATH this
[0.443s]   project has asked CMake to find a package configuration file provided by
[0.444s]   "interface_example", but CMake did not find one.
[0.444s] 
[0.444s]   Could not find a package configuration file provided by "interface_example"
[0.444s]   with any of the following names:
[0.445s] 
[0.446s]     interface_exampleConfig.cmake
[0.446s]     interface_example-config.cmake
[0.446s] 
[0.447s]   Add the installation prefix of "interface_example" to CMAKE_PREFIX_PATH or
[0.447s]   set "interface_example_DIR" to a directory containing one of the above
[0.447s]   files.  If "interface_example" provides a separate development package or
[0.447s]   SDK, be sure it has been installed.
[0.448s] 
[0.448s] [0m
[0.448s] -- Configuring incomplete, errors occurred!
[0.448s] See also "/home/hansollee/kdta_ROS2_workspace/build/simple_pkg_cpp/CMakeFiles/CMakeOutput.log".
[0.453s] Invoked command in '/home/hansollee/kdta_ROS2_workspace/build/simple_pkg_cpp' returned '1': CMAKE_PREFIX_PATH=/opt/ros/humble /usr/bin/cmake /home/hansollee/kdta_ROS2_workspace/src/simple_pkg_cpp -DAMENT_CMAKE_SYMLINK_INSTALL=1 -DCMAKE_INSTALL_PREFIX=/home/hansollee/kdta_ROS2_workspace/install/simple_pkg_cpp
