[0.073s] Invoking command in '/home/hansollee/kdta_ROS2_workspace/build/moveTSim': CMAKE_PREFIX_PATH=${CMAKE_PREFIX_PATH}:/opt/ros/humble /usr/bin/cmake --build /home/hansollee/kdta_ROS2_workspace/build/moveTSim -- -j4 -l4
[0.572s] [100%] Built target moveTurtleSim
[0.716s] Invoked command in '/home/hansollee/kdta_ROS2_workspace/build/moveTSim' returned '0': CMAKE_PREFIX_PATH=${CMAKE_PREFIX_PATH}:/opt/ros/humble /usr/bin/cmake --build /home/hansollee/kdta_ROS2_workspace/build/moveTSim -- -j4 -l4
[1.013s] Invoking command in '/home/hansollee/kdta_ROS2_workspace/build/moveTSim': CMAKE_PREFIX_PATH=${CMAKE_PREFIX_PATH}:/opt/ros/humble /usr/bin/cmake --install /home/hansollee/kdta_ROS2_workspace/build/moveTSim
[1.066s] -- Install configuration: ""
[1.090s] -- Execute custom install script
[1.102s] -- Up-to-date symlink: /home/hansollee/kdta_ROS2_workspace/install/moveTSim/lib/moveTSim/moveTurtleSim
[1.102s] -- Up-to-date symlink: /home/hansollee/kdta_ROS2_workspace/install/moveTSim/share/ament_index/resource_index/package_run_dependencies/moveTSim
[1.105s] -- Up-to-date symlink: /home/hansollee/kdta_ROS2_workspace/install/moveTSim/share/ament_index/resource_index/parent_prefix_path/moveTSim
[1.113s] -- Up-to-date symlink: /home/hansollee/kdta_ROS2_workspace/install/moveTSim/share/moveTSim/environment/ament_prefix_path.sh
[1.113s] -- Up-to-date symlink: /home/hansollee/kdta_ROS2_workspace/install/moveTSim/share/moveTSim/environment/ament_prefix_path.dsv
[1.116s] -- Up-to-date symlink: /home/hansollee/kdta_ROS2_workspace/install/moveTSim/share/moveTSim/environment/path.sh
[1.123s] -- Up-to-date symlink: /home/hansollee/kdta_ROS2_workspace/install/moveTSim/share/moveTSim/environment/path.dsv
[1.128s] -- Up-to-date symlink: /home/hansollee/kdta_ROS2_workspace/install/moveTSim/share/moveTSim/local_setup.bash
[1.131s] -- Up-to-date symlink: /home/hansollee/kdta_ROS2_workspace/install/moveTSim/share/moveTSim/local_setup.sh
[1.131s] -- Up-to-date symlink: /home/hansollee/kdta_ROS2_workspace/install/moveTSim/share/moveTSim/local_setup.zsh
[1.132s] -- Up-to-date symlink: /home/hansollee/kdta_ROS2_workspace/install/moveTSim/share/moveTSim/local_setup.dsv
[1.132s] -- Symlinking: /home/hansollee/kdta_ROS2_workspace/install/moveTSim/share/moveTSim/package.dsv
[1.220s] -- Up-to-date symlink: /home/hansollee/kdta_ROS2_workspace/install/moveTSim/share/ament_index/resource_index/packages/moveTSim
[1.226s] -- Up-to-date symlink: /home/hansollee/kdta_ROS2_workspace/install/moveTSim/share/moveTSim/cmake/moveTSimConfig.cmake
[1.227s] -- Up-to-date symlink: /home/hansollee/kdta_ROS2_workspace/install/moveTSim/share/moveTSim/cmake/moveTSimConfig-version.cmake
[1.229s] -- Up-to-date symlink: /home/hansollee/kdta_ROS2_workspace/install/moveTSim/share/moveTSim/package.xml
[1.237s] Invoked command in '/home/hansollee/kdta_ROS2_workspace/build/moveTSim' returned '0': CMAKE_PREFIX_PATH=${CMAKE_PREFIX_PATH}:/opt/ros/humble /usr/bin/cmake --install /home/hansollee/kdta_ROS2_workspace/build/moveTSim
