[0.142s] Invoking command in '/home/hansollee/kdta_ROS2_workspace/build/interface_example': CMAKE_PREFIX_PATH=${CMAKE_PREFIX_PATH}:/opt/ros/humble /usr/bin/cmake --build /home/hansollee/kdta_ROS2_workspace/build/interface_example -- -j4 -l4
[1.094s] [  3%] Built target interface_example__cpp
[1.169s] [ 12%] Built target interface_example__rosidl_generator_c
[1.282s] [ 12%] Built target ament_cmake_python_symlink_interface_example
[1.367s] [ 22%] Built target interface_example__rosidl_typesupport_introspection_cpp
[1.449s] [ 32%] Built target interface_example__rosidl_typesupport_cpp
[1.488s] [ 41%] Built target interface_example__rosidl_typesupport_fastrtps_cpp
[1.669s] [ 51%] Built target interface_example__rosidl_typesupport_fastrtps_c
[1.698s] [ 61%] Built target interface_example__rosidl_typesupport_introspection_c
[1.760s] [ 70%] Built target interface_example__rosidl_typesupport_c
[1.994s] [ 70%] Built target interface_example
[2.136s] [ 74%] Built target interface_example__py
[2.416s] [ 80%] Built target interface_example__rosidl_generator_py
[2.780s] [ 87%] Built target interface_example__rosidl_typesupport_fastrtps_c__pyext
[3.053s] [ 93%] Built target interface_example__rosidl_typesupport_c__pyext
[3.055s] [100%] Built target interface_example__rosidl_typesupport_introspection_c__pyext
[4.105s] running egg_info
[4.108s] writing interface_example.egg-info/PKG-INFO
[4.110s] writing dependency_links to interface_example.egg-info/dependency_links.txt
[4.116s] writing top-level names to interface_example.egg-info/top_level.txt
[4.127s] reading manifest file 'interface_example.egg-info/SOURCES.txt'
[4.131s] writing manifest file 'interface_example.egg-info/SOURCES.txt'
[4.246s] [100%] Built target ament_cmake_python_build_interface_example_egg
[4.307s] Invoked command in '/home/hansollee/kdta_ROS2_workspace/build/interface_example' returned '0': CMAKE_PREFIX_PATH=${CMAKE_PREFIX_PATH}:/opt/ros/humble /usr/bin/cmake --build /home/hansollee/kdta_ROS2_workspace/build/interface_example -- -j4 -l4
[4.809s] Invoking command in '/home/hansollee/kdta_ROS2_workspace/build/interface_example': CMAKE_PREFIX_PATH=${CMAKE_PREFIX_PATH}:/opt/ros/humble /usr/bin/cmake --install /home/hansollee/kdta_ROS2_workspace/build/interface_example
[4.858s] -- Install configuration: ""
[4.867s] -- Execute custom install script
[4.868s] -- Up-to-date symlink: /home/hansollee/kdta_ROS2_workspace/install/interface_example/share/ament_index/resource_index/rosidl_interfaces/interface_example
[4.870s] -- Up-to-date symlink: /home/hansollee/kdta_ROS2_workspace/install/interface_example/include/interface_example/interface_example/msg/rosidl_generator_c__visibility_control.h
[4.873s] -- Up-to-date symlink: /home/hansollee/kdta_ROS2_workspace/install/interface_example/include/interface_example/interface_example/srv/add_two_int.h
[4.873s] -- Up-to-date symlink: /home/hansollee/kdta_ROS2_workspace/install/interface_example/include/interface_example/interface_example/srv/detail/add_two_int__functions.h
[4.874s] -- Up-to-date symlink: /home/hansollee/kdta_ROS2_workspace/install/interface_example/include/interface_example/interface_example/srv/detail/add_two_int__struct.h
[4.881s] -- Up-to-date symlink: /home/hansollee/kdta_ROS2_workspace/install/interface_example/include/interface_example/interface_example/srv/detail/add_two_int__type_support.h
[4.882s] -- Up-to-date symlink: /home/hansollee/kdta_ROS2_workspace/install/interface_example/share/interface_example/environment/library_path.sh
[4.883s] -- Up-to-date symlink: /home/hansollee/kdta_ROS2_workspace/install/interface_example/share/interface_example/environment/library_path.dsv
[4.884s] -- Up-to-date symlink: /home/hansollee/kdta_ROS2_workspace/install/interface_example/include/interface_example/interface_example/msg/rosidl_typesupport_fastrtps_c__visibility_control.h
[4.885s] -- Up-to-date symlink: /home/hansollee/kdta_ROS2_workspace/install/interface_example/include/interface_example/interface_example/srv/detail/add_two_int__rosidl_typesupport_fastrtps_c.h
[4.887s] -- Up-to-date symlink: /home/hansollee/kdta_ROS2_workspace/install/interface_example/include/interface_example/interface_example/msg/rosidl_typesupport_introspection_c__visibility_control.h
[4.887s] -- Up-to-date symlink: /home/hansollee/kdta_ROS2_workspace/install/interface_example/include/interface_example/interface_example/srv/detail/add_two_int__rosidl_typesupport_introspection_c.h
[4.899s] -- Up-to-date symlink: /home/hansollee/kdta_ROS2_workspace/install/interface_example/include/interface_example/interface_example/srv/add_two_int.hpp
[4.903s] -- Up-to-date symlink: /home/hansollee/kdta_ROS2_workspace/install/interface_example/include/interface_example/interface_example/srv/detail/add_two_int__builder.hpp
[4.904s] -- Up-to-date symlink: /home/hansollee/kdta_ROS2_workspace/install/interface_example/include/interface_example/interface_example/srv/detail/add_two_int__struct.hpp
[4.904s] -- Up-to-date symlink: /home/hansollee/kdta_ROS2_workspace/install/interface_example/include/interface_example/interface_example/srv/detail/add_two_int__traits.hpp
[4.907s] -- Up-to-date symlink: /home/hansollee/kdta_ROS2_workspace/install/interface_example/include/interface_example/interface_example/msg/rosidl_typesupport_fastrtps_cpp__visibility_control.h
[4.907s] -- Up-to-date symlink: /home/hansollee/kdta_ROS2_workspace/install/interface_example/include/interface_example/interface_example/srv/detail/add_two_int__rosidl_typesupport_fastrtps_cpp.hpp
[4.908s] -- Up-to-date symlink: /home/hansollee/kdta_ROS2_workspace/install/interface_example/include/interface_example/interface_example/srv/detail/add_two_int__rosidl_typesupport_introspection_cpp.hpp
[4.911s] -- Up-to-date symlink: /home/hansollee/kdta_ROS2_workspace/install/interface_example/share/interface_example/environment/pythonpath.sh
[4.911s] -- Up-to-date symlink: /home/hansollee/kdta_ROS2_workspace/install/interface_example/share/interface_example/environment/pythonpath.dsv
[4.914s] -- Up-to-date symlink: /home/hansollee/kdta_ROS2_workspace/install/interface_example/local/lib/python3.10/dist-packages/interface_example-0.0.0-py3.10.egg-info/PKG-INFO
[4.914s] -- Up-to-date symlink: /home/hansollee/kdta_ROS2_workspace/install/interface_example/local/lib/python3.10/dist-packages/interface_example-0.0.0-py3.10.egg-info/SOURCES.txt
[4.915s] -- Up-to-date symlink: /home/hansollee/kdta_ROS2_workspace/install/interface_example/local/lib/python3.10/dist-packages/interface_example-0.0.0-py3.10.egg-info/dependency_links.txt
[4.916s] -- Up-to-date symlink: /home/hansollee/kdta_ROS2_workspace/install/interface_example/local/lib/python3.10/dist-packages/interface_example-0.0.0-py3.10.egg-info/top_level.txt
[4.931s] -- Up-to-date symlink: /home/hansollee/kdta_ROS2_workspace/install/interface_example/local/lib/python3.10/dist-packages/interface_example/__init__.py
[4.932s] -- Up-to-date symlink: /home/hansollee/kdta_ROS2_workspace/install/interface_example/local/lib/python3.10/dist-packages/interface_example/_interface_example_s.ep.rosidl_typesupport_c.c
[4.932s] -- Up-to-date symlink: /home/hansollee/kdta_ROS2_workspace/install/interface_example/local/lib/python3.10/dist-packages/interface_example/_interface_example_s.ep.rosidl_typesupport_fastrtps_c.c
[4.932s] -- Up-to-date symlink: /home/hansollee/kdta_ROS2_workspace/install/interface_example/local/lib/python3.10/dist-packages/interface_example/_interface_example_s.ep.rosidl_typesupport_introspection_c.c
[4.932s] -- Up-to-date symlink: /home/hansollee/kdta_ROS2_workspace/install/interface_example/local/lib/python3.10/dist-packages/interface_example/interface_example_s__rosidl_typesupport_c.cpython-310-x86_64-linux-gnu.so
[4.932s] -- Up-to-date symlink: /home/hansollee/kdta_ROS2_workspace/install/interface_example/local/lib/python3.10/dist-packages/interface_example/interface_example_s__rosidl_typesupport_fastrtps_c.cpython-310-x86_64-linux-gnu.so
[4.932s] -- Up-to-date symlink: /home/hansollee/kdta_ROS2_workspace/install/interface_example/local/lib/python3.10/dist-packages/interface_example/interface_example_s__rosidl_typesupport_introspection_c.cpython-310-x86_64-linux-gnu.so
[4.933s] -- Up-to-date symlink: /home/hansollee/kdta_ROS2_workspace/install/interface_example/local/lib/python3.10/dist-packages/interface_example/libinterface_example__rosidl_generator_py.so
[4.935s] -- Up-to-date symlink: /home/hansollee/kdta_ROS2_workspace/install/interface_example/local/lib/python3.10/dist-packages/interface_example/srv/__init__.py
[4.935s] -- Up-to-date symlink: /home/hansollee/kdta_ROS2_workspace/install/interface_example/local/lib/python3.10/dist-packages/interface_example/srv/_add_two_int.py
[4.935s] -- Up-to-date symlink: /home/hansollee/kdta_ROS2_workspace/install/interface_example/local/lib/python3.10/dist-packages/interface_example/srv/_add_two_int_s.c
[4.939s] -- Up-to-date symlink: /home/hansollee/kdta_ROS2_workspace/install/interface_example/local/lib/python3.10/dist-packages/interface_example/interface_example_s__rosidl_typesupport_fastrtps_c.cpython-310-x86_64-linux-gnu.so
[4.939s] -- Up-to-date symlink: /home/hansollee/kdta_ROS2_workspace/install/interface_example/local/lib/python3.10/dist-packages/interface_example/interface_example_s__rosidl_typesupport_introspection_c.cpython-310-x86_64-linux-gnu.so
[4.942s] -- Up-to-date symlink: /home/hansollee/kdta_ROS2_workspace/install/interface_example/local/lib/python3.10/dist-packages/interface_example/interface_example_s__rosidl_typesupport_c.cpython-310-x86_64-linux-gnu.so
[4.947s] -- Up-to-date symlink: /home/hansollee/kdta_ROS2_workspace/install/interface_example/share/interface_example/srv/AddTwoInt.idl
[4.947s] -- Up-to-date symlink: /home/hansollee/kdta_ROS2_workspace/install/interface_example/share/interface_example/srv/AddTwoInt.srv
[4.947s] -- Up-to-date symlink: /home/hansollee/kdta_ROS2_workspace/install/interface_example/share/interface_example/srv/AddTwoInt_Request.msg
[4.948s] -- Up-to-date symlink: /home/hansollee/kdta_ROS2_workspace/install/interface_example/share/interface_example/srv/AddTwoInt_Response.msg
[4.948s] -- Up-to-date symlink: /home/hansollee/kdta_ROS2_workspace/install/interface_example/share/ament_index/resource_index/package_run_dependencies/interface_example
[4.951s] -- Up-to-date symlink: /home/hansollee/kdta_ROS2_workspace/install/interface_example/share/ament_index/resource_index/parent_prefix_path/interface_example
[4.951s] -- Up-to-date symlink: /home/hansollee/kdta_ROS2_workspace/install/interface_example/share/interface_example/environment/ament_prefix_path.sh
[4.951s] -- Up-to-date symlink: /home/hansollee/kdta_ROS2_workspace/install/interface_example/share/interface_example/environment/ament_prefix_path.dsv
[4.956s] -- Up-to-date symlink: /home/hansollee/kdta_ROS2_workspace/install/interface_example/share/interface_example/environment/path.sh
[4.959s] -- Up-to-date symlink: /home/hansollee/kdta_ROS2_workspace/install/interface_example/share/interface_example/environment/path.dsv
[4.960s] -- Up-to-date symlink: /home/hansollee/kdta_ROS2_workspace/install/interface_example/share/interface_example/local_setup.bash
[4.960s] -- Up-to-date symlink: /home/hansollee/kdta_ROS2_workspace/install/interface_example/share/interface_example/local_setup.sh
[4.960s] -- Up-to-date symlink: /home/hansollee/kdta_ROS2_workspace/install/interface_example/share/interface_example/local_setup.zsh
[4.963s] -- Up-to-date symlink: /home/hansollee/kdta_ROS2_workspace/install/interface_example/share/interface_example/local_setup.dsv
[4.964s] -- Symlinking: /home/hansollee/kdta_ROS2_workspace/install/interface_example/share/interface_example/package.dsv
[5.016s] -- Up-to-date symlink: /home/hansollee/kdta_ROS2_workspace/install/interface_example/share/ament_index/resource_index/packages/interface_example
[5.017s] -- Up-to-date symlink: /home/hansollee/kdta_ROS2_workspace/install/interface_example/share/interface_example/cmake/rosidl_cmake-extras.cmake
[5.017s] -- Up-to-date symlink: /home/hansollee/kdta_ROS2_workspace/install/interface_example/share/interface_example/cmake/ament_cmake_export_include_directories-extras.cmake
[5.019s] -- Up-to-date symlink: /home/hansollee/kdta_ROS2_workspace/install/interface_example/share/interface_example/cmake/ament_cmake_export_libraries-extras.cmake
[5.020s] -- Up-to-date symlink: /home/hansollee/kdta_ROS2_workspace/install/interface_example/share/interface_example/cmake/ament_cmake_export_targets-extras.cmake
[5.021s] -- Up-to-date symlink: /home/hansollee/kdta_ROS2_workspace/install/interface_example/share/interface_example/cmake/rosidl_cmake_export_typesupport_targets-extras.cmake
[5.021s] -- Up-to-date symlink: /home/hansollee/kdta_ROS2_workspace/install/interface_example/share/interface_example/cmake/ament_cmake_export_dependencies-extras.cmake
[5.021s] -- Up-to-date symlink: /home/hansollee/kdta_ROS2_workspace/install/interface_example/share/interface_example/cmake/rosidl_cmake_export_typesupport_libraries-extras.cmake
[5.023s] -- Up-to-date symlink: /home/hansollee/kdta_ROS2_workspace/install/interface_example/share/interface_example/cmake/interface_exampleConfig.cmake
[5.023s] -- Up-to-date symlink: /home/hansollee/kdta_ROS2_workspace/install/interface_example/share/interface_example/cmake/interface_exampleConfig-version.cmake
[5.027s] -- Up-to-date symlink: /home/hansollee/kdta_ROS2_workspace/install/interface_example/share/interface_example/package.xml
[5.028s] -- Up-to-date: /home/hansollee/kdta_ROS2_workspace/install/interface_example/lib/libinterface_example__rosidl_generator_c.so
[5.030s] -- Up-to-date: /home/hansollee/kdta_ROS2_workspace/install/interface_example/lib/libinterface_example__rosidl_typesupport_fastrtps_c.so
[5.033s] -- Up-to-date: /home/hansollee/kdta_ROS2_workspace/install/interface_example/lib/libinterface_example__rosidl_typesupport_introspection_c.so
[5.035s] -- Up-to-date: /home/hansollee/kdta_ROS2_workspace/install/interface_example/lib/libinterface_example__rosidl_typesupport_c.so
[5.037s] -- Up-to-date: /home/hansollee/kdta_ROS2_workspace/install/interface_example/lib/libinterface_example__rosidl_typesupport_fastrtps_cpp.so
[5.038s] -- Up-to-date: /home/hansollee/kdta_ROS2_workspace/install/interface_example/lib/libinterface_example__rosidl_typesupport_introspection_cpp.so
[5.043s] -- Up-to-date: /home/hansollee/kdta_ROS2_workspace/install/interface_example/lib/libinterface_example__rosidl_typesupport_cpp.so
[5.169s] Listing '/home/hansollee/kdta_ROS2_workspace/install/interface_example/local/lib/python3.10/dist-packages/interface_example'...
[5.170s] Listing '/home/hansollee/kdta_ROS2_workspace/install/interface_example/local/lib/python3.10/dist-packages/interface_example/srv'...
[5.195s] -- Up-to-date: /home/hansollee/kdta_ROS2_workspace/install/interface_example/lib/libinterface_example__rosidl_generator_py.so
[5.205s] -- Up-to-date: /home/hansollee/kdta_ROS2_workspace/install/interface_example/share/interface_example/cmake/export_interface_example__rosidl_generator_cExport.cmake
[5.205s] -- Up-to-date: /home/hansollee/kdta_ROS2_workspace/install/interface_example/share/interface_example/cmake/export_interface_example__rosidl_generator_cExport-noconfig.cmake
[5.208s] -- Up-to-date: /home/hansollee/kdta_ROS2_workspace/install/interface_example/share/interface_example/cmake/export_interface_example__rosidl_typesupport_fastrtps_cExport.cmake
[5.208s] -- Up-to-date: /home/hansollee/kdta_ROS2_workspace/install/interface_example/share/interface_example/cmake/export_interface_example__rosidl_typesupport_fastrtps_cExport-noconfig.cmake
[5.212s] -- Up-to-date: /home/hansollee/kdta_ROS2_workspace/install/interface_example/share/interface_example/cmake/interface_example__rosidl_typesupport_introspection_cExport.cmake
[5.213s] -- Up-to-date: /home/hansollee/kdta_ROS2_workspace/install/interface_example/share/interface_example/cmake/interface_example__rosidl_typesupport_introspection_cExport-noconfig.cmake
[5.216s] -- Up-to-date: /home/hansollee/kdta_ROS2_workspace/install/interface_example/share/interface_example/cmake/interface_example__rosidl_typesupport_cExport.cmake
[5.217s] -- Up-to-date: /home/hansollee/kdta_ROS2_workspace/install/interface_example/share/interface_example/cmake/interface_example__rosidl_typesupport_cExport-noconfig.cmake
[5.220s] -- Up-to-date: /home/hansollee/kdta_ROS2_workspace/install/interface_example/share/interface_example/cmake/export_interface_example__rosidl_generator_cppExport.cmake
[5.231s] -- Up-to-date: /home/hansollee/kdta_ROS2_workspace/install/interface_example/share/interface_example/cmake/export_interface_example__rosidl_typesupport_fastrtps_cppExport.cmake
[5.232s] -- Up-to-date: /home/hansollee/kdta_ROS2_workspace/install/interface_example/share/interface_example/cmake/export_interface_example__rosidl_typesupport_fastrtps_cppExport-noconfig.cmake
[5.235s] -- Up-to-date: /home/hansollee/kdta_ROS2_workspace/install/interface_example/share/interface_example/cmake/interface_example__rosidl_typesupport_introspection_cppExport.cmake
[5.237s] -- Up-to-date: /home/hansollee/kdta_ROS2_workspace/install/interface_example/share/interface_example/cmake/interface_example__rosidl_typesupport_introspection_cppExport-noconfig.cmake
[5.240s] -- Up-to-date: /home/hansollee/kdta_ROS2_workspace/install/interface_example/share/interface_example/cmake/interface_example__rosidl_typesupport_cppExport.cmake
[5.241s] -- Up-to-date: /home/hansollee/kdta_ROS2_workspace/install/interface_example/share/interface_example/cmake/interface_example__rosidl_typesupport_cppExport-noconfig.cmake
[5.244s] -- Up-to-date: /home/hansollee/kdta_ROS2_workspace/install/interface_example/share/interface_example/cmake/export_interface_example__rosidl_generator_pyExport.cmake
[5.244s] -- Up-to-date: /home/hansollee/kdta_ROS2_workspace/install/interface_example/share/interface_example/cmake/export_interface_example__rosidl_generator_pyExport-noconfig.cmake
[5.256s] Invoked command in '/home/hansollee/kdta_ROS2_workspace/build/interface_example' returned '0': CMAKE_PREFIX_PATH=${CMAKE_PREFIX_PATH}:/opt/ros/humble /usr/bin/cmake --install /home/hansollee/kdta_ROS2_workspace/build/interface_example
