[0.014s] Invoking command in '/home/hansollee/kdta_ROS2_workspace/build/msg': CMAKE_PREFIX_PATH=/opt/ros/humble /usr/bin/cmake --build /home/hansollee/kdta_ROS2_workspace/build/msg -- -j2 -l2
[0.082s] [35m[1mConsolidate compiler generated dependencies of target message_subscriber_class[0m
[0.086s] [35m[1mConsolidate compiler generated dependencies of target message_publisher_class[0m
[0.116s] [ 20%] Built target message_subscriber_class
[0.117s] [ 40%] Built target message_publisher_class
[0.130s] [35m[1mConsolidate compiler generated dependencies of target message_time_subscriber_class[0m
[0.131s] [35m[1mConsolidate compiler generated dependencies of target message2_subscriber_class[0m
[0.151s] [ 60%] Built target message2_subscriber_class
[0.163s] [ 80%] Built target message_time_subscriber_class
[0.173s] [35m[1mConsolidate compiler generated dependencies of target time_publisher_class[0m
[0.200s] [100%] Built target time_publisher_class
[0.218s] Invoked command in '/home/hansollee/kdta_ROS2_workspace/build/msg' returned '0': CMAKE_PREFIX_PATH=/opt/ros/humble /usr/bin/cmake --build /home/hansollee/kdta_ROS2_workspace/build/msg -- -j2 -l2
[0.293s] Invoking command in '/home/hansollee/kdta_ROS2_workspace/build/msg': CMAKE_PREFIX_PATH=/opt/ros/humble /usr/bin/cmake --install /home/hansollee/kdta_ROS2_workspace/build/msg
[0.303s] -- Install configuration: ""
[0.303s] -- Execute custom install script
[0.305s] -- Symlinking: /home/hansollee/kdta_ROS2_workspace/install/msg/lib/msg/message_publisher_class
[0.325s] -- Symlinking: /home/hansollee/kdta_ROS2_workspace/install/msg/lib/msg/message_subscriber_class
[0.340s] -- Symlinking: /home/hansollee/kdta_ROS2_workspace/install/msg/lib/msg/message2_subscriber_class
[0.351s] -- Symlinking: /home/hansollee/kdta_ROS2_workspace/install/msg/lib/msg/message_time_subscriber_class
[0.366s] -- Symlinking: /home/hansollee/kdta_ROS2_workspace/install/msg/lib/msg/time_publisher_class
[0.380s] -- Symlinking: /home/hansollee/kdta_ROS2_workspace/install/msg/share/msg/launch/tmpubsub.launch.py
[0.392s] -- Symlinking: /home/hansollee/kdta_ROS2_workspace/install/msg/share/msg/param/turtlesim.yaml
[0.404s] -- Symlinking: /home/hansollee/kdta_ROS2_workspace/install/msg/share/ament_index/resource_index/package_run_dependencies/msg
[0.415s] -- Symlinking: /home/hansollee/kdta_ROS2_workspace/install/msg/share/ament_index/resource_index/parent_prefix_path/msg
[0.427s] -- Symlinking: /home/hansollee/kdta_ROS2_workspace/install/msg/share/msg/environment/ament_prefix_path.sh
[0.437s] -- Symlinking: /home/hansollee/kdta_ROS2_workspace/install/msg/share/msg/environment/ament_prefix_path.dsv
[0.449s] -- Symlinking: /home/hansollee/kdta_ROS2_workspace/install/msg/share/msg/environment/path.sh
[0.459s] -- Symlinking: /home/hansollee/kdta_ROS2_workspace/install/msg/share/msg/environment/path.dsv
[0.469s] -- Symlinking: /home/hansollee/kdta_ROS2_workspace/install/msg/share/msg/local_setup.bash
[0.481s] -- Symlinking: /home/hansollee/kdta_ROS2_workspace/install/msg/share/msg/local_setup.sh
[0.491s] -- Symlinking: /home/hansollee/kdta_ROS2_workspace/install/msg/share/msg/local_setup.zsh
[0.502s] -- Symlinking: /home/hansollee/kdta_ROS2_workspace/install/msg/share/msg/local_setup.dsv
[0.514s] -- Symlinking: /home/hansollee/kdta_ROS2_workspace/install/msg/share/msg/package.dsv
[0.531s] -- Symlinking: /home/hansollee/kdta_ROS2_workspace/install/msg/share/ament_index/resource_index/packages/msg
[0.541s] -- Symlinking: /home/hansollee/kdta_ROS2_workspace/install/msg/share/msg/cmake/msgConfig.cmake
[0.552s] -- Symlinking: /home/hansollee/kdta_ROS2_workspace/install/msg/share/msg/cmake/msgConfig-version.cmake
[0.563s] -- Symlinking: /home/hansollee/kdta_ROS2_workspace/install/msg/share/msg/package.xml
[0.575s] Invoked command in '/home/hansollee/kdta_ROS2_workspace/build/msg' returned '0': CMAKE_PREFIX_PATH=/opt/ros/humble /usr/bin/cmake --install /home/hansollee/kdta_ROS2_workspace/build/msg
