[0.114s] Invoking command in '/home/hansollee/kdta_ROS2_workspace/build/msg': CMAKE_PREFIX_PATH=${CMAKE_PREFIX_PATH}:/opt/ros/humble /usr/bin/cmake --build /home/hansollee/kdta_ROS2_workspace/build/msg -- -j4 -l4
[0.451s] -- Found ament_cmake: 1.3.9 (/opt/ros/humble/share/ament_cmake/cmake)
[2.072s] -- Override CMake install command with custom implementation using symlinks instead of copying resources
[2.305s] -- Found rclcpp: 16.0.9 (/opt/ros/humble/share/rclcpp/cmake)
[2.688s] -- Found rosidl_generator_c: 3.1.5 (/opt/ros/humble/share/rosidl_generator_c/cmake)
[2.741s] -- Found rosidl_adapter: 3.1.5 (/opt/ros/humble/share/rosidl_adapter/cmake)
[2.847s] -- Found rosidl_generator_cpp: 3.1.5 (/opt/ros/humble/share/rosidl_generator_cpp/cmake)
[2.973s] -- Using all available rosidl_typesupport_c: rosidl_typesupport_fastrtps_c;rosidl_typesupport_introspection_c
[3.090s] -- Using all available rosidl_typesupport_cpp: rosidl_typesupport_fastrtps_cpp;rosidl_typesupport_introspection_cpp
[3.508s] -- Found rmw_implementation_cmake: 6.1.2 (/opt/ros/humble/share/rmw_implementation_cmake/cmake)
[3.533s] -- Found rmw_fastrtps_cpp: 6.2.6 (/opt/ros/humble/share/rmw_fastrtps_cpp/cmake)
[4.069s] -- Using RMW implementation 'rmw_fastrtps_cpp' as default
[4.814s] -- Found ament_lint_auto: 0.12.11 (/opt/ros/humble/share/ament_lint_auto/cmake)
[5.106s] -- Added test 'cppcheck' to perform static code analysis on C / C++ code
[5.108s] -- Configured cppcheck include dirs: /home/hansollee/kdta_ROS2_workspace/src/msg/include
[5.109s] -- Configured cppcheck exclude dirs and/or files: 
[5.112s] -- Added test 'flake8' to check Python code syntax and style conventions
[5.115s] -- Added test 'lint_cmake' to check CMake code style
[5.119s] -- Added test 'pep257' to check Python code against some of the docstring style conventions in PEP 257
[5.124s] -- Added test 'uncrustify' to check C / C++ code style
[5.125s] -- Configured uncrustify additional arguments: 
[5.127s] -- Added test 'xmllint' to check XML markup files
[5.144s] -- Configuring done
[5.299s] -- Generating done
[5.299s] -- Build files have been written to: /home/hansollee/kdta_ROS2_workspace/build/msg
[5.390s] [35m[1mConsolidate compiler generated dependencies of target message_publisher_class[0m
[5.394s] [35m[1mConsolidate compiler generated dependencies of target message_subscriber_class[0m
[5.422s] [35m[1mConsolidate compiler generated dependencies of target message2_subscriber_class[0m
[5.457s] [ 20%] Built target message_subscriber_class
[5.498s] [ 40%] Built target message_publisher_class
[5.523s] [ 60%] Built target message2_subscriber_class
[5.556s] [35m[1mConsolidate compiler generated dependencies of target message_time_subscriber_class[0m
[5.583s] [35m[1mConsolidate compiler generated dependencies of target time_publisher_class[0m
[5.645s] [ 80%] Built target message_time_subscriber_class
[5.671s] [100%] Built target time_publisher_class
[5.713s] Invoked command in '/home/hansollee/kdta_ROS2_workspace/build/msg' returned '0': CMAKE_PREFIX_PATH=${CMAKE_PREFIX_PATH}:/opt/ros/humble /usr/bin/cmake --build /home/hansollee/kdta_ROS2_workspace/build/msg -- -j4 -l4
[5.913s] Invoking command in '/home/hansollee/kdta_ROS2_workspace/build/msg': CMAKE_PREFIX_PATH=${CMAKE_PREFIX_PATH}:/opt/ros/humble /usr/bin/cmake --install /home/hansollee/kdta_ROS2_workspace/build/msg
[5.931s] -- Install configuration: ""
[5.934s] -- Execute custom install script
[5.943s] -- Up-to-date symlink: /home/hansollee/kdta_ROS2_workspace/install/msg/lib/msg/message_publisher_class
[5.944s] -- Up-to-date symlink: /home/hansollee/kdta_ROS2_workspace/install/msg/lib/msg/message_subscriber_class
[5.944s] -- Up-to-date symlink: /home/hansollee/kdta_ROS2_workspace/install/msg/lib/msg/message2_subscriber_class
[5.944s] -- Up-to-date symlink: /home/hansollee/kdta_ROS2_workspace/install/msg/lib/msg/message_time_subscriber_class
[5.948s] -- Up-to-date symlink: /home/hansollee/kdta_ROS2_workspace/install/msg/lib/msg/time_publisher_class
[5.949s] -- Symlinking: /home/hansollee/kdta_ROS2_workspace/install/msg/share/msg/launch/tmpubsub.launch.py
[5.992s] -- Up-to-date symlink: /home/hansollee/kdta_ROS2_workspace/install/msg/share/ament_index/resource_index/package_run_dependencies/msg
[5.993s] -- Up-to-date symlink: /home/hansollee/kdta_ROS2_workspace/install/msg/share/ament_index/resource_index/parent_prefix_path/msg
[5.993s] -- Up-to-date symlink: /home/hansollee/kdta_ROS2_workspace/install/msg/share/msg/environment/ament_prefix_path.sh
[5.993s] -- Up-to-date symlink: /home/hansollee/kdta_ROS2_workspace/install/msg/share/msg/environment/ament_prefix_path.dsv
[5.993s] -- Up-to-date symlink: /home/hansollee/kdta_ROS2_workspace/install/msg/share/msg/environment/path.sh
[5.996s] -- Up-to-date symlink: /home/hansollee/kdta_ROS2_workspace/install/msg/share/msg/environment/path.dsv
[5.996s] -- Up-to-date symlink: /home/hansollee/kdta_ROS2_workspace/install/msg/share/msg/local_setup.bash
[5.997s] -- Up-to-date symlink: /home/hansollee/kdta_ROS2_workspace/install/msg/share/msg/local_setup.sh
[5.997s] -- Up-to-date symlink: /home/hansollee/kdta_ROS2_workspace/install/msg/share/msg/local_setup.zsh
[5.999s] -- Up-to-date symlink: /home/hansollee/kdta_ROS2_workspace/install/msg/share/msg/local_setup.dsv
[5.999s] -- Symlinking: /home/hansollee/kdta_ROS2_workspace/install/msg/share/msg/package.dsv
[6.037s] -- Up-to-date symlink: /home/hansollee/kdta_ROS2_workspace/install/msg/share/ament_index/resource_index/packages/msg
[6.037s] -- Up-to-date symlink: /home/hansollee/kdta_ROS2_workspace/install/msg/share/msg/cmake/msgConfig.cmake
[6.038s] -- Up-to-date symlink: /home/hansollee/kdta_ROS2_workspace/install/msg/share/msg/cmake/msgConfig-version.cmake
[6.039s] -- Up-to-date symlink: /home/hansollee/kdta_ROS2_workspace/install/msg/share/msg/package.xml
[6.054s] Invoked command in '/home/hansollee/kdta_ROS2_workspace/build/msg' returned '0': CMAKE_PREFIX_PATH=${CMAKE_PREFIX_PATH}:/opt/ros/humble /usr/bin/cmake --install /home/hansollee/kdta_ROS2_workspace/build/msg
