[0.027s] Invoking command in '/home/hansollee/kdta_ROS2_workspace/build/simple_pkg_cpp': CMAKE_PREFIX_PATH=/opt/ros/humble /usr/bin/cmake /home/hansollee/kdta_ROS2_workspace/src/simple_pkg_cpp -DAMENT_CMAKE_SYMLINK_INSTALL=1 -DCMAKE_INSTALL_PREFIX=/home/hansollee/kdta_ROS2_workspace/install/simple_pkg_cpp
[0.211s] -- The C compiler identification is GNU 11.4.0
[0.338s] -- The CXX compiler identification is GNU 11.4.0
[0.360s] -- Detecting C compiler ABI info
[0.602s] -- Detecting C compiler ABI info - done
[0.605s] -- Check for working C compiler: /usr/bin/cc - skipped
[0.605s] -- Detecting C compile features
[0.607s] -- Detecting C compile features - done
[0.609s] -- Detecting CXX compiler ABI info
[0.822s] -- Detecting CXX compiler ABI info - done
[0.823s] -- Check for working CXX compiler: /usr/bin/c++ - skipped
[0.824s] -- Detecting CXX compile features
[0.830s] -- Detecting CXX compile features - done
[0.832s] -- Found ament_cmake: 1.3.9 (/opt/ros/humble/share/ament_cmake/cmake)
[0.986s] -- Found Python3: /usr/bin/python3 (found version "3.10.12") found components: Interpreter 
[1.033s] -- Override CMake install command with custom implementation using symlinks instead of copying resources
[1.044s] -- Found rclcpp: 16.0.9 (/opt/ros/humble/share/rclcpp/cmake)
[1.075s] -- Found rosidl_generator_c: 3.1.5 (/opt/ros/humble/share/rosidl_generator_c/cmake)
[1.079s] -- Found rosidl_adapter: 3.1.5 (/opt/ros/humble/share/rosidl_adapter/cmake)
[1.086s] -- Found rosidl_generator_cpp: 3.1.5 (/opt/ros/humble/share/rosidl_generator_cpp/cmake)
[1.095s] -- Using all available rosidl_typesupport_c: rosidl_typesupport_fastrtps_c;rosidl_typesupport_introspection_c
[1.109s] -- Using all available rosidl_typesupport_cpp: rosidl_typesupport_fastrtps_cpp;rosidl_typesupport_introspection_cpp
[1.158s] -- Found rmw_implementation_cmake: 6.1.2 (/opt/ros/humble/share/rmw_implementation_cmake/cmake)
[1.160s] -- Found rmw_fastrtps_cpp: 6.2.6 (/opt/ros/humble/share/rmw_fastrtps_cpp/cmake)
[1.234s] -- Found OpenSSL: /usr/lib/x86_64-linux-gnu/libcrypto.so (found version "3.0.2")  
[1.254s] -- Found FastRTPS: /opt/ros/humble/include  
[1.290s] -- Using RMW implementation 'rmw_fastrtps_cpp' as default
[1.296s] -- Looking for pthread.h
[1.352s] -- Looking for pthread.h - found
[1.352s] -- Performing Test CMAKE_HAVE_LIBC_PTHREAD
[1.404s] -- Performing Test CMAKE_HAVE_LIBC_PTHREAD - Success
[1.405s] -- Found Threads: TRUE  
[1.520s] -- Found OpenCV: /usr (found version "4.5.4") 
[1.524s] -- Found example_interfaces: 0.9.3 (/opt/ros/humble/share/example_interfaces/cmake)
[1.631s] -- Found ament_lint_auto: 0.12.11 (/opt/ros/humble/share/ament_lint_auto/cmake)
[1.694s] -- Added test 'cppcheck' to perform static code analysis on C / C++ code
[1.695s] -- Configured cppcheck include dirs: /home/hansollee/kdta_ROS2_workspace/src/simple_pkg_cpp/include
[1.695s] -- Configured cppcheck exclude dirs and/or files: 
[1.697s] -- Added test 'lint_cmake' to check CMake code style
[1.701s] -- Added test 'uncrustify' to check C / C++ code style
[1.701s] -- Configured uncrustify additional arguments: 
[1.702s] -- Added test 'xmllint' to check XML markup files
[1.703s] -- Configuring done
[1.728s] -- Generating done
[1.730s] -- Build files have been written to: /home/hansollee/kdta_ROS2_workspace/build/simple_pkg_cpp
[1.740s] Invoked command in '/home/hansollee/kdta_ROS2_workspace/build/simple_pkg_cpp' returned '0': CMAKE_PREFIX_PATH=/opt/ros/humble /usr/bin/cmake /home/hansollee/kdta_ROS2_workspace/src/simple_pkg_cpp -DAMENT_CMAKE_SYMLINK_INSTALL=1 -DCMAKE_INSTALL_PREFIX=/home/hansollee/kdta_ROS2_workspace/install/simple_pkg_cpp
[1.740s] Invoking command in '/home/hansollee/kdta_ROS2_workspace/build/simple_pkg_cpp': CMAKE_PREFIX_PATH=/opt/ros/humble /usr/bin/cmake --build /home/hansollee/kdta_ROS2_workspace/build/simple_pkg_cpp -- -j2 -l2
[1.780s] [  3%] [32mBuilding CXX object CMakeFiles/helloworld.dir/src/helloworld.cpp.o[0m
[1.935s] [  7%] [32m[1mLinking CXX executable helloworld[0m
[1.988s] [  7%] Built target helloworld
[2.006s] [ 10%] [32mBuilding CXX object CMakeFiles/helloOpenCV.dir/src/helloOpenCV.cpp.o[0m
[3.154s] [ 14%] [32m[1mLinking CXX executable helloOpenCV[0m
[3.633s] [ 14%] Built target helloOpenCV
[3.647s] [ 17%] [32mBuilding CXX object CMakeFiles/hello_publisher.dir/src/hello_publisher.cpp.o[0m
[5.729s] [ 21%] [32m[1mLinking CXX executable hello_publisher[0m
[5.806s] [ 21%] Built target hello_publisher
[5.820s] [ 25%] [32mBuilding CXX object CMakeFiles/hello_publisher2.dir/src/hello_publisher2.cpp.o[0m
[8.770s] [ 28%] [32m[1mLinking CXX executable hello_publisher2[0m
[8.890s] [ 28%] Built target hello_publisher2
[8.904s] [ 32%] [32mBuilding CXX object CMakeFiles/hello_publisher_class.dir/src/hello_publisher_class.cpp.o[0m
[11.936s] [ 35%] [32m[1mLinking CXX executable hello_publisher_class[0m
[12.054s] [ 35%] Built target hello_publisher_class
[12.068s] [ 39%] [32mBuilding CXX object CMakeFiles/hello_publisher_class2.dir/src/hello_publisher_class2.cpp.o[0m
[13.954s] [ 42%] [32mBuilding CXX object CMakeFiles/hello_publisher_class2.dir/src/publisher.cpp.o[0m
[16.792s] [ 46%] [32m[1mLinking CXX executable hello_publisher_class2[0m
[16.916s] [ 46%] Built target hello_publisher_class2
[16.931s] [ 50%] [32mBuilding CXX object CMakeFiles/hello_subscriber_class.dir/src/hello_subscriber_class.cpp.o[0m
[19.006s] [ 53%] [32mBuilding CXX object CMakeFiles/hello_subscriber_class.dir/src/subscriber.cpp.o[0m
[24.729s] [ 57%] [32m[1mLinking CXX executable hello_subscriber_class[0m
[24.949s] [ 60%] [32mBuilding CXX object CMakeFiles/time_publisher_class.dir/src/time_publisher_class.cpp.o[0m
[24.974s] [ 60%] Built target hello_subscriber_class
[24.991s] [ 64%] [32mBuilding CXX object CMakeFiles/time_subscriber_class.dir/src/time_subscriber_class.cpp.o[0m
[27.068s] [ 67%] [32mBuilding CXX object CMakeFiles/time_publisher_class.dir/src/time_pub.cpp.o[0m
[27.220s] [ 71%] [32mBuilding CXX object CMakeFiles/time_subscriber_class.dir/src/time_sub.cpp.o[0m
[30.258s] [ 75%] [32m[1mLinking CXX executable time_publisher_class[0m
[30.387s] [ 75%] Built target time_publisher_class
[30.407s] [ 78%] [32mBuilding CXX object CMakeFiles/simple_service_server.dir/src/simple_service_server.cpp.o[0m
[32.944s] [ 82%] [32m[1mLinking CXX executable simple_service_server[0m
[33.081s] [ 82%] Built target simple_service_server
[33.096s] [ 85%] [32mBuilding CXX object CMakeFiles/simple_service_client.dir/src/simple_service_client.cpp.o[0m
[33.506s] [ 89%] [32m[1mLinking CXX executable time_subscriber_class[0m
[33.750s] [ 89%] Built target time_subscriber_class
[33.765s] [ 92%] [32mBuilding CXX object CMakeFiles/simple_service_client2.dir/src/simple_service_client2.cpp.o[0m
[35.599s] [ 96%] [32m[1mLinking CXX executable simple_service_client[0m
[35.702s] [ 96%] Built target simple_service_client
[36.452s] [100%] [32m[1mLinking CXX executable simple_service_client2[0m
[36.562s] [100%] Built target simple_service_client2
[36.571s] Invoked command in '/home/hansollee/kdta_ROS2_workspace/build/simple_pkg_cpp' returned '0': CMAKE_PREFIX_PATH=/opt/ros/humble /usr/bin/cmake --build /home/hansollee/kdta_ROS2_workspace/build/simple_pkg_cpp -- -j2 -l2
[36.636s] Invoking command in '/home/hansollee/kdta_ROS2_workspace/build/simple_pkg_cpp': CMAKE_PREFIX_PATH=/opt/ros/humble /usr/bin/cmake --install /home/hansollee/kdta_ROS2_workspace/build/simple_pkg_cpp
[36.642s] -- Install configuration: ""
[36.642s] -- Execute custom install script
[36.642s] -- Symlinking: /home/hansollee/kdta_ROS2_workspace/install/simple_pkg_cpp/lib/simple_pkg_cpp/helloworld
[36.649s] -- Symlinking: /home/hansollee/kdta_ROS2_workspace/install/simple_pkg_cpp/lib/simple_pkg_cpp/helloOpenCV
[36.656s] -- Symlinking: /home/hansollee/kdta_ROS2_workspace/install/simple_pkg_cpp/lib/simple_pkg_cpp/hello_publisher
[36.663s] -- Symlinking: /home/hansollee/kdta_ROS2_workspace/install/simple_pkg_cpp/lib/simple_pkg_cpp/hello_publisher2
[36.669s] -- Symlinking: /home/hansollee/kdta_ROS2_workspace/install/simple_pkg_cpp/lib/simple_pkg_cpp/hello_publisher_class
[36.677s] -- Symlinking: /home/hansollee/kdta_ROS2_workspace/install/simple_pkg_cpp/lib/simple_pkg_cpp/hello_publisher_class2
[36.683s] -- Symlinking: /home/hansollee/kdta_ROS2_workspace/install/simple_pkg_cpp/lib/simple_pkg_cpp/hello_subscriber_class
[36.690s] -- Symlinking: /home/hansollee/kdta_ROS2_workspace/install/simple_pkg_cpp/lib/simple_pkg_cpp/time_publisher_class
[36.696s] -- Symlinking: /home/hansollee/kdta_ROS2_workspace/install/simple_pkg_cpp/lib/simple_pkg_cpp/time_subscriber_class
[36.702s] -- Symlinking: /home/hansollee/kdta_ROS2_workspace/install/simple_pkg_cpp/lib/simple_pkg_cpp/simple_service_server
[36.707s] -- Symlinking: /home/hansollee/kdta_ROS2_workspace/install/simple_pkg_cpp/lib/simple_pkg_cpp/simple_service_client
[36.713s] -- Symlinking: /home/hansollee/kdta_ROS2_workspace/install/simple_pkg_cpp/lib/simple_pkg_cpp/simple_service_client2
[36.719s] -- Symlinking: /home/hansollee/kdta_ROS2_workspace/install/simple_pkg_cpp/share/ament_index/resource_index/package_run_dependencies/simple_pkg_cpp
[36.725s] -- Symlinking: /home/hansollee/kdta_ROS2_workspace/install/simple_pkg_cpp/share/ament_index/resource_index/parent_prefix_path/simple_pkg_cpp
[36.731s] -- Symlinking: /home/hansollee/kdta_ROS2_workspace/install/simple_pkg_cpp/share/simple_pkg_cpp/environment/ament_prefix_path.sh
[36.738s] -- Symlinking: /home/hansollee/kdta_ROS2_workspace/install/simple_pkg_cpp/share/simple_pkg_cpp/environment/ament_prefix_path.dsv
[36.744s] -- Symlinking: /home/hansollee/kdta_ROS2_workspace/install/simple_pkg_cpp/share/simple_pkg_cpp/environment/path.sh
[36.749s] -- Symlinking: /home/hansollee/kdta_ROS2_workspace/install/simple_pkg_cpp/share/simple_pkg_cpp/environment/path.dsv
[36.755s] -- Symlinking: /home/hansollee/kdta_ROS2_workspace/install/simple_pkg_cpp/share/simple_pkg_cpp/local_setup.bash
[36.762s] -- Symlinking: /home/hansollee/kdta_ROS2_workspace/install/simple_pkg_cpp/share/simple_pkg_cpp/local_setup.sh
[36.768s] -- Symlinking: /home/hansollee/kdta_ROS2_workspace/install/simple_pkg_cpp/share/simple_pkg_cpp/local_setup.zsh
[36.776s] -- Symlinking: /home/hansollee/kdta_ROS2_workspace/install/simple_pkg_cpp/share/simple_pkg_cpp/local_setup.dsv
[36.783s] -- Symlinking: /home/hansollee/kdta_ROS2_workspace/install/simple_pkg_cpp/share/simple_pkg_cpp/package.dsv
[36.790s] -- Symlinking: /home/hansollee/kdta_ROS2_workspace/install/simple_pkg_cpp/share/ament_index/resource_index/packages/simple_pkg_cpp
[36.796s] -- Symlinking: /home/hansollee/kdta_ROS2_workspace/install/simple_pkg_cpp/share/simple_pkg_cpp/cmake/simple_pkg_cppConfig.cmake
[36.802s] -- Symlinking: /home/hansollee/kdta_ROS2_workspace/install/simple_pkg_cpp/share/simple_pkg_cpp/cmake/simple_pkg_cppConfig-version.cmake
[36.808s] -- Symlinking: /home/hansollee/kdta_ROS2_workspace/install/simple_pkg_cpp/share/simple_pkg_cpp/package.xml
[36.818s] Invoked command in '/home/hansollee/kdta_ROS2_workspace/build/simple_pkg_cpp' returned '0': CMAKE_PREFIX_PATH=/opt/ros/humble /usr/bin/cmake --install /home/hansollee/kdta_ROS2_workspace/build/simple_pkg_cpp
