[0.096s] Invoking command in '/home/hansollee/kdta_ROS2_workspace/build/interface_example': CMAKE_PREFIX_PATH=${CMAKE_PREFIX_PATH}:/opt/ros/humble /usr/bin/cmake --build /home/hansollee/kdta_ROS2_workspace/build/interface_example -- -j4 -l4
[0.388s] [  2%] Built target interface_example__cpp
[0.567s] [  2%] Built target ament_cmake_python_symlink_interface_example
[0.752s] [ 12%] Built target interface_example__rosidl_typesupport_fastrtps_cpp
[0.924s] [ 23%] Built target interface_example__rosidl_typesupport_introspection_cpp
[2.481s] running egg_info
[2.495s] writing interface_example.egg-info/PKG-INFO
[2.506s] writing dependency_links to interface_example.egg-info/dependency_links.txt
[2.506s] writing top-level names to interface_example.egg-info/top_level.txt
[2.517s] reading manifest file 'interface_example.egg-info/SOURCES.txt'
[2.523s] writing manifest file 'interface_example.egg-info/SOURCES.txt'
[2.688s] [ 23%] Built target ament_cmake_python_build_interface_example_egg
[2.816s] [ 33%] Built target interface_example__rosidl_typesupport_cpp
[2.906s] [ 43%] Built target interface_example__rosidl_generator_c
[2.997s] [ 53%] Built target interface_example__rosidl_typesupport_fastrtps_c
[3.080s] [ 64%] Built target interface_example__rosidl_typesupport_c
[3.174s] [ 74%] Built target interface_example__rosidl_typesupport_introspection_c
[3.242s] [ 74%] Built target interface_example
[3.312s] [ 76%] Built target interface_example__py
[3.450s] [ 84%] Built target interface_example__rosidl_generator_py
[3.526s] [ 89%] Built target interface_example__rosidl_typesupport_fastrtps_c__pyext
[3.611s] [ 94%] Built target interface_example__rosidl_typesupport_c__pyext
[3.700s] [100%] Built target interface_example__rosidl_typesupport_introspection_c__pyext
