[0.060s] Invoking command in '/home/hansollee/kdta_ROS2_workspace/build/arithmetic': CMAKE_PREFIX_PATH=/home/hansollee/kdta_ROS2_workspace/install/interface_example:/home/hansollee/kdta_ROS2_workspace/install/simple_pkg_cpp:/home/hansollee/kdta_ROS2_workspace/install/msg:/home/hansollee/kdta_ROS2_workspace/install/move_t_sim:/opt/ros/humble /usr/bin/cmake /home/hansollee/kdta_ROS2_workspace/src/arithmetic -DAMENT_CMAKE_SYMLINK_INSTALL=1 -DCMAKE_INSTALL_PREFIX=/home/hansollee/kdta_ROS2_workspace/install/arithmetic
[0.366s] -- The C compiler identification is GNU 11.4.0
[0.625s] -- The CXX compiler identification is GNU 11.4.0
[0.652s] -- Detecting C compiler ABI info
[0.893s] -- Detecting C compiler ABI info - done
[0.917s] -- Check for working C compiler: /usr/bin/cc - skipped
[0.918s] -- Detecting C compile features
[0.920s] -- Detecting C compile features - done
[0.959s] -- Detecting CXX compiler ABI info
[1.255s] -- Detecting CXX compiler ABI info - done
[1.267s] -- Check for working CXX compiler: /usr/bin/c++ - skipped
[1.267s] -- Detecting CXX compile features
[1.269s] -- Detecting CXX compile features - done
[1.289s] -- Found ament_cmake: 1.3.9 (/opt/ros/humble/share/ament_cmake/cmake)
[1.846s] -- Found Python3: /usr/bin/python3 (found version "3.10.12") found components: Interpreter 
[2.072s] -- Override CMake install command with custom implementation using symlinks instead of copying resources
[2.185s] -- Found rclcpp: 16.0.9 (/opt/ros/humble/share/rclcpp/cmake)
[2.359s] -- Found rosidl_generator_c: 3.1.5 (/opt/ros/humble/share/rosidl_generator_c/cmake)
[2.381s] -- Found rosidl_adapter: 3.1.5 (/opt/ros/humble/share/rosidl_adapter/cmake)
[2.414s] -- Found rosidl_generator_cpp: 3.1.5 (/opt/ros/humble/share/rosidl_generator_cpp/cmake)
[2.469s] -- Using all available rosidl_typesupport_c: rosidl_typesupport_fastrtps_c;rosidl_typesupport_introspection_c
[2.528s] -- Using all available rosidl_typesupport_cpp: rosidl_typesupport_fastrtps_cpp;rosidl_typesupport_introspection_cpp
[2.874s] -- Found rmw_implementation_cmake: 6.1.2 (/opt/ros/humble/share/rmw_implementation_cmake/cmake)
[2.891s] -- Found rmw_fastrtps_cpp: 6.2.6 (/opt/ros/humble/share/rmw_fastrtps_cpp/cmake)
[3.417s] -- Found OpenSSL: /usr/lib/x86_64-linux-gnu/libcrypto.so (found version "3.0.2")  
[3.523s] -- Found FastRTPS: /opt/ros/humble/include  
[3.675s] -- Using RMW implementation 'rmw_fastrtps_cpp' as default
[3.736s] -- Looking for pthread.h
[3.960s] -- Looking for pthread.h - found
[3.961s] -- Performing Test CMAKE_HAVE_LIBC_PTHREAD
[4.250s] -- Performing Test CMAKE_HAVE_LIBC_PTHREAD - Success
[4.257s] -- Found Threads: TRUE  
[4.920s] [31mCMake Error at CMakeLists.txt:11 (find_package):
[4.920s]   find_package called with invalid argument "REQURED"
[4.921s] 
[4.921s] [0m
[4.921s] [31mCMake Error at CMakeLists.txt:12 (find_package):
[4.921s]   find_package called with invalid argument "REQURED"
[4.921s] 
[4.922s] [0m
[4.922s] [31mCMake Error at /opt/ros/humble/share/ament_cmake_target_dependencies/cmake/ament_target_dependencies.cmake:77 (message):
[4.922s]   ament_target_dependencies() the passed package name 'rclcpp_action' was not
[4.922s]   found before
[4.922s] Call Stack (most recent call first):
[4.922s]   CMakeLists.txt:18 (ament_target_dependencies)
[4.923s] 
[4.923s] [0m
[4.923s] -- Configuring incomplete, errors occurred!
[4.923s] See also "/home/hansollee/kdta_ROS2_workspace/build/arithmetic/CMakeFiles/CMakeOutput.log".
[4.953s] Invoked command in '/home/hansollee/kdta_ROS2_workspace/build/arithmetic' returned '1': CMAKE_PREFIX_PATH=/home/hansollee/kdta_ROS2_workspace/install/interface_example:/home/hansollee/kdta_ROS2_workspace/install/simple_pkg_cpp:/home/hansollee/kdta_ROS2_workspace/install/msg:/home/hansollee/kdta_ROS2_workspace/install/move_t_sim:/opt/ros/humble /usr/bin/cmake /home/hansollee/kdta_ROS2_workspace/src/arithmetic -DAMENT_CMAKE_SYMLINK_INSTALL=1 -DCMAKE_INSTALL_PREFIX=/home/hansollee/kdta_ROS2_workspace/install/arithmetic
