[0.040s] Invoking command in '/home/hansollee/kdta_ROS2_workspace/build/arithmetic': CMAKE_PREFIX_PATH=/home/hansollee/kdta_ROS2_workspace/install/interface_example:/home/hansollee/kdta_ROS2_workspace/install/turtlebot3_simulations:/home/hansollee/kdta_ROS2_workspace/install/turtlebot3_gazebo:/home/hansollee/kdta_ROS2_workspace/install/turtlebot3_fake_node:/home/hansollee/kdta_ROS2_workspace/install/simple_pkg_cpp:/home/hansollee/kdta_ROS2_workspace/install/msg:/home/hansollee/kdta_ROS2_workspace/install/move_t_sim:/home/hansollee/kdta_ROS2_workspace/install/arithmetic:/opt/ros/humble LD_LIBRARY_PATH=/home/hansollee/kdta_ROS2_workspace/install/interface_example/lib:/usr/lib/x86_64-linux-gnu/gazebo-11/plugins:/opt/ros/humble/opt/rviz_ogre_vendor/lib:/opt/ros/humble/lib/x86_64-linux-gnu:/opt/ros/humble/lib:/usr/lib/x86_64-linux-gnu/gazebo-11/plugins:/usr/lib/x86_64-linux-gnu/gazebo-11/plugins:/usr/lib/x86_64-linux-gnu/gazebo-11/plugins:/usr/lib/x86_64-linux-gnu/gazebo-11/plugins:/usr/lib/x86_64-linux-gnu/gazebo-11/plugins:/usr/lib/x86_64-linux-gnu/gazebo-11/plugins:/usr/lib/x86_64-linux-gnu/gazebo-11/plugins:/usr/lib/x86_64-linux-gnu/gazebo-11/plugins:/usr/lib/x86_64-linux-gnu/gazebo-11/plugins:/usr/lib/x86_64-linux-gnu/gazebo-11/plugins /usr/bin/cmake --build /home/hansollee/kdta_ROS2_workspace/build/arithmetic -- -j2 -l2
[0.174s] [ 20%] Built target argument
[0.193s] [ 50%] Built target calculator
[0.274s] [ 70%] Built target operator
[0.291s] [100%] Built target checker
[0.312s] Invoked command in '/home/hansollee/kdta_ROS2_workspace/build/arithmetic' returned '0': CMAKE_PREFIX_PATH=/home/hansollee/kdta_ROS2_workspace/install/interface_example:/home/hansollee/kdta_ROS2_workspace/install/turtlebot3_simulations:/home/hansollee/kdta_ROS2_workspace/install/turtlebot3_gazebo:/home/hansollee/kdta_ROS2_workspace/install/turtlebot3_fake_node:/home/hansollee/kdta_ROS2_workspace/install/simple_pkg_cpp:/home/hansollee/kdta_ROS2_workspace/install/msg:/home/hansollee/kdta_ROS2_workspace/install/move_t_sim:/home/hansollee/kdta_ROS2_workspace/install/arithmetic:/opt/ros/humble LD_LIBRARY_PATH=/home/hansollee/kdta_ROS2_workspace/install/interface_example/lib:/usr/lib/x86_64-linux-gnu/gazebo-11/plugins:/opt/ros/humble/opt/rviz_ogre_vendor/lib:/opt/ros/humble/lib/x86_64-linux-gnu:/opt/ros/humble/lib:/usr/lib/x86_64-linux-gnu/gazebo-11/plugins:/usr/lib/x86_64-linux-gnu/gazebo-11/plugins:/usr/lib/x86_64-linux-gnu/gazebo-11/plugins:/usr/lib/x86_64-linux-gnu/gazebo-11/plugins:/usr/lib/x86_64-linux-gnu/gazebo-11/plugins:/usr/lib/x86_64-linux-gnu/gazebo-11/plugins:/usr/lib/x86_64-linux-gnu/gazebo-11/plugins:/usr/lib/x86_64-linux-gnu/gazebo-11/plugins:/usr/lib/x86_64-linux-gnu/gazebo-11/plugins:/usr/lib/x86_64-linux-gnu/gazebo-11/plugins /usr/bin/cmake --build /home/hansollee/kdta_ROS2_workspace/build/arithmetic -- -j2 -l2
[0.469s] Invoking command in '/home/hansollee/kdta_ROS2_workspace/build/arithmetic': CMAKE_PREFIX_PATH=/home/hansollee/kdta_ROS2_workspace/install/interface_example:/home/hansollee/kdta_ROS2_workspace/install/turtlebot3_simulations:/home/hansollee/kdta_ROS2_workspace/install/turtlebot3_gazebo:/home/hansollee/kdta_ROS2_workspace/install/turtlebot3_fake_node:/home/hansollee/kdta_ROS2_workspace/install/simple_pkg_cpp:/home/hansollee/kdta_ROS2_workspace/install/msg:/home/hansollee/kdta_ROS2_workspace/install/move_t_sim:/home/hansollee/kdta_ROS2_workspace/install/arithmetic:/opt/ros/humble LD_LIBRARY_PATH=/home/hansollee/kdta_ROS2_workspace/install/interface_example/lib:/usr/lib/x86_64-linux-gnu/gazebo-11/plugins:/opt/ros/humble/opt/rviz_ogre_vendor/lib:/opt/ros/humble/lib/x86_64-linux-gnu:/opt/ros/humble/lib:/usr/lib/x86_64-linux-gnu/gazebo-11/plugins:/usr/lib/x86_64-linux-gnu/gazebo-11/plugins:/usr/lib/x86_64-linux-gnu/gazebo-11/plugins:/usr/lib/x86_64-linux-gnu/gazebo-11/plugins:/usr/lib/x86_64-linux-gnu/gazebo-11/plugins:/usr/lib/x86_64-linux-gnu/gazebo-11/plugins:/usr/lib/x86_64-linux-gnu/gazebo-11/plugins:/usr/lib/x86_64-linux-gnu/gazebo-11/plugins:/usr/lib/x86_64-linux-gnu/gazebo-11/plugins:/usr/lib/x86_64-linux-gnu/gazebo-11/plugins /usr/bin/cmake --install /home/hansollee/kdta_ROS2_workspace/build/arithmetic
[0.489s] -- Install configuration: ""
[0.490s] -- Execute custom install script
[0.490s] -- Up-to-date symlink: /home/hansollee/kdta_ROS2_workspace/install/arithmetic/lib/arithmetic/calculator
[0.490s] -- Up-to-date symlink: /home/hansollee/kdta_ROS2_workspace/install/arithmetic/lib/arithmetic/argument
[0.490s] -- Up-to-date symlink: /home/hansollee/kdta_ROS2_workspace/install/arithmetic/lib/arithmetic/operator
[0.490s] -- Up-to-date symlink: /home/hansollee/kdta_ROS2_workspace/install/arithmetic/lib/arithmetic/checker
[0.492s] -- Up-to-date symlink: /home/hansollee/kdta_ROS2_workspace/install/arithmetic/share/arithmetic/launch/arithmetic.launch.py
[0.492s] -- Up-to-date symlink: /home/hansollee/kdta_ROS2_workspace/install/arithmetic/share/arithmetic/param/arithmetic.yaml
[0.492s] -- Up-to-date symlink: /home/hansollee/kdta_ROS2_workspace/install/arithmetic/share/ament_index/resource_index/package_run_dependencies/arithmetic
[0.493s] -- Up-to-date symlink: /home/hansollee/kdta_ROS2_workspace/install/arithmetic/share/ament_index/resource_index/parent_prefix_path/arithmetic
[0.505s] -- Up-to-date symlink: /home/hansollee/kdta_ROS2_workspace/install/arithmetic/share/arithmetic/environment/ament_prefix_path.sh
[0.505s] -- Up-to-date symlink: /home/hansollee/kdta_ROS2_workspace/install/arithmetic/share/arithmetic/environment/ament_prefix_path.dsv
[0.505s] -- Up-to-date symlink: /home/hansollee/kdta_ROS2_workspace/install/arithmetic/share/arithmetic/environment/path.sh
[0.505s] -- Up-to-date symlink: /home/hansollee/kdta_ROS2_workspace/install/arithmetic/share/arithmetic/environment/path.dsv
[0.505s] -- Up-to-date symlink: /home/hansollee/kdta_ROS2_workspace/install/arithmetic/share/arithmetic/local_setup.bash
[0.505s] -- Up-to-date symlink: /home/hansollee/kdta_ROS2_workspace/install/arithmetic/share/arithmetic/local_setup.sh
[0.506s] -- Up-to-date symlink: /home/hansollee/kdta_ROS2_workspace/install/arithmetic/share/arithmetic/local_setup.zsh
[0.506s] -- Up-to-date symlink: /home/hansollee/kdta_ROS2_workspace/install/arithmetic/share/arithmetic/local_setup.dsv
[0.506s] -- Symlinking: /home/hansollee/kdta_ROS2_workspace/install/arithmetic/share/arithmetic/package.dsv
[0.526s] -- Up-to-date symlink: /home/hansollee/kdta_ROS2_workspace/install/arithmetic/share/ament_index/resource_index/packages/arithmetic
[0.527s] -- Up-to-date symlink: /home/hansollee/kdta_ROS2_workspace/install/arithmetic/share/arithmetic/cmake/arithmeticConfig.cmake
[0.527s] -- Up-to-date symlink: /home/hansollee/kdta_ROS2_workspace/install/arithmetic/share/arithmetic/cmake/arithmeticConfig-version.cmake
[0.527s] -- Up-to-date symlink: /home/hansollee/kdta_ROS2_workspace/install/arithmetic/share/arithmetic/package.xml
[0.528s] Invoked command in '/home/hansollee/kdta_ROS2_workspace/build/arithmetic' returned '0': CMAKE_PREFIX_PATH=/home/hansollee/kdta_ROS2_workspace/install/interface_example:/home/hansollee/kdta_ROS2_workspace/install/turtlebot3_simulations:/home/hansollee/kdta_ROS2_workspace/install/turtlebot3_gazebo:/home/hansollee/kdta_ROS2_workspace/install/turtlebot3_fake_node:/home/hansollee/kdta_ROS2_workspace/install/simple_pkg_cpp:/home/hansollee/kdta_ROS2_workspace/install/msg:/home/hansollee/kdta_ROS2_workspace/install/move_t_sim:/home/hansollee/kdta_ROS2_workspace/install/arithmetic:/opt/ros/humble LD_LIBRARY_PATH=/home/hansollee/kdta_ROS2_workspace/install/interface_example/lib:/usr/lib/x86_64-linux-gnu/gazebo-11/plugins:/opt/ros/humble/opt/rviz_ogre_vendor/lib:/opt/ros/humble/lib/x86_64-linux-gnu:/opt/ros/humble/lib:/usr/lib/x86_64-linux-gnu/gazebo-11/plugins:/usr/lib/x86_64-linux-gnu/gazebo-11/plugins:/usr/lib/x86_64-linux-gnu/gazebo-11/plugins:/usr/lib/x86_64-linux-gnu/gazebo-11/plugins:/usr/lib/x86_64-linux-gnu/gazebo-11/plugins:/usr/lib/x86_64-linux-gnu/gazebo-11/plugins:/usr/lib/x86_64-linux-gnu/gazebo-11/plugins:/usr/lib/x86_64-linux-gnu/gazebo-11/plugins:/usr/lib/x86_64-linux-gnu/gazebo-11/plugins:/usr/lib/x86_64-linux-gnu/gazebo-11/plugins /usr/bin/cmake --install /home/hansollee/kdta_ROS2_workspace/build/arithmetic
