[0.009s] Invoking command in '/home/hansollee/kdta_ROS2_workspace/build/turtlebot3_fake_node': CMAKE_PREFIX_PATH=${CMAKE_PREFIX_PATH}:/opt/ros/humble /usr/bin/cmake /home/hansollee/kdta_ROS2_workspace/src/turtlebot3_simulations/turtlebot3_fake_node -DAMENT_CMAKE_SYMLINK_INSTALL=1 -DCMAKE_INSTALL_PREFIX=/home/hansollee/kdta_ROS2_workspace/install/turtlebot3_fake_node
[0.063s] -- The C compiler identification is GNU 11.4.0
[0.103s] -- The CXX compiler identification is GNU 11.4.0
[0.109s] -- Detecting C compiler ABI info
[0.188s] -- Detecting C compiler ABI info - done
[0.192s] -- Check for working C compiler: /usr/bin/cc - skipped
[0.193s] -- Detecting C compile features
[0.193s] -- Detecting C compile features - done
[0.195s] -- Detecting CXX compiler ABI info
[0.281s] -- Detecting CXX compiler ABI info - done
[0.284s] -- Check for working CXX compiler: /usr/bin/c++ - skipped
[0.285s] -- Detecting CXX compile features
[0.286s] -- Detecting CXX compile features - done
[0.287s] -- Found ament_cmake: 1.3.9 (/opt/ros/humble/share/ament_cmake/cmake)
[0.418s] -- Found Python3: /usr/bin/python3 (found version "3.10.12") found components: Interpreter 
[0.524s] -- Override CMake install command with custom implementation using symlinks instead of copying resources
[0.552s] -- Found geometry_msgs: 4.2.4 (/opt/ros/humble/share/geometry_msgs/cmake)
[0.582s] -- Found rosidl_generator_c: 3.1.5 (/opt/ros/humble/share/rosidl_generator_c/cmake)
[0.587s] -- Found rosidl_adapter: 3.1.5 (/opt/ros/humble/share/rosidl_adapter/cmake)
[0.593s] -- Found rosidl_generator_cpp: 3.1.5 (/opt/ros/humble/share/rosidl_generator_cpp/cmake)
[0.605s] -- Using all available rosidl_typesupport_c: rosidl_typesupport_fastrtps_c;rosidl_typesupport_introspection_c
[0.620s] -- Using all available rosidl_typesupport_cpp: rosidl_typesupport_fastrtps_cpp;rosidl_typesupport_introspection_cpp
[0.715s] -- Found nav_msgs: 4.2.4 (/opt/ros/humble/share/nav_msgs/cmake)
[0.785s] -- Found rclcpp: 16.0.9 (/opt/ros/humble/share/rclcpp/cmake)
[0.837s] -- Found rmw_implementation_cmake: 6.1.2 (/opt/ros/humble/share/rmw_implementation_cmake/cmake)
[0.840s] -- Found rmw_fastrtps_cpp: 6.2.6 (/opt/ros/humble/share/rmw_fastrtps_cpp/cmake)
[0.931s] -- Found OpenSSL: /usr/lib/x86_64-linux-gnu/libcrypto.so (found version "3.0.2")  
[0.976s] -- Found FastRTPS: /opt/ros/humble/include  
[1.063s] -- Using RMW implementation 'rmw_fastrtps_cpp' as default
[1.085s] -- Looking for pthread.h
[1.191s] -- Looking for pthread.h - found
[1.191s] -- Performing Test CMAKE_HAVE_LIBC_PTHREAD
[1.278s] -- Performing Test CMAKE_HAVE_LIBC_PTHREAD - Success
[1.279s] -- Found Threads: TRUE  
[1.371s] -- Found sensor_msgs: 4.2.4 (/opt/ros/humble/share/sensor_msgs/cmake)
[1.458s] -- Found tf2: 0.25.7 (/opt/ros/humble/share/tf2/cmake)
[1.472s] -- Found tf2_msgs: 0.25.7 (/opt/ros/humble/share/tf2_msgs/cmake)
[1.585s] -- Found turtlebot3_msgs: 2.2.3 (/opt/ros/humble/share/turtlebot3_msgs/cmake)
[1.706s] -- Configuring done
[1.716s] -- Generating done
[1.716s] -- Build files have been written to: /home/hansollee/kdta_ROS2_workspace/build/turtlebot3_fake_node
[1.724s] Invoked command in '/home/hansollee/kdta_ROS2_workspace/build/turtlebot3_fake_node' returned '0': CMAKE_PREFIX_PATH=${CMAKE_PREFIX_PATH}:/opt/ros/humble /usr/bin/cmake /home/hansollee/kdta_ROS2_workspace/src/turtlebot3_simulations/turtlebot3_fake_node -DAMENT_CMAKE_SYMLINK_INSTALL=1 -DCMAKE_INSTALL_PREFIX=/home/hansollee/kdta_ROS2_workspace/install/turtlebot3_fake_node
[1.725s] Invoking command in '/home/hansollee/kdta_ROS2_workspace/build/turtlebot3_fake_node': CMAKE_PREFIX_PATH=${CMAKE_PREFIX_PATH}:/opt/ros/humble /usr/bin/cmake --build /home/hansollee/kdta_ROS2_workspace/build/turtlebot3_fake_node -- -j2 -l2
[1.780s] [ 50%] [32mBuilding CXX object CMakeFiles/turtlebot3_fake_node.dir/src/turtlebot3_fake_node.cpp.o[0m
[15.228s] [100%] [32m[1mLinking CXX executable turtlebot3_fake_node[0m
[15.972s] [100%] Built target turtlebot3_fake_node
[16.000s] Invoked command in '/home/hansollee/kdta_ROS2_workspace/build/turtlebot3_fake_node' returned '0': CMAKE_PREFIX_PATH=${CMAKE_PREFIX_PATH}:/opt/ros/humble /usr/bin/cmake --build /home/hansollee/kdta_ROS2_workspace/build/turtlebot3_fake_node -- -j2 -l2
[16.206s] Invoking command in '/home/hansollee/kdta_ROS2_workspace/build/turtlebot3_fake_node': CMAKE_PREFIX_PATH=${CMAKE_PREFIX_PATH}:/opt/ros/humble /usr/bin/cmake --install /home/hansollee/kdta_ROS2_workspace/build/turtlebot3_fake_node
[16.217s] -- Install configuration: ""
[16.218s] -- Execute custom install script
[16.218s] -- Symlinking: /home/hansollee/kdta_ROS2_workspace/install/turtlebot3_fake_node/lib/turtlebot3_fake_node/turtlebot3_fake_node
[16.244s] -- Symlinking: /home/hansollee/kdta_ROS2_workspace/install/turtlebot3_fake_node/share/turtlebot3_fake_node/launch/rviz2.launch.py
[16.269s] -- Symlinking: /home/hansollee/kdta_ROS2_workspace/install/turtlebot3_fake_node/share/turtlebot3_fake_node/launch/turtlebot3_fake_node.launch.py
[16.299s] -- Symlinking: /home/hansollee/kdta_ROS2_workspace/install/turtlebot3_fake_node/share/turtlebot3_fake_node/param/burger.yaml
[16.328s] -- Symlinking: /home/hansollee/kdta_ROS2_workspace/install/turtlebot3_fake_node/share/turtlebot3_fake_node/param/waffle.yaml
[16.351s] -- Symlinking: /home/hansollee/kdta_ROS2_workspace/install/turtlebot3_fake_node/share/turtlebot3_fake_node/param/waffle_pi.yaml
[16.383s] -- Symlinking: /home/hansollee/kdta_ROS2_workspace/install/turtlebot3_fake_node/include//turtlebot3_fake_node/turtlebot3_fake_node.hpp
[16.411s] -- Symlinking: /home/hansollee/kdta_ROS2_workspace/install/turtlebot3_fake_node/share/ament_index/resource_index/package_run_dependencies/turtlebot3_fake_node
[16.432s] -- Symlinking: /home/hansollee/kdta_ROS2_workspace/install/turtlebot3_fake_node/share/ament_index/resource_index/parent_prefix_path/turtlebot3_fake_node
[16.456s] -- Symlinking: /home/hansollee/kdta_ROS2_workspace/install/turtlebot3_fake_node/share/turtlebot3_fake_node/environment/ament_prefix_path.sh
[16.484s] -- Symlinking: /home/hansollee/kdta_ROS2_workspace/install/turtlebot3_fake_node/share/turtlebot3_fake_node/environment/ament_prefix_path.dsv
[16.509s] -- Symlinking: /home/hansollee/kdta_ROS2_workspace/install/turtlebot3_fake_node/share/turtlebot3_fake_node/environment/path.sh
[16.534s] -- Symlinking: /home/hansollee/kdta_ROS2_workspace/install/turtlebot3_fake_node/share/turtlebot3_fake_node/environment/path.dsv
[16.561s] -- Symlinking: /home/hansollee/kdta_ROS2_workspace/install/turtlebot3_fake_node/share/turtlebot3_fake_node/local_setup.bash
[16.586s] -- Symlinking: /home/hansollee/kdta_ROS2_workspace/install/turtlebot3_fake_node/share/turtlebot3_fake_node/local_setup.sh
[16.609s] -- Symlinking: /home/hansollee/kdta_ROS2_workspace/install/turtlebot3_fake_node/share/turtlebot3_fake_node/local_setup.zsh
[16.619s] -- Symlinking: /home/hansollee/kdta_ROS2_workspace/install/turtlebot3_fake_node/share/turtlebot3_fake_node/local_setup.dsv
[16.627s] -- Symlinking: /home/hansollee/kdta_ROS2_workspace/install/turtlebot3_fake_node/share/turtlebot3_fake_node/package.dsv
[16.636s] -- Symlinking: /home/hansollee/kdta_ROS2_workspace/install/turtlebot3_fake_node/share/ament_index/resource_index/packages/turtlebot3_fake_node
[16.644s] -- Symlinking: /home/hansollee/kdta_ROS2_workspace/install/turtlebot3_fake_node/share/turtlebot3_fake_node/cmake/ament_cmake_export_include_directories-extras.cmake
[16.653s] -- Symlinking: /home/hansollee/kdta_ROS2_workspace/install/turtlebot3_fake_node/share/turtlebot3_fake_node/cmake/ament_cmake_export_dependencies-extras.cmake
[16.661s] -- Symlinking: /home/hansollee/kdta_ROS2_workspace/install/turtlebot3_fake_node/share/turtlebot3_fake_node/cmake/turtlebot3_fake_nodeConfig.cmake
[16.669s] -- Symlinking: /home/hansollee/kdta_ROS2_workspace/install/turtlebot3_fake_node/share/turtlebot3_fake_node/cmake/turtlebot3_fake_nodeConfig-version.cmake
[16.677s] -- Symlinking: /home/hansollee/kdta_ROS2_workspace/install/turtlebot3_fake_node/share/turtlebot3_fake_node/package.xml
[16.687s] Invoked command in '/home/hansollee/kdta_ROS2_workspace/build/turtlebot3_fake_node' returned '0': CMAKE_PREFIX_PATH=${CMAKE_PREFIX_PATH}:/opt/ros/humble /usr/bin/cmake --install /home/hansollee/kdta_ROS2_workspace/build/turtlebot3_fake_node
