[0.012s] Invoking command in '/home/hansollee/kdta_ROS2_workspace/build/move_t_sim': CMAKE_PREFIX_PATH=${CMAKE_PREFIX_PATH}:/opt/ros/humble /usr/bin/cmake --build /home/hansollee/kdta_ROS2_workspace/build/move_t_sim -- -j2 -l2
[0.040s] -- Found ament_cmake: 1.3.10 (/opt/ros/humble/share/ament_cmake/cmake)
[0.148s] -- Override CMake install command with custom implementation using symlinks instead of copying resources
[0.156s] -- Found rclcpp: 16.0.10 (/opt/ros/humble/share/rclcpp/cmake)
[0.200s] -- Found rosidl_generator_c: 3.1.5 (/opt/ros/humble/share/rosidl_generator_c/cmake)
[0.203s] -- Found rosidl_adapter: 3.1.5 (/opt/ros/humble/share/rosidl_adapter/cmake)
[0.212s] -- Found rosidl_generator_cpp: 3.1.5 (/opt/ros/humble/share/rosidl_generator_cpp/cmake)
[0.230s] -- Using all available rosidl_typesupport_c: rosidl_typesupport_fastrtps_c;rosidl_typesupport_introspection_c
[0.241s] -- Using all available rosidl_typesupport_cpp: rosidl_typesupport_fastrtps_cpp;rosidl_typesupport_introspection_cpp
[0.262s] -- Found rmw_implementation_cmake: 6.1.2 (/opt/ros/humble/share/rmw_implementation_cmake/cmake)
[0.263s] -- Found rmw_fastrtps_cpp: 6.2.7 (/opt/ros/humble/share/rmw_fastrtps_cpp/cmake)
[0.344s] -- Using RMW implementation 'rmw_fastrtps_cpp' as default
[0.398s] -- Found geometry_msgs: 4.2.4 (/opt/ros/humble/share/geometry_msgs/cmake)
[0.412s] -- Found nav_msgs: 4.2.4 (/opt/ros/humble/share/nav_msgs/cmake)
[0.427s] -- Found turtlesim: 1.4.2 (/opt/ros/humble/share/turtlesim/cmake)
[0.461s] -- Found tf2: 0.25.7 (/opt/ros/humble/share/tf2/cmake)
[0.467s] -- Found rclcpp_action: 16.0.10 (/opt/ros/humble/share/rclcpp_action/cmake)
[0.473s] -- Found sensor_msgs: 4.2.4 (/opt/ros/humble/share/sensor_msgs/cmake)
[0.488s] -- Found cv_bridge: 3.2.1 (/opt/ros/humble/share/cv_bridge/cmake)
[0.511s] -- Found ament_lint_auto: 0.12.11 (/opt/ros/humble/share/ament_lint_auto/cmake)
[0.588s] -- Added test 'cppcheck' to perform static code analysis on C / C++ code
[0.590s] -- Configured cppcheck include dirs: /home/hansollee/kdta_ROS2_workspace/src/move_t_sim/include
[0.590s] -- Configured cppcheck exclude dirs and/or files: 
[0.591s] -- Added test 'lint_cmake' to check CMake code style
[0.592s] -- Added test 'uncrustify' to check C / C++ code style
[0.592s] -- Configured uncrustify additional arguments: 
[0.592s] -- Added test 'xmllint' to check XML markup files
[0.593s] -- Configuring done
[0.643s] -- Generating done
[0.646s] -- Build files have been written to: /home/hansollee/kdta_ROS2_workspace/build/move_t_sim
[0.701s] [35m[1mConsolidate compiler generated dependencies of target moveTurtleSim[0m
[0.724s] [35m[1mConsolidate compiler generated dependencies of target moveTurtleBot[0m
[0.747s] [ 14%] Built target moveTurtleSim
[0.773s] [35m[1mConsolidate compiler generated dependencies of target moveTurtleBot2[0m
[0.793s] [ 28%] Built target moveTurtleBot
[0.811s] [35m[1mConsolidate compiler generated dependencies of target rotate_turtle[0m
[0.821s] [ 42%] Built target moveTurtleBot2
[0.843s] [35m[1mConsolidate compiler generated dependencies of target canny_camera[0m
[0.849s] [ 52%] Built target rotate_turtle
[0.868s] [35m[1mConsolidate compiler generated dependencies of target canny_camera2[0m
[0.879s] [ 61%] Built target canny_camera
[0.894s] [35m[1mConsolidate compiler generated dependencies of target simple_ridar[0m
[0.899s] [ 71%] Built target canny_camera2
[0.917s] [35m[1mConsolidate compiler generated dependencies of target stay_thirty[0m
[0.937s] [ 76%] [32mBuilding CXX object CMakeFiles/stay_thirty.dir/src/stay_thirty.cpp.o[0m
[0.941s] [ 85%] Built target simple_ridar
[1.019s] [ 90%] [32mBuilding CXX object CMakeFiles/follow_wall.dir/src/follow_wall.cpp.o[0m
[14.809s] [ 95%] [32m[1mLinking CXX executable stay_thirty[0m
[14.820s] [100%] [32m[1mLinking CXX executable follow_wall[0m
[15.191s] [100%] Built target stay_thirty
[15.249s] [100%] Built target follow_wall
[15.268s] Invoked command in '/home/hansollee/kdta_ROS2_workspace/build/move_t_sim' returned '0': CMAKE_PREFIX_PATH=${CMAKE_PREFIX_PATH}:/opt/ros/humble /usr/bin/cmake --build /home/hansollee/kdta_ROS2_workspace/build/move_t_sim -- -j2 -l2
[15.342s] Invoking command in '/home/hansollee/kdta_ROS2_workspace/build/move_t_sim': CMAKE_PREFIX_PATH=${CMAKE_PREFIX_PATH}:/opt/ros/humble /usr/bin/cmake --install /home/hansollee/kdta_ROS2_workspace/build/move_t_sim
[15.353s] -- Install configuration: ""
[15.354s] -- Execute custom install script
[15.355s] -- Up-to-date symlink: /home/hansollee/kdta_ROS2_workspace/install/move_t_sim/lib/move_t_sim/moveTurtleSim
[15.361s] -- Up-to-date symlink: /home/hansollee/kdta_ROS2_workspace/install/move_t_sim/lib/move_t_sim/moveTurtleBot
[15.361s] -- Up-to-date symlink: /home/hansollee/kdta_ROS2_workspace/install/move_t_sim/lib/move_t_sim/moveTurtleBot2
[15.361s] -- Up-to-date symlink: /home/hansollee/kdta_ROS2_workspace/install/move_t_sim/lib/move_t_sim/rotate_turtle
[15.361s] -- Up-to-date symlink: /home/hansollee/kdta_ROS2_workspace/install/move_t_sim/lib/move_t_sim/canny_camera
[15.361s] -- Up-to-date symlink: /home/hansollee/kdta_ROS2_workspace/install/move_t_sim/lib/move_t_sim/canny_camera2
[15.361s] -- Up-to-date symlink: /home/hansollee/kdta_ROS2_workspace/install/move_t_sim/lib/move_t_sim/simple_ridar
[15.361s] -- Up-to-date symlink: /home/hansollee/kdta_ROS2_workspace/install/move_t_sim/lib/move_t_sim/stay_thirty
[15.361s] -- Symlinking: /home/hansollee/kdta_ROS2_workspace/install/move_t_sim/lib/move_t_sim/follow_wall
[15.366s] -- Up-to-date symlink: /home/hansollee/kdta_ROS2_workspace/install/move_t_sim/share/ament_index/resource_index/package_run_dependencies/move_t_sim
[15.366s] -- Up-to-date symlink: /home/hansollee/kdta_ROS2_workspace/install/move_t_sim/share/ament_index/resource_index/parent_prefix_path/move_t_sim
[15.366s] -- Up-to-date symlink: /home/hansollee/kdta_ROS2_workspace/install/move_t_sim/share/move_t_sim/environment/ament_prefix_path.sh
[15.367s] -- Up-to-date symlink: /home/hansollee/kdta_ROS2_workspace/install/move_t_sim/share/move_t_sim/environment/ament_prefix_path.dsv
[15.367s] -- Up-to-date symlink: /home/hansollee/kdta_ROS2_workspace/install/move_t_sim/share/move_t_sim/environment/path.sh
[15.367s] -- Up-to-date symlink: /home/hansollee/kdta_ROS2_workspace/install/move_t_sim/share/move_t_sim/environment/path.dsv
[15.367s] -- Up-to-date symlink: /home/hansollee/kdta_ROS2_workspace/install/move_t_sim/share/move_t_sim/local_setup.bash
[15.367s] -- Up-to-date symlink: /home/hansollee/kdta_ROS2_workspace/install/move_t_sim/share/move_t_sim/local_setup.sh
[15.367s] -- Up-to-date symlink: /home/hansollee/kdta_ROS2_workspace/install/move_t_sim/share/move_t_sim/local_setup.zsh
[15.367s] -- Up-to-date symlink: /home/hansollee/kdta_ROS2_workspace/install/move_t_sim/share/move_t_sim/local_setup.dsv
[15.367s] -- Symlinking: /home/hansollee/kdta_ROS2_workspace/install/move_t_sim/share/move_t_sim/package.dsv
[15.375s] -- Up-to-date symlink: /home/hansollee/kdta_ROS2_workspace/install/move_t_sim/share/ament_index/resource_index/packages/move_t_sim
[15.375s] -- Up-to-date symlink: /home/hansollee/kdta_ROS2_workspace/install/move_t_sim/share/move_t_sim/cmake/move_t_simConfig.cmake
[15.375s] -- Up-to-date symlink: /home/hansollee/kdta_ROS2_workspace/install/move_t_sim/share/move_t_sim/cmake/move_t_simConfig-version.cmake
[15.376s] -- Up-to-date symlink: /home/hansollee/kdta_ROS2_workspace/install/move_t_sim/share/move_t_sim/package.xml
[15.379s] Invoked command in '/home/hansollee/kdta_ROS2_workspace/build/move_t_sim' returned '0': CMAKE_PREFIX_PATH=${CMAKE_PREFIX_PATH}:/opt/ros/humble /usr/bin/cmake --install /home/hansollee/kdta_ROS2_workspace/build/move_t_sim
