[0.049s] Invoking command in '/home/hansollee/kdta_ROS2_workspace/build/interface_example': CMAKE_PREFIX_PATH=${CMAKE_PREFIX_PATH}:/opt/ros/humble /usr/bin/cmake --build /home/hansollee/kdta_ROS2_workspace/build/interface_example -- -j4 -l4
[0.535s] [ 10%] Built target interface_example__rosidl_generator_c
[0.633s] [ 12%] Built target interface_example__cpp
[0.746s] [ 12%] Built target ament_cmake_python_symlink_interface_example
[0.867s] [ 23%] Built target interface_example__rosidl_typesupport_fastrtps_c
[0.895s] [ 41%] Built target interface_example__rosidl_typesupport_introspection_c
[0.895s] [ 43%] Built target interface_example__rosidl_typesupport_c
[1.064s] [ 56%] Built target interface_example__rosidl_typesupport_introspection_cpp
[1.067s] [ 64%] Built target interface_example__rosidl_typesupport_fastrtps_cpp
[1.166s] [ 74%] Built target interface_example__rosidl_typesupport_cpp
[1.545s] [ 74%] Built target interface_example
[1.688s] [ 76%] Built target interface_example__py
[1.819s] [ 84%] Built target interface_example__rosidl_generator_py
[1.908s] [ 89%] Built target interface_example__rosidl_typesupport_introspection_c__pyext
[1.992s] [ 94%] Built target interface_example__rosidl_typesupport_fastrtps_c__pyext
[2.129s] [100%] Built target interface_example__rosidl_typesupport_c__pyext
[2.691s] running egg_info
[2.694s] writing interface_example.egg-info/PKG-INFO
[2.696s] writing dependency_links to interface_example.egg-info/dependency_links.txt
[2.699s] writing top-level names to interface_example.egg-info/top_level.txt
[2.705s] reading manifest file 'interface_example.egg-info/SOURCES.txt'
[2.709s] writing manifest file 'interface_example.egg-info/SOURCES.txt'
[2.798s] [100%] Built target ament_cmake_python_build_interface_example_egg
[2.899s] Invoked command in '/home/hansollee/kdta_ROS2_workspace/build/interface_example' returned '0': CMAKE_PREFIX_PATH=${CMAKE_PREFIX_PATH}:/opt/ros/humble /usr/bin/cmake --build /home/hansollee/kdta_ROS2_workspace/build/interface_example -- -j4 -l4
[3.500s] Invoking command in '/home/hansollee/kdta_ROS2_workspace/build/interface_example': CMAKE_PREFIX_PATH=${CMAKE_PREFIX_PATH}:/opt/ros/humble /usr/bin/cmake --install /home/hansollee/kdta_ROS2_workspace/build/interface_example
[3.542s] -- Install configuration: ""
[3.553s] -- Execute custom install script
[3.555s] -- Up-to-date symlink: /home/hansollee/kdta_ROS2_workspace/install/interface_example/share/ament_index/resource_index/rosidl_interfaces/interface_example
[3.559s] -- Up-to-date symlink: /home/hansollee/kdta_ROS2_workspace/install/interface_example/include/interface_example/interface_example/action/detail/fibonacci__functions.h
[3.559s] -- Up-to-date symlink: /home/hansollee/kdta_ROS2_workspace/install/interface_example/include/interface_example/interface_example/action/detail/fibonacci__struct.h
[3.559s] -- Up-to-date symlink: /home/hansollee/kdta_ROS2_workspace/install/interface_example/include/interface_example/interface_example/action/detail/fibonacci__type_support.h
[3.559s] -- Up-to-date symlink: /home/hansollee/kdta_ROS2_workspace/install/interface_example/include/interface_example/interface_example/action/fibonacci.h
[3.559s] -- Up-to-date symlink: /home/hansollee/kdta_ROS2_workspace/install/interface_example/include/interface_example/interface_example/msg/rosidl_generator_c__visibility_control.h
[3.560s] -- Up-to-date symlink: /home/hansollee/kdta_ROS2_workspace/install/interface_example/include/interface_example/interface_example/srv/add_two_int.h
[3.561s] -- Up-to-date symlink: /home/hansollee/kdta_ROS2_workspace/install/interface_example/include/interface_example/interface_example/srv/detail/add_two_int__functions.h
[3.563s] -- Up-to-date symlink: /home/hansollee/kdta_ROS2_workspace/install/interface_example/include/interface_example/interface_example/srv/detail/add_two_int__struct.h
[3.563s] -- Up-to-date symlink: /home/hansollee/kdta_ROS2_workspace/install/interface_example/include/interface_example/interface_example/srv/detail/add_two_int__type_support.h
[3.567s] -- Up-to-date symlink: /home/hansollee/kdta_ROS2_workspace/install/interface_example/share/interface_example/environment/library_path.sh
[3.567s] -- Up-to-date symlink: /home/hansollee/kdta_ROS2_workspace/install/interface_example/share/interface_example/environment/library_path.dsv
[3.568s] -- Up-to-date symlink: /home/hansollee/kdta_ROS2_workspace/install/interface_example/include/interface_example/interface_example/action/detail/fibonacci__rosidl_typesupport_fastrtps_c.h
[3.568s] -- Up-to-date symlink: /home/hansollee/kdta_ROS2_workspace/install/interface_example/include/interface_example/interface_example/msg/rosidl_typesupport_fastrtps_c__visibility_control.h
[3.568s] -- Up-to-date symlink: /home/hansollee/kdta_ROS2_workspace/install/interface_example/include/interface_example/interface_example/srv/detail/add_two_int__rosidl_typesupport_fastrtps_c.h
[3.571s] -- Up-to-date symlink: /home/hansollee/kdta_ROS2_workspace/install/interface_example/include/interface_example/interface_example/action/detail/fibonacci__rosidl_typesupport_introspection_c.h
[3.571s] -- Up-to-date symlink: /home/hansollee/kdta_ROS2_workspace/install/interface_example/include/interface_example/interface_example/msg/rosidl_typesupport_introspection_c__visibility_control.h
[3.572s] -- Up-to-date symlink: /home/hansollee/kdta_ROS2_workspace/install/interface_example/include/interface_example/interface_example/srv/detail/add_two_int__rosidl_typesupport_introspection_c.h
[3.575s] -- Up-to-date symlink: /home/hansollee/kdta_ROS2_workspace/install/interface_example/include/interface_example/interface_example/action/detail/fibonacci__builder.hpp
[3.575s] -- Up-to-date symlink: /home/hansollee/kdta_ROS2_workspace/install/interface_example/include/interface_example/interface_example/action/detail/fibonacci__struct.hpp
[3.575s] -- Up-to-date symlink: /home/hansollee/kdta_ROS2_workspace/install/interface_example/include/interface_example/interface_example/action/detail/fibonacci__traits.hpp
[3.576s] -- Up-to-date symlink: /home/hansollee/kdta_ROS2_workspace/install/interface_example/include/interface_example/interface_example/action/fibonacci.hpp
[3.576s] -- Up-to-date symlink: /home/hansollee/kdta_ROS2_workspace/install/interface_example/include/interface_example/interface_example/srv/add_two_int.hpp
[3.579s] -- Up-to-date symlink: /home/hansollee/kdta_ROS2_workspace/install/interface_example/include/interface_example/interface_example/srv/detail/add_two_int__builder.hpp
[3.579s] -- Up-to-date symlink: /home/hansollee/kdta_ROS2_workspace/install/interface_example/include/interface_example/interface_example/srv/detail/add_two_int__struct.hpp
[3.579s] -- Up-to-date symlink: /home/hansollee/kdta_ROS2_workspace/install/interface_example/include/interface_example/interface_example/srv/detail/add_two_int__traits.hpp
[3.581s] -- Up-to-date symlink: /home/hansollee/kdta_ROS2_workspace/install/interface_example/include/interface_example/interface_example/action/detail/fibonacci__rosidl_typesupport_fastrtps_cpp.hpp
[3.581s] -- Up-to-date symlink: /home/hansollee/kdta_ROS2_workspace/install/interface_example/include/interface_example/interface_example/msg/rosidl_typesupport_fastrtps_cpp__visibility_control.h
[3.581s] -- Up-to-date symlink: /home/hansollee/kdta_ROS2_workspace/install/interface_example/include/interface_example/interface_example/srv/detail/add_two_int__rosidl_typesupport_fastrtps_cpp.hpp
[3.585s] -- Up-to-date symlink: /home/hansollee/kdta_ROS2_workspace/install/interface_example/include/interface_example/interface_example/action/detail/fibonacci__rosidl_typesupport_introspection_cpp.hpp
[3.586s] -- Up-to-date symlink: /home/hansollee/kdta_ROS2_workspace/install/interface_example/include/interface_example/interface_example/srv/detail/add_two_int__rosidl_typesupport_introspection_cpp.hpp
[3.586s] -- Up-to-date symlink: /home/hansollee/kdta_ROS2_workspace/install/interface_example/share/interface_example/environment/pythonpath.sh
[3.586s] -- Up-to-date symlink: /home/hansollee/kdta_ROS2_workspace/install/interface_example/share/interface_example/environment/pythonpath.dsv
[3.588s] -- Up-to-date symlink: /home/hansollee/kdta_ROS2_workspace/install/interface_example/local/lib/python3.10/dist-packages/interface_example-0.0.0-py3.10.egg-info/PKG-INFO
[3.588s] -- Up-to-date symlink: /home/hansollee/kdta_ROS2_workspace/install/interface_example/local/lib/python3.10/dist-packages/interface_example-0.0.0-py3.10.egg-info/SOURCES.txt
[3.591s] -- Up-to-date symlink: /home/hansollee/kdta_ROS2_workspace/install/interface_example/local/lib/python3.10/dist-packages/interface_example-0.0.0-py3.10.egg-info/dependency_links.txt
[3.591s] -- Up-to-date symlink: /home/hansollee/kdta_ROS2_workspace/install/interface_example/local/lib/python3.10/dist-packages/interface_example-0.0.0-py3.10.egg-info/top_level.txt
[3.595s] -- Up-to-date symlink: /home/hansollee/kdta_ROS2_workspace/install/interface_example/local/lib/python3.10/dist-packages/interface_example/__init__.py
[3.595s] -- Up-to-date symlink: /home/hansollee/kdta_ROS2_workspace/install/interface_example/local/lib/python3.10/dist-packages/interface_example/_interface_example_s.ep.rosidl_typesupport_c.c
[3.595s] -- Up-to-date symlink: /home/hansollee/kdta_ROS2_workspace/install/interface_example/local/lib/python3.10/dist-packages/interface_example/_interface_example_s.ep.rosidl_typesupport_fastrtps_c.c
[3.595s] -- Up-to-date symlink: /home/hansollee/kdta_ROS2_workspace/install/interface_example/local/lib/python3.10/dist-packages/interface_example/_interface_example_s.ep.rosidl_typesupport_introspection_c.c
[3.596s] -- Up-to-date symlink: /home/hansollee/kdta_ROS2_workspace/install/interface_example/local/lib/python3.10/dist-packages/interface_example/action/__init__.py
[3.596s] -- Up-to-date symlink: /home/hansollee/kdta_ROS2_workspace/install/interface_example/local/lib/python3.10/dist-packages/interface_example/action/_fibonacci.py
[3.596s] -- Up-to-date symlink: /home/hansollee/kdta_ROS2_workspace/install/interface_example/local/lib/python3.10/dist-packages/interface_example/action/_fibonacci_s.c
[3.596s] -- Up-to-date symlink: /home/hansollee/kdta_ROS2_workspace/install/interface_example/local/lib/python3.10/dist-packages/interface_example/interface_example_s__rosidl_typesupport_c.cpython-310-x86_64-linux-gnu.so
[3.596s] -- Up-to-date symlink: /home/hansollee/kdta_ROS2_workspace/install/interface_example/local/lib/python3.10/dist-packages/interface_example/interface_example_s__rosidl_typesupport_fastrtps_c.cpython-310-x86_64-linux-gnu.so
[3.599s] -- Up-to-date symlink: /home/hansollee/kdta_ROS2_workspace/install/interface_example/local/lib/python3.10/dist-packages/interface_example/interface_example_s__rosidl_typesupport_introspection_c.cpython-310-x86_64-linux-gnu.so
[3.599s] -- Up-to-date symlink: /home/hansollee/kdta_ROS2_workspace/install/interface_example/local/lib/python3.10/dist-packages/interface_example/libinterface_example__rosidl_generator_py.so
[3.599s] -- Up-to-date symlink: /home/hansollee/kdta_ROS2_workspace/install/interface_example/local/lib/python3.10/dist-packages/interface_example/srv/__init__.py
[3.600s] -- Up-to-date symlink: /home/hansollee/kdta_ROS2_workspace/install/interface_example/local/lib/python3.10/dist-packages/interface_example/srv/_add_two_int.py
[3.600s] -- Up-to-date symlink: /home/hansollee/kdta_ROS2_workspace/install/interface_example/local/lib/python3.10/dist-packages/interface_example/srv/_add_two_int_s.c
[3.600s] -- Up-to-date symlink: /home/hansollee/kdta_ROS2_workspace/install/interface_example/local/lib/python3.10/dist-packages/interface_example/interface_example_s__rosidl_typesupport_fastrtps_c.cpython-310-x86_64-linux-gnu.so
[3.604s] -- Up-to-date symlink: /home/hansollee/kdta_ROS2_workspace/install/interface_example/local/lib/python3.10/dist-packages/interface_example/interface_example_s__rosidl_typesupport_introspection_c.cpython-310-x86_64-linux-gnu.so
[3.604s] -- Up-to-date symlink: /home/hansollee/kdta_ROS2_workspace/install/interface_example/local/lib/python3.10/dist-packages/interface_example/interface_example_s__rosidl_typesupport_c.cpython-310-x86_64-linux-gnu.so
[3.604s] -- Up-to-date symlink: /home/hansollee/kdta_ROS2_workspace/install/interface_example/share/interface_example/srv/AddTwoInt.idl
[3.608s] -- Up-to-date symlink: /home/hansollee/kdta_ROS2_workspace/install/interface_example/share/interface_example/action/Fibonacci.idl
[3.611s] -- Up-to-date symlink: /home/hansollee/kdta_ROS2_workspace/install/interface_example/share/interface_example/srv/AddTwoInt.srv
[3.611s] -- Up-to-date symlink: /home/hansollee/kdta_ROS2_workspace/install/interface_example/share/interface_example/srv/AddTwoInt_Request.msg
[3.611s] -- Up-to-date symlink: /home/hansollee/kdta_ROS2_workspace/install/interface_example/share/interface_example/srv/AddTwoInt_Response.msg
[3.611s] -- Up-to-date symlink: /home/hansollee/kdta_ROS2_workspace/install/interface_example/share/interface_example/action/Fibonacci.action
[3.611s] -- Up-to-date symlink: /home/hansollee/kdta_ROS2_workspace/install/interface_example/share/ament_index/resource_index/package_run_dependencies/interface_example
[3.612s] -- Up-to-date symlink: /home/hansollee/kdta_ROS2_workspace/install/interface_example/share/ament_index/resource_index/parent_prefix_path/interface_example
[3.612s] -- Up-to-date symlink: /home/hansollee/kdta_ROS2_workspace/install/interface_example/share/interface_example/environment/ament_prefix_path.sh
[3.612s] -- Up-to-date symlink: /home/hansollee/kdta_ROS2_workspace/install/interface_example/share/interface_example/environment/ament_prefix_path.dsv
[3.613s] -- Up-to-date symlink: /home/hansollee/kdta_ROS2_workspace/install/interface_example/share/interface_example/environment/path.sh
[3.613s] -- Up-to-date symlink: /home/hansollee/kdta_ROS2_workspace/install/interface_example/share/interface_example/environment/path.dsv
[3.613s] -- Up-to-date symlink: /home/hansollee/kdta_ROS2_workspace/install/interface_example/share/interface_example/local_setup.bash
[3.613s] -- Up-to-date symlink: /home/hansollee/kdta_ROS2_workspace/install/interface_example/share/interface_example/local_setup.sh
[3.614s] -- Up-to-date symlink: /home/hansollee/kdta_ROS2_workspace/install/interface_example/share/interface_example/local_setup.zsh
[3.614s] -- Up-to-date symlink: /home/hansollee/kdta_ROS2_workspace/install/interface_example/share/interface_example/local_setup.dsv
[3.616s] -- Symlinking: /home/hansollee/kdta_ROS2_workspace/install/interface_example/share/interface_example/package.dsv
[3.665s] -- Up-to-date symlink: /home/hansollee/kdta_ROS2_workspace/install/interface_example/share/ament_index/resource_index/packages/interface_example
[3.665s] -- Up-to-date symlink: /home/hansollee/kdta_ROS2_workspace/install/interface_example/share/interface_example/cmake/rosidl_cmake-extras.cmake
[3.666s] -- Up-to-date symlink: /home/hansollee/kdta_ROS2_workspace/install/interface_example/share/interface_example/cmake/ament_cmake_export_dependencies-extras.cmake
[3.666s] -- Up-to-date symlink: /home/hansollee/kdta_ROS2_workspace/install/interface_example/share/interface_example/cmake/ament_cmake_export_include_directories-extras.cmake
[3.666s] -- Up-to-date symlink: /home/hansollee/kdta_ROS2_workspace/install/interface_example/share/interface_example/cmake/ament_cmake_export_libraries-extras.cmake
[3.671s] -- Up-to-date symlink: /home/hansollee/kdta_ROS2_workspace/install/interface_example/share/interface_example/cmake/ament_cmake_export_targets-extras.cmake
[3.672s] -- Up-to-date symlink: /home/hansollee/kdta_ROS2_workspace/install/interface_example/share/interface_example/cmake/rosidl_cmake_export_typesupport_targets-extras.cmake
[3.677s] -- Up-to-date symlink: /home/hansollee/kdta_ROS2_workspace/install/interface_example/share/interface_example/cmake/rosidl_cmake_export_typesupport_libraries-extras.cmake
[3.677s] -- Up-to-date symlink: /home/hansollee/kdta_ROS2_workspace/install/interface_example/share/interface_example/cmake/interface_exampleConfig.cmake
[3.678s] -- Up-to-date symlink: /home/hansollee/kdta_ROS2_workspace/install/interface_example/share/interface_example/cmake/interface_exampleConfig-version.cmake
[3.678s] -- Up-to-date symlink: /home/hansollee/kdta_ROS2_workspace/install/interface_example/share/interface_example/package.xml
[3.680s] -- Up-to-date: /home/hansollee/kdta_ROS2_workspace/install/interface_example/lib/libinterface_example__rosidl_generator_c.so
[3.680s] -- Up-to-date: /home/hansollee/kdta_ROS2_workspace/install/interface_example/lib/libinterface_example__rosidl_typesupport_fastrtps_c.so
[3.685s] -- Up-to-date: /home/hansollee/kdta_ROS2_workspace/install/interface_example/lib/libinterface_example__rosidl_typesupport_introspection_c.so
[3.685s] -- Up-to-date: /home/hansollee/kdta_ROS2_workspace/install/interface_example/lib/libinterface_example__rosidl_typesupport_c.so
[3.686s] -- Up-to-date: /home/hansollee/kdta_ROS2_workspace/install/interface_example/lib/libinterface_example__rosidl_typesupport_fastrtps_cpp.so
[3.688s] -- Up-to-date: /home/hansollee/kdta_ROS2_workspace/install/interface_example/lib/libinterface_example__rosidl_typesupport_introspection_cpp.so
[3.689s] -- Up-to-date: /home/hansollee/kdta_ROS2_workspace/install/interface_example/lib/libinterface_example__rosidl_typesupport_cpp.so
[3.906s] Listing '/home/hansollee/kdta_ROS2_workspace/install/interface_example/local/lib/python3.10/dist-packages/interface_example'...
[3.906s] Listing '/home/hansollee/kdta_ROS2_workspace/install/interface_example/local/lib/python3.10/dist-packages/interface_example/action'...
[3.907s] Listing '/home/hansollee/kdta_ROS2_workspace/install/interface_example/local/lib/python3.10/dist-packages/interface_example/srv'...
[3.935s] -- Up-to-date: /home/hansollee/kdta_ROS2_workspace/install/interface_example/lib/libinterface_example__rosidl_generator_py.so
[3.935s] -- Up-to-date: /home/hansollee/kdta_ROS2_workspace/install/interface_example/share/interface_example/cmake/export_interface_example__rosidl_generator_cExport.cmake
[3.936s] -- Up-to-date: /home/hansollee/kdta_ROS2_workspace/install/interface_example/share/interface_example/cmake/export_interface_example__rosidl_generator_cExport-noconfig.cmake
[3.941s] -- Up-to-date: /home/hansollee/kdta_ROS2_workspace/install/interface_example/share/interface_example/cmake/export_interface_example__rosidl_typesupport_fastrtps_cExport.cmake
[3.941s] -- Up-to-date: /home/hansollee/kdta_ROS2_workspace/install/interface_example/share/interface_example/cmake/export_interface_example__rosidl_typesupport_fastrtps_cExport-noconfig.cmake
[3.942s] -- Up-to-date: /home/hansollee/kdta_ROS2_workspace/install/interface_example/share/interface_example/cmake/interface_example__rosidl_typesupport_introspection_cExport.cmake
[3.947s] -- Up-to-date: /home/hansollee/kdta_ROS2_workspace/install/interface_example/share/interface_example/cmake/interface_example__rosidl_typesupport_introspection_cExport-noconfig.cmake
[3.949s] -- Up-to-date: /home/hansollee/kdta_ROS2_workspace/install/interface_example/share/interface_example/cmake/interface_example__rosidl_typesupport_cExport.cmake
[3.949s] -- Up-to-date: /home/hansollee/kdta_ROS2_workspace/install/interface_example/share/interface_example/cmake/interface_example__rosidl_typesupport_cExport-noconfig.cmake
[3.952s] -- Up-to-date: /home/hansollee/kdta_ROS2_workspace/install/interface_example/share/interface_example/cmake/export_interface_example__rosidl_generator_cppExport.cmake
[3.952s] -- Up-to-date: /home/hansollee/kdta_ROS2_workspace/install/interface_example/share/interface_example/cmake/export_interface_example__rosidl_typesupport_fastrtps_cppExport.cmake
[3.954s] -- Up-to-date: /home/hansollee/kdta_ROS2_workspace/install/interface_example/share/interface_example/cmake/export_interface_example__rosidl_typesupport_fastrtps_cppExport-noconfig.cmake
[3.955s] -- Up-to-date: /home/hansollee/kdta_ROS2_workspace/install/interface_example/share/interface_example/cmake/interface_example__rosidl_typesupport_introspection_cppExport.cmake
[3.957s] -- Up-to-date: /home/hansollee/kdta_ROS2_workspace/install/interface_example/share/interface_example/cmake/interface_example__rosidl_typesupport_introspection_cppExport-noconfig.cmake
[3.959s] -- Up-to-date: /home/hansollee/kdta_ROS2_workspace/install/interface_example/share/interface_example/cmake/interface_example__rosidl_typesupport_cppExport.cmake
[3.961s] -- Up-to-date: /home/hansollee/kdta_ROS2_workspace/install/interface_example/share/interface_example/cmake/interface_example__rosidl_typesupport_cppExport-noconfig.cmake
[3.963s] -- Up-to-date: /home/hansollee/kdta_ROS2_workspace/install/interface_example/share/interface_example/cmake/export_interface_example__rosidl_generator_pyExport.cmake
[3.971s] -- Up-to-date: /home/hansollee/kdta_ROS2_workspace/install/interface_example/share/interface_example/cmake/export_interface_example__rosidl_generator_pyExport-noconfig.cmake
[3.992s] Invoked command in '/home/hansollee/kdta_ROS2_workspace/build/interface_example' returned '0': CMAKE_PREFIX_PATH=${CMAKE_PREFIX_PATH}:/opt/ros/humble /usr/bin/cmake --install /home/hansollee/kdta_ROS2_workspace/build/interface_example
