[0.010s] Invoking command in '/home/hansollee/kdta_ROS2_workspace/build/move_t_sim': CMAKE_PREFIX_PATH=${CMAKE_PREFIX_PATH}:/opt/ros/humble /usr/bin/cmake --build /home/hansollee/kdta_ROS2_workspace/build/move_t_sim -- -j2 -l2
[0.067s] [ 15%] Built target moveTurtleBot
[0.071s] [ 31%] Built target moveTurtleSim
[0.121s] [ 42%] Built target rotate_turtle
[0.130s] [ 57%] Built target moveTurtleBot2
[0.195s] [ 73%] Built target canny_camera
[0.200s] [ 78%] Built target canny_camera2
[0.224s] [35m[1mConsolidate compiler generated dependencies of target stay_thirty[0m
[0.240s] [ 89%] Built target simple_ridar
[0.244s] [ 94%] [32mBuilding CXX object CMakeFiles/stay_thirty.dir/src/stay_thirty.cpp.o[0m
[7.439s] [100%] [32m[1mLinking CXX executable stay_thirty[0m
[7.735s] [100%] Built target stay_thirty
[7.746s] Invoked command in '/home/hansollee/kdta_ROS2_workspace/build/move_t_sim' returned '0': CMAKE_PREFIX_PATH=${CMAKE_PREFIX_PATH}:/opt/ros/humble /usr/bin/cmake --build /home/hansollee/kdta_ROS2_workspace/build/move_t_sim -- -j2 -l2
[7.824s] Invoking command in '/home/hansollee/kdta_ROS2_workspace/build/move_t_sim': CMAKE_PREFIX_PATH=${CMAKE_PREFIX_PATH}:/opt/ros/humble /usr/bin/cmake --install /home/hansollee/kdta_ROS2_workspace/build/move_t_sim
[7.837s] -- Install configuration: ""
[7.837s] -- Execute custom install script
[7.837s] -- Up-to-date symlink: /home/hansollee/kdta_ROS2_workspace/install/move_t_sim/lib/move_t_sim/moveTurtleSim
[7.837s] -- Up-to-date symlink: /home/hansollee/kdta_ROS2_workspace/install/move_t_sim/lib/move_t_sim/moveTurtleBot
[7.837s] -- Up-to-date symlink: /home/hansollee/kdta_ROS2_workspace/install/move_t_sim/lib/move_t_sim/moveTurtleBot2
[7.837s] -- Up-to-date symlink: /home/hansollee/kdta_ROS2_workspace/install/move_t_sim/lib/move_t_sim/rotate_turtle
[7.837s] -- Up-to-date symlink: /home/hansollee/kdta_ROS2_workspace/install/move_t_sim/lib/move_t_sim/canny_camera
[7.837s] -- Up-to-date symlink: /home/hansollee/kdta_ROS2_workspace/install/move_t_sim/lib/move_t_sim/canny_camera2
[7.837s] -- Up-to-date symlink: /home/hansollee/kdta_ROS2_workspace/install/move_t_sim/lib/move_t_sim/simple_ridar
[7.837s] -- Up-to-date symlink: /home/hansollee/kdta_ROS2_workspace/install/move_t_sim/lib/move_t_sim/stay_thirty
[7.837s] -- Up-to-date symlink: /home/hansollee/kdta_ROS2_workspace/install/move_t_sim/share/ament_index/resource_index/package_run_dependencies/move_t_sim
[7.837s] -- Up-to-date symlink: /home/hansollee/kdta_ROS2_workspace/install/move_t_sim/share/ament_index/resource_index/parent_prefix_path/move_t_sim
[7.837s] -- Up-to-date symlink: /home/hansollee/kdta_ROS2_workspace/install/move_t_sim/share/move_t_sim/environment/ament_prefix_path.sh
[7.837s] -- Up-to-date symlink: /home/hansollee/kdta_ROS2_workspace/install/move_t_sim/share/move_t_sim/environment/ament_prefix_path.dsv
[7.837s] -- Up-to-date symlink: /home/hansollee/kdta_ROS2_workspace/install/move_t_sim/share/move_t_sim/environment/path.sh
[7.837s] -- Up-to-date symlink: /home/hansollee/kdta_ROS2_workspace/install/move_t_sim/share/move_t_sim/environment/path.dsv
[7.837s] -- Up-to-date symlink: /home/hansollee/kdta_ROS2_workspace/install/move_t_sim/share/move_t_sim/local_setup.bash
[7.837s] -- Up-to-date symlink: /home/hansollee/kdta_ROS2_workspace/install/move_t_sim/share/move_t_sim/local_setup.sh
[7.838s] -- Up-to-date symlink: /home/hansollee/kdta_ROS2_workspace/install/move_t_sim/share/move_t_sim/local_setup.zsh
[7.838s] -- Up-to-date symlink: /home/hansollee/kdta_ROS2_workspace/install/move_t_sim/share/move_t_sim/local_setup.dsv
[7.838s] -- Symlinking: /home/hansollee/kdta_ROS2_workspace/install/move_t_sim/share/move_t_sim/package.dsv
[7.846s] -- Up-to-date symlink: /home/hansollee/kdta_ROS2_workspace/install/move_t_sim/share/ament_index/resource_index/packages/move_t_sim
[7.846s] -- Up-to-date symlink: /home/hansollee/kdta_ROS2_workspace/install/move_t_sim/share/move_t_sim/cmake/move_t_simConfig.cmake
[7.846s] -- Up-to-date symlink: /home/hansollee/kdta_ROS2_workspace/install/move_t_sim/share/move_t_sim/cmake/move_t_simConfig-version.cmake
[7.846s] -- Up-to-date symlink: /home/hansollee/kdta_ROS2_workspace/install/move_t_sim/share/move_t_sim/package.xml
[7.847s] Invoked command in '/home/hansollee/kdta_ROS2_workspace/build/move_t_sim' returned '0': CMAKE_PREFIX_PATH=${CMAKE_PREFIX_PATH}:/opt/ros/humble /usr/bin/cmake --install /home/hansollee/kdta_ROS2_workspace/build/move_t_sim
