[0.101s] Invoking command in '/home/hansollee/kdta_ROS2_workspace/build/msg': CMAKE_PREFIX_PATH=${CMAKE_PREFIX_PATH}:/opt/ros/humble /usr/bin/cmake --build /home/hansollee/kdta_ROS2_workspace/build/msg -- -j4 -l4
[0.447s] [ 20%] Built target message_publisher_class
[0.462s] [ 40%] Built target message_subscriber_class
[0.502s] [ 60%] Built target message_time_subscriber_class
[0.518s] [ 80%] Built target message2_subscriber_class
[0.602s] [100%] Built target time_publisher_class
[0.660s] Invoked command in '/home/hansollee/kdta_ROS2_workspace/build/msg' returned '0': CMAKE_PREFIX_PATH=${CMAKE_PREFIX_PATH}:/opt/ros/humble /usr/bin/cmake --build /home/hansollee/kdta_ROS2_workspace/build/msg -- -j4 -l4
[1.057s] Invoking command in '/home/hansollee/kdta_ROS2_workspace/build/msg': CMAKE_PREFIX_PATH=${CMAKE_PREFIX_PATH}:/opt/ros/humble /usr/bin/cmake --install /home/hansollee/kdta_ROS2_workspace/build/msg
[1.099s] -- Install configuration: ""
[1.100s] -- Execute custom install script
[1.105s] -- Up-to-date symlink: /home/hansollee/kdta_ROS2_workspace/install/msg/lib/msg/message_publisher_class
[1.105s] -- Up-to-date symlink: /home/hansollee/kdta_ROS2_workspace/install/msg/lib/msg/message_subscriber_class
[1.105s] -- Up-to-date symlink: /home/hansollee/kdta_ROS2_workspace/install/msg/lib/msg/message2_subscriber_class
[1.106s] -- Up-to-date symlink: /home/hansollee/kdta_ROS2_workspace/install/msg/lib/msg/message_time_subscriber_class
[1.106s] -- Up-to-date symlink: /home/hansollee/kdta_ROS2_workspace/install/msg/lib/msg/time_publisher_class
[1.107s] -- Up-to-date symlink: /home/hansollee/kdta_ROS2_workspace/install/msg/share/ament_index/resource_index/package_run_dependencies/msg
[1.108s] -- Up-to-date symlink: /home/hansollee/kdta_ROS2_workspace/install/msg/share/ament_index/resource_index/parent_prefix_path/msg
[1.109s] -- Up-to-date symlink: /home/hansollee/kdta_ROS2_workspace/install/msg/share/msg/environment/ament_prefix_path.sh
[1.114s] -- Up-to-date symlink: /home/hansollee/kdta_ROS2_workspace/install/msg/share/msg/environment/ament_prefix_path.dsv
[1.115s] -- Up-to-date symlink: /home/hansollee/kdta_ROS2_workspace/install/msg/share/msg/environment/path.sh
[1.116s] -- Up-to-date symlink: /home/hansollee/kdta_ROS2_workspace/install/msg/share/msg/environment/path.dsv
[1.116s] -- Up-to-date symlink: /home/hansollee/kdta_ROS2_workspace/install/msg/share/msg/local_setup.bash
[1.116s] -- Up-to-date symlink: /home/hansollee/kdta_ROS2_workspace/install/msg/share/msg/local_setup.sh
[1.116s] -- Up-to-date symlink: /home/hansollee/kdta_ROS2_workspace/install/msg/share/msg/local_setup.zsh
[1.116s] -- Up-to-date symlink: /home/hansollee/kdta_ROS2_workspace/install/msg/share/msg/local_setup.dsv
[1.116s] -- Symlinking: /home/hansollee/kdta_ROS2_workspace/install/msg/share/msg/package.dsv
[1.154s] -- Up-to-date symlink: /home/hansollee/kdta_ROS2_workspace/install/msg/share/ament_index/resource_index/packages/msg
[1.154s] -- Up-to-date symlink: /home/hansollee/kdta_ROS2_workspace/install/msg/share/msg/cmake/msgConfig.cmake
[1.155s] -- Up-to-date symlink: /home/hansollee/kdta_ROS2_workspace/install/msg/share/msg/cmake/msgConfig-version.cmake
[1.155s] -- Up-to-date symlink: /home/hansollee/kdta_ROS2_workspace/install/msg/share/msg/package.xml
[1.163s] Invoked command in '/home/hansollee/kdta_ROS2_workspace/build/msg' returned '0': CMAKE_PREFIX_PATH=${CMAKE_PREFIX_PATH}:/opt/ros/humble /usr/bin/cmake --install /home/hansollee/kdta_ROS2_workspace/build/msg
