[0.109s] Invoking command in '/home/hansollee/kdta_ROS2_workspace/build/simple_pkg_cpp': CMAKE_PREFIX_PATH=${CMAKE_PREFIX_PATH}:/opt/ros/humble /usr/bin/cmake --build /home/hansollee/kdta_ROS2_workspace/build/simple_pkg_cpp -- -j4 -l4
[0.339s] -- Found ament_cmake: 1.3.9 (/opt/ros/humble/share/ament_cmake/cmake)
[1.134s] -- Override CMake install command with custom implementation using symlinks instead of copying resources
[1.161s] -- Found rclcpp: 16.0.9 (/opt/ros/humble/share/rclcpp/cmake)
[1.325s] -- Found rosidl_generator_c: 3.1.5 (/opt/ros/humble/share/rosidl_generator_c/cmake)
[1.325s] -- Found rosidl_adapter: 3.1.5 (/opt/ros/humble/share/rosidl_adapter/cmake)
[1.333s] -- Found rosidl_generator_cpp: 3.1.5 (/opt/ros/humble/share/rosidl_generator_cpp/cmake)
[1.415s] -- Using all available rosidl_typesupport_c: rosidl_typesupport_fastrtps_c;rosidl_typesupport_introspection_c
[1.509s] -- Using all available rosidl_typesupport_cpp: rosidl_typesupport_fastrtps_cpp;rosidl_typesupport_introspection_cpp
[1.819s] -- Found rmw_implementation_cmake: 6.1.2 (/opt/ros/humble/share/rmw_implementation_cmake/cmake)
[1.822s] -- Found rmw_fastrtps_cpp: 6.2.6 (/opt/ros/humble/share/rmw_fastrtps_cpp/cmake)
[2.090s] -- Using RMW implementation 'rmw_fastrtps_cpp' as default
[2.598s] -- Found example_interfaces: 0.9.3 (/opt/ros/humble/share/example_interfaces/cmake)
[3.030s] -- Found ament_lint_auto: 0.12.11 (/opt/ros/humble/share/ament_lint_auto/cmake)
[3.301s] -- Added test 'cppcheck' to perform static code analysis on C / C++ code
[3.314s] -- Configured cppcheck include dirs: /home/hansollee/kdta_ROS2_workspace/src/simple_pkg_cpp/include
[3.314s] -- Configured cppcheck exclude dirs and/or files: 
[3.381s] -- Added test 'lint_cmake' to check CMake code style
[3.383s] -- Added test 'uncrustify' to check C / C++ code style
[3.383s] -- Configured uncrustify additional arguments: 
[3.384s] -- Added test 'xmllint' to check XML markup files
[3.384s] -- Configuring done
[3.533s] -- Generating done
[3.547s] -- Build files have been written to: /home/hansollee/kdta_ROS2_workspace/build/simple_pkg_cpp
[3.647s] [35m[1mConsolidate compiler generated dependencies of target helloworld[0m
[3.679s] [35m[1mConsolidate compiler generated dependencies of target hello_publisher2[0m
[3.708s] [35m[1mConsolidate compiler generated dependencies of target helloOpenCV[0m
[3.728s] [35m[1mConsolidate compiler generated dependencies of target hello_publisher[0m
[3.729s] [  8%] Built target helloworld
[3.775s] [ 16%] Built target hello_publisher2
[3.816s] [ 25%] Built target helloOpenCV
[3.829s] [35m[1mConsolidate compiler generated dependencies of target hello_publisher_class2[0m
[3.840s] [35m[1mConsolidate compiler generated dependencies of target hello_publisher_class[0m
[3.855s] [ 33%] Built target hello_publisher
[3.928s] [35m[1mConsolidate compiler generated dependencies of target time_publisher_class[0m
[3.930s] [35m[1mConsolidate compiler generated dependencies of target hello_subscriber_class[0m
[3.930s] [ 45%] Built target hello_publisher_class2
[3.987s] [ 54%] Built target hello_publisher_class
[4.018s] [ 66%] Built target time_publisher_class
[4.034s] [35m[1mConsolidate compiler generated dependencies of target time_subscriber_class[0m
[4.047s] [35m[1mConsolidate compiler generated dependencies of target simple_service_server[0m
[4.061s] [ 79%] Built target hello_subscriber_class
[4.135s] [ 83%] [32mBuilding CXX object CMakeFiles/simple_service_server.dir/src/simple_service_server.cpp.o[0m
[4.142s] [ 95%] Built target time_subscriber_class
[12.692s] In file included from [01m[K/opt/ros/humble/include/rclcpp/rclcpp/logging.hpp:24[m[K,
[12.693s]                  from [01m[K/opt/ros/humble/include/rclcpp/rclcpp/client.hpp:40[m[K,
[12.693s]                  from [01m[K/opt/ros/humble/include/rclcpp/rclcpp/callback_group.hpp:24[m[K,
[12.693s]                  from [01m[K/opt/ros/humble/include/rclcpp/rclcpp/any_executable.hpp:20[m[K,
[12.694s]                  from [01m[K/opt/ros/humble/include/rclcpp/rclcpp/memory_strategy.hpp:25[m[K,
[12.697s]                  from [01m[K/opt/ros/humble/include/rclcpp/rclcpp/memory_strategies.hpp:18[m[K,
[12.697s]                  from [01m[K/opt/ros/humble/include/rclcpp/rclcpp/executor_options.hpp:20[m[K,
[12.697s]                  from [01m[K/opt/ros/humble/include/rclcpp/rclcpp/executor.hpp:37[m[K,
[12.698s]                  from [01m[K/opt/ros/humble/include/rclcpp/rclcpp/executors/multi_threaded_executor.hpp:25[m[K,
[12.698s]                  from [01m[K/opt/ros/humble/include/rclcpp/rclcpp/executors.hpp:21[m[K,
[12.698s]                  from [01m[K/opt/ros/humble/include/rclcpp/rclcpp/rclcpp.hpp:155[m[K,
[12.698s]                  from [01m[K/home/hansollee/kdta_ROS2_workspace/src/simple_pkg_cpp/src/simple_service_server.cpp:1[m[K:
[12.698s] [01m[K/home/hansollee/kdta_ROS2_workspace/src/simple_pkg_cpp/src/simple_service_server.cpp:[m[K In member function ‘[01m[Kvoid SimpleServiceServer::callback(example_interfaces::srv::AddTwoInts_Request_<std::allocator<void> >::SharedPtr, example_interfaces::srv::AddTwoInts_Response_<std::allocator<void> >::SharedPtr)[m[K’:
[12.699s] [01m[K/home/hansollee/kdta_ROS2_workspace/src/simple_pkg_cpp/src/simple_service_server.cpp:25:35:[m[K [01;35m[Kwarning: [m[Kformat ‘[01m[K%d[m[K’ expects argument of type ‘[01m[Kint[m[K’, but argument 5 has type ‘[01m[Kexample_interfaces::srv::AddTwoInts_Request_<std::allocator<void> >::_a_type[m[K’ {aka ‘[01m[Klong int[m[K’} [[01;35m[K]8;;https://gcc.gnu.org/onlinedocs/gcc/Warning-Options.html#index-Wformat=-Wformat=]8;;[m[K]
[12.699s]    25 |         RCLCPP_INFO(get_logger(), [01;35m[K"Incomming Message: %d, %d"[m[K, [32m[Krequest->a[m[K, request->b);
[12.699s]       |                                   [01;35m[K^~~~~~~~~~~~~~~~~~~~~~~~~~~[m[K  [32m[K~~~~~~~~~~[m[K
[12.699s]       |                                                                         [32m[K|[m[K
[12.699s]       |                                                                         [32m[Kexample_interfaces::srv::AddTwoInts_Request_<std::allocator<void> >::_a_type {aka long int}[m[K
[12.699s] [01m[K/home/hansollee/kdta_ROS2_workspace/src/simple_pkg_cpp/src/simple_service_server.cpp:25:56:[m[K [01;36m[Knote: [m[Kformat string is defined here
[12.699s]    25 |         RCLCPP_INFO(get_logger(), "Incomming Message: [01;36m[K%d[m[K, %d", request->a, request->b);
[12.700s]       |                                                       [01;36m[K~^[m[K
[12.700s]       |                                                        [01;36m[K|[m[K
[12.700s]       |                                                        [01;36m[Kint[m[K
[12.700s]       |                                                       [32m[K%ld[m[K
[12.700s] In file included from [01m[K/opt/ros/humble/include/rclcpp/rclcpp/logging.hpp:24[m[K,
[12.700s]                  from [01m[K/opt/ros/humble/include/rclcpp/rclcpp/client.hpp:40[m[K,
[12.701s]                  from [01m[K/opt/ros/humble/include/rclcpp/rclcpp/callback_group.hpp:24[m[K,
[12.701s]                  from [01m[K/opt/ros/humble/include/rclcpp/rclcpp/any_executable.hpp:20[m[K,
[12.701s]                  from [01m[K/opt/ros/humble/include/rclcpp/rclcpp/memory_strategy.hpp:25[m[K,
[12.701s]                  from [01m[K/opt/ros/humble/include/rclcpp/rclcpp/memory_strategies.hpp:18[m[K,
[12.701s]                  from [01m[K/opt/ros/humble/include/rclcpp/rclcpp/executor_options.hpp:20[m[K,
[12.701s]                  from [01m[K/opt/ros/humble/include/rclcpp/rclcpp/executor.hpp:37[m[K,
[12.701s]                  from [01m[K/opt/ros/humble/include/rclcpp/rclcpp/executors/multi_threaded_executor.hpp:25[m[K,
[12.702s]                  from [01m[K/opt/ros/humble/include/rclcpp/rclcpp/executors.hpp:21[m[K,
[12.702s]                  from [01m[K/opt/ros/humble/include/rclcpp/rclcpp/rclcpp.hpp:155[m[K,
[12.702s]                  from [01m[K/home/hansollee/kdta_ROS2_workspace/src/simple_pkg_cpp/src/simple_service_server.cpp:1[m[K:
[12.703s] [01m[K/home/hansollee/kdta_ROS2_workspace/src/simple_pkg_cpp/src/simple_service_server.cpp:25:35:[m[K [01;35m[Kwarning: [m[Kformat ‘[01m[K%d[m[K’ expects argument of type ‘[01m[Kint[m[K’, but argument 6 has type ‘[01m[Kexample_interfaces::srv::AddTwoInts_Request_<std::allocator<void> >::_b_type[m[K’ {aka ‘[01m[Klong int[m[K’} [[01;35m[K]8;;https://gcc.gnu.org/onlinedocs/gcc/Warning-Options.html#index-Wformat=-Wformat=]8;;[m[K]
[12.703s]    25 |         RCLCPP_INFO(get_logger(), [01;35m[K"Incomming Message: %d, %d"[m[K, request->a, [32m[Krequest->b[m[K);
[12.703s]       |                                   [01;35m[K^~~~~~~~~~~~~~~~~~~~~~~~~~~[m[K              [32m[K~~~~~~~~~~[m[K
[12.703s]       |                                                                                     [32m[K|[m[K
[12.703s]       |                                                                                     [32m[Kexample_interfaces::srv::AddTwoInts_Request_<std::allocator<void> >::_b_type {aka long int}[m[K
[12.704s] [01m[K/home/hansollee/kdta_ROS2_workspace/src/simple_pkg_cpp/src/simple_service_server.cpp:25:60:[m[K [01;36m[Knote: [m[Kformat string is defined here
[12.704s]    25 |         RCLCPP_INFO(get_logger(), "Incomming Message: %d, [01;36m[K%d[m[K", request->a, request->b);
[12.704s]       |                                                           [01;36m[K~^[m[K
[12.704s]       |                                                            [01;36m[K|[m[K
[12.704s]       |                                                            [01;36m[Kint[m[K
[12.704s]       |                                                           [32m[K%ld[m[K
[16.435s] [100%] [32m[1mLinking CXX executable simple_service_server[0m
[17.008s] [100%] Built target simple_service_server
[17.072s] Invoked command in '/home/hansollee/kdta_ROS2_workspace/build/simple_pkg_cpp' returned '0': CMAKE_PREFIX_PATH=${CMAKE_PREFIX_PATH}:/opt/ros/humble /usr/bin/cmake --build /home/hansollee/kdta_ROS2_workspace/build/simple_pkg_cpp -- -j4 -l4
[17.409s] Invoking command in '/home/hansollee/kdta_ROS2_workspace/build/simple_pkg_cpp': CMAKE_PREFIX_PATH=${CMAKE_PREFIX_PATH}:/opt/ros/humble /usr/bin/cmake --install /home/hansollee/kdta_ROS2_workspace/build/simple_pkg_cpp
[17.431s] -- Install configuration: ""
[17.431s] -- Execute custom install script
[17.435s] -- Up-to-date symlink: /home/hansollee/kdta_ROS2_workspace/install/simple_pkg_cpp/lib/simple_pkg_cpp/helloworld
[17.438s] -- Up-to-date symlink: /home/hansollee/kdta_ROS2_workspace/install/simple_pkg_cpp/lib/simple_pkg_cpp/helloOpenCV
[17.441s] -- Up-to-date symlink: /home/hansollee/kdta_ROS2_workspace/install/simple_pkg_cpp/lib/simple_pkg_cpp/hello_publisher
[17.443s] -- Up-to-date symlink: /home/hansollee/kdta_ROS2_workspace/install/simple_pkg_cpp/lib/simple_pkg_cpp/hello_publisher2
[17.446s] -- Up-to-date symlink: /home/hansollee/kdta_ROS2_workspace/install/simple_pkg_cpp/lib/simple_pkg_cpp/hello_publisher_class
[17.450s] -- Up-to-date symlink: /home/hansollee/kdta_ROS2_workspace/install/simple_pkg_cpp/lib/simple_pkg_cpp/hello_publisher_class2
[17.450s] -- Up-to-date symlink: /home/hansollee/kdta_ROS2_workspace/install/simple_pkg_cpp/lib/simple_pkg_cpp/hello_subscriber_class
[17.450s] -- Up-to-date symlink: /home/hansollee/kdta_ROS2_workspace/install/simple_pkg_cpp/lib/simple_pkg_cpp/time_publisher_class
[17.451s] -- Up-to-date symlink: /home/hansollee/kdta_ROS2_workspace/install/simple_pkg_cpp/lib/simple_pkg_cpp/time_subscriber_class
[17.453s] -- Up-to-date symlink: /home/hansollee/kdta_ROS2_workspace/install/simple_pkg_cpp/lib/simple_pkg_cpp/simple_service_server
[17.454s] -- Up-to-date symlink: /home/hansollee/kdta_ROS2_workspace/install/simple_pkg_cpp/share/ament_index/resource_index/package_run_dependencies/simple_pkg_cpp
[17.454s] -- Up-to-date symlink: /home/hansollee/kdta_ROS2_workspace/install/simple_pkg_cpp/share/ament_index/resource_index/parent_prefix_path/simple_pkg_cpp
[17.456s] -- Up-to-date symlink: /home/hansollee/kdta_ROS2_workspace/install/simple_pkg_cpp/share/simple_pkg_cpp/environment/ament_prefix_path.sh
[17.457s] -- Up-to-date symlink: /home/hansollee/kdta_ROS2_workspace/install/simple_pkg_cpp/share/simple_pkg_cpp/environment/ament_prefix_path.dsv
[17.458s] -- Up-to-date symlink: /home/hansollee/kdta_ROS2_workspace/install/simple_pkg_cpp/share/simple_pkg_cpp/environment/path.sh
[17.459s] -- Up-to-date symlink: /home/hansollee/kdta_ROS2_workspace/install/simple_pkg_cpp/share/simple_pkg_cpp/environment/path.dsv
[17.460s] -- Up-to-date symlink: /home/hansollee/kdta_ROS2_workspace/install/simple_pkg_cpp/share/simple_pkg_cpp/local_setup.bash
[17.461s] -- Up-to-date symlink: /home/hansollee/kdta_ROS2_workspace/install/simple_pkg_cpp/share/simple_pkg_cpp/local_setup.sh
[17.462s] -- Up-to-date symlink: /home/hansollee/kdta_ROS2_workspace/install/simple_pkg_cpp/share/simple_pkg_cpp/local_setup.zsh
[17.467s] -- Up-to-date symlink: /home/hansollee/kdta_ROS2_workspace/install/simple_pkg_cpp/share/simple_pkg_cpp/local_setup.dsv
[17.467s] -- Symlinking: /home/hansollee/kdta_ROS2_workspace/install/simple_pkg_cpp/share/simple_pkg_cpp/package.dsv
[17.499s] -- Up-to-date symlink: /home/hansollee/kdta_ROS2_workspace/install/simple_pkg_cpp/share/ament_index/resource_index/packages/simple_pkg_cpp
[17.501s] -- Up-to-date symlink: /home/hansollee/kdta_ROS2_workspace/install/simple_pkg_cpp/share/simple_pkg_cpp/cmake/simple_pkg_cppConfig.cmake
[17.503s] -- Up-to-date symlink: /home/hansollee/kdta_ROS2_workspace/install/simple_pkg_cpp/share/simple_pkg_cpp/cmake/simple_pkg_cppConfig-version.cmake
[17.507s] -- Up-to-date symlink: /home/hansollee/kdta_ROS2_workspace/install/simple_pkg_cpp/share/simple_pkg_cpp/package.xml
[17.511s] Invoked command in '/home/hansollee/kdta_ROS2_workspace/build/simple_pkg_cpp' returned '0': CMAKE_PREFIX_PATH=${CMAKE_PREFIX_PATH}:/opt/ros/humble /usr/bin/cmake --install /home/hansollee/kdta_ROS2_workspace/build/simple_pkg_cpp
