[0.009s] Invoking command in '/home/hansollee/kdta_ROS2_workspace/build/move_t_sim': CMAKE_PREFIX_PATH=${CMAKE_PREFIX_PATH}:/opt/ros/humble /usr/bin/cmake --build /home/hansollee/kdta_ROS2_workspace/build/move_t_sim -- -j2 -l2
[0.073s] [ 20%] Built target moveTurtleSim
[0.100s] [ 40%] Built target moveTurtleBot
[0.132s] [ 60%] Built target moveTurtleBot2
[0.173s] [ 73%] Built target rotate_turtle
[0.199s] [ 86%] Built target canny_camera
[0.226s] [35m[1mConsolidate compiler generated dependencies of target canny_camera2[0m
[0.276s] [ 93%] [32mBuilding CXX object CMakeFiles/canny_camera2.dir/src/canny_camera2.cpp.o[0m
[16.683s] [100%] [32m[1mLinking CXX executable canny_camera2[0m
[17.475s] [100%] Built target canny_camera2
[17.504s] Invoked command in '/home/hansollee/kdta_ROS2_workspace/build/move_t_sim' returned '0': CMAKE_PREFIX_PATH=${CMAKE_PREFIX_PATH}:/opt/ros/humble /usr/bin/cmake --build /home/hansollee/kdta_ROS2_workspace/build/move_t_sim -- -j2 -l2
[17.559s] Invoking command in '/home/hansollee/kdta_ROS2_workspace/build/move_t_sim': CMAKE_PREFIX_PATH=${CMAKE_PREFIX_PATH}:/opt/ros/humble /usr/bin/cmake --install /home/hansollee/kdta_ROS2_workspace/build/move_t_sim
[17.577s] -- Install configuration: ""
[17.579s] -- Execute custom install script
[17.579s] -- Up-to-date symlink: /home/hansollee/kdta_ROS2_workspace/install/move_t_sim/lib/move_t_sim/moveTurtleSim
[17.579s] -- Up-to-date symlink: /home/hansollee/kdta_ROS2_workspace/install/move_t_sim/lib/move_t_sim/moveTurtleBot
[17.579s] -- Up-to-date symlink: /home/hansollee/kdta_ROS2_workspace/install/move_t_sim/lib/move_t_sim/moveTurtleBot2
[17.579s] -- Up-to-date symlink: /home/hansollee/kdta_ROS2_workspace/install/move_t_sim/lib/move_t_sim/rotate_turtle
[17.579s] -- Up-to-date symlink: /home/hansollee/kdta_ROS2_workspace/install/move_t_sim/lib/move_t_sim/canny_camera
[17.581s] -- Up-to-date symlink: /home/hansollee/kdta_ROS2_workspace/install/move_t_sim/lib/move_t_sim/canny_camera2
[17.581s] -- Up-to-date symlink: /home/hansollee/kdta_ROS2_workspace/install/move_t_sim/share/ament_index/resource_index/package_run_dependencies/move_t_sim
[17.581s] -- Up-to-date symlink: /home/hansollee/kdta_ROS2_workspace/install/move_t_sim/share/ament_index/resource_index/parent_prefix_path/move_t_sim
[17.582s] -- Up-to-date symlink: /home/hansollee/kdta_ROS2_workspace/install/move_t_sim/share/move_t_sim/environment/ament_prefix_path.sh
[17.586s] -- Up-to-date symlink: /home/hansollee/kdta_ROS2_workspace/install/move_t_sim/share/move_t_sim/environment/ament_prefix_path.dsv
[17.586s] -- Up-to-date symlink: /home/hansollee/kdta_ROS2_workspace/install/move_t_sim/share/move_t_sim/environment/path.sh
[17.586s] -- Up-to-date symlink: /home/hansollee/kdta_ROS2_workspace/install/move_t_sim/share/move_t_sim/environment/path.dsv
[17.586s] -- Up-to-date symlink: /home/hansollee/kdta_ROS2_workspace/install/move_t_sim/share/move_t_sim/local_setup.bash
[17.586s] -- Up-to-date symlink: /home/hansollee/kdta_ROS2_workspace/install/move_t_sim/share/move_t_sim/local_setup.sh
[17.586s] -- Up-to-date symlink: /home/hansollee/kdta_ROS2_workspace/install/move_t_sim/share/move_t_sim/local_setup.zsh
[17.586s] -- Up-to-date symlink: /home/hansollee/kdta_ROS2_workspace/install/move_t_sim/share/move_t_sim/local_setup.dsv
[17.586s] -- Symlinking: /home/hansollee/kdta_ROS2_workspace/install/move_t_sim/share/move_t_sim/package.dsv
[17.603s] -- Up-to-date symlink: /home/hansollee/kdta_ROS2_workspace/install/move_t_sim/share/ament_index/resource_index/packages/move_t_sim
[17.605s] -- Up-to-date symlink: /home/hansollee/kdta_ROS2_workspace/install/move_t_sim/share/move_t_sim/cmake/move_t_simConfig.cmake
[17.606s] -- Up-to-date symlink: /home/hansollee/kdta_ROS2_workspace/install/move_t_sim/share/move_t_sim/cmake/move_t_simConfig-version.cmake
[17.607s] -- Up-to-date symlink: /home/hansollee/kdta_ROS2_workspace/install/move_t_sim/share/move_t_sim/package.xml
[17.613s] Invoked command in '/home/hansollee/kdta_ROS2_workspace/build/move_t_sim' returned '0': CMAKE_PREFIX_PATH=${CMAKE_PREFIX_PATH}:/opt/ros/humble /usr/bin/cmake --install /home/hansollee/kdta_ROS2_workspace/build/move_t_sim
