[0.022s] Invoking command in '/home/hansollee/kdta_ROS2_workspace/build/arithmetic': CMAKE_PREFIX_PATH=/home/hansollee/kdta_ROS2_workspace/install/interface_example:/home/hansollee/kdta_ROS2_workspace/install/turtlebot3_simulations:/home/hansollee/kdta_ROS2_workspace/install/turtlebot3_gazebo:/home/hansollee/kdta_ROS2_workspace/install/turtlebot3_fake_node:/home/hansollee/kdta_ROS2_workspace/install/simple_pkg_cpp:/home/hansollee/kdta_ROS2_workspace/install/msg:/home/hansollee/kdta_ROS2_workspace/install/move_t_sim:/home/hansollee/kdta_ROS2_workspace/install/arithmetic:/opt/ros/humble LD_LIBRARY_PATH=/home/hansollee/kdta_ROS2_workspace/install/interface_example/lib:/usr/lib/x86_64-linux-gnu/gazebo-11/plugins:/opt/ros/humble/opt/rviz_ogre_vendor/lib:/opt/ros/humble/lib/x86_64-linux-gnu:/opt/ros/humble/lib:/usr/lib/x86_64-linux-gnu/gazebo-11/plugins /usr/bin/cmake --build /home/hansollee/kdta_ROS2_workspace/build/arithmetic -- -j2 -l2
[0.065s] -- Found ament_cmake: 1.3.10 (/opt/ros/humble/share/ament_cmake/cmake)
[0.174s] -- Override CMake install command with custom implementation using symlinks instead of copying resources
[0.178s] -- Found rclcpp: 16.0.10 (/opt/ros/humble/share/rclcpp/cmake)
[0.199s] -- Found rosidl_generator_c: 3.1.5 (/opt/ros/humble/share/rosidl_generator_c/cmake)
[0.202s] -- Found rosidl_adapter: 3.1.5 (/opt/ros/humble/share/rosidl_adapter/cmake)
[0.207s] -- Found rosidl_generator_cpp: 3.1.5 (/opt/ros/humble/share/rosidl_generator_cpp/cmake)
[0.218s] -- Using all available rosidl_typesupport_c: rosidl_typesupport_fastrtps_c;rosidl_typesupport_introspection_c
[0.230s] -- Using all available rosidl_typesupport_cpp: rosidl_typesupport_fastrtps_cpp;rosidl_typesupport_introspection_cpp
[0.262s] -- Found rmw_implementation_cmake: 6.1.2 (/opt/ros/humble/share/rmw_implementation_cmake/cmake)
[0.263s] -- Found rmw_fastrtps_cpp: 6.2.7 (/opt/ros/humble/share/rmw_fastrtps_cpp/cmake)
[0.354s] -- Using RMW implementation 'rmw_fastrtps_cpp' as default
[0.400s] -- Found interface_example: 0.0.0 (/home/hansollee/kdta_ROS2_workspace/install/interface_example/share/interface_example/cmake)
[0.426s] -- Found rclcpp_action: 16.0.10 (/opt/ros/humble/share/rclcpp_action/cmake)
[0.435s] -- Found ament_lint_auto: 0.12.11 (/opt/ros/humble/share/ament_lint_auto/cmake)
[0.493s] -- Added test 'cppcheck' to perform static code analysis on C / C++ code
[0.494s] -- Configured cppcheck include dirs: /home/hansollee/kdta_ROS2_workspace/src/arithmetic/include
[0.494s] -- Configured cppcheck exclude dirs and/or files: 
[0.494s] -- Added test 'flake8' to check Python code syntax and style conventions
[0.494s] -- Added test 'lint_cmake' to check CMake code style
[0.495s] -- Added test 'pep257' to check Python code against some of the docstring style conventions in PEP 257
[0.495s] -- Added test 'uncrustify' to check C / C++ code style
[0.495s] -- Configured uncrustify additional arguments: 
[0.496s] -- Added test 'xmllint' to check XML markup files
[0.503s] -- Configuring done
[0.527s] -- Generating done
[0.533s] -- Build files have been written to: /home/hansollee/kdta_ROS2_workspace/build/arithmetic
[0.567s] [35m[1mConsolidate compiler generated dependencies of target argument[0m
[0.599s] [35m[1mConsolidate compiler generated dependencies of target calculator[0m
[0.614s] [ 20%] Built target argument
[0.622s] [ 50%] Built target calculator
[0.631s] [35m[1mConsolidate compiler generated dependencies of target operator[0m
[0.652s] [35m[1mConsolidate compiler generated dependencies of target checker[0m
[0.653s] [ 70%] Built target operator
[0.676s] [100%] Built target checker
[0.694s] Invoked command in '/home/hansollee/kdta_ROS2_workspace/build/arithmetic' returned '0': CMAKE_PREFIX_PATH=/home/hansollee/kdta_ROS2_workspace/install/interface_example:/home/hansollee/kdta_ROS2_workspace/install/turtlebot3_simulations:/home/hansollee/kdta_ROS2_workspace/install/turtlebot3_gazebo:/home/hansollee/kdta_ROS2_workspace/install/turtlebot3_fake_node:/home/hansollee/kdta_ROS2_workspace/install/simple_pkg_cpp:/home/hansollee/kdta_ROS2_workspace/install/msg:/home/hansollee/kdta_ROS2_workspace/install/move_t_sim:/home/hansollee/kdta_ROS2_workspace/install/arithmetic:/opt/ros/humble LD_LIBRARY_PATH=/home/hansollee/kdta_ROS2_workspace/install/interface_example/lib:/usr/lib/x86_64-linux-gnu/gazebo-11/plugins:/opt/ros/humble/opt/rviz_ogre_vendor/lib:/opt/ros/humble/lib/x86_64-linux-gnu:/opt/ros/humble/lib:/usr/lib/x86_64-linux-gnu/gazebo-11/plugins /usr/bin/cmake --build /home/hansollee/kdta_ROS2_workspace/build/arithmetic -- -j2 -l2
[0.734s] Invoking command in '/home/hansollee/kdta_ROS2_workspace/build/arithmetic': CMAKE_PREFIX_PATH=/home/hansollee/kdta_ROS2_workspace/install/interface_example:/home/hansollee/kdta_ROS2_workspace/install/turtlebot3_simulations:/home/hansollee/kdta_ROS2_workspace/install/turtlebot3_gazebo:/home/hansollee/kdta_ROS2_workspace/install/turtlebot3_fake_node:/home/hansollee/kdta_ROS2_workspace/install/simple_pkg_cpp:/home/hansollee/kdta_ROS2_workspace/install/msg:/home/hansollee/kdta_ROS2_workspace/install/move_t_sim:/home/hansollee/kdta_ROS2_workspace/install/arithmetic:/opt/ros/humble LD_LIBRARY_PATH=/home/hansollee/kdta_ROS2_workspace/install/interface_example/lib:/usr/lib/x86_64-linux-gnu/gazebo-11/plugins:/opt/ros/humble/opt/rviz_ogre_vendor/lib:/opt/ros/humble/lib/x86_64-linux-gnu:/opt/ros/humble/lib:/usr/lib/x86_64-linux-gnu/gazebo-11/plugins /usr/bin/cmake --install /home/hansollee/kdta_ROS2_workspace/build/arithmetic
[0.741s] -- Install configuration: ""
[0.741s] -- Execute custom install script
[0.742s] -- Up-to-date symlink: /home/hansollee/kdta_ROS2_workspace/install/arithmetic/lib/arithmetic/calculator
[0.742s] -- Up-to-date symlink: /home/hansollee/kdta_ROS2_workspace/install/arithmetic/lib/arithmetic/argument
[0.743s] -- Up-to-date symlink: /home/hansollee/kdta_ROS2_workspace/install/arithmetic/lib/arithmetic/operator
[0.743s] -- Up-to-date symlink: /home/hansollee/kdta_ROS2_workspace/install/arithmetic/lib/arithmetic/checker
[0.743s] -- Up-to-date symlink: /home/hansollee/kdta_ROS2_workspace/install/arithmetic/share/arithmetic/launch/arithmetic.launch.py
[0.744s] -- Up-to-date symlink: /home/hansollee/kdta_ROS2_workspace/install/arithmetic/share/arithmetic/param/arithmetic.yaml
[0.744s] -- Up-to-date symlink: /home/hansollee/kdta_ROS2_workspace/install/arithmetic/share/ament_index/resource_index/package_run_dependencies/arithmetic
[0.744s] -- Up-to-date symlink: /home/hansollee/kdta_ROS2_workspace/install/arithmetic/share/ament_index/resource_index/parent_prefix_path/arithmetic
[0.744s] -- Up-to-date symlink: /home/hansollee/kdta_ROS2_workspace/install/arithmetic/share/arithmetic/environment/ament_prefix_path.sh
[0.745s] -- Up-to-date symlink: /home/hansollee/kdta_ROS2_workspace/install/arithmetic/share/arithmetic/environment/ament_prefix_path.dsv
[0.745s] -- Up-to-date symlink: /home/hansollee/kdta_ROS2_workspace/install/arithmetic/share/arithmetic/environment/path.sh
[0.745s] -- Up-to-date symlink: /home/hansollee/kdta_ROS2_workspace/install/arithmetic/share/arithmetic/environment/path.dsv
[0.745s] -- Up-to-date symlink: /home/hansollee/kdta_ROS2_workspace/install/arithmetic/share/arithmetic/local_setup.bash
[0.746s] -- Up-to-date symlink: /home/hansollee/kdta_ROS2_workspace/install/arithmetic/share/arithmetic/local_setup.sh
[0.746s] -- Up-to-date symlink: /home/hansollee/kdta_ROS2_workspace/install/arithmetic/share/arithmetic/local_setup.zsh
[0.746s] -- Up-to-date symlink: /home/hansollee/kdta_ROS2_workspace/install/arithmetic/share/arithmetic/local_setup.dsv
[0.746s] -- Symlinking: /home/hansollee/kdta_ROS2_workspace/install/arithmetic/share/arithmetic/package.dsv
[0.756s] -- Up-to-date symlink: /home/hansollee/kdta_ROS2_workspace/install/arithmetic/share/ament_index/resource_index/packages/arithmetic
[0.758s] -- Up-to-date symlink: /home/hansollee/kdta_ROS2_workspace/install/arithmetic/share/arithmetic/cmake/arithmeticConfig.cmake
[0.759s] -- Up-to-date symlink: /home/hansollee/kdta_ROS2_workspace/install/arithmetic/share/arithmetic/cmake/arithmeticConfig-version.cmake
[0.770s] -- Up-to-date symlink: /home/hansollee/kdta_ROS2_workspace/install/arithmetic/share/arithmetic/package.xml
[0.780s] Invoked command in '/home/hansollee/kdta_ROS2_workspace/build/arithmetic' returned '0': CMAKE_PREFIX_PATH=/home/hansollee/kdta_ROS2_workspace/install/interface_example:/home/hansollee/kdta_ROS2_workspace/install/turtlebot3_simulations:/home/hansollee/kdta_ROS2_workspace/install/turtlebot3_gazebo:/home/hansollee/kdta_ROS2_workspace/install/turtlebot3_fake_node:/home/hansollee/kdta_ROS2_workspace/install/simple_pkg_cpp:/home/hansollee/kdta_ROS2_workspace/install/msg:/home/hansollee/kdta_ROS2_workspace/install/move_t_sim:/home/hansollee/kdta_ROS2_workspace/install/arithmetic:/opt/ros/humble LD_LIBRARY_PATH=/home/hansollee/kdta_ROS2_workspace/install/interface_example/lib:/usr/lib/x86_64-linux-gnu/gazebo-11/plugins:/opt/ros/humble/opt/rviz_ogre_vendor/lib:/opt/ros/humble/lib/x86_64-linux-gnu:/opt/ros/humble/lib:/usr/lib/x86_64-linux-gnu/gazebo-11/plugins /usr/bin/cmake --install /home/hansollee/kdta_ROS2_workspace/build/arithmetic
