-- Found ament_cmake: 1.3.10 (/opt/ros/humble/share/ament_cmake/cmake)
-- Override CMake install command with custom implementation using symlinks instead of copying resources
-- Found rclcpp: 16.0.10 (/opt/ros/humble/share/rclcpp/cmake)
-- Found rosidl_generator_c: 3.1.5 (/opt/ros/humble/share/rosidl_generator_c/cmake)
-- Found rosidl_adapter: 3.1.5 (/opt/ros/humble/share/rosidl_adapter/cmake)
-- Found rosidl_generator_cpp: 3.1.5 (/opt/ros/humble/share/rosidl_generator_cpp/cmake)
-- Using all available rosidl_typesupport_c: rosidl_typesupport_fastrtps_c;rosidl_typesupport_introspection_c
-- Using all available rosidl_typesupport_cpp: rosidl_typesupport_fastrtps_cpp;rosidl_typesupport_introspection_cpp
-- Found rmw_implementation_cmake: 6.1.2 (/opt/ros/humble/share/rmw_implementation_cmake/cmake)
-- Found rmw_fastrtps_cpp: 6.2.7 (/opt/ros/humble/share/rmw_fastrtps_cpp/cmake)
-- Using RMW implementation 'rmw_fastrtps_cpp' as default
-- Found interface_example: 0.0.0 (/home/hansollee/kdta_ROS2_workspace/install/interface_example/share/interface_example/cmake)
-- Found rclcpp_action: 16.0.10 (/opt/ros/humble/share/rclcpp_action/cmake)
-- Found ament_lint_auto: 0.12.11 (/opt/ros/humble/share/ament_lint_auto/cmake)
-- Added test 'cppcheck' to perform static code analysis on C / C++ code
-- Configured cppcheck include dirs: /home/hansollee/kdta_ROS2_workspace/src/simple_pkg_cpp/include
-- Configured cppcheck exclude dirs and/or files: 
-- Added test 'flake8' to check Python code syntax and style conventions
-- Added test 'lint_cmake' to check CMake code style
-- Added test 'pep257' to check Python code against some of the docstring style conventions in PEP 257
-- Added test 'uncrustify' to check C / C++ code style
-- Configured uncrustify additional arguments: 
-- Added test 'xmllint' to check XML markup files
-- Configuring done
-- Generating done
-- Build files have been written to: /home/hansollee/kdta_ROS2_workspace/build/simple_pkg_cpp
[  3%] [32mBuilding CXX object CMakeFiles/helloword.dir/src/helloworld.cpp.o[0m
[  6%] [32mBuilding CXX object CMakeFiles/helloOpenCV.dir/src/helloOpenCV.cpp.o[0m
[  9%] [32m[1mLinking CXX executable helloword[0m
[  9%] Built target helloword
[ 12%] [32mBuilding CXX object CMakeFiles/hello_publisher.dir/src/hello_publisher.cpp.o[0m
[ 15%] [32m[1mLinking CXX executable helloOpenCV[0m
[ 15%] Built target helloOpenCV
[ 18%] [32m[1mLinking CXX executable hello_publisher[0m
[ 18%] Built target hello_publisher
[ 21%] [32mBuilding CXX object CMakeFiles/hello_publisher2.dir/src/hello_publisher2.cpp.o[0m
[ 25%] [32m[1mLinking CXX executable hello_publisher2[0m
[ 25%] Built target hello_publisher2
[ 28%] [32mBuilding CXX object CMakeFiles/hello_publisher_class.dir/src/hello_publisher_class.cpp.o[0m
[ 31%] [32m[1mLinking CXX executable hello_publisher_class[0m
[ 31%] Built target hello_publisher_class
[ 34%] [32mBuilding CXX object CMakeFiles/hello_publisher_class2.dir/src/hello_publisher_class2.cpp.o[0m
[ 37%] [32mBuilding CXX object CMakeFiles/hello_publisher_class2.dir/src/publisher.cpp.o[0m
[ 40%] [32m[1mLinking CXX executable hello_publisher_class2[0m
[ 40%] Built target hello_publisher_class2
[ 43%] [32mBuilding CXX object CMakeFiles/hello_subscriber_class.dir/src/hello_subscriber_class.cpp.o[0m
[ 46%] [32mBuilding CXX object CMakeFiles/hello_subscriber_class.dir/src/subscriber.cpp.o[0m
[ 50%] [32m[1mLinking CXX executable hello_subscriber_class[0m
[ 50%] Built target hello_subscriber_class
[ 53%] [32mBuilding CXX object CMakeFiles/time_publisher_class.dir/src/time_publisher_class.cpp.o[0m
[ 56%] [32mBuilding CXX object CMakeFiles/time_publisher_class.dir/src/time_pub.cpp.o[0m
[ 59%] [32m[1mLinking CXX executable time_publisher_class[0m
[ 59%] Built target time_publisher_class
[ 62%] [32mBuilding CXX object CMakeFiles/time_subscriber_class.dir/src/time_subscriber_class.cpp.o[0m
[ 65%] [32mBuilding CXX object CMakeFiles/time_subscriber_class.dir/src/time_sub.cpp.o[0m
[ 68%] [32m[1mLinking CXX executable time_subscriber_class[0m
[ 68%] Built target time_subscriber_class
[ 71%] [32mBuilding CXX object CMakeFiles/simple_service_server.dir/src/simple_service_server.cpp.o[0m
[ 75%] [32m[1mLinking CXX executable simple_service_server[0m
[ 75%] Built target simple_service_server
[ 78%] [32mBuilding CXX object CMakeFiles/simple_service_client.dir/src/simple_service_client.cpp.o[0m
[ 81%] [32m[1mLinking CXX executable simple_service_client[0m
[ 81%] Built target simple_service_client
[ 84%] [32mBuilding CXX object CMakeFiles/simple_service_client2.dir/src/simple_service_client2.cpp.o[0m
[ 87%] [32m[1mLinking CXX executable simple_service_client2[0m
[ 87%] Built target simple_service_client2
[ 90%] [32mBuilding CXX object CMakeFiles/simple_action_server.dir/src/simple_action_server.cpp.o[0m
[ 93%] [32m[1mLinking CXX executable simple_action_server[0m
[ 93%] Built target simple_action_server
[ 96%] [32mBuilding CXX object CMakeFiles/simple_action_client.dir/src/simple_action_client.cpp.o[0m
[100%] [32m[1mLinking CXX executable simple_action_client[0m
[100%] Built target simple_action_client
-- Install configuration: ""
-- Execute custom install script
-- Symlinking: /home/hansollee/kdta_ROS2_workspace/install/simple_pkg_cpp/lib/simple_pkg_cpp/helloword
-- Symlinking: /home/hansollee/kdta_ROS2_workspace/install/simple_pkg_cpp/lib/simple_pkg_cpp/helloOpenCV
-- Symlinking: /home/hansollee/kdta_ROS2_workspace/install/simple_pkg_cpp/lib/simple_pkg_cpp/hello_publisher
-- Symlinking: /home/hansollee/kdta_ROS2_workspace/install/simple_pkg_cpp/lib/simple_pkg_cpp/hello_publisher2
-- Symlinking: /home/hansollee/kdta_ROS2_workspace/install/simple_pkg_cpp/lib/simple_pkg_cpp/hello_publisher_class
-- Symlinking: /home/hansollee/kdta_ROS2_workspace/install/simple_pkg_cpp/lib/simple_pkg_cpp/hello_publisher_class2
-- Symlinking: /home/hansollee/kdta_ROS2_workspace/install/simple_pkg_cpp/lib/simple_pkg_cpp/hello_subscriber_class
-- Symlinking: /home/hansollee/kdta_ROS2_workspace/install/simple_pkg_cpp/lib/simple_pkg_cpp/time_publisher_class
-- Symlinking: /home/hansollee/kdta_ROS2_workspace/install/simple_pkg_cpp/lib/simple_pkg_cpp/time_subscriber_class
-- Symlinking: /home/hansollee/kdta_ROS2_workspace/install/simple_pkg_cpp/lib/simple_pkg_cpp/simple_service_server
-- Symlinking: /home/hansollee/kdta_ROS2_workspace/install/simple_pkg_cpp/lib/simple_pkg_cpp/simple_service_client
-- Symlinking: /home/hansollee/kdta_ROS2_workspace/install/simple_pkg_cpp/lib/simple_pkg_cpp/simple_service_client2
-- Symlinking: /home/hansollee/kdta_ROS2_workspace/install/simple_pkg_cpp/lib/simple_pkg_cpp/simple_action_server
-- Symlinking: /home/hansollee/kdta_ROS2_workspace/install/simple_pkg_cpp/lib/simple_pkg_cpp/simple_action_client
-- Symlinking: /home/hansollee/kdta_ROS2_workspace/install/simple_pkg_cpp/share/simple_pkg_cpp/launch/action.launch.py
-- Symlinking: /home/hansollee/kdta_ROS2_workspace/install/simple_pkg_cpp/share/simple_pkg_cpp/launch/service.launch.py
-- Symlinking: /home/hansollee/kdta_ROS2_workspace/install/simple_pkg_cpp/share/simple_pkg_cpp/param/service.yaml
-- Symlinking: /home/hansollee/kdta_ROS2_workspace/install/simple_pkg_cpp/share/ament_index/resource_index/package_run_dependencies/simple_pkg_cpp
-- Symlinking: /home/hansollee/kdta_ROS2_workspace/install/simple_pkg_cpp/share/ament_index/resource_index/parent_prefix_path/simple_pkg_cpp
-- Symlinking: /home/hansollee/kdta_ROS2_workspace/install/simple_pkg_cpp/share/simple_pkg_cpp/environment/ament_prefix_path.sh
-- Symlinking: /home/hansollee/kdta_ROS2_workspace/install/simple_pkg_cpp/share/simple_pkg_cpp/environment/ament_prefix_path.dsv
-- Symlinking: /home/hansollee/kdta_ROS2_workspace/install/simple_pkg_cpp/share/simple_pkg_cpp/environment/path.sh
-- Symlinking: /home/hansollee/kdta_ROS2_workspace/install/simple_pkg_cpp/share/simple_pkg_cpp/environment/path.dsv
-- Symlinking: /home/hansollee/kdta_ROS2_workspace/install/simple_pkg_cpp/share/simple_pkg_cpp/local_setup.bash
-- Symlinking: /home/hansollee/kdta_ROS2_workspace/install/simple_pkg_cpp/share/simple_pkg_cpp/local_setup.sh
-- Symlinking: /home/hansollee/kdta_ROS2_workspace/install/simple_pkg_cpp/share/simple_pkg_cpp/local_setup.zsh
-- Symlinking: /home/hansollee/kdta_ROS2_workspace/install/simple_pkg_cpp/share/simple_pkg_cpp/local_setup.dsv
-- Symlinking: /home/hansollee/kdta_ROS2_workspace/install/simple_pkg_cpp/share/simple_pkg_cpp/package.dsv
-- Symlinking: /home/hansollee/kdta_ROS2_workspace/install/simple_pkg_cpp/share/ament_index/resource_index/packages/simple_pkg_cpp
-- Symlinking: /home/hansollee/kdta_ROS2_workspace/install/simple_pkg_cpp/share/simple_pkg_cpp/cmake/simple_pkg_cppConfig.cmake
-- Symlinking: /home/hansollee/kdta_ROS2_workspace/install/simple_pkg_cpp/share/simple_pkg_cpp/cmake/simple_pkg_cppConfig-version.cmake
-- Symlinking: /home/hansollee/kdta_ROS2_workspace/install/simple_pkg_cpp/share/simple_pkg_cpp/package.xml
