[0.092s] Invoking command in '/home/hansollee/kdta_ROS2_workspace/build/turtlebot3_fake_node': CMAKE_PREFIX_PATH=${CMAKE_PREFIX_PATH}:/opt/ros/humble /usr/bin/cmake --build /home/hansollee/kdta_ROS2_workspace/build/turtlebot3_fake_node -- -j4 -l4
[0.661s] [100%] Built target turtlebot3_fake_node
[0.845s] Invoked command in '/home/hansollee/kdta_ROS2_workspace/build/turtlebot3_fake_node' returned '0': CMAKE_PREFIX_PATH=${CMAKE_PREFIX_PATH}:/opt/ros/humble /usr/bin/cmake --build /home/hansollee/kdta_ROS2_workspace/build/turtlebot3_fake_node -- -j4 -l4
[1.371s] Invoking command in '/home/hansollee/kdta_ROS2_workspace/build/turtlebot3_fake_node': CMAKE_PREFIX_PATH=${CMAKE_PREFIX_PATH}:/opt/ros/humble /usr/bin/cmake --install /home/hansollee/kdta_ROS2_workspace/build/turtlebot3_fake_node
[1.423s] -- Install configuration: ""
[1.425s] -- Execute custom install script
[1.435s] -- Up-to-date symlink: /home/hansollee/kdta_ROS2_workspace/install/turtlebot3_fake_node/lib/turtlebot3_fake_node/turtlebot3_fake_node
[1.435s] -- Up-to-date symlink: /home/hansollee/kdta_ROS2_workspace/install/turtlebot3_fake_node/share/turtlebot3_fake_node/launch/rviz2.launch.py
[1.435s] -- Up-to-date symlink: /home/hansollee/kdta_ROS2_workspace/install/turtlebot3_fake_node/share/turtlebot3_fake_node/launch/turtlebot3_fake_node.launch.py
[1.443s] -- Up-to-date symlink: /home/hansollee/kdta_ROS2_workspace/install/turtlebot3_fake_node/share/turtlebot3_fake_node/param/burger.yaml
[1.443s] -- Up-to-date symlink: /home/hansollee/kdta_ROS2_workspace/install/turtlebot3_fake_node/share/turtlebot3_fake_node/param/waffle.yaml
[1.443s] -- Up-to-date symlink: /home/hansollee/kdta_ROS2_workspace/install/turtlebot3_fake_node/share/turtlebot3_fake_node/param/waffle_pi.yaml
[1.444s] -- Up-to-date symlink: /home/hansollee/kdta_ROS2_workspace/install/turtlebot3_fake_node/include//turtlebot3_fake_node/turtlebot3_fake_node.hpp
[1.444s] -- Up-to-date symlink: /home/hansollee/kdta_ROS2_workspace/install/turtlebot3_fake_node/share/ament_index/resource_index/package_run_dependencies/turtlebot3_fake_node
[1.444s] -- Up-to-date symlink: /home/hansollee/kdta_ROS2_workspace/install/turtlebot3_fake_node/share/ament_index/resource_index/parent_prefix_path/turtlebot3_fake_node
[1.451s] -- Up-to-date symlink: /home/hansollee/kdta_ROS2_workspace/install/turtlebot3_fake_node/share/turtlebot3_fake_node/environment/ament_prefix_path.sh
[1.451s] -- Up-to-date symlink: /home/hansollee/kdta_ROS2_workspace/install/turtlebot3_fake_node/share/turtlebot3_fake_node/environment/ament_prefix_path.dsv
[1.451s] -- Up-to-date symlink: /home/hansollee/kdta_ROS2_workspace/install/turtlebot3_fake_node/share/turtlebot3_fake_node/environment/path.sh
[1.451s] -- Up-to-date symlink: /home/hansollee/kdta_ROS2_workspace/install/turtlebot3_fake_node/share/turtlebot3_fake_node/environment/path.dsv
[1.452s] -- Up-to-date symlink: /home/hansollee/kdta_ROS2_workspace/install/turtlebot3_fake_node/share/turtlebot3_fake_node/local_setup.bash
[1.452s] -- Up-to-date symlink: /home/hansollee/kdta_ROS2_workspace/install/turtlebot3_fake_node/share/turtlebot3_fake_node/local_setup.sh
[1.463s] -- Up-to-date symlink: /home/hansollee/kdta_ROS2_workspace/install/turtlebot3_fake_node/share/turtlebot3_fake_node/local_setup.zsh
[1.463s] -- Up-to-date symlink: /home/hansollee/kdta_ROS2_workspace/install/turtlebot3_fake_node/share/turtlebot3_fake_node/local_setup.dsv
[1.463s] -- Symlinking: /home/hansollee/kdta_ROS2_workspace/install/turtlebot3_fake_node/share/turtlebot3_fake_node/package.dsv
[1.836s] -- Up-to-date symlink: /home/hansollee/kdta_ROS2_workspace/install/turtlebot3_fake_node/share/ament_index/resource_index/packages/turtlebot3_fake_node
[1.836s] -- Up-to-date symlink: /home/hansollee/kdta_ROS2_workspace/install/turtlebot3_fake_node/share/turtlebot3_fake_node/cmake/ament_cmake_export_include_directories-extras.cmake
[1.837s] -- Up-to-date symlink: /home/hansollee/kdta_ROS2_workspace/install/turtlebot3_fake_node/share/turtlebot3_fake_node/cmake/ament_cmake_export_dependencies-extras.cmake
[1.837s] -- Up-to-date symlink: /home/hansollee/kdta_ROS2_workspace/install/turtlebot3_fake_node/share/turtlebot3_fake_node/cmake/turtlebot3_fake_nodeConfig.cmake
[1.837s] -- Up-to-date symlink: /home/hansollee/kdta_ROS2_workspace/install/turtlebot3_fake_node/share/turtlebot3_fake_node/cmake/turtlebot3_fake_nodeConfig-version.cmake
[1.838s] -- Up-to-date symlink: /home/hansollee/kdta_ROS2_workspace/install/turtlebot3_fake_node/share/turtlebot3_fake_node/package.xml
[2.116s] Invoked command in '/home/hansollee/kdta_ROS2_workspace/build/turtlebot3_fake_node' returned '0': CMAKE_PREFIX_PATH=${CMAKE_PREFIX_PATH}:/opt/ros/humble /usr/bin/cmake --install /home/hansollee/kdta_ROS2_workspace/build/turtlebot3_fake_node
