[0.012s] Invoking command in '/home/hansollee/kdta_ROS2_workspace/build/turtlebot3_fake_node': CMAKE_PREFIX_PATH=${CMAKE_PREFIX_PATH}:/opt/ros/humble /usr/bin/cmake --build /home/hansollee/kdta_ROS2_workspace/build/turtlebot3_fake_node -- -j2 -l2
[0.076s] [100%] Built target turtlebot3_fake_node
[0.094s] Invoked command in '/home/hansollee/kdta_ROS2_workspace/build/turtlebot3_fake_node' returned '0': CMAKE_PREFIX_PATH=${CMAKE_PREFIX_PATH}:/opt/ros/humble /usr/bin/cmake --build /home/hansollee/kdta_ROS2_workspace/build/turtlebot3_fake_node -- -j2 -l2
[0.144s] Invoking command in '/home/hansollee/kdta_ROS2_workspace/build/turtlebot3_fake_node': CMAKE_PREFIX_PATH=${CMAKE_PREFIX_PATH}:/opt/ros/humble /usr/bin/cmake --install /home/hansollee/kdta_ROS2_workspace/build/turtlebot3_fake_node
[0.153s] -- Install configuration: ""
[0.157s] -- Execute custom install script
[0.157s] -- Up-to-date symlink: /home/hansollee/kdta_ROS2_workspace/install/turtlebot3_fake_node/lib/turtlebot3_fake_node/turtlebot3_fake_node
[0.158s] -- Up-to-date symlink: /home/hansollee/kdta_ROS2_workspace/install/turtlebot3_fake_node/share/turtlebot3_fake_node/launch/rviz2.launch.py
[0.159s] -- Up-to-date symlink: /home/hansollee/kdta_ROS2_workspace/install/turtlebot3_fake_node/share/turtlebot3_fake_node/launch/turtlebot3_fake_node.launch.py
[0.159s] -- Up-to-date symlink: /home/hansollee/kdta_ROS2_workspace/install/turtlebot3_fake_node/share/turtlebot3_fake_node/param/burger.yaml
[0.159s] -- Up-to-date symlink: /home/hansollee/kdta_ROS2_workspace/install/turtlebot3_fake_node/share/turtlebot3_fake_node/param/waffle.yaml
[0.160s] -- Up-to-date symlink: /home/hansollee/kdta_ROS2_workspace/install/turtlebot3_fake_node/share/turtlebot3_fake_node/param/waffle_pi.yaml
[0.160s] -- Up-to-date symlink: /home/hansollee/kdta_ROS2_workspace/install/turtlebot3_fake_node/include//turtlebot3_fake_node/turtlebot3_fake_node.hpp
[0.161s] -- Up-to-date symlink: /home/hansollee/kdta_ROS2_workspace/install/turtlebot3_fake_node/share/ament_index/resource_index/package_run_dependencies/turtlebot3_fake_node
[0.161s] -- Up-to-date symlink: /home/hansollee/kdta_ROS2_workspace/install/turtlebot3_fake_node/share/ament_index/resource_index/parent_prefix_path/turtlebot3_fake_node
[0.163s] -- Up-to-date symlink: /home/hansollee/kdta_ROS2_workspace/install/turtlebot3_fake_node/share/turtlebot3_fake_node/environment/ament_prefix_path.sh
[0.163s] -- Up-to-date symlink: /home/hansollee/kdta_ROS2_workspace/install/turtlebot3_fake_node/share/turtlebot3_fake_node/environment/ament_prefix_path.dsv
[0.163s] -- Up-to-date symlink: /home/hansollee/kdta_ROS2_workspace/install/turtlebot3_fake_node/share/turtlebot3_fake_node/environment/path.sh
[0.164s] -- Up-to-date symlink: /home/hansollee/kdta_ROS2_workspace/install/turtlebot3_fake_node/share/turtlebot3_fake_node/environment/path.dsv
[0.164s] -- Up-to-date symlink: /home/hansollee/kdta_ROS2_workspace/install/turtlebot3_fake_node/share/turtlebot3_fake_node/local_setup.bash
[0.165s] -- Up-to-date symlink: /home/hansollee/kdta_ROS2_workspace/install/turtlebot3_fake_node/share/turtlebot3_fake_node/local_setup.sh
[0.165s] -- Up-to-date symlink: /home/hansollee/kdta_ROS2_workspace/install/turtlebot3_fake_node/share/turtlebot3_fake_node/local_setup.zsh
[0.166s] -- Up-to-date symlink: /home/hansollee/kdta_ROS2_workspace/install/turtlebot3_fake_node/share/turtlebot3_fake_node/local_setup.dsv
[0.168s] -- Symlinking: /home/hansollee/kdta_ROS2_workspace/install/turtlebot3_fake_node/share/turtlebot3_fake_node/package.dsv
[0.175s] -- Up-to-date symlink: /home/hansollee/kdta_ROS2_workspace/install/turtlebot3_fake_node/share/ament_index/resource_index/packages/turtlebot3_fake_node
[0.176s] -- Up-to-date symlink: /home/hansollee/kdta_ROS2_workspace/install/turtlebot3_fake_node/share/turtlebot3_fake_node/cmake/ament_cmake_export_include_directories-extras.cmake
[0.176s] -- Up-to-date symlink: /home/hansollee/kdta_ROS2_workspace/install/turtlebot3_fake_node/share/turtlebot3_fake_node/cmake/ament_cmake_export_dependencies-extras.cmake
[0.177s] -- Up-to-date symlink: /home/hansollee/kdta_ROS2_workspace/install/turtlebot3_fake_node/share/turtlebot3_fake_node/cmake/turtlebot3_fake_nodeConfig.cmake
[0.177s] -- Up-to-date symlink: /home/hansollee/kdta_ROS2_workspace/install/turtlebot3_fake_node/share/turtlebot3_fake_node/cmake/turtlebot3_fake_nodeConfig-version.cmake
[0.178s] -- Up-to-date symlink: /home/hansollee/kdta_ROS2_workspace/install/turtlebot3_fake_node/share/turtlebot3_fake_node/package.xml
[0.181s] Invoked command in '/home/hansollee/kdta_ROS2_workspace/build/turtlebot3_fake_node' returned '0': CMAKE_PREFIX_PATH=${CMAKE_PREFIX_PATH}:/opt/ros/humble /usr/bin/cmake --install /home/hansollee/kdta_ROS2_workspace/build/turtlebot3_fake_node
