[0.078s] Invoking command in '/home/hansollee/kdta_ROS2_workspace/build/move_t_sim': CMAKE_PREFIX_PATH=${CMAKE_PREFIX_PATH}:/opt/ros/humble /usr/bin/cmake --build /home/hansollee/kdta_ROS2_workspace/build/move_t_sim -- -j4 -l4
[0.351s] [ 25%] Built target moveTurtleSim
[0.363s] [ 50%] Built target moveTurtleSim2
[0.387s] [ 75%] Built target moveTurtleBot
[0.422s] [100%] Built target moveTurtleBot2
[0.535s] Invoked command in '/home/hansollee/kdta_ROS2_workspace/build/move_t_sim' returned '0': CMAKE_PREFIX_PATH=${CMAKE_PREFIX_PATH}:/opt/ros/humble /usr/bin/cmake --build /home/hansollee/kdta_ROS2_workspace/build/move_t_sim -- -j4 -l4
[1.217s] Invoking command in '/home/hansollee/kdta_ROS2_workspace/build/move_t_sim': CMAKE_PREFIX_PATH=${CMAKE_PREFIX_PATH}:/opt/ros/humble /usr/bin/cmake --install /home/hansollee/kdta_ROS2_workspace/build/move_t_sim
[1.254s] -- Install configuration: ""
[1.267s] -- Execute custom install script
[1.269s] -- Up-to-date symlink: /home/hansollee/kdta_ROS2_workspace/install/move_t_sim/lib/move_t_sim/moveTurtleSim
[1.274s] -- Up-to-date symlink: /home/hansollee/kdta_ROS2_workspace/install/move_t_sim/lib/move_t_sim/moveTurtleSim2
[1.285s] -- Up-to-date symlink: /home/hansollee/kdta_ROS2_workspace/install/move_t_sim/lib/move_t_sim/moveTurtleBot
[1.287s] -- Up-to-date symlink: /home/hansollee/kdta_ROS2_workspace/install/move_t_sim/lib/move_t_sim/moveTurtleBot2
[1.288s] -- Up-to-date symlink: /home/hansollee/kdta_ROS2_workspace/install/move_t_sim/share/ament_index/resource_index/package_run_dependencies/move_t_sim
[1.289s] -- Up-to-date symlink: /home/hansollee/kdta_ROS2_workspace/install/move_t_sim/share/ament_index/resource_index/parent_prefix_path/move_t_sim
[1.296s] -- Up-to-date symlink: /home/hansollee/kdta_ROS2_workspace/install/move_t_sim/share/move_t_sim/environment/ament_prefix_path.sh
[1.298s] -- Up-to-date symlink: /home/hansollee/kdta_ROS2_workspace/install/move_t_sim/share/move_t_sim/environment/ament_prefix_path.dsv
[1.301s] -- Up-to-date symlink: /home/hansollee/kdta_ROS2_workspace/install/move_t_sim/share/move_t_sim/environment/path.sh
[1.308s] -- Up-to-date symlink: /home/hansollee/kdta_ROS2_workspace/install/move_t_sim/share/move_t_sim/environment/path.dsv
[1.319s] -- Up-to-date symlink: /home/hansollee/kdta_ROS2_workspace/install/move_t_sim/share/move_t_sim/local_setup.bash
[1.320s] -- Up-to-date symlink: /home/hansollee/kdta_ROS2_workspace/install/move_t_sim/share/move_t_sim/local_setup.sh
[1.320s] -- Up-to-date symlink: /home/hansollee/kdta_ROS2_workspace/install/move_t_sim/share/move_t_sim/local_setup.zsh
[1.321s] -- Up-to-date symlink: /home/hansollee/kdta_ROS2_workspace/install/move_t_sim/share/move_t_sim/local_setup.dsv
[1.321s] -- Symlinking: /home/hansollee/kdta_ROS2_workspace/install/move_t_sim/share/move_t_sim/package.dsv
[1.388s] -- Up-to-date symlink: /home/hansollee/kdta_ROS2_workspace/install/move_t_sim/share/ament_index/resource_index/packages/move_t_sim
[1.389s] -- Up-to-date symlink: /home/hansollee/kdta_ROS2_workspace/install/move_t_sim/share/move_t_sim/cmake/move_t_simConfig.cmake
[1.390s] -- Up-to-date symlink: /home/hansollee/kdta_ROS2_workspace/install/move_t_sim/share/move_t_sim/cmake/move_t_simConfig-version.cmake
[1.399s] -- Up-to-date symlink: /home/hansollee/kdta_ROS2_workspace/install/move_t_sim/share/move_t_sim/package.xml
[1.438s] Invoked command in '/home/hansollee/kdta_ROS2_workspace/build/move_t_sim' returned '0': CMAKE_PREFIX_PATH=${CMAKE_PREFIX_PATH}:/opt/ros/humble /usr/bin/cmake --install /home/hansollee/kdta_ROS2_workspace/build/move_t_sim
