[0.046s] Invoking command in '/home/hansollee/kdta_ROS2_workspace/build/simple_pkg_cpp': CMAKE_PREFIX_PATH=${CMAKE_PREFIX_PATH}:/opt/ros/humble /usr/bin/cmake --build /home/hansollee/kdta_ROS2_workspace/build/simple_pkg_cpp -- -j4 -l4
[0.185s] -- Found ament_cmake: 1.3.9 (/opt/ros/humble/share/ament_cmake/cmake)
[0.721s] -- Override CMake install command with custom implementation using symlinks instead of copying resources
[0.803s] -- Found rclcpp: 16.0.9 (/opt/ros/humble/share/rclcpp/cmake)
[0.957s] -- Found rosidl_generator_c: 3.1.5 (/opt/ros/humble/share/rosidl_generator_c/cmake)
[0.971s] -- Found rosidl_adapter: 3.1.5 (/opt/ros/humble/share/rosidl_adapter/cmake)
[1.002s] -- Found rosidl_generator_cpp: 3.1.5 (/opt/ros/humble/share/rosidl_generator_cpp/cmake)
[1.092s] -- Using all available rosidl_typesupport_c: rosidl_typesupport_fastrtps_c;rosidl_typesupport_introspection_c
[1.165s] -- Using all available rosidl_typesupport_cpp: rosidl_typesupport_fastrtps_cpp;rosidl_typesupport_introspection_cpp
[1.379s] -- Found rmw_implementation_cmake: 6.1.2 (/opt/ros/humble/share/rmw_implementation_cmake/cmake)
[1.386s] -- Found rmw_fastrtps_cpp: 6.2.6 (/opt/ros/humble/share/rmw_fastrtps_cpp/cmake)
[1.765s] -- Using RMW implementation 'rmw_fastrtps_cpp' as default
[2.269s] -- Found ament_lint_auto: 0.12.11 (/opt/ros/humble/share/ament_lint_auto/cmake)
[2.545s] -- Added test 'cppcheck' to perform static code analysis on C / C++ code
[2.550s] -- Configured cppcheck include dirs: 
[2.550s] -- Configured cppcheck exclude dirs and/or files: 
[2.570s] -- Added test 'lint_cmake' to check CMake code style
[2.584s] -- Added test 'uncrustify' to check C / C++ code style
[2.584s] -- Configured uncrustify additional arguments: 
[2.588s] -- Added test 'xmllint' to check XML markup files
[2.592s] -- Configuring done
[2.666s] -- Generating done
[2.675s] -- Build files have been written to: /home/hansollee/kdta_ROS2_workspace/build/simple_pkg_cpp
[2.756s] [35m[1mConsolidate compiler generated dependencies of target helloworld[0m
[2.760s] [35m[1mConsolidate compiler generated dependencies of target hello_publisher[0m
[2.777s] [35m[1mConsolidate compiler generated dependencies of target helloOpenCV[0m
[2.806s] [ 20%] Built target helloworld
[2.816s] [35m[1mConsolidate compiler generated dependencies of target hello_publisher2[0m
[2.839s] [ 40%] Built target helloOpenCV
[2.893s] [ 60%] Built target hello_publisher2
[2.906s] [ 80%] Built target hello_publisher
[2.930s] [ 90%] [32mBuilding CXX object CMakeFiles/hello_publisher_class.dir/src/hello_publisher_class.cpp.o[0m
[18.729s] [100%] [32m[1mLinking CXX executable hello_publisher_class[0m
[19.475s] [100%] Built target hello_publisher_class
[19.508s] Invoked command in '/home/hansollee/kdta_ROS2_workspace/build/simple_pkg_cpp' returned '0': CMAKE_PREFIX_PATH=${CMAKE_PREFIX_PATH}:/opt/ros/humble /usr/bin/cmake --build /home/hansollee/kdta_ROS2_workspace/build/simple_pkg_cpp -- -j4 -l4
[19.669s] Invoking command in '/home/hansollee/kdta_ROS2_workspace/build/simple_pkg_cpp': CMAKE_PREFIX_PATH=${CMAKE_PREFIX_PATH}:/opt/ros/humble /usr/bin/cmake --install /home/hansollee/kdta_ROS2_workspace/build/simple_pkg_cpp
[19.690s] -- Install configuration: ""
[19.691s] -- Execute custom install script
[19.694s] -- Up-to-date symlink: /home/hansollee/kdta_ROS2_workspace/install/simple_pkg_cpp/lib/simple_pkg_cpp/helloworld
[19.695s] -- Up-to-date symlink: /home/hansollee/kdta_ROS2_workspace/install/simple_pkg_cpp/lib/simple_pkg_cpp/helloOpenCV
[19.695s] -- Up-to-date symlink: /home/hansollee/kdta_ROS2_workspace/install/simple_pkg_cpp/lib/simple_pkg_cpp/hello_publisher
[19.696s] -- Up-to-date symlink: /home/hansollee/kdta_ROS2_workspace/install/simple_pkg_cpp/lib/simple_pkg_cpp/hello_publisher2
[19.696s] -- Symlinking: /home/hansollee/kdta_ROS2_workspace/install/simple_pkg_cpp/lib/simple_pkg_cpp/hello_publisher_class
[19.728s] -- Up-to-date symlink: /home/hansollee/kdta_ROS2_workspace/install/simple_pkg_cpp/share/ament_index/resource_index/package_run_dependencies/simple_pkg_cpp
[19.728s] -- Up-to-date symlink: /home/hansollee/kdta_ROS2_workspace/install/simple_pkg_cpp/share/ament_index/resource_index/parent_prefix_path/simple_pkg_cpp
[19.732s] -- Up-to-date symlink: /home/hansollee/kdta_ROS2_workspace/install/simple_pkg_cpp/share/simple_pkg_cpp/environment/ament_prefix_path.sh
[19.734s] -- Up-to-date symlink: /home/hansollee/kdta_ROS2_workspace/install/simple_pkg_cpp/share/simple_pkg_cpp/environment/ament_prefix_path.dsv
[19.734s] -- Up-to-date symlink: /home/hansollee/kdta_ROS2_workspace/install/simple_pkg_cpp/share/simple_pkg_cpp/environment/path.sh
[19.737s] -- Up-to-date symlink: /home/hansollee/kdta_ROS2_workspace/install/simple_pkg_cpp/share/simple_pkg_cpp/environment/path.dsv
[19.737s] -- Up-to-date symlink: /home/hansollee/kdta_ROS2_workspace/install/simple_pkg_cpp/share/simple_pkg_cpp/local_setup.bash
[19.737s] -- Up-to-date symlink: /home/hansollee/kdta_ROS2_workspace/install/simple_pkg_cpp/share/simple_pkg_cpp/local_setup.sh
[19.738s] -- Up-to-date symlink: /home/hansollee/kdta_ROS2_workspace/install/simple_pkg_cpp/share/simple_pkg_cpp/local_setup.zsh
[19.749s] -- Up-to-date symlink: /home/hansollee/kdta_ROS2_workspace/install/simple_pkg_cpp/share/simple_pkg_cpp/local_setup.dsv
[19.749s] -- Symlinking: /home/hansollee/kdta_ROS2_workspace/install/simple_pkg_cpp/share/simple_pkg_cpp/package.dsv
[19.765s] -- Up-to-date symlink: /home/hansollee/kdta_ROS2_workspace/install/simple_pkg_cpp/share/ament_index/resource_index/packages/simple_pkg_cpp
[19.765s] -- Up-to-date symlink: /home/hansollee/kdta_ROS2_workspace/install/simple_pkg_cpp/share/simple_pkg_cpp/cmake/simple_pkg_cppConfig.cmake
[19.765s] -- Up-to-date symlink: /home/hansollee/kdta_ROS2_workspace/install/simple_pkg_cpp/share/simple_pkg_cpp/cmake/simple_pkg_cppConfig-version.cmake
[19.768s] -- Up-to-date symlink: /home/hansollee/kdta_ROS2_workspace/install/simple_pkg_cpp/share/simple_pkg_cpp/package.xml
[19.772s] Invoked command in '/home/hansollee/kdta_ROS2_workspace/build/simple_pkg_cpp' returned '0': CMAKE_PREFIX_PATH=${CMAKE_PREFIX_PATH}:/opt/ros/humble /usr/bin/cmake --install /home/hansollee/kdta_ROS2_workspace/build/simple_pkg_cpp
