[0.400s] DEBUG:colcon:Command line arguments: ['/usr/bin/colcon', 'build', '--symlink-install']
[0.400s] DEBUG:colcon:Parsed command line arguments: Namespace(log_base=None, log_level=None, verb_name='build', build_base='build', install_base='install', merge_install=False, symlink_install=True, test_result_base=None, continue_on_error=False, executor='parallel', parallel_workers=4, event_handlers=None, ignore_user_meta=False, metas=['./colcon.meta'], base_paths=['.'], packages_ignore=None, packages_ignore_regex=None, paths=None, packages_up_to=None, packages_up_to_regex=None, packages_above=None, packages_above_and_dependencies=None, packages_above_depth=None, packages_select_by_dep=None, packages_skip_by_dep=None, packages_skip_up_to=None, packages_select_build_failed=False, packages_skip_build_finished=False, packages_select_test_failures=False, packages_skip_test_passed=False, packages_select=None, packages_skip=None, packages_select_regex=None, packages_skip_regex=None, packages_start=None, packages_end=None, allow_overriding=[], cmake_args=None, cmake_target=None, cmake_target_skip_unavailable=False, cmake_clean_cache=False, cmake_clean_first=False, cmake_force_configure=False, ament_cmake_args=None, catkin_cmake_args=None, catkin_skip_building_tests=False, mixin_files=None, mixin=None, verb_parser=<colcon_mixin.mixin.mixin_argument.MixinArgumentDecorator object at 0x714cf7435ba0>, verb_extension=<colcon_core.verb.build.BuildVerb object at 0x714cf7435570>, main=<bound method BuildVerb.main of <colcon_core.verb.build.BuildVerb object at 0x714cf7435570>>, mixin_verb=('build',))
[0.845s] Level 1:colcon.colcon_core.package_discovery:discover_packages(colcon_meta) check parameters
[0.845s] Level 1:colcon.colcon_core.package_discovery:discover_packages(recursive) check parameters
[0.845s] Level 1:colcon.colcon_core.package_discovery:discover_packages(ignore) check parameters
[0.845s] Level 1:colcon.colcon_core.package_discovery:discover_packages(path) check parameters
[0.845s] Level 1:colcon.colcon_core.package_discovery:discover_packages(colcon_meta) discover
[0.845s] Level 1:colcon.colcon_core.package_discovery:discover_packages(recursive) discover
[0.845s] INFO:colcon.colcon_core.package_discovery:Crawling recursively for packages in '/home/hansollee/kdta_ROS2_workspace'
[0.845s] Level 1:colcon.colcon_core.package_identification:_identify(.) by extensions ['ignore', 'ignore_ament_install']
[0.846s] Level 1:colcon.colcon_core.package_identification:_identify(.) by extension 'ignore'
[0.846s] Level 1:colcon.colcon_core.package_identification:_identify(.) by extension 'ignore_ament_install'
[0.846s] Level 1:colcon.colcon_core.package_identification:_identify(.) by extensions ['colcon_pkg']
[0.846s] Level 1:colcon.colcon_core.package_identification:_identify(.) by extension 'colcon_pkg'
[0.846s] Level 1:colcon.colcon_core.package_identification:_identify(.) by extensions ['colcon_meta']
[0.846s] Level 1:colcon.colcon_core.package_identification:_identify(.) by extension 'colcon_meta'
[0.847s] Level 1:colcon.colcon_core.package_identification:_identify(.) by extensions ['ros']
[0.847s] Level 1:colcon.colcon_core.package_identification:_identify(.) by extension 'ros'
[0.913s] Level 1:colcon.colcon_core.package_identification:_identify(.) by extensions ['cmake', 'python']
[0.913s] Level 1:colcon.colcon_core.package_identification:_identify(.) by extension 'cmake'
[0.913s] Level 1:colcon.colcon_core.package_identification:_identify(.) by extension 'python'
[0.913s] Level 1:colcon.colcon_core.package_identification:_identify(.) by extensions ['python_setup_py']
[0.913s] Level 1:colcon.colcon_core.package_identification:_identify(.) by extension 'python_setup_py'
[0.914s] Level 1:colcon.colcon_core.package_identification:_identify(build) by extensions ['ignore', 'ignore_ament_install']
[0.914s] Level 1:colcon.colcon_core.package_identification:_identify(build) by extension 'ignore'
[0.914s] Level 1:colcon.colcon_core.package_identification:_identify(build) ignored
[0.914s] Level 1:colcon.colcon_core.package_identification:_identify(install) by extensions ['ignore', 'ignore_ament_install']
[0.915s] Level 1:colcon.colcon_core.package_identification:_identify(install) by extension 'ignore'
[0.915s] Level 1:colcon.colcon_core.package_identification:_identify(install) ignored
[0.915s] Level 1:colcon.colcon_core.package_identification:_identify(log) by extensions ['ignore', 'ignore_ament_install']
[0.916s] Level 1:colcon.colcon_core.package_identification:_identify(log) by extension 'ignore'
[0.916s] Level 1:colcon.colcon_core.package_identification:_identify(log) ignored
[0.916s] Level 1:colcon.colcon_core.package_identification:_identify(src) by extensions ['ignore', 'ignore_ament_install']
[0.916s] Level 1:colcon.colcon_core.package_identification:_identify(src) by extension 'ignore'
[0.916s] Level 1:colcon.colcon_core.package_identification:_identify(src) by extension 'ignore_ament_install'
[0.917s] Level 1:colcon.colcon_core.package_identification:_identify(src) by extensions ['colcon_pkg']
[0.917s] Level 1:colcon.colcon_core.package_identification:_identify(src) by extension 'colcon_pkg'
[0.917s] Level 1:colcon.colcon_core.package_identification:_identify(src) by extensions ['colcon_meta']
[0.917s] Level 1:colcon.colcon_core.package_identification:_identify(src) by extension 'colcon_meta'
[0.917s] Level 1:colcon.colcon_core.package_identification:_identify(src) by extensions ['ros']
[0.917s] Level 1:colcon.colcon_core.package_identification:_identify(src) by extension 'ros'
[0.917s] Level 1:colcon.colcon_core.package_identification:_identify(src) by extensions ['cmake', 'python']
[0.918s] Level 1:colcon.colcon_core.package_identification:_identify(src) by extension 'cmake'
[0.918s] Level 1:colcon.colcon_core.package_identification:_identify(src) by extension 'python'
[0.918s] Level 1:colcon.colcon_core.package_identification:_identify(src) by extensions ['python_setup_py']
[0.918s] Level 1:colcon.colcon_core.package_identification:_identify(src) by extension 'python_setup_py'
[0.918s] Level 1:colcon.colcon_core.package_identification:_identify(src/simple_pkg_cpp) by extensions ['ignore', 'ignore_ament_install']
[0.918s] Level 1:colcon.colcon_core.package_identification:_identify(src/simple_pkg_cpp) by extension 'ignore'
[0.918s] Level 1:colcon.colcon_core.package_identification:_identify(src/simple_pkg_cpp) by extension 'ignore_ament_install'
[0.918s] Level 1:colcon.colcon_core.package_identification:_identify(src/simple_pkg_cpp) by extensions ['colcon_pkg']
[0.918s] Level 1:colcon.colcon_core.package_identification:_identify(src/simple_pkg_cpp) by extension 'colcon_pkg'
[0.919s] Level 1:colcon.colcon_core.package_identification:_identify(src/simple_pkg_cpp) by extensions ['colcon_meta']
[0.919s] Level 1:colcon.colcon_core.package_identification:_identify(src/simple_pkg_cpp) by extension 'colcon_meta'
[0.919s] Level 1:colcon.colcon_core.package_identification:_identify(src/simple_pkg_cpp) by extensions ['ros']
[0.919s] Level 1:colcon.colcon_core.package_identification:_identify(src/simple_pkg_cpp) by extension 'ros'
[0.928s] DEBUG:colcon.colcon_core.package_identification:Package 'src/simple_pkg_cpp' with type 'ros.ament_cmake' and name 'simple_pkg_cpp'
[0.929s] Level 1:colcon.colcon_core.package_discovery:discover_packages(recursive) using defaults
[0.929s] Level 1:colcon.colcon_core.package_discovery:discover_packages(ignore) discover
[0.929s] Level 1:colcon.colcon_core.package_discovery:discover_packages(ignore) using defaults
[0.929s] Level 1:colcon.colcon_core.package_discovery:discover_packages(path) discover
[0.929s] Level 1:colcon.colcon_core.package_discovery:discover_packages(path) using defaults
[1.019s] Level 1:colcon.colcon_core.package_discovery:discover_packages(prefix_path) check parameters
[1.019s] Level 1:colcon.colcon_core.package_discovery:discover_packages(prefix_path) discover
[1.026s] DEBUG:colcon.colcon_installed_package_information.package_discovery:Found 1 installed packages in /home/hansollee/kdta_ROS2_workspace/install
[1.030s] DEBUG:colcon.colcon_installed_package_information.package_discovery:Found 270 installed packages in /opt/ros/humble
[1.035s] Level 1:colcon.colcon_core.package_discovery:discover_packages(prefix_path) using defaults
[1.206s] Level 5:colcon.colcon_core.verb:set package 'simple_pkg_cpp' build argument 'cmake_args' from command line to 'None'
[1.206s] Level 5:colcon.colcon_core.verb:set package 'simple_pkg_cpp' build argument 'cmake_target' from command line to 'None'
[1.206s] Level 5:colcon.colcon_core.verb:set package 'simple_pkg_cpp' build argument 'cmake_target_skip_unavailable' from command line to 'False'
[1.206s] Level 5:colcon.colcon_core.verb:set package 'simple_pkg_cpp' build argument 'cmake_clean_cache' from command line to 'False'
[1.206s] Level 5:colcon.colcon_core.verb:set package 'simple_pkg_cpp' build argument 'cmake_clean_first' from command line to 'False'
[1.206s] Level 5:colcon.colcon_core.verb:set package 'simple_pkg_cpp' build argument 'cmake_force_configure' from command line to 'False'
[1.207s] Level 5:colcon.colcon_core.verb:set package 'simple_pkg_cpp' build argument 'ament_cmake_args' from command line to 'None'
[1.207s] Level 5:colcon.colcon_core.verb:set package 'simple_pkg_cpp' build argument 'catkin_cmake_args' from command line to 'None'
[1.207s] Level 5:colcon.colcon_core.verb:set package 'simple_pkg_cpp' build argument 'catkin_skip_building_tests' from command line to 'False'
[1.207s] DEBUG:colcon.colcon_core.verb:Building package 'simple_pkg_cpp' with the following arguments: {'ament_cmake_args': None, 'build_base': '/home/hansollee/kdta_ROS2_workspace/build/simple_pkg_cpp', 'catkin_cmake_args': None, 'catkin_skip_building_tests': False, 'cmake_args': None, 'cmake_clean_cache': False, 'cmake_clean_first': False, 'cmake_force_configure': False, 'cmake_target': None, 'cmake_target_skip_unavailable': False, 'install_base': '/home/hansollee/kdta_ROS2_workspace/install/simple_pkg_cpp', 'merge_install': False, 'path': '/home/hansollee/kdta_ROS2_workspace/src/simple_pkg_cpp', 'symlink_install': True, 'test_result_base': None}
[1.207s] INFO:colcon.colcon_core.executor:Executing jobs using 'parallel' executor
[1.211s] DEBUG:colcon.colcon_parallel_executor.executor.parallel:run_until_complete
[1.212s] INFO:colcon.colcon_ros.task.ament_cmake.build:Building ROS package in '/home/hansollee/kdta_ROS2_workspace/src/simple_pkg_cpp' with build type 'ament_cmake'
[1.212s] INFO:colcon.colcon_cmake.task.cmake.build:Building CMake package in '/home/hansollee/kdta_ROS2_workspace/src/simple_pkg_cpp'
[1.222s] INFO:colcon.colcon_core.plugin_system:Skipping extension 'colcon_core.shell.bat': Not used on non-Windows systems
[1.223s] INFO:colcon.colcon_core.shell:Skip shell extension 'powershell' for command environment: Not usable outside of PowerShell
[1.223s] DEBUG:colcon.colcon_core.shell:Skip shell extension 'dsv' for command environment
[1.271s] DEBUG:colcon.colcon_core.event_handler.log_command:Invoking command in '/home/hansollee/kdta_ROS2_workspace/build/simple_pkg_cpp': CMAKE_PREFIX_PATH=${CMAKE_PREFIX_PATH}:/opt/ros/humble /usr/bin/cmake --build /home/hansollee/kdta_ROS2_workspace/build/simple_pkg_cpp -- -j4 -l4
[16.404s] DEBUG:colcon.colcon_core.event_handler.log_command:Invoked command in '/home/hansollee/kdta_ROS2_workspace/build/simple_pkg_cpp' returned '2': CMAKE_PREFIX_PATH=${CMAKE_PREFIX_PATH}:/opt/ros/humble /usr/bin/cmake --build /home/hansollee/kdta_ROS2_workspace/build/simple_pkg_cpp -- -j4 -l4
[16.602s] Level 1:colcon.colcon_core.environment:create_environment_scripts_only(simple_pkg_cpp)
[16.607s] Level 1:colcon.colcon_core.environment:checking '/home/hansollee/kdta_ROS2_workspace/install/simple_pkg_cpp' for CMake module files
[16.609s] Level 1:colcon.colcon_core.environment:checking '/home/hansollee/kdta_ROS2_workspace/install/simple_pkg_cpp' for CMake config files
[16.610s] Level 1:colcon.colcon_core.shell:create_environment_hook('simple_pkg_cpp', 'cmake_prefix_path')
[16.610s] INFO:colcon.colcon_core.shell:Creating environment hook '/home/hansollee/kdta_ROS2_workspace/install/simple_pkg_cpp/share/simple_pkg_cpp/hook/cmake_prefix_path.ps1'
[16.612s] INFO:colcon.colcon_core.shell:Creating environment descriptor '/home/hansollee/kdta_ROS2_workspace/install/simple_pkg_cpp/share/simple_pkg_cpp/hook/cmake_prefix_path.dsv'
[16.619s] INFO:colcon.colcon_core.shell:Creating environment hook '/home/hansollee/kdta_ROS2_workspace/install/simple_pkg_cpp/share/simple_pkg_cpp/hook/cmake_prefix_path.sh'
[16.622s] Level 1:colcon.colcon_core.environment:checking '/home/hansollee/kdta_ROS2_workspace/install/simple_pkg_cpp/lib'
[16.622s] Level 1:colcon.colcon_core.environment:checking '/home/hansollee/kdta_ROS2_workspace/install/simple_pkg_cpp/bin'
[16.622s] Level 1:colcon.colcon_core.environment:checking '/home/hansollee/kdta_ROS2_workspace/install/simple_pkg_cpp/lib/pkgconfig/simple_pkg_cpp.pc'
[16.623s] Level 1:colcon.colcon_core.environment:checking '/home/hansollee/kdta_ROS2_workspace/install/simple_pkg_cpp/lib/python3.10/site-packages'
[16.624s] Level 1:colcon.colcon_core.environment:checking '/home/hansollee/kdta_ROS2_workspace/install/simple_pkg_cpp/bin'
[16.625s] INFO:colcon.colcon_core.shell:Creating package script '/home/hansollee/kdta_ROS2_workspace/install/simple_pkg_cpp/share/simple_pkg_cpp/package.ps1'
[16.627s] INFO:colcon.colcon_core.shell:Creating package descriptor '/home/hansollee/kdta_ROS2_workspace/install/simple_pkg_cpp/share/simple_pkg_cpp/package.dsv'
[16.629s] INFO:colcon.colcon_core.shell:Creating package script '/home/hansollee/kdta_ROS2_workspace/install/simple_pkg_cpp/share/simple_pkg_cpp/package.sh'
[16.631s] INFO:colcon.colcon_core.shell:Creating package script '/home/hansollee/kdta_ROS2_workspace/install/simple_pkg_cpp/share/simple_pkg_cpp/package.bash'
[16.633s] INFO:colcon.colcon_core.shell:Creating package script '/home/hansollee/kdta_ROS2_workspace/install/simple_pkg_cpp/share/simple_pkg_cpp/package.zsh'
[16.641s] Level 1:colcon.colcon_core.environment:create_file_with_runtime_dependencies(/home/hansollee/kdta_ROS2_workspace/install/simple_pkg_cpp/share/colcon-core/packages/simple_pkg_cpp)
[16.653s] DEBUG:colcon.colcon_parallel_executor.executor.parallel:closing loop
[16.654s] DEBUG:colcon.colcon_parallel_executor.executor.parallel:loop closed
[16.654s] DEBUG:colcon.colcon_parallel_executor.executor.parallel:run_until_complete finished with '2'
[16.654s] DEBUG:colcon.colcon_core.event_reactor:joining thread
[16.670s] INFO:colcon.colcon_core.plugin_system:Skipping extension 'colcon_notification.desktop_notification.terminal_notifier': Not used on non-Darwin systems
[16.671s] INFO:colcon.colcon_core.plugin_system:Skipping extension 'colcon_notification.desktop_notification.win32': Not used on non-Windows systems
[16.671s] INFO:colcon.colcon_notification.desktop_notification:Sending desktop notification using 'notify2'
[16.718s] DEBUG:colcon.colcon_core.event_reactor:joined thread
[16.720s] INFO:colcon.colcon_core.shell:Creating prefix script '/home/hansollee/kdta_ROS2_workspace/install/local_setup.ps1'
[16.722s] INFO:colcon.colcon_core.shell:Creating prefix util module '/home/hansollee/kdta_ROS2_workspace/install/_local_setup_util_ps1.py'
[16.724s] INFO:colcon.colcon_core.shell:Creating prefix chain script '/home/hansollee/kdta_ROS2_workspace/install/setup.ps1'
[16.728s] INFO:colcon.colcon_core.shell:Creating prefix script '/home/hansollee/kdta_ROS2_workspace/install/local_setup.sh'
[16.730s] INFO:colcon.colcon_core.shell:Creating prefix util module '/home/hansollee/kdta_ROS2_workspace/install/_local_setup_util_sh.py'
[16.731s] INFO:colcon.colcon_core.shell:Creating prefix chain script '/home/hansollee/kdta_ROS2_workspace/install/setup.sh'
[16.739s] INFO:colcon.colcon_core.shell:Creating prefix script '/home/hansollee/kdta_ROS2_workspace/install/local_setup.bash'
[16.741s] INFO:colcon.colcon_core.shell:Creating prefix chain script '/home/hansollee/kdta_ROS2_workspace/install/setup.bash'
[16.747s] INFO:colcon.colcon_core.shell:Creating prefix script '/home/hansollee/kdta_ROS2_workspace/install/local_setup.zsh'
[16.748s] INFO:colcon.colcon_core.shell:Creating prefix chain script '/home/hansollee/kdta_ROS2_workspace/install/setup.zsh'
