[0.197s] DEBUG:colcon:Command line arguments: ['/usr/bin/colcon', 'build', '--symlink-install']
[0.197s] DEBUG:colcon:Parsed command line arguments: Namespace(log_base=None, log_level=None, verb_name='build', build_base='build', install_base='install', merge_install=False, symlink_install=True, test_result_base=None, continue_on_error=False, executor='parallel', parallel_workers=4, event_handlers=None, ignore_user_meta=False, metas=['./colcon.meta'], base_paths=['.'], packages_ignore=None, packages_ignore_regex=None, paths=None, packages_up_to=None, packages_up_to_regex=None, packages_above=None, packages_above_and_dependencies=None, packages_above_depth=None, packages_select_by_dep=None, packages_skip_by_dep=None, packages_skip_up_to=None, packages_select_build_failed=False, packages_skip_build_finished=False, packages_select_test_failures=False, packages_skip_test_passed=False, packages_select=None, packages_skip=None, packages_select_regex=None, packages_skip_regex=None, packages_start=None, packages_end=None, allow_overriding=[], cmake_args=None, cmake_target=None, cmake_target_skip_unavailable=False, cmake_clean_cache=False, cmake_clean_first=False, cmake_force_configure=False, ament_cmake_args=None, catkin_cmake_args=None, catkin_skip_building_tests=False, mixin_files=None, mixin=None, verb_parser=<colcon_mixin.mixin.mixin_argument.MixinArgumentDecorator object at 0x79fcea835b70>, verb_extension=<colcon_core.verb.build.BuildVerb object at 0x79fcea835540>, main=<bound method BuildVerb.main of <colcon_core.verb.build.BuildVerb object at 0x79fcea835540>>, mixin_verb=('build',))
[0.514s] Level 1:colcon.colcon_core.package_discovery:discover_packages(colcon_meta) check parameters
[0.514s] Level 1:colcon.colcon_core.package_discovery:discover_packages(recursive) check parameters
[0.514s] Level 1:colcon.colcon_core.package_discovery:discover_packages(ignore) check parameters
[0.514s] Level 1:colcon.colcon_core.package_discovery:discover_packages(path) check parameters
[0.514s] Level 1:colcon.colcon_core.package_discovery:discover_packages(colcon_meta) discover
[0.515s] Level 1:colcon.colcon_core.package_discovery:discover_packages(recursive) discover
[0.515s] INFO:colcon.colcon_core.package_discovery:Crawling recursively for packages in '/home/hansollee/kdta_ROS2_workspace'
[0.515s] Level 1:colcon.colcon_core.package_identification:_identify(.) by extensions ['ignore', 'ignore_ament_install']
[0.515s] Level 1:colcon.colcon_core.package_identification:_identify(.) by extension 'ignore'
[0.515s] Level 1:colcon.colcon_core.package_identification:_identify(.) by extension 'ignore_ament_install'
[0.516s] Level 1:colcon.colcon_core.package_identification:_identify(.) by extensions ['colcon_pkg']
[0.516s] Level 1:colcon.colcon_core.package_identification:_identify(.) by extension 'colcon_pkg'
[0.516s] Level 1:colcon.colcon_core.package_identification:_identify(.) by extensions ['colcon_meta']
[0.516s] Level 1:colcon.colcon_core.package_identification:_identify(.) by extension 'colcon_meta'
[0.516s] Level 1:colcon.colcon_core.package_identification:_identify(.) by extensions ['ros']
[0.516s] Level 1:colcon.colcon_core.package_identification:_identify(.) by extension 'ros'
[0.546s] Level 1:colcon.colcon_core.package_identification:_identify(.) by extensions ['cmake', 'python']
[0.546s] Level 1:colcon.colcon_core.package_identification:_identify(.) by extension 'cmake'
[0.546s] Level 1:colcon.colcon_core.package_identification:_identify(.) by extension 'python'
[0.546s] Level 1:colcon.colcon_core.package_identification:_identify(.) by extensions ['python_setup_py']
[0.546s] Level 1:colcon.colcon_core.package_identification:_identify(.) by extension 'python_setup_py'
[0.547s] Level 1:colcon.colcon_core.package_identification:_identify(build) by extensions ['ignore', 'ignore_ament_install']
[0.547s] Level 1:colcon.colcon_core.package_identification:_identify(build) by extension 'ignore'
[0.547s] Level 1:colcon.colcon_core.package_identification:_identify(build) ignored
[0.548s] Level 1:colcon.colcon_core.package_identification:_identify(install) by extensions ['ignore', 'ignore_ament_install']
[0.548s] Level 1:colcon.colcon_core.package_identification:_identify(install) by extension 'ignore'
[0.548s] Level 1:colcon.colcon_core.package_identification:_identify(install) ignored
[0.549s] Level 1:colcon.colcon_core.package_identification:_identify(log) by extensions ['ignore', 'ignore_ament_install']
[0.549s] Level 1:colcon.colcon_core.package_identification:_identify(log) by extension 'ignore'
[0.549s] Level 1:colcon.colcon_core.package_identification:_identify(log) ignored
[0.549s] Level 1:colcon.colcon_core.package_identification:_identify(src) by extensions ['ignore', 'ignore_ament_install']
[0.549s] Level 1:colcon.colcon_core.package_identification:_identify(src) by extension 'ignore'
[0.550s] Level 1:colcon.colcon_core.package_identification:_identify(src) by extension 'ignore_ament_install'
[0.550s] Level 1:colcon.colcon_core.package_identification:_identify(src) by extensions ['colcon_pkg']
[0.550s] Level 1:colcon.colcon_core.package_identification:_identify(src) by extension 'colcon_pkg'
[0.550s] Level 1:colcon.colcon_core.package_identification:_identify(src) by extensions ['colcon_meta']
[0.550s] Level 1:colcon.colcon_core.package_identification:_identify(src) by extension 'colcon_meta'
[0.550s] Level 1:colcon.colcon_core.package_identification:_identify(src) by extensions ['ros']
[0.550s] Level 1:colcon.colcon_core.package_identification:_identify(src) by extension 'ros'
[0.551s] Level 1:colcon.colcon_core.package_identification:_identify(src) by extensions ['cmake', 'python']
[0.551s] Level 1:colcon.colcon_core.package_identification:_identify(src) by extension 'cmake'
[0.551s] Level 1:colcon.colcon_core.package_identification:_identify(src) by extension 'python'
[0.551s] Level 1:colcon.colcon_core.package_identification:_identify(src) by extensions ['python_setup_py']
[0.551s] Level 1:colcon.colcon_core.package_identification:_identify(src) by extension 'python_setup_py'
[0.551s] Level 1:colcon.colcon_core.package_identification:_identify(src/moveTSim) by extensions ['ignore', 'ignore_ament_install']
[0.552s] Level 1:colcon.colcon_core.package_identification:_identify(src/moveTSim) by extension 'ignore'
[0.552s] Level 1:colcon.colcon_core.package_identification:_identify(src/moveTSim) by extension 'ignore_ament_install'
[0.552s] Level 1:colcon.colcon_core.package_identification:_identify(src/moveTSim) by extensions ['colcon_pkg']
[0.552s] Level 1:colcon.colcon_core.package_identification:_identify(src/moveTSim) by extension 'colcon_pkg'
[0.552s] Level 1:colcon.colcon_core.package_identification:_identify(src/moveTSim) by extensions ['colcon_meta']
[0.552s] Level 1:colcon.colcon_core.package_identification:_identify(src/moveTSim) by extension 'colcon_meta'
[0.552s] Level 1:colcon.colcon_core.package_identification:_identify(src/moveTSim) by extensions ['ros']
[0.552s] Level 1:colcon.colcon_core.package_identification:_identify(src/moveTSim) by extension 'ros'
[0.558s] DEBUG:colcon.colcon_core.package_identification:Package 'src/moveTSim' with type 'ros.ament_cmake' and name 'moveTSim'
[0.558s] Level 1:colcon.colcon_core.package_identification:_identify(src/simple_pkg_cpp) by extensions ['ignore', 'ignore_ament_install']
[0.559s] Level 1:colcon.colcon_core.package_identification:_identify(src/simple_pkg_cpp) by extension 'ignore'
[0.559s] Level 1:colcon.colcon_core.package_identification:_identify(src/simple_pkg_cpp) by extension 'ignore_ament_install'
[0.559s] Level 1:colcon.colcon_core.package_identification:_identify(src/simple_pkg_cpp) by extensions ['colcon_pkg']
[0.559s] Level 1:colcon.colcon_core.package_identification:_identify(src/simple_pkg_cpp) by extension 'colcon_pkg'
[0.559s] Level 1:colcon.colcon_core.package_identification:_identify(src/simple_pkg_cpp) by extensions ['colcon_meta']
[0.560s] Level 1:colcon.colcon_core.package_identification:_identify(src/simple_pkg_cpp) by extension 'colcon_meta'
[0.560s] Level 1:colcon.colcon_core.package_identification:_identify(src/simple_pkg_cpp) by extensions ['ros']
[0.560s] Level 1:colcon.colcon_core.package_identification:_identify(src/simple_pkg_cpp) by extension 'ros'
[0.561s] DEBUG:colcon.colcon_core.package_identification:Package 'src/simple_pkg_cpp' with type 'ros.ament_cmake' and name 'simple_pkg_cpp'
[0.562s] Level 1:colcon.colcon_core.package_discovery:discover_packages(recursive) using defaults
[0.562s] Level 1:colcon.colcon_core.package_discovery:discover_packages(ignore) discover
[0.562s] Level 1:colcon.colcon_core.package_discovery:discover_packages(ignore) using defaults
[0.562s] Level 1:colcon.colcon_core.package_discovery:discover_packages(path) discover
[0.562s] Level 1:colcon.colcon_core.package_discovery:discover_packages(path) using defaults
[0.603s] Level 1:colcon.colcon_core.package_discovery:discover_packages(prefix_path) check parameters
[0.604s] Level 1:colcon.colcon_core.package_discovery:discover_packages(prefix_path) discover
[0.607s] DEBUG:colcon.colcon_installed_package_information.package_discovery:Found 2 installed packages in /home/hansollee/kdta_ROS2_workspace/install
[0.609s] DEBUG:colcon.colcon_installed_package_information.package_discovery:Found 270 installed packages in /opt/ros/humble
[0.613s] Level 1:colcon.colcon_core.package_discovery:discover_packages(prefix_path) using defaults
[0.701s] Level 5:colcon.colcon_core.verb:set package 'moveTSim' build argument 'cmake_args' from command line to 'None'
[0.701s] Level 5:colcon.colcon_core.verb:set package 'moveTSim' build argument 'cmake_target' from command line to 'None'
[0.701s] Level 5:colcon.colcon_core.verb:set package 'moveTSim' build argument 'cmake_target_skip_unavailable' from command line to 'False'
[0.702s] Level 5:colcon.colcon_core.verb:set package 'moveTSim' build argument 'cmake_clean_cache' from command line to 'False'
[0.702s] Level 5:colcon.colcon_core.verb:set package 'moveTSim' build argument 'cmake_clean_first' from command line to 'False'
[0.702s] Level 5:colcon.colcon_core.verb:set package 'moveTSim' build argument 'cmake_force_configure' from command line to 'False'
[0.702s] Level 5:colcon.colcon_core.verb:set package 'moveTSim' build argument 'ament_cmake_args' from command line to 'None'
[0.702s] Level 5:colcon.colcon_core.verb:set package 'moveTSim' build argument 'catkin_cmake_args' from command line to 'None'
[0.702s] Level 5:colcon.colcon_core.verb:set package 'moveTSim' build argument 'catkin_skip_building_tests' from command line to 'False'
[0.702s] DEBUG:colcon.colcon_core.verb:Building package 'moveTSim' with the following arguments: {'ament_cmake_args': None, 'build_base': '/home/hansollee/kdta_ROS2_workspace/build/moveTSim', 'catkin_cmake_args': None, 'catkin_skip_building_tests': False, 'cmake_args': None, 'cmake_clean_cache': False, 'cmake_clean_first': False, 'cmake_force_configure': False, 'cmake_target': None, 'cmake_target_skip_unavailable': False, 'install_base': '/home/hansollee/kdta_ROS2_workspace/install/moveTSim', 'merge_install': False, 'path': '/home/hansollee/kdta_ROS2_workspace/src/moveTSim', 'symlink_install': True, 'test_result_base': None}
[0.702s] Level 5:colcon.colcon_core.verb:set package 'simple_pkg_cpp' build argument 'cmake_args' from command line to 'None'
[0.703s] Level 5:colcon.colcon_core.verb:set package 'simple_pkg_cpp' build argument 'cmake_target' from command line to 'None'
[0.703s] Level 5:colcon.colcon_core.verb:set package 'simple_pkg_cpp' build argument 'cmake_target_skip_unavailable' from command line to 'False'
[0.703s] Level 5:colcon.colcon_core.verb:set package 'simple_pkg_cpp' build argument 'cmake_clean_cache' from command line to 'False'
[0.703s] Level 5:colcon.colcon_core.verb:set package 'simple_pkg_cpp' build argument 'cmake_clean_first' from command line to 'False'
[0.703s] Level 5:colcon.colcon_core.verb:set package 'simple_pkg_cpp' build argument 'cmake_force_configure' from command line to 'False'
[0.703s] Level 5:colcon.colcon_core.verb:set package 'simple_pkg_cpp' build argument 'ament_cmake_args' from command line to 'None'
[0.703s] Level 5:colcon.colcon_core.verb:set package 'simple_pkg_cpp' build argument 'catkin_cmake_args' from command line to 'None'
[0.703s] Level 5:colcon.colcon_core.verb:set package 'simple_pkg_cpp' build argument 'catkin_skip_building_tests' from command line to 'False'
[0.703s] DEBUG:colcon.colcon_core.verb:Building package 'simple_pkg_cpp' with the following arguments: {'ament_cmake_args': None, 'build_base': '/home/hansollee/kdta_ROS2_workspace/build/simple_pkg_cpp', 'catkin_cmake_args': None, 'catkin_skip_building_tests': False, 'cmake_args': None, 'cmake_clean_cache': False, 'cmake_clean_first': False, 'cmake_force_configure': False, 'cmake_target': None, 'cmake_target_skip_unavailable': False, 'install_base': '/home/hansollee/kdta_ROS2_workspace/install/simple_pkg_cpp', 'merge_install': False, 'path': '/home/hansollee/kdta_ROS2_workspace/src/simple_pkg_cpp', 'symlink_install': True, 'test_result_base': None}
[0.703s] INFO:colcon.colcon_core.executor:Executing jobs using 'parallel' executor
[0.706s] DEBUG:colcon.colcon_parallel_executor.executor.parallel:run_until_complete
[0.707s] INFO:colcon.colcon_ros.task.ament_cmake.build:Building ROS package in '/home/hansollee/kdta_ROS2_workspace/src/moveTSim' with build type 'ament_cmake'
[0.708s] INFO:colcon.colcon_cmake.task.cmake.build:Building CMake package in '/home/hansollee/kdta_ROS2_workspace/src/moveTSim'
[0.712s] INFO:colcon.colcon_core.plugin_system:Skipping extension 'colcon_core.shell.bat': Not used on non-Windows systems
[0.712s] INFO:colcon.colcon_core.shell:Skip shell extension 'powershell' for command environment: Not usable outside of PowerShell
[0.712s] DEBUG:colcon.colcon_core.shell:Skip shell extension 'dsv' for command environment
[0.720s] INFO:colcon.colcon_ros.task.ament_cmake.build:Building ROS package in '/home/hansollee/kdta_ROS2_workspace/src/simple_pkg_cpp' with build type 'ament_cmake'
[0.721s] INFO:colcon.colcon_cmake.task.cmake.build:Building CMake package in '/home/hansollee/kdta_ROS2_workspace/src/simple_pkg_cpp'
[0.722s] INFO:colcon.colcon_core.shell:Skip shell extension 'powershell' for command environment: Not usable outside of PowerShell
[0.723s] DEBUG:colcon.colcon_core.shell:Skip shell extension 'dsv' for command environment
[0.743s] DEBUG:colcon.colcon_core.event_handler.log_command:Invoking command in '/home/hansollee/kdta_ROS2_workspace/build/moveTSim': CMAKE_PREFIX_PATH=${CMAKE_PREFIX_PATH}:/opt/ros/humble /usr/bin/cmake --build /home/hansollee/kdta_ROS2_workspace/build/moveTSim -- -j4 -l4
[0.766s] DEBUG:colcon.colcon_core.event_handler.log_command:Invoking command in '/home/hansollee/kdta_ROS2_workspace/build/simple_pkg_cpp': CMAKE_PREFIX_PATH=${CMAKE_PREFIX_PATH}:/opt/ros/humble /usr/bin/cmake --build /home/hansollee/kdta_ROS2_workspace/build/simple_pkg_cpp -- -j4 -l4
[1.092s] DEBUG:colcon.colcon_core.event_handler.log_command:Invoked command in '/home/hansollee/kdta_ROS2_workspace/build/simple_pkg_cpp' returned '0': CMAKE_PREFIX_PATH=${CMAKE_PREFIX_PATH}:/opt/ros/humble /usr/bin/cmake --build /home/hansollee/kdta_ROS2_workspace/build/simple_pkg_cpp -- -j4 -l4
[1.238s] DEBUG:colcon.colcon_core.event_handler.log_command:Invoking command in '/home/hansollee/kdta_ROS2_workspace/build/simple_pkg_cpp': CMAKE_PREFIX_PATH=${CMAKE_PREFIX_PATH}:/opt/ros/humble /usr/bin/cmake --install /home/hansollee/kdta_ROS2_workspace/build/simple_pkg_cpp
[1.299s] Level 1:colcon.colcon_core.environment:create_environment_scripts_only(simple_pkg_cpp)
[1.301s] DEBUG:colcon.colcon_core.event_handler.log_command:Invoked command in '/home/hansollee/kdta_ROS2_workspace/build/simple_pkg_cpp' returned '0': CMAKE_PREFIX_PATH=${CMAKE_PREFIX_PATH}:/opt/ros/humble /usr/bin/cmake --install /home/hansollee/kdta_ROS2_workspace/build/simple_pkg_cpp
[1.307s] Level 1:colcon.colcon_core.environment:checking '/home/hansollee/kdta_ROS2_workspace/install/simple_pkg_cpp' for CMake module files
[1.309s] Level 1:colcon.colcon_core.environment:checking '/home/hansollee/kdta_ROS2_workspace/install/simple_pkg_cpp' for CMake config files
[1.310s] Level 1:colcon.colcon_core.shell:create_environment_hook('simple_pkg_cpp', 'cmake_prefix_path')
[1.311s] INFO:colcon.colcon_core.shell:Creating environment hook '/home/hansollee/kdta_ROS2_workspace/install/simple_pkg_cpp/share/simple_pkg_cpp/hook/cmake_prefix_path.ps1'
[1.314s] INFO:colcon.colcon_core.shell:Creating environment descriptor '/home/hansollee/kdta_ROS2_workspace/install/simple_pkg_cpp/share/simple_pkg_cpp/hook/cmake_prefix_path.dsv'
[1.316s] INFO:colcon.colcon_core.shell:Creating environment hook '/home/hansollee/kdta_ROS2_workspace/install/simple_pkg_cpp/share/simple_pkg_cpp/hook/cmake_prefix_path.sh'
[1.318s] Level 1:colcon.colcon_core.environment:checking '/home/hansollee/kdta_ROS2_workspace/install/simple_pkg_cpp/lib'
[1.319s] Level 1:colcon.colcon_core.environment:checking '/home/hansollee/kdta_ROS2_workspace/install/simple_pkg_cpp/bin'
[1.319s] Level 1:colcon.colcon_core.environment:checking '/home/hansollee/kdta_ROS2_workspace/install/simple_pkg_cpp/lib/pkgconfig/simple_pkg_cpp.pc'
[1.320s] Level 1:colcon.colcon_core.environment:checking '/home/hansollee/kdta_ROS2_workspace/install/simple_pkg_cpp/lib/python3.10/site-packages'
[1.321s] Level 1:colcon.colcon_core.environment:checking '/home/hansollee/kdta_ROS2_workspace/install/simple_pkg_cpp/bin'
[1.322s] INFO:colcon.colcon_core.shell:Creating package script '/home/hansollee/kdta_ROS2_workspace/install/simple_pkg_cpp/share/simple_pkg_cpp/package.ps1'
[1.325s] INFO:colcon.colcon_core.shell:Creating package descriptor '/home/hansollee/kdta_ROS2_workspace/install/simple_pkg_cpp/share/simple_pkg_cpp/package.dsv'
[1.329s] INFO:colcon.colcon_core.shell:Creating package script '/home/hansollee/kdta_ROS2_workspace/install/simple_pkg_cpp/share/simple_pkg_cpp/package.sh'
[1.335s] INFO:colcon.colcon_core.shell:Creating package script '/home/hansollee/kdta_ROS2_workspace/install/simple_pkg_cpp/share/simple_pkg_cpp/package.bash'
[1.339s] INFO:colcon.colcon_core.shell:Creating package script '/home/hansollee/kdta_ROS2_workspace/install/simple_pkg_cpp/share/simple_pkg_cpp/package.zsh'
[1.341s] Level 1:colcon.colcon_core.environment:create_file_with_runtime_dependencies(/home/hansollee/kdta_ROS2_workspace/install/simple_pkg_cpp/share/colcon-core/packages/simple_pkg_cpp)
[1.460s] Level 1:colcon.colcon_core.environment:create_environment_scripts_only(simple_pkg_cpp)
[1.461s] Level 1:colcon.colcon_core.environment:checking '/home/hansollee/kdta_ROS2_workspace/install/simple_pkg_cpp' for CMake module files
[1.462s] Level 1:colcon.colcon_core.environment:checking '/home/hansollee/kdta_ROS2_workspace/install/simple_pkg_cpp' for CMake config files
[1.465s] Level 1:colcon.colcon_core.shell:create_environment_hook('simple_pkg_cpp', 'cmake_prefix_path')
[1.466s] INFO:colcon.colcon_core.shell:Creating environment hook '/home/hansollee/kdta_ROS2_workspace/install/simple_pkg_cpp/share/simple_pkg_cpp/hook/cmake_prefix_path.ps1'
[1.468s] INFO:colcon.colcon_core.shell:Creating environment descriptor '/home/hansollee/kdta_ROS2_workspace/install/simple_pkg_cpp/share/simple_pkg_cpp/hook/cmake_prefix_path.dsv'
[1.468s] INFO:colcon.colcon_core.shell:Creating environment hook '/home/hansollee/kdta_ROS2_workspace/install/simple_pkg_cpp/share/simple_pkg_cpp/hook/cmake_prefix_path.sh'
[1.470s] Level 1:colcon.colcon_core.environment:checking '/home/hansollee/kdta_ROS2_workspace/install/simple_pkg_cpp/lib'
[1.471s] Level 1:colcon.colcon_core.environment:checking '/home/hansollee/kdta_ROS2_workspace/install/simple_pkg_cpp/bin'
[1.471s] Level 1:colcon.colcon_core.environment:checking '/home/hansollee/kdta_ROS2_workspace/install/simple_pkg_cpp/lib/pkgconfig/simple_pkg_cpp.pc'
[1.472s] Level 1:colcon.colcon_core.environment:checking '/home/hansollee/kdta_ROS2_workspace/install/simple_pkg_cpp/lib/python3.10/site-packages'
[1.472s] Level 1:colcon.colcon_core.environment:checking '/home/hansollee/kdta_ROS2_workspace/install/simple_pkg_cpp/bin'
[1.475s] INFO:colcon.colcon_core.shell:Creating package script '/home/hansollee/kdta_ROS2_workspace/install/simple_pkg_cpp/share/simple_pkg_cpp/package.ps1'
[1.476s] INFO:colcon.colcon_core.shell:Creating package descriptor '/home/hansollee/kdta_ROS2_workspace/install/simple_pkg_cpp/share/simple_pkg_cpp/package.dsv'
[1.477s] INFO:colcon.colcon_core.shell:Creating package script '/home/hansollee/kdta_ROS2_workspace/install/simple_pkg_cpp/share/simple_pkg_cpp/package.sh'
[1.478s] INFO:colcon.colcon_core.shell:Creating package script '/home/hansollee/kdta_ROS2_workspace/install/simple_pkg_cpp/share/simple_pkg_cpp/package.bash'
[1.479s] INFO:colcon.colcon_core.shell:Creating package script '/home/hansollee/kdta_ROS2_workspace/install/simple_pkg_cpp/share/simple_pkg_cpp/package.zsh'
[1.481s] Level 1:colcon.colcon_core.environment:create_file_with_runtime_dependencies(/home/hansollee/kdta_ROS2_workspace/install/simple_pkg_cpp/share/colcon-core/packages/simple_pkg_cpp)
[15.654s] DEBUG:colcon.colcon_core.event_handler.log_command:Invoked command in '/home/hansollee/kdta_ROS2_workspace/build/moveTSim' returned '0': CMAKE_PREFIX_PATH=${CMAKE_PREFIX_PATH}:/opt/ros/humble /usr/bin/cmake --build /home/hansollee/kdta_ROS2_workspace/build/moveTSim -- -j4 -l4
[15.755s] DEBUG:colcon.colcon_core.event_handler.log_command:Invoking command in '/home/hansollee/kdta_ROS2_workspace/build/moveTSim': CMAKE_PREFIX_PATH=${CMAKE_PREFIX_PATH}:/opt/ros/humble /usr/bin/cmake --install /home/hansollee/kdta_ROS2_workspace/build/moveTSim
[15.822s] Level 1:colcon.colcon_core.environment:create_environment_scripts_only(moveTSim)
[15.823s] Level 1:colcon.colcon_core.environment:checking '/home/hansollee/kdta_ROS2_workspace/install/moveTSim' for CMake module files
[15.827s] Level 1:colcon.colcon_core.environment:checking '/home/hansollee/kdta_ROS2_workspace/install/moveTSim' for CMake config files
[15.832s] Level 1:colcon.colcon_core.shell:create_environment_hook('moveTSim', 'cmake_prefix_path')
[15.831s] DEBUG:colcon.colcon_core.event_handler.log_command:Invoked command in '/home/hansollee/kdta_ROS2_workspace/build/moveTSim' returned '0': CMAKE_PREFIX_PATH=${CMAKE_PREFIX_PATH}:/opt/ros/humble /usr/bin/cmake --install /home/hansollee/kdta_ROS2_workspace/build/moveTSim
[15.833s] INFO:colcon.colcon_core.shell:Creating environment hook '/home/hansollee/kdta_ROS2_workspace/install/moveTSim/share/moveTSim/hook/cmake_prefix_path.ps1'
[15.836s] INFO:colcon.colcon_core.shell:Creating environment descriptor '/home/hansollee/kdta_ROS2_workspace/install/moveTSim/share/moveTSim/hook/cmake_prefix_path.dsv'
[15.839s] INFO:colcon.colcon_core.shell:Creating environment hook '/home/hansollee/kdta_ROS2_workspace/install/moveTSim/share/moveTSim/hook/cmake_prefix_path.sh'
[15.841s] Level 1:colcon.colcon_core.environment:checking '/home/hansollee/kdta_ROS2_workspace/install/moveTSim/lib'
[15.842s] Level 1:colcon.colcon_core.environment:checking '/home/hansollee/kdta_ROS2_workspace/install/moveTSim/bin'
[15.843s] Level 1:colcon.colcon_core.environment:checking '/home/hansollee/kdta_ROS2_workspace/install/moveTSim/lib/pkgconfig/moveTSim.pc'
[15.844s] Level 1:colcon.colcon_core.environment:checking '/home/hansollee/kdta_ROS2_workspace/install/moveTSim/lib/python3.10/site-packages'
[15.845s] Level 1:colcon.colcon_core.environment:checking '/home/hansollee/kdta_ROS2_workspace/install/moveTSim/bin'
[15.846s] INFO:colcon.colcon_core.shell:Creating package script '/home/hansollee/kdta_ROS2_workspace/install/moveTSim/share/moveTSim/package.ps1'
[15.848s] INFO:colcon.colcon_core.shell:Creating package descriptor '/home/hansollee/kdta_ROS2_workspace/install/moveTSim/share/moveTSim/package.dsv'
[15.850s] INFO:colcon.colcon_core.shell:Creating package script '/home/hansollee/kdta_ROS2_workspace/install/moveTSim/share/moveTSim/package.sh'
[15.851s] INFO:colcon.colcon_core.shell:Creating package script '/home/hansollee/kdta_ROS2_workspace/install/moveTSim/share/moveTSim/package.bash'
[15.853s] INFO:colcon.colcon_core.shell:Creating package script '/home/hansollee/kdta_ROS2_workspace/install/moveTSim/share/moveTSim/package.zsh'
[15.854s] Level 1:colcon.colcon_core.environment:create_file_with_runtime_dependencies(/home/hansollee/kdta_ROS2_workspace/install/moveTSim/share/colcon-core/packages/moveTSim)
[15.985s] Level 1:colcon.colcon_core.environment:create_environment_scripts_only(moveTSim)
[15.986s] Level 1:colcon.colcon_core.environment:checking '/home/hansollee/kdta_ROS2_workspace/install/moveTSim' for CMake module files
[15.988s] Level 1:colcon.colcon_core.environment:checking '/home/hansollee/kdta_ROS2_workspace/install/moveTSim' for CMake config files
[15.989s] Level 1:colcon.colcon_core.shell:create_environment_hook('moveTSim', 'cmake_prefix_path')
[15.989s] INFO:colcon.colcon_core.shell:Creating environment hook '/home/hansollee/kdta_ROS2_workspace/install/moveTSim/share/moveTSim/hook/cmake_prefix_path.ps1'
[15.991s] INFO:colcon.colcon_core.shell:Creating environment descriptor '/home/hansollee/kdta_ROS2_workspace/install/moveTSim/share/moveTSim/hook/cmake_prefix_path.dsv'
[15.992s] INFO:colcon.colcon_core.shell:Creating environment hook '/home/hansollee/kdta_ROS2_workspace/install/moveTSim/share/moveTSim/hook/cmake_prefix_path.sh'
[15.994s] Level 1:colcon.colcon_core.environment:checking '/home/hansollee/kdta_ROS2_workspace/install/moveTSim/lib'
[15.995s] Level 1:colcon.colcon_core.environment:checking '/home/hansollee/kdta_ROS2_workspace/install/moveTSim/bin'
[15.995s] Level 1:colcon.colcon_core.environment:checking '/home/hansollee/kdta_ROS2_workspace/install/moveTSim/lib/pkgconfig/moveTSim.pc'
[15.998s] Level 1:colcon.colcon_core.environment:checking '/home/hansollee/kdta_ROS2_workspace/install/moveTSim/lib/python3.10/site-packages'
[15.999s] Level 1:colcon.colcon_core.environment:checking '/home/hansollee/kdta_ROS2_workspace/install/moveTSim/bin'
[16.000s] INFO:colcon.colcon_core.shell:Creating package script '/home/hansollee/kdta_ROS2_workspace/install/moveTSim/share/moveTSim/package.ps1'
[16.005s] INFO:colcon.colcon_core.shell:Creating package descriptor '/home/hansollee/kdta_ROS2_workspace/install/moveTSim/share/moveTSim/package.dsv'
[16.007s] INFO:colcon.colcon_core.shell:Creating package script '/home/hansollee/kdta_ROS2_workspace/install/moveTSim/share/moveTSim/package.sh'
[16.008s] INFO:colcon.colcon_core.shell:Creating package script '/home/hansollee/kdta_ROS2_workspace/install/moveTSim/share/moveTSim/package.bash'
[16.009s] INFO:colcon.colcon_core.shell:Creating package script '/home/hansollee/kdta_ROS2_workspace/install/moveTSim/share/moveTSim/package.zsh'
[16.011s] Level 1:colcon.colcon_core.environment:create_file_with_runtime_dependencies(/home/hansollee/kdta_ROS2_workspace/install/moveTSim/share/colcon-core/packages/moveTSim)
[16.013s] DEBUG:colcon.colcon_parallel_executor.executor.parallel:closing loop
[16.017s] DEBUG:colcon.colcon_parallel_executor.executor.parallel:loop closed
[16.017s] DEBUG:colcon.colcon_parallel_executor.executor.parallel:run_until_complete finished with '0'
[16.017s] DEBUG:colcon.colcon_core.event_reactor:joining thread
[16.033s] INFO:colcon.colcon_core.plugin_system:Skipping extension 'colcon_notification.desktop_notification.terminal_notifier': Not used on non-Darwin systems
[16.034s] INFO:colcon.colcon_core.plugin_system:Skipping extension 'colcon_notification.desktop_notification.win32': Not used on non-Windows systems
[16.034s] INFO:colcon.colcon_notification.desktop_notification:Sending desktop notification using 'notify2'
[16.119s] DEBUG:colcon.colcon_core.event_reactor:joined thread
[16.120s] INFO:colcon.colcon_core.shell:Creating prefix script '/home/hansollee/kdta_ROS2_workspace/install/local_setup.ps1'
[16.129s] INFO:colcon.colcon_core.shell:Creating prefix util module '/home/hansollee/kdta_ROS2_workspace/install/_local_setup_util_ps1.py'
[16.134s] INFO:colcon.colcon_core.shell:Creating prefix chain script '/home/hansollee/kdta_ROS2_workspace/install/setup.ps1'
[16.138s] INFO:colcon.colcon_core.shell:Creating prefix script '/home/hansollee/kdta_ROS2_workspace/install/local_setup.sh'
[16.140s] INFO:colcon.colcon_core.shell:Creating prefix util module '/home/hansollee/kdta_ROS2_workspace/install/_local_setup_util_sh.py'
[16.141s] INFO:colcon.colcon_core.shell:Creating prefix chain script '/home/hansollee/kdta_ROS2_workspace/install/setup.sh'
[16.145s] INFO:colcon.colcon_core.shell:Creating prefix script '/home/hansollee/kdta_ROS2_workspace/install/local_setup.bash'
[16.148s] INFO:colcon.colcon_core.shell:Creating prefix chain script '/home/hansollee/kdta_ROS2_workspace/install/setup.bash'
[16.151s] INFO:colcon.colcon_core.shell:Creating prefix script '/home/hansollee/kdta_ROS2_workspace/install/local_setup.zsh'
[16.155s] INFO:colcon.colcon_core.shell:Creating prefix chain script '/home/hansollee/kdta_ROS2_workspace/install/setup.zsh'
