[0.131s] Invoking command in '/home/hansollee/kdta_ROS2_workspace/build/move_t_sim': CMAKE_PREFIX_PATH=${CMAKE_PREFIX_PATH}:/opt/ros/humble /usr/bin/cmake --build /home/hansollee/kdta_ROS2_workspace/build/move_t_sim -- -j4 -l4
[1.080s] [ 25%] Built target moveTurtleBot
[1.087s] [ 50%] Built target moveTurtleBot2
[1.097s] [ 75%] Built target moveTurtleSim
[1.189s] [100%] Built target moveTurtleSim2
[1.280s] Invoked command in '/home/hansollee/kdta_ROS2_workspace/build/move_t_sim' returned '0': CMAKE_PREFIX_PATH=${CMAKE_PREFIX_PATH}:/opt/ros/humble /usr/bin/cmake --build /home/hansollee/kdta_ROS2_workspace/build/move_t_sim -- -j4 -l4
[2.153s] Invoking command in '/home/hansollee/kdta_ROS2_workspace/build/move_t_sim': CMAKE_PREFIX_PATH=${CMAKE_PREFIX_PATH}:/opt/ros/humble /usr/bin/cmake --install /home/hansollee/kdta_ROS2_workspace/build/move_t_sim
[2.192s] -- Install configuration: ""
[2.202s] -- Execute custom install script
[2.202s] -- Up-to-date symlink: /home/hansollee/kdta_ROS2_workspace/install/move_t_sim/lib/move_t_sim/moveTurtleSim
[2.203s] -- Up-to-date symlink: /home/hansollee/kdta_ROS2_workspace/install/move_t_sim/lib/move_t_sim/moveTurtleSim2
[2.208s] -- Up-to-date symlink: /home/hansollee/kdta_ROS2_workspace/install/move_t_sim/lib/move_t_sim/moveTurtleBot
[2.208s] -- Up-to-date symlink: /home/hansollee/kdta_ROS2_workspace/install/move_t_sim/lib/move_t_sim/moveTurtleBot2
[2.209s] -- Up-to-date symlink: /home/hansollee/kdta_ROS2_workspace/install/move_t_sim/share/ament_index/resource_index/package_run_dependencies/move_t_sim
[2.212s] -- Up-to-date symlink: /home/hansollee/kdta_ROS2_workspace/install/move_t_sim/share/ament_index/resource_index/parent_prefix_path/move_t_sim
[2.212s] -- Up-to-date symlink: /home/hansollee/kdta_ROS2_workspace/install/move_t_sim/share/move_t_sim/environment/ament_prefix_path.sh
[2.214s] -- Up-to-date symlink: /home/hansollee/kdta_ROS2_workspace/install/move_t_sim/share/move_t_sim/environment/ament_prefix_path.dsv
[2.214s] -- Up-to-date symlink: /home/hansollee/kdta_ROS2_workspace/install/move_t_sim/share/move_t_sim/environment/path.sh
[2.216s] -- Up-to-date symlink: /home/hansollee/kdta_ROS2_workspace/install/move_t_sim/share/move_t_sim/environment/path.dsv
[2.217s] -- Up-to-date symlink: /home/hansollee/kdta_ROS2_workspace/install/move_t_sim/share/move_t_sim/local_setup.bash
[2.223s] -- Up-to-date symlink: /home/hansollee/kdta_ROS2_workspace/install/move_t_sim/share/move_t_sim/local_setup.sh
[2.224s] -- Up-to-date symlink: /home/hansollee/kdta_ROS2_workspace/install/move_t_sim/share/move_t_sim/local_setup.zsh
[2.224s] -- Up-to-date symlink: /home/hansollee/kdta_ROS2_workspace/install/move_t_sim/share/move_t_sim/local_setup.dsv
[2.224s] -- Symlinking: /home/hansollee/kdta_ROS2_workspace/install/move_t_sim/share/move_t_sim/package.dsv
[2.375s] -- Up-to-date symlink: /home/hansollee/kdta_ROS2_workspace/install/move_t_sim/share/ament_index/resource_index/packages/move_t_sim
[2.375s] -- Up-to-date symlink: /home/hansollee/kdta_ROS2_workspace/install/move_t_sim/share/move_t_sim/cmake/move_t_simConfig.cmake
[2.375s] -- Up-to-date symlink: /home/hansollee/kdta_ROS2_workspace/install/move_t_sim/share/move_t_sim/cmake/move_t_simConfig-version.cmake
[2.375s] -- Up-to-date symlink: /home/hansollee/kdta_ROS2_workspace/install/move_t_sim/share/move_t_sim/package.xml
[2.386s] Invoked command in '/home/hansollee/kdta_ROS2_workspace/build/move_t_sim' returned '0': CMAKE_PREFIX_PATH=${CMAKE_PREFIX_PATH}:/opt/ros/humble /usr/bin/cmake --install /home/hansollee/kdta_ROS2_workspace/build/move_t_sim
