-- Found ament_cmake: 1.3.9 (/opt/ros/humble/share/ament_cmake/cmake)
-- Override CMake install command with custom implementation using symlinks instead of copying resources
-- Found rclcpp: 16.0.9 (/opt/ros/humble/share/rclcpp/cmake)
-- Found rosidl_generator_c: 3.1.5 (/opt/ros/humble/share/rosidl_generator_c/cmake)
-- Found rosidl_adapter: 3.1.5 (/opt/ros/humble/share/rosidl_adapter/cmake)
-- Found rosidl_generator_cpp: 3.1.5 (/opt/ros/humble/share/rosidl_generator_cpp/cmake)
-- Using all available rosidl_typesupport_c: rosidl_typesupport_fastrtps_c;rosidl_typesupport_introspection_c
-- Using all available rosidl_typesupport_cpp: rosidl_typesupport_fastrtps_cpp;rosidl_typesupport_introspection_cpp
-- Found rmw_implementation_cmake: 6.1.2 (/opt/ros/humble/share/rmw_implementation_cmake/cmake)
-- Found rmw_fastrtps_cpp: 6.2.6 (/opt/ros/humble/share/rmw_fastrtps_cpp/cmake)
-- Using RMW implementation 'rmw_fastrtps_cpp' as default
-- Found ament_lint_auto: 0.12.11 (/opt/ros/humble/share/ament_lint_auto/cmake)
-- Added test 'cppcheck' to perform static code analysis on C / C++ code
-- Configured cppcheck include dirs: /home/hansollee/kdta_ROS2_workspace/src/msg/include
-- Configured cppcheck exclude dirs and/or files: 
-- Added test 'lint_cmake' to check CMake code style
-- Added test 'uncrustify' to check C / C++ code style
-- Configured uncrustify additional arguments: 
-- Added test 'xmllint' to check XML markup files
-- Configuring done
-- Generating done
-- Build files have been written to: /home/hansollee/kdta_ROS2_workspace/build/msg
[ 33%] [32mBuilding CXX object CMakeFiles/message_publisher_class.dir/src/mpub.cpp.o[0m
[ 50%] [32mBuilding CXX object CMakeFiles/message_publisher_class.dir/src/message_publisher_class.cpp.o[0m
[ 50%] [32mBuilding CXX object CMakeFiles/message_subscriber_class.dir/src/message_subscriber_class.cpp.o[0m
[ 66%] [32mBuilding CXX object CMakeFiles/message_subscriber_class.dir/src/msub.cpp.o[0m
[ 83%] [32m[1mLinking CXX executable message_publisher_class[0m
[ 83%] Built target message_publisher_class
[100%] [32m[1mLinking CXX executable message_subscriber_class[0m
[100%] Built target message_subscriber_class
-- Install configuration: ""
-- Execute custom install script
-- Symlinking: /home/hansollee/kdta_ROS2_workspace/install/msg/lib/msg/message_publisher_class
-- Symlinking: /home/hansollee/kdta_ROS2_workspace/install/msg/share/ament_index/resource_index/package_run_dependencies/msg
-- Symlinking: /home/hansollee/kdta_ROS2_workspace/install/msg/share/ament_index/resource_index/parent_prefix_path/msg
-- Symlinking: /home/hansollee/kdta_ROS2_workspace/install/msg/share/msg/environment/ament_prefix_path.sh
-- Symlinking: /home/hansollee/kdta_ROS2_workspace/install/msg/share/msg/environment/ament_prefix_path.dsv
-- Symlinking: /home/hansollee/kdta_ROS2_workspace/install/msg/share/msg/environment/path.sh
-- Symlinking: /home/hansollee/kdta_ROS2_workspace/install/msg/share/msg/environment/path.dsv
-- Symlinking: /home/hansollee/kdta_ROS2_workspace/install/msg/share/msg/local_setup.bash
-- Symlinking: /home/hansollee/kdta_ROS2_workspace/install/msg/share/msg/local_setup.sh
-- Symlinking: /home/hansollee/kdta_ROS2_workspace/install/msg/share/msg/local_setup.zsh
-- Symlinking: /home/hansollee/kdta_ROS2_workspace/install/msg/share/msg/local_setup.dsv
-- Symlinking: /home/hansollee/kdta_ROS2_workspace/install/msg/share/msg/package.dsv
-- Symlinking: /home/hansollee/kdta_ROS2_workspace/install/msg/share/ament_index/resource_index/packages/msg
-- Symlinking: /home/hansollee/kdta_ROS2_workspace/install/msg/share/msg/cmake/msgConfig.cmake
-- Symlinking: /home/hansollee/kdta_ROS2_workspace/install/msg/share/msg/cmake/msgConfig-version.cmake
-- Symlinking: /home/hansollee/kdta_ROS2_workspace/install/msg/share/msg/package.xml
