[0.111s] DEBUG:colcon:Command line arguments: ['/usr/bin/colcon', 'build', '--symlink-install']
[0.111s] DEBUG:colcon:Parsed command line arguments: Namespace(log_base=None, log_level=None, verb_name='build', build_base='build', install_base='install', merge_install=False, symlink_install=True, test_result_base=None, continue_on_error=False, executor='parallel', parallel_workers=2, event_handlers=None, ignore_user_meta=False, metas=['./colcon.meta'], base_paths=['.'], packages_ignore=None, packages_ignore_regex=None, paths=None, packages_up_to=None, packages_up_to_regex=None, packages_above=None, packages_above_and_dependencies=None, packages_above_depth=None, packages_select_by_dep=None, packages_skip_by_dep=None, packages_skip_up_to=None, packages_select_build_failed=False, packages_skip_build_finished=False, packages_select_test_failures=False, packages_skip_test_passed=False, packages_select=None, packages_skip=None, packages_select_regex=None, packages_skip_regex=None, packages_start=None, packages_end=None, allow_overriding=[], cmake_args=None, cmake_target=None, cmake_target_skip_unavailable=False, cmake_clean_cache=False, cmake_clean_first=False, cmake_force_configure=False, ament_cmake_args=None, catkin_cmake_args=None, catkin_skip_building_tests=False, mixin_files=None, mixin=None, verb_parser=<colcon_mixin.mixin.mixin_argument.MixinArgumentDecorator object at 0x78377a132f50>, verb_extension=<colcon_core.verb.build.BuildVerb object at 0x78377a1329b0>, main=<bound method BuildVerb.main of <colcon_core.verb.build.BuildVerb object at 0x78377a1329b0>>, mixin_verb=('build',))
[0.290s] Level 1:colcon.colcon_core.package_discovery:discover_packages(colcon_meta) check parameters
[0.290s] Level 1:colcon.colcon_core.package_discovery:discover_packages(recursive) check parameters
[0.290s] Level 1:colcon.colcon_core.package_discovery:discover_packages(ignore) check parameters
[0.290s] Level 1:colcon.colcon_core.package_discovery:discover_packages(path) check parameters
[0.290s] Level 1:colcon.colcon_core.package_discovery:discover_packages(colcon_meta) discover
[0.290s] Level 1:colcon.colcon_core.package_discovery:discover_packages(recursive) discover
[0.290s] INFO:colcon.colcon_core.package_discovery:Crawling recursively for packages in '/home/hansollee/kdta_ROS2_workspace'
[0.290s] Level 1:colcon.colcon_core.package_identification:_identify(.) by extensions ['ignore', 'ignore_ament_install']
[0.290s] Level 1:colcon.colcon_core.package_identification:_identify(.) by extension 'ignore'
[0.290s] Level 1:colcon.colcon_core.package_identification:_identify(.) by extension 'ignore_ament_install'
[0.290s] Level 1:colcon.colcon_core.package_identification:_identify(.) by extensions ['colcon_pkg']
[0.290s] Level 1:colcon.colcon_core.package_identification:_identify(.) by extension 'colcon_pkg'
[0.290s] Level 1:colcon.colcon_core.package_identification:_identify(.) by extensions ['colcon_meta']
[0.290s] Level 1:colcon.colcon_core.package_identification:_identify(.) by extension 'colcon_meta'
[0.290s] Level 1:colcon.colcon_core.package_identification:_identify(.) by extensions ['ros']
[0.291s] Level 1:colcon.colcon_core.package_identification:_identify(.) by extension 'ros'
[0.299s] Level 1:colcon.colcon_core.package_identification:_identify(.) by extensions ['cmake', 'python']
[0.299s] Level 1:colcon.colcon_core.package_identification:_identify(.) by extension 'cmake'
[0.299s] Level 1:colcon.colcon_core.package_identification:_identify(.) by extension 'python'
[0.299s] Level 1:colcon.colcon_core.package_identification:_identify(.) by extensions ['python_setup_py']
[0.299s] Level 1:colcon.colcon_core.package_identification:_identify(.) by extension 'python_setup_py'
[0.299s] Level 1:colcon.colcon_core.package_identification:_identify(build) by extensions ['ignore', 'ignore_ament_install']
[0.299s] Level 1:colcon.colcon_core.package_identification:_identify(build) by extension 'ignore'
[0.299s] Level 1:colcon.colcon_core.package_identification:_identify(build) ignored
[0.299s] Level 1:colcon.colcon_core.package_identification:_identify(install) by extensions ['ignore', 'ignore_ament_install']
[0.299s] Level 1:colcon.colcon_core.package_identification:_identify(install) by extension 'ignore'
[0.299s] Level 1:colcon.colcon_core.package_identification:_identify(install) ignored
[0.299s] Level 1:colcon.colcon_core.package_identification:_identify(interface_example) by extensions ['ignore', 'ignore_ament_install']
[0.300s] Level 1:colcon.colcon_core.package_identification:_identify(interface_example) by extension 'ignore'
[0.300s] Level 1:colcon.colcon_core.package_identification:_identify(interface_example) by extension 'ignore_ament_install'
[0.300s] Level 1:colcon.colcon_core.package_identification:_identify(interface_example) by extensions ['colcon_pkg']
[0.300s] Level 1:colcon.colcon_core.package_identification:_identify(interface_example) by extension 'colcon_pkg'
[0.300s] Level 1:colcon.colcon_core.package_identification:_identify(interface_example) by extensions ['colcon_meta']
[0.300s] Level 1:colcon.colcon_core.package_identification:_identify(interface_example) by extension 'colcon_meta'
[0.300s] Level 1:colcon.colcon_core.package_identification:_identify(interface_example) by extensions ['ros']
[0.300s] Level 1:colcon.colcon_core.package_identification:_identify(interface_example) by extension 'ros'
[0.301s] DEBUG:colcon.colcon_core.package_identification:Package 'interface_example' with type 'ros.ament_cmake' and name 'interface_example'
[0.301s] Level 1:colcon.colcon_core.package_identification:_identify(log) by extensions ['ignore', 'ignore_ament_install']
[0.302s] Level 1:colcon.colcon_core.package_identification:_identify(log) by extension 'ignore'
[0.302s] Level 1:colcon.colcon_core.package_identification:_identify(log) ignored
[0.302s] Level 1:colcon.colcon_core.package_identification:_identify(src) by extensions ['ignore', 'ignore_ament_install']
[0.302s] Level 1:colcon.colcon_core.package_identification:_identify(src) by extension 'ignore'
[0.302s] Level 1:colcon.colcon_core.package_identification:_identify(src) by extension 'ignore_ament_install'
[0.302s] Level 1:colcon.colcon_core.package_identification:_identify(src) by extensions ['colcon_pkg']
[0.302s] Level 1:colcon.colcon_core.package_identification:_identify(src) by extension 'colcon_pkg'
[0.302s] Level 1:colcon.colcon_core.package_identification:_identify(src) by extensions ['colcon_meta']
[0.302s] Level 1:colcon.colcon_core.package_identification:_identify(src) by extension 'colcon_meta'
[0.303s] Level 1:colcon.colcon_core.package_identification:_identify(src) by extensions ['ros']
[0.303s] Level 1:colcon.colcon_core.package_identification:_identify(src) by extension 'ros'
[0.303s] Level 1:colcon.colcon_core.package_identification:_identify(src) by extensions ['cmake', 'python']
[0.303s] Level 1:colcon.colcon_core.package_identification:_identify(src) by extension 'cmake'
[0.303s] Level 1:colcon.colcon_core.package_identification:_identify(src) by extension 'python'
[0.303s] Level 1:colcon.colcon_core.package_identification:_identify(src) by extensions ['python_setup_py']
[0.303s] Level 1:colcon.colcon_core.package_identification:_identify(src) by extension 'python_setup_py'
[0.303s] Level 1:colcon.colcon_core.package_identification:_identify(src/arithmetic) by extensions ['ignore', 'ignore_ament_install']
[0.303s] Level 1:colcon.colcon_core.package_identification:_identify(src/arithmetic) by extension 'ignore'
[0.303s] Level 1:colcon.colcon_core.package_identification:_identify(src/arithmetic) by extension 'ignore_ament_install'
[0.303s] Level 1:colcon.colcon_core.package_identification:_identify(src/arithmetic) by extensions ['colcon_pkg']
[0.303s] Level 1:colcon.colcon_core.package_identification:_identify(src/arithmetic) by extension 'colcon_pkg'
[0.303s] Level 1:colcon.colcon_core.package_identification:_identify(src/arithmetic) by extensions ['colcon_meta']
[0.303s] Level 1:colcon.colcon_core.package_identification:_identify(src/arithmetic) by extension 'colcon_meta'
[0.303s] Level 1:colcon.colcon_core.package_identification:_identify(src/arithmetic) by extensions ['ros']
[0.303s] Level 1:colcon.colcon_core.package_identification:_identify(src/arithmetic) by extension 'ros'
[0.304s] DEBUG:colcon.colcon_core.package_identification:Package 'src/arithmetic' with type 'ros.ament_cmake' and name 'arithmetic'
[0.304s] Level 1:colcon.colcon_core.package_identification:_identify(src/move_t_sim) by extensions ['ignore', 'ignore_ament_install']
[0.304s] Level 1:colcon.colcon_core.package_identification:_identify(src/move_t_sim) by extension 'ignore'
[0.304s] Level 1:colcon.colcon_core.package_identification:_identify(src/move_t_sim) by extension 'ignore_ament_install'
[0.304s] Level 1:colcon.colcon_core.package_identification:_identify(src/move_t_sim) by extensions ['colcon_pkg']
[0.304s] Level 1:colcon.colcon_core.package_identification:_identify(src/move_t_sim) by extension 'colcon_pkg'
[0.304s] Level 1:colcon.colcon_core.package_identification:_identify(src/move_t_sim) by extensions ['colcon_meta']
[0.304s] Level 1:colcon.colcon_core.package_identification:_identify(src/move_t_sim) by extension 'colcon_meta'
[0.304s] Level 1:colcon.colcon_core.package_identification:_identify(src/move_t_sim) by extensions ['ros']
[0.304s] Level 1:colcon.colcon_core.package_identification:_identify(src/move_t_sim) by extension 'ros'
[0.305s] DEBUG:colcon.colcon_core.package_identification:Package 'src/move_t_sim' with type 'ros.ament_cmake' and name 'move_t_sim'
[0.305s] Level 1:colcon.colcon_core.package_identification:_identify(src/msg) by extensions ['ignore', 'ignore_ament_install']
[0.305s] Level 1:colcon.colcon_core.package_identification:_identify(src/msg) by extension 'ignore'
[0.305s] Level 1:colcon.colcon_core.package_identification:_identify(src/msg) by extension 'ignore_ament_install'
[0.305s] Level 1:colcon.colcon_core.package_identification:_identify(src/msg) by extensions ['colcon_pkg']
[0.305s] Level 1:colcon.colcon_core.package_identification:_identify(src/msg) by extension 'colcon_pkg'
[0.305s] Level 1:colcon.colcon_core.package_identification:_identify(src/msg) by extensions ['colcon_meta']
[0.305s] Level 1:colcon.colcon_core.package_identification:_identify(src/msg) by extension 'colcon_meta'
[0.305s] Level 1:colcon.colcon_core.package_identification:_identify(src/msg) by extensions ['ros']
[0.305s] Level 1:colcon.colcon_core.package_identification:_identify(src/msg) by extension 'ros'
[0.305s] DEBUG:colcon.colcon_core.package_identification:Package 'src/msg' with type 'ros.ament_cmake' and name 'msg'
[0.305s] Level 1:colcon.colcon_core.package_identification:_identify(src/simple_pkg_cpp) by extensions ['ignore', 'ignore_ament_install']
[0.305s] Level 1:colcon.colcon_core.package_identification:_identify(src/simple_pkg_cpp) by extension 'ignore'
[0.305s] Level 1:colcon.colcon_core.package_identification:_identify(src/simple_pkg_cpp) by extension 'ignore_ament_install'
[0.305s] Level 1:colcon.colcon_core.package_identification:_identify(src/simple_pkg_cpp) by extensions ['colcon_pkg']
[0.306s] Level 1:colcon.colcon_core.package_identification:_identify(src/simple_pkg_cpp) by extension 'colcon_pkg'
[0.306s] Level 1:colcon.colcon_core.package_identification:_identify(src/simple_pkg_cpp) by extensions ['colcon_meta']
[0.306s] Level 1:colcon.colcon_core.package_identification:_identify(src/simple_pkg_cpp) by extension 'colcon_meta'
[0.306s] Level 1:colcon.colcon_core.package_identification:_identify(src/simple_pkg_cpp) by extensions ['ros']
[0.306s] Level 1:colcon.colcon_core.package_identification:_identify(src/simple_pkg_cpp) by extension 'ros'
[0.306s] DEBUG:colcon.colcon_core.package_identification:Package 'src/simple_pkg_cpp' with type 'ros.ament_cmake' and name 'simple_pkg_cpp'
[0.306s] Level 1:colcon.colcon_core.package_identification:_identify(src/turtlebot3_simulations) by extensions ['ignore', 'ignore_ament_install']
[0.306s] Level 1:colcon.colcon_core.package_identification:_identify(src/turtlebot3_simulations) by extension 'ignore'
[0.306s] Level 1:colcon.colcon_core.package_identification:_identify(src/turtlebot3_simulations) by extension 'ignore_ament_install'
[0.306s] Level 1:colcon.colcon_core.package_identification:_identify(src/turtlebot3_simulations) by extensions ['colcon_pkg']
[0.306s] Level 1:colcon.colcon_core.package_identification:_identify(src/turtlebot3_simulations) by extension 'colcon_pkg'
[0.306s] Level 1:colcon.colcon_core.package_identification:_identify(src/turtlebot3_simulations) by extensions ['colcon_meta']
[0.306s] Level 1:colcon.colcon_core.package_identification:_identify(src/turtlebot3_simulations) by extension 'colcon_meta'
[0.306s] Level 1:colcon.colcon_core.package_identification:_identify(src/turtlebot3_simulations) by extensions ['ros']
[0.306s] Level 1:colcon.colcon_core.package_identification:_identify(src/turtlebot3_simulations) by extension 'ros'
[0.306s] Level 1:colcon.colcon_core.package_identification:_identify(src/turtlebot3_simulations) by extensions ['cmake', 'python']
[0.306s] Level 1:colcon.colcon_core.package_identification:_identify(src/turtlebot3_simulations) by extension 'cmake'
[0.306s] Level 1:colcon.colcon_core.package_identification:_identify(src/turtlebot3_simulations) by extension 'python'
[0.307s] Level 1:colcon.colcon_core.package_identification:_identify(src/turtlebot3_simulations) by extensions ['python_setup_py']
[0.307s] Level 1:colcon.colcon_core.package_identification:_identify(src/turtlebot3_simulations) by extension 'python_setup_py'
[0.307s] Level 1:colcon.colcon_core.package_identification:_identify(src/turtlebot3_simulations/turtlebot3_fake_node) by extensions ['ignore', 'ignore_ament_install']
[0.307s] Level 1:colcon.colcon_core.package_identification:_identify(src/turtlebot3_simulations/turtlebot3_fake_node) by extension 'ignore'
[0.307s] Level 1:colcon.colcon_core.package_identification:_identify(src/turtlebot3_simulations/turtlebot3_fake_node) by extension 'ignore_ament_install'
[0.307s] Level 1:colcon.colcon_core.package_identification:_identify(src/turtlebot3_simulations/turtlebot3_fake_node) by extensions ['colcon_pkg']
[0.307s] Level 1:colcon.colcon_core.package_identification:_identify(src/turtlebot3_simulations/turtlebot3_fake_node) by extension 'colcon_pkg'
[0.307s] Level 1:colcon.colcon_core.package_identification:_identify(src/turtlebot3_simulations/turtlebot3_fake_node) by extensions ['colcon_meta']
[0.307s] Level 1:colcon.colcon_core.package_identification:_identify(src/turtlebot3_simulations/turtlebot3_fake_node) by extension 'colcon_meta'
[0.307s] Level 1:colcon.colcon_core.package_identification:_identify(src/turtlebot3_simulations/turtlebot3_fake_node) by extensions ['ros']
[0.307s] Level 1:colcon.colcon_core.package_identification:_identify(src/turtlebot3_simulations/turtlebot3_fake_node) by extension 'ros'
[0.308s] DEBUG:colcon.colcon_core.package_identification:Package 'src/turtlebot3_simulations/turtlebot3_fake_node' with type 'ros.ament_cmake' and name 'turtlebot3_fake_node'
[0.308s] Level 1:colcon.colcon_core.package_identification:_identify(src/turtlebot3_simulations/turtlebot3_gazebo) by extensions ['ignore', 'ignore_ament_install']
[0.308s] Level 1:colcon.colcon_core.package_identification:_identify(src/turtlebot3_simulations/turtlebot3_gazebo) by extension 'ignore'
[0.308s] Level 1:colcon.colcon_core.package_identification:_identify(src/turtlebot3_simulations/turtlebot3_gazebo) by extension 'ignore_ament_install'
[0.308s] Level 1:colcon.colcon_core.package_identification:_identify(src/turtlebot3_simulations/turtlebot3_gazebo) by extensions ['colcon_pkg']
[0.308s] Level 1:colcon.colcon_core.package_identification:_identify(src/turtlebot3_simulations/turtlebot3_gazebo) by extension 'colcon_pkg'
[0.308s] Level 1:colcon.colcon_core.package_identification:_identify(src/turtlebot3_simulations/turtlebot3_gazebo) by extensions ['colcon_meta']
[0.308s] Level 1:colcon.colcon_core.package_identification:_identify(src/turtlebot3_simulations/turtlebot3_gazebo) by extension 'colcon_meta'
[0.308s] Level 1:colcon.colcon_core.package_identification:_identify(src/turtlebot3_simulations/turtlebot3_gazebo) by extensions ['ros']
[0.308s] Level 1:colcon.colcon_core.package_identification:_identify(src/turtlebot3_simulations/turtlebot3_gazebo) by extension 'ros'
[0.309s] DEBUG:colcon.colcon_core.package_identification:Package 'src/turtlebot3_simulations/turtlebot3_gazebo' with type 'ros.ament_cmake' and name 'turtlebot3_gazebo'
[0.309s] Level 1:colcon.colcon_core.package_identification:_identify(src/turtlebot3_simulations/turtlebot3_simulations) by extensions ['ignore', 'ignore_ament_install']
[0.309s] Level 1:colcon.colcon_core.package_identification:_identify(src/turtlebot3_simulations/turtlebot3_simulations) by extension 'ignore'
[0.309s] Level 1:colcon.colcon_core.package_identification:_identify(src/turtlebot3_simulations/turtlebot3_simulations) by extension 'ignore_ament_install'
[0.309s] Level 1:colcon.colcon_core.package_identification:_identify(src/turtlebot3_simulations/turtlebot3_simulations) by extensions ['colcon_pkg']
[0.309s] Level 1:colcon.colcon_core.package_identification:_identify(src/turtlebot3_simulations/turtlebot3_simulations) by extension 'colcon_pkg'
[0.309s] Level 1:colcon.colcon_core.package_identification:_identify(src/turtlebot3_simulations/turtlebot3_simulations) by extensions ['colcon_meta']
[0.309s] Level 1:colcon.colcon_core.package_identification:_identify(src/turtlebot3_simulations/turtlebot3_simulations) by extension 'colcon_meta'
[0.309s] Level 1:colcon.colcon_core.package_identification:_identify(src/turtlebot3_simulations/turtlebot3_simulations) by extensions ['ros']
[0.309s] Level 1:colcon.colcon_core.package_identification:_identify(src/turtlebot3_simulations/turtlebot3_simulations) by extension 'ros'
[0.309s] DEBUG:colcon.colcon_core.package_identification:Package 'src/turtlebot3_simulations/turtlebot3_simulations' with type 'ros.ament_cmake' and name 'turtlebot3_simulations'
[0.309s] Level 1:colcon.colcon_core.package_discovery:discover_packages(recursive) using defaults
[0.309s] Level 1:colcon.colcon_core.package_discovery:discover_packages(ignore) discover
[0.309s] Level 1:colcon.colcon_core.package_discovery:discover_packages(ignore) using defaults
[0.309s] Level 1:colcon.colcon_core.package_discovery:discover_packages(path) discover
[0.310s] Level 1:colcon.colcon_core.package_discovery:discover_packages(path) using defaults
[0.329s] Level 1:colcon.colcon_core.package_discovery:discover_packages(prefix_path) check parameters
[0.329s] Level 1:colcon.colcon_core.package_discovery:discover_packages(prefix_path) discover
[0.338s] DEBUG:colcon.colcon_installed_package_information.package_discovery:Found 8 installed packages in /home/hansollee/kdta_ROS2_workspace/install
[0.339s] DEBUG:colcon.colcon_installed_package_information.package_discovery:Found 378 installed packages in /opt/ros/humble
[0.340s] Level 1:colcon.colcon_core.package_discovery:discover_packages(prefix_path) using defaults
[0.373s] Level 5:colcon.colcon_core.verb:set package 'interface_example' build argument 'cmake_args' from command line to 'None'
[0.373s] Level 5:colcon.colcon_core.verb:set package 'interface_example' build argument 'cmake_target' from command line to 'None'
[0.373s] Level 5:colcon.colcon_core.verb:set package 'interface_example' build argument 'cmake_target_skip_unavailable' from command line to 'False'
[0.373s] Level 5:colcon.colcon_core.verb:set package 'interface_example' build argument 'cmake_clean_cache' from command line to 'False'
[0.373s] Level 5:colcon.colcon_core.verb:set package 'interface_example' build argument 'cmake_clean_first' from command line to 'False'
[0.373s] Level 5:colcon.colcon_core.verb:set package 'interface_example' build argument 'cmake_force_configure' from command line to 'False'
[0.373s] Level 5:colcon.colcon_core.verb:set package 'interface_example' build argument 'ament_cmake_args' from command line to 'None'
[0.373s] Level 5:colcon.colcon_core.verb:set package 'interface_example' build argument 'catkin_cmake_args' from command line to 'None'
[0.373s] Level 5:colcon.colcon_core.verb:set package 'interface_example' build argument 'catkin_skip_building_tests' from command line to 'False'
[0.373s] DEBUG:colcon.colcon_core.verb:Building package 'interface_example' with the following arguments: {'ament_cmake_args': None, 'build_base': '/home/hansollee/kdta_ROS2_workspace/build/interface_example', 'catkin_cmake_args': None, 'catkin_skip_building_tests': False, 'cmake_args': None, 'cmake_clean_cache': False, 'cmake_clean_first': False, 'cmake_force_configure': False, 'cmake_target': None, 'cmake_target_skip_unavailable': False, 'install_base': '/home/hansollee/kdta_ROS2_workspace/install/interface_example', 'merge_install': False, 'path': '/home/hansollee/kdta_ROS2_workspace/interface_example', 'symlink_install': True, 'test_result_base': None}
[0.373s] Level 5:colcon.colcon_core.verb:set package 'move_t_sim' build argument 'cmake_args' from command line to 'None'
[0.373s] Level 5:colcon.colcon_core.verb:set package 'move_t_sim' build argument 'cmake_target' from command line to 'None'
[0.373s] Level 5:colcon.colcon_core.verb:set package 'move_t_sim' build argument 'cmake_target_skip_unavailable' from command line to 'False'
[0.373s] Level 5:colcon.colcon_core.verb:set package 'move_t_sim' build argument 'cmake_clean_cache' from command line to 'False'
[0.373s] Level 5:colcon.colcon_core.verb:set package 'move_t_sim' build argument 'cmake_clean_first' from command line to 'False'
[0.373s] Level 5:colcon.colcon_core.verb:set package 'move_t_sim' build argument 'cmake_force_configure' from command line to 'False'
[0.373s] Level 5:colcon.colcon_core.verb:set package 'move_t_sim' build argument 'ament_cmake_args' from command line to 'None'
[0.373s] Level 5:colcon.colcon_core.verb:set package 'move_t_sim' build argument 'catkin_cmake_args' from command line to 'None'
[0.373s] Level 5:colcon.colcon_core.verb:set package 'move_t_sim' build argument 'catkin_skip_building_tests' from command line to 'False'
[0.373s] DEBUG:colcon.colcon_core.verb:Building package 'move_t_sim' with the following arguments: {'ament_cmake_args': None, 'build_base': '/home/hansollee/kdta_ROS2_workspace/build/move_t_sim', 'catkin_cmake_args': None, 'catkin_skip_building_tests': False, 'cmake_args': None, 'cmake_clean_cache': False, 'cmake_clean_first': False, 'cmake_force_configure': False, 'cmake_target': None, 'cmake_target_skip_unavailable': False, 'install_base': '/home/hansollee/kdta_ROS2_workspace/install/move_t_sim', 'merge_install': False, 'path': '/home/hansollee/kdta_ROS2_workspace/src/move_t_sim', 'symlink_install': True, 'test_result_base': None}
[0.374s] Level 5:colcon.colcon_core.verb:set package 'msg' build argument 'cmake_args' from command line to 'None'
[0.374s] Level 5:colcon.colcon_core.verb:set package 'msg' build argument 'cmake_target' from command line to 'None'
[0.374s] Level 5:colcon.colcon_core.verb:set package 'msg' build argument 'cmake_target_skip_unavailable' from command line to 'False'
[0.374s] Level 5:colcon.colcon_core.verb:set package 'msg' build argument 'cmake_clean_cache' from command line to 'False'
[0.374s] Level 5:colcon.colcon_core.verb:set package 'msg' build argument 'cmake_clean_first' from command line to 'False'
[0.374s] Level 5:colcon.colcon_core.verb:set package 'msg' build argument 'cmake_force_configure' from command line to 'False'
[0.374s] Level 5:colcon.colcon_core.verb:set package 'msg' build argument 'ament_cmake_args' from command line to 'None'
[0.374s] Level 5:colcon.colcon_core.verb:set package 'msg' build argument 'catkin_cmake_args' from command line to 'None'
[0.374s] Level 5:colcon.colcon_core.verb:set package 'msg' build argument 'catkin_skip_building_tests' from command line to 'False'
[0.374s] DEBUG:colcon.colcon_core.verb:Building package 'msg' with the following arguments: {'ament_cmake_args': None, 'build_base': '/home/hansollee/kdta_ROS2_workspace/build/msg', 'catkin_cmake_args': None, 'catkin_skip_building_tests': False, 'cmake_args': None, 'cmake_clean_cache': False, 'cmake_clean_first': False, 'cmake_force_configure': False, 'cmake_target': None, 'cmake_target_skip_unavailable': False, 'install_base': '/home/hansollee/kdta_ROS2_workspace/install/msg', 'merge_install': False, 'path': '/home/hansollee/kdta_ROS2_workspace/src/msg', 'symlink_install': True, 'test_result_base': None}
[0.374s] Level 5:colcon.colcon_core.verb:set package 'simple_pkg_cpp' build argument 'cmake_args' from command line to 'None'
[0.374s] Level 5:colcon.colcon_core.verb:set package 'simple_pkg_cpp' build argument 'cmake_target' from command line to 'None'
[0.374s] Level 5:colcon.colcon_core.verb:set package 'simple_pkg_cpp' build argument 'cmake_target_skip_unavailable' from command line to 'False'
[0.374s] Level 5:colcon.colcon_core.verb:set package 'simple_pkg_cpp' build argument 'cmake_clean_cache' from command line to 'False'
[0.374s] Level 5:colcon.colcon_core.verb:set package 'simple_pkg_cpp' build argument 'cmake_clean_first' from command line to 'False'
[0.374s] Level 5:colcon.colcon_core.verb:set package 'simple_pkg_cpp' build argument 'cmake_force_configure' from command line to 'False'
[0.374s] Level 5:colcon.colcon_core.verb:set package 'simple_pkg_cpp' build argument 'ament_cmake_args' from command line to 'None'
[0.374s] Level 5:colcon.colcon_core.verb:set package 'simple_pkg_cpp' build argument 'catkin_cmake_args' from command line to 'None'
[0.374s] Level 5:colcon.colcon_core.verb:set package 'simple_pkg_cpp' build argument 'catkin_skip_building_tests' from command line to 'False'
[0.374s] DEBUG:colcon.colcon_core.verb:Building package 'simple_pkg_cpp' with the following arguments: {'ament_cmake_args': None, 'build_base': '/home/hansollee/kdta_ROS2_workspace/build/simple_pkg_cpp', 'catkin_cmake_args': None, 'catkin_skip_building_tests': False, 'cmake_args': None, 'cmake_clean_cache': False, 'cmake_clean_first': False, 'cmake_force_configure': False, 'cmake_target': None, 'cmake_target_skip_unavailable': False, 'install_base': '/home/hansollee/kdta_ROS2_workspace/install/simple_pkg_cpp', 'merge_install': False, 'path': '/home/hansollee/kdta_ROS2_workspace/src/simple_pkg_cpp', 'symlink_install': True, 'test_result_base': None}
[0.374s] Level 5:colcon.colcon_core.verb:set package 'turtlebot3_fake_node' build argument 'cmake_args' from command line to 'None'
[0.374s] Level 5:colcon.colcon_core.verb:set package 'turtlebot3_fake_node' build argument 'cmake_target' from command line to 'None'
[0.374s] Level 5:colcon.colcon_core.verb:set package 'turtlebot3_fake_node' build argument 'cmake_target_skip_unavailable' from command line to 'False'
[0.374s] Level 5:colcon.colcon_core.verb:set package 'turtlebot3_fake_node' build argument 'cmake_clean_cache' from command line to 'False'
[0.374s] Level 5:colcon.colcon_core.verb:set package 'turtlebot3_fake_node' build argument 'cmake_clean_first' from command line to 'False'
[0.374s] Level 5:colcon.colcon_core.verb:set package 'turtlebot3_fake_node' build argument 'cmake_force_configure' from command line to 'False'
[0.374s] Level 5:colcon.colcon_core.verb:set package 'turtlebot3_fake_node' build argument 'ament_cmake_args' from command line to 'None'
[0.374s] Level 5:colcon.colcon_core.verb:set package 'turtlebot3_fake_node' build argument 'catkin_cmake_args' from command line to 'None'
[0.374s] Level 5:colcon.colcon_core.verb:set package 'turtlebot3_fake_node' build argument 'catkin_skip_building_tests' from command line to 'False'
[0.374s] DEBUG:colcon.colcon_core.verb:Building package 'turtlebot3_fake_node' with the following arguments: {'ament_cmake_args': None, 'build_base': '/home/hansollee/kdta_ROS2_workspace/build/turtlebot3_fake_node', 'catkin_cmake_args': None, 'catkin_skip_building_tests': False, 'cmake_args': None, 'cmake_clean_cache': False, 'cmake_clean_first': False, 'cmake_force_configure': False, 'cmake_target': None, 'cmake_target_skip_unavailable': False, 'install_base': '/home/hansollee/kdta_ROS2_workspace/install/turtlebot3_fake_node', 'merge_install': False, 'path': '/home/hansollee/kdta_ROS2_workspace/src/turtlebot3_simulations/turtlebot3_fake_node', 'symlink_install': True, 'test_result_base': None}
[0.375s] Level 5:colcon.colcon_core.verb:set package 'turtlebot3_gazebo' build argument 'cmake_args' from command line to 'None'
[0.375s] Level 5:colcon.colcon_core.verb:set package 'turtlebot3_gazebo' build argument 'cmake_target' from command line to 'None'
[0.375s] Level 5:colcon.colcon_core.verb:set package 'turtlebot3_gazebo' build argument 'cmake_target_skip_unavailable' from command line to 'False'
[0.375s] Level 5:colcon.colcon_core.verb:set package 'turtlebot3_gazebo' build argument 'cmake_clean_cache' from command line to 'False'
[0.375s] Level 5:colcon.colcon_core.verb:set package 'turtlebot3_gazebo' build argument 'cmake_clean_first' from command line to 'False'
[0.375s] Level 5:colcon.colcon_core.verb:set package 'turtlebot3_gazebo' build argument 'cmake_force_configure' from command line to 'False'
[0.375s] Level 5:colcon.colcon_core.verb:set package 'turtlebot3_gazebo' build argument 'ament_cmake_args' from command line to 'None'
[0.375s] Level 5:colcon.colcon_core.verb:set package 'turtlebot3_gazebo' build argument 'catkin_cmake_args' from command line to 'None'
[0.375s] Level 5:colcon.colcon_core.verb:set package 'turtlebot3_gazebo' build argument 'catkin_skip_building_tests' from command line to 'False'
[0.375s] DEBUG:colcon.colcon_core.verb:Building package 'turtlebot3_gazebo' with the following arguments: {'ament_cmake_args': None, 'build_base': '/home/hansollee/kdta_ROS2_workspace/build/turtlebot3_gazebo', 'catkin_cmake_args': None, 'catkin_skip_building_tests': False, 'cmake_args': None, 'cmake_clean_cache': False, 'cmake_clean_first': False, 'cmake_force_configure': False, 'cmake_target': None, 'cmake_target_skip_unavailable': False, 'install_base': '/home/hansollee/kdta_ROS2_workspace/install/turtlebot3_gazebo', 'merge_install': False, 'path': '/home/hansollee/kdta_ROS2_workspace/src/turtlebot3_simulations/turtlebot3_gazebo', 'symlink_install': True, 'test_result_base': None}
[0.375s] Level 5:colcon.colcon_core.verb:set package 'arithmetic' build argument 'cmake_args' from command line to 'None'
[0.375s] Level 5:colcon.colcon_core.verb:set package 'arithmetic' build argument 'cmake_target' from command line to 'None'
[0.375s] Level 5:colcon.colcon_core.verb:set package 'arithmetic' build argument 'cmake_target_skip_unavailable' from command line to 'False'
[0.375s] Level 5:colcon.colcon_core.verb:set package 'arithmetic' build argument 'cmake_clean_cache' from command line to 'False'
[0.375s] Level 5:colcon.colcon_core.verb:set package 'arithmetic' build argument 'cmake_clean_first' from command line to 'False'
[0.375s] Level 5:colcon.colcon_core.verb:set package 'arithmetic' build argument 'cmake_force_configure' from command line to 'False'
[0.375s] Level 5:colcon.colcon_core.verb:set package 'arithmetic' build argument 'ament_cmake_args' from command line to 'None'
[0.375s] Level 5:colcon.colcon_core.verb:set package 'arithmetic' build argument 'catkin_cmake_args' from command line to 'None'
[0.375s] Level 5:colcon.colcon_core.verb:set package 'arithmetic' build argument 'catkin_skip_building_tests' from command line to 'False'
[0.375s] DEBUG:colcon.colcon_core.verb:Building package 'arithmetic' with the following arguments: {'ament_cmake_args': None, 'build_base': '/home/hansollee/kdta_ROS2_workspace/build/arithmetic', 'catkin_cmake_args': None, 'catkin_skip_building_tests': False, 'cmake_args': None, 'cmake_clean_cache': False, 'cmake_clean_first': False, 'cmake_force_configure': False, 'cmake_target': None, 'cmake_target_skip_unavailable': False, 'install_base': '/home/hansollee/kdta_ROS2_workspace/install/arithmetic', 'merge_install': False, 'path': '/home/hansollee/kdta_ROS2_workspace/src/arithmetic', 'symlink_install': True, 'test_result_base': None}
[0.375s] Level 5:colcon.colcon_core.verb:set package 'turtlebot3_simulations' build argument 'cmake_args' from command line to 'None'
[0.375s] Level 5:colcon.colcon_core.verb:set package 'turtlebot3_simulations' build argument 'cmake_target' from command line to 'None'
[0.375s] Level 5:colcon.colcon_core.verb:set package 'turtlebot3_simulations' build argument 'cmake_target_skip_unavailable' from command line to 'False'
[0.375s] Level 5:colcon.colcon_core.verb:set package 'turtlebot3_simulations' build argument 'cmake_clean_cache' from command line to 'False'
[0.375s] Level 5:colcon.colcon_core.verb:set package 'turtlebot3_simulations' build argument 'cmake_clean_first' from command line to 'False'
[0.375s] Level 5:colcon.colcon_core.verb:set package 'turtlebot3_simulations' build argument 'cmake_force_configure' from command line to 'False'
[0.376s] Level 5:colcon.colcon_core.verb:set package 'turtlebot3_simulations' build argument 'ament_cmake_args' from command line to 'None'
[0.376s] Level 5:colcon.colcon_core.verb:set package 'turtlebot3_simulations' build argument 'catkin_cmake_args' from command line to 'None'
[0.376s] Level 5:colcon.colcon_core.verb:set package 'turtlebot3_simulations' build argument 'catkin_skip_building_tests' from command line to 'False'
[0.376s] DEBUG:colcon.colcon_core.verb:Building package 'turtlebot3_simulations' with the following arguments: {'ament_cmake_args': None, 'build_base': '/home/hansollee/kdta_ROS2_workspace/build/turtlebot3_simulations', 'catkin_cmake_args': None, 'catkin_skip_building_tests': False, 'cmake_args': None, 'cmake_clean_cache': False, 'cmake_clean_first': False, 'cmake_force_configure': False, 'cmake_target': None, 'cmake_target_skip_unavailable': False, 'install_base': '/home/hansollee/kdta_ROS2_workspace/install/turtlebot3_simulations', 'merge_install': False, 'path': '/home/hansollee/kdta_ROS2_workspace/src/turtlebot3_simulations/turtlebot3_simulations', 'symlink_install': True, 'test_result_base': None}
[0.376s] INFO:colcon.colcon_core.executor:Executing jobs using 'parallel' executor
[0.377s] DEBUG:colcon.colcon_parallel_executor.executor.parallel:run_until_complete
[0.377s] INFO:colcon.colcon_ros.task.ament_cmake.build:Building ROS package in '/home/hansollee/kdta_ROS2_workspace/interface_example' with build type 'ament_cmake'
[0.377s] INFO:colcon.colcon_cmake.task.cmake.build:Building CMake package in '/home/hansollee/kdta_ROS2_workspace/interface_example'
[0.380s] INFO:colcon.colcon_core.plugin_system:Skipping extension 'colcon_core.shell.bat': Not used on non-Windows systems
[0.380s] INFO:colcon.colcon_core.shell:Skip shell extension 'powershell' for command environment: Not usable outside of PowerShell
[0.380s] DEBUG:colcon.colcon_core.shell:Skip shell extension 'dsv' for command environment
[0.383s] INFO:colcon.colcon_ros.task.ament_cmake.build:Building ROS package in '/home/hansollee/kdta_ROS2_workspace/src/turtlebot3_simulations/turtlebot3_fake_node' with build type 'ament_cmake'
[0.384s] INFO:colcon.colcon_cmake.task.cmake.build:Building CMake package in '/home/hansollee/kdta_ROS2_workspace/src/turtlebot3_simulations/turtlebot3_fake_node'
[0.384s] INFO:colcon.colcon_core.shell:Skip shell extension 'powershell' for command environment: Not usable outside of PowerShell
[0.384s] DEBUG:colcon.colcon_core.shell:Skip shell extension 'dsv' for command environment
[0.392s] DEBUG:colcon.colcon_core.event_handler.log_command:Invoking command in '/home/hansollee/kdta_ROS2_workspace/build/interface_example': CMAKE_PREFIX_PATH=${CMAKE_PREFIX_PATH}:/opt/ros/humble /usr/bin/cmake --build /home/hansollee/kdta_ROS2_workspace/build/interface_example -- -j2 -l2
[0.402s] DEBUG:colcon.colcon_core.event_handler.log_command:Invoking command in '/home/hansollee/kdta_ROS2_workspace/build/turtlebot3_fake_node': CMAKE_PREFIX_PATH=${CMAKE_PREFIX_PATH}:/opt/ros/humble /usr/bin/cmake --build /home/hansollee/kdta_ROS2_workspace/build/turtlebot3_fake_node -- -j2 -l2
[0.485s] DEBUG:colcon.colcon_core.event_handler.log_command:Invoked command in '/home/hansollee/kdta_ROS2_workspace/build/turtlebot3_fake_node' returned '0': CMAKE_PREFIX_PATH=${CMAKE_PREFIX_PATH}:/opt/ros/humble /usr/bin/cmake --build /home/hansollee/kdta_ROS2_workspace/build/turtlebot3_fake_node -- -j2 -l2
[0.534s] DEBUG:colcon.colcon_core.event_handler.log_command:Invoking command in '/home/hansollee/kdta_ROS2_workspace/build/turtlebot3_fake_node': CMAKE_PREFIX_PATH=${CMAKE_PREFIX_PATH}:/opt/ros/humble /usr/bin/cmake --install /home/hansollee/kdta_ROS2_workspace/build/turtlebot3_fake_node
[0.566s] Level 1:colcon.colcon_core.environment:create_environment_scripts_only(turtlebot3_fake_node)
[0.567s] DEBUG:colcon.colcon_core.event_handler.log_command:Invoked command in '/home/hansollee/kdta_ROS2_workspace/build/turtlebot3_fake_node' returned '0': CMAKE_PREFIX_PATH=${CMAKE_PREFIX_PATH}:/opt/ros/humble /usr/bin/cmake --install /home/hansollee/kdta_ROS2_workspace/build/turtlebot3_fake_node
[0.571s] Level 1:colcon.colcon_core.environment:checking '/home/hansollee/kdta_ROS2_workspace/install/turtlebot3_fake_node' for CMake module files
[0.571s] Level 1:colcon.colcon_core.environment:checking '/home/hansollee/kdta_ROS2_workspace/install/turtlebot3_fake_node' for CMake config files
[0.571s] Level 1:colcon.colcon_core.shell:create_environment_hook('turtlebot3_fake_node', 'cmake_prefix_path')
[0.572s] INFO:colcon.colcon_core.shell:Creating environment hook '/home/hansollee/kdta_ROS2_workspace/install/turtlebot3_fake_node/share/turtlebot3_fake_node/hook/cmake_prefix_path.ps1'
[0.573s] INFO:colcon.colcon_core.shell:Creating environment descriptor '/home/hansollee/kdta_ROS2_workspace/install/turtlebot3_fake_node/share/turtlebot3_fake_node/hook/cmake_prefix_path.dsv'
[0.575s] INFO:colcon.colcon_core.shell:Creating environment hook '/home/hansollee/kdta_ROS2_workspace/install/turtlebot3_fake_node/share/turtlebot3_fake_node/hook/cmake_prefix_path.sh'
[0.576s] Level 1:colcon.colcon_core.environment:checking '/home/hansollee/kdta_ROS2_workspace/install/turtlebot3_fake_node/lib'
[0.576s] Level 1:colcon.colcon_core.environment:checking '/home/hansollee/kdta_ROS2_workspace/install/turtlebot3_fake_node/bin'
[0.576s] Level 1:colcon.colcon_core.environment:checking '/home/hansollee/kdta_ROS2_workspace/install/turtlebot3_fake_node/lib/pkgconfig/turtlebot3_fake_node.pc'
[0.576s] Level 1:colcon.colcon_core.environment:checking '/home/hansollee/kdta_ROS2_workspace/install/turtlebot3_fake_node/lib/python3.10/site-packages'
[0.577s] Level 1:colcon.colcon_core.environment:checking '/home/hansollee/kdta_ROS2_workspace/install/turtlebot3_fake_node/bin'
[0.577s] INFO:colcon.colcon_core.shell:Creating package script '/home/hansollee/kdta_ROS2_workspace/install/turtlebot3_fake_node/share/turtlebot3_fake_node/package.ps1'
[0.578s] INFO:colcon.colcon_core.shell:Creating package descriptor '/home/hansollee/kdta_ROS2_workspace/install/turtlebot3_fake_node/share/turtlebot3_fake_node/package.dsv'
[0.580s] INFO:colcon.colcon_core.shell:Creating package script '/home/hansollee/kdta_ROS2_workspace/install/turtlebot3_fake_node/share/turtlebot3_fake_node/package.sh'
[0.580s] INFO:colcon.colcon_core.shell:Creating package script '/home/hansollee/kdta_ROS2_workspace/install/turtlebot3_fake_node/share/turtlebot3_fake_node/package.bash'
[0.581s] INFO:colcon.colcon_core.shell:Creating package script '/home/hansollee/kdta_ROS2_workspace/install/turtlebot3_fake_node/share/turtlebot3_fake_node/package.zsh'
[0.582s] Level 1:colcon.colcon_core.environment:create_file_with_runtime_dependencies(/home/hansollee/kdta_ROS2_workspace/install/turtlebot3_fake_node/share/colcon-core/packages/turtlebot3_fake_node)
[0.628s] Level 1:colcon.colcon_core.environment:create_environment_scripts_only(turtlebot3_fake_node)
[0.629s] Level 1:colcon.colcon_core.environment:checking '/home/hansollee/kdta_ROS2_workspace/install/turtlebot3_fake_node' for CMake module files
[0.629s] Level 1:colcon.colcon_core.environment:checking '/home/hansollee/kdta_ROS2_workspace/install/turtlebot3_fake_node' for CMake config files
[0.630s] Level 1:colcon.colcon_core.shell:create_environment_hook('turtlebot3_fake_node', 'cmake_prefix_path')
[0.630s] INFO:colcon.colcon_core.shell:Creating environment hook '/home/hansollee/kdta_ROS2_workspace/install/turtlebot3_fake_node/share/turtlebot3_fake_node/hook/cmake_prefix_path.ps1'
[0.630s] INFO:colcon.colcon_core.shell:Creating environment descriptor '/home/hansollee/kdta_ROS2_workspace/install/turtlebot3_fake_node/share/turtlebot3_fake_node/hook/cmake_prefix_path.dsv'
[0.631s] INFO:colcon.colcon_core.shell:Creating environment hook '/home/hansollee/kdta_ROS2_workspace/install/turtlebot3_fake_node/share/turtlebot3_fake_node/hook/cmake_prefix_path.sh'
[0.632s] Level 1:colcon.colcon_core.environment:checking '/home/hansollee/kdta_ROS2_workspace/install/turtlebot3_fake_node/lib'
[0.632s] Level 1:colcon.colcon_core.environment:checking '/home/hansollee/kdta_ROS2_workspace/install/turtlebot3_fake_node/bin'
[0.632s] Level 1:colcon.colcon_core.environment:checking '/home/hansollee/kdta_ROS2_workspace/install/turtlebot3_fake_node/lib/pkgconfig/turtlebot3_fake_node.pc'
[0.632s] Level 1:colcon.colcon_core.environment:checking '/home/hansollee/kdta_ROS2_workspace/install/turtlebot3_fake_node/lib/python3.10/site-packages'
[0.632s] Level 1:colcon.colcon_core.environment:checking '/home/hansollee/kdta_ROS2_workspace/install/turtlebot3_fake_node/bin'
[0.633s] INFO:colcon.colcon_core.shell:Creating package script '/home/hansollee/kdta_ROS2_workspace/install/turtlebot3_fake_node/share/turtlebot3_fake_node/package.ps1'
[0.633s] INFO:colcon.colcon_core.shell:Creating package descriptor '/home/hansollee/kdta_ROS2_workspace/install/turtlebot3_fake_node/share/turtlebot3_fake_node/package.dsv'
[0.634s] INFO:colcon.colcon_core.shell:Creating package script '/home/hansollee/kdta_ROS2_workspace/install/turtlebot3_fake_node/share/turtlebot3_fake_node/package.sh'
[0.635s] INFO:colcon.colcon_core.shell:Creating package script '/home/hansollee/kdta_ROS2_workspace/install/turtlebot3_fake_node/share/turtlebot3_fake_node/package.bash'
[0.635s] INFO:colcon.colcon_core.shell:Creating package script '/home/hansollee/kdta_ROS2_workspace/install/turtlebot3_fake_node/share/turtlebot3_fake_node/package.zsh'
[0.637s] Level 1:colcon.colcon_core.environment:create_file_with_runtime_dependencies(/home/hansollee/kdta_ROS2_workspace/install/turtlebot3_fake_node/share/colcon-core/packages/turtlebot3_fake_node)
[0.637s] INFO:colcon.colcon_ros.task.ament_cmake.build:Building ROS package in '/home/hansollee/kdta_ROS2_workspace/src/turtlebot3_simulations/turtlebot3_gazebo' with build type 'ament_cmake'
[0.638s] INFO:colcon.colcon_cmake.task.cmake.build:Building CMake package in '/home/hansollee/kdta_ROS2_workspace/src/turtlebot3_simulations/turtlebot3_gazebo'
[0.639s] INFO:colcon.colcon_core.shell:Skip shell extension 'powershell' for command environment: Not usable outside of PowerShell
[0.639s] DEBUG:colcon.colcon_core.shell:Skip shell extension 'dsv' for command environment
[0.646s] DEBUG:colcon.colcon_core.event_handler.log_command:Invoking command in '/home/hansollee/kdta_ROS2_workspace/build/turtlebot3_gazebo': CMAKE_PREFIX_PATH=${CMAKE_PREFIX_PATH}:/opt/ros/humble /usr/bin/cmake --build /home/hansollee/kdta_ROS2_workspace/build/turtlebot3_gazebo -- -j2 -l2
[0.981s] DEBUG:colcon.colcon_core.event_handler.log_command:Invoked command in '/home/hansollee/kdta_ROS2_workspace/build/turtlebot3_gazebo' returned '0': CMAKE_PREFIX_PATH=${CMAKE_PREFIX_PATH}:/opt/ros/humble /usr/bin/cmake --build /home/hansollee/kdta_ROS2_workspace/build/turtlebot3_gazebo -- -j2 -l2
[1.029s] DEBUG:colcon.colcon_core.event_handler.log_command:Invoking command in '/home/hansollee/kdta_ROS2_workspace/build/turtlebot3_gazebo': CMAKE_PREFIX_PATH=${CMAKE_PREFIX_PATH}:/opt/ros/humble /usr/bin/cmake --install /home/hansollee/kdta_ROS2_workspace/build/turtlebot3_gazebo
[1.038s] DEBUG:colcon.colcon_core.event_handler.log_command:Invoked command in '/home/hansollee/kdta_ROS2_workspace/build/interface_example' returned '0': CMAKE_PREFIX_PATH=${CMAKE_PREFIX_PATH}:/opt/ros/humble /usr/bin/cmake --build /home/hansollee/kdta_ROS2_workspace/build/interface_example -- -j2 -l2
[1.085s] Level 1:colcon.colcon_core.environment:create_environment_scripts_only(turtlebot3_gazebo)
[1.086s] Level 1:colcon.colcon_core.environment:checking '/home/hansollee/kdta_ROS2_workspace/install/turtlebot3_gazebo' for CMake module files
[1.086s] Level 1:colcon.colcon_core.environment:checking '/home/hansollee/kdta_ROS2_workspace/install/turtlebot3_gazebo' for CMake config files
[1.086s] Level 1:colcon.colcon_core.shell:create_environment_hook('turtlebot3_gazebo', 'cmake_prefix_path')
[1.087s] INFO:colcon.colcon_core.shell:Creating environment hook '/home/hansollee/kdta_ROS2_workspace/install/turtlebot3_gazebo/share/turtlebot3_gazebo/hook/cmake_prefix_path.ps1'
[1.087s] INFO:colcon.colcon_core.shell:Creating environment descriptor '/home/hansollee/kdta_ROS2_workspace/install/turtlebot3_gazebo/share/turtlebot3_gazebo/hook/cmake_prefix_path.dsv'
[1.088s] DEBUG:colcon.colcon_core.event_handler.log_command:Invoked command in '/home/hansollee/kdta_ROS2_workspace/build/turtlebot3_gazebo' returned '0': CMAKE_PREFIX_PATH=${CMAKE_PREFIX_PATH}:/opt/ros/humble /usr/bin/cmake --install /home/hansollee/kdta_ROS2_workspace/build/turtlebot3_gazebo
[1.088s] INFO:colcon.colcon_core.shell:Creating environment hook '/home/hansollee/kdta_ROS2_workspace/install/turtlebot3_gazebo/share/turtlebot3_gazebo/hook/cmake_prefix_path.sh'
[1.088s] Level 1:colcon.colcon_core.environment:checking '/home/hansollee/kdta_ROS2_workspace/install/turtlebot3_gazebo/lib'
[1.088s] Level 1:colcon.colcon_core.environment:checking '/home/hansollee/kdta_ROS2_workspace/install/turtlebot3_gazebo/bin'
[1.089s] Level 1:colcon.colcon_core.environment:checking '/home/hansollee/kdta_ROS2_workspace/install/turtlebot3_gazebo/lib/pkgconfig/turtlebot3_gazebo.pc'
[1.089s] Level 1:colcon.colcon_core.environment:checking '/home/hansollee/kdta_ROS2_workspace/install/turtlebot3_gazebo/lib/python3.10/site-packages'
[1.089s] Level 1:colcon.colcon_core.environment:checking '/home/hansollee/kdta_ROS2_workspace/install/turtlebot3_gazebo/bin'
[1.089s] INFO:colcon.colcon_core.shell:Creating package script '/home/hansollee/kdta_ROS2_workspace/install/turtlebot3_gazebo/share/turtlebot3_gazebo/package.ps1'
[1.089s] INFO:colcon.colcon_core.shell:Creating package descriptor '/home/hansollee/kdta_ROS2_workspace/install/turtlebot3_gazebo/share/turtlebot3_gazebo/package.dsv'
[1.091s] INFO:colcon.colcon_core.shell:Creating package script '/home/hansollee/kdta_ROS2_workspace/install/turtlebot3_gazebo/share/turtlebot3_gazebo/package.sh'
[1.091s] INFO:colcon.colcon_core.shell:Creating package script '/home/hansollee/kdta_ROS2_workspace/install/turtlebot3_gazebo/share/turtlebot3_gazebo/package.bash'
[1.091s] INFO:colcon.colcon_core.shell:Creating package script '/home/hansollee/kdta_ROS2_workspace/install/turtlebot3_gazebo/share/turtlebot3_gazebo/package.zsh'
[1.092s] Level 1:colcon.colcon_core.environment:create_file_with_runtime_dependencies(/home/hansollee/kdta_ROS2_workspace/install/turtlebot3_gazebo/share/colcon-core/packages/turtlebot3_gazebo)
[1.148s] Level 1:colcon.colcon_core.environment:create_environment_scripts_only(turtlebot3_gazebo)
[1.149s] Level 1:colcon.colcon_core.environment:checking '/home/hansollee/kdta_ROS2_workspace/install/turtlebot3_gazebo' for CMake module files
[1.149s] Level 1:colcon.colcon_core.environment:checking '/home/hansollee/kdta_ROS2_workspace/install/turtlebot3_gazebo' for CMake config files
[1.150s] Level 1:colcon.colcon_core.shell:create_environment_hook('turtlebot3_gazebo', 'cmake_prefix_path')
[1.150s] INFO:colcon.colcon_core.shell:Creating environment hook '/home/hansollee/kdta_ROS2_workspace/install/turtlebot3_gazebo/share/turtlebot3_gazebo/hook/cmake_prefix_path.ps1'
[1.151s] INFO:colcon.colcon_core.shell:Creating environment descriptor '/home/hansollee/kdta_ROS2_workspace/install/turtlebot3_gazebo/share/turtlebot3_gazebo/hook/cmake_prefix_path.dsv'
[1.151s] INFO:colcon.colcon_core.shell:Creating environment hook '/home/hansollee/kdta_ROS2_workspace/install/turtlebot3_gazebo/share/turtlebot3_gazebo/hook/cmake_prefix_path.sh'
[1.152s] Level 1:colcon.colcon_core.environment:checking '/home/hansollee/kdta_ROS2_workspace/install/turtlebot3_gazebo/lib'
[1.152s] Level 1:colcon.colcon_core.environment:checking '/home/hansollee/kdta_ROS2_workspace/install/turtlebot3_gazebo/bin'
[1.152s] Level 1:colcon.colcon_core.environment:checking '/home/hansollee/kdta_ROS2_workspace/install/turtlebot3_gazebo/lib/pkgconfig/turtlebot3_gazebo.pc'
[1.152s] Level 1:colcon.colcon_core.environment:checking '/home/hansollee/kdta_ROS2_workspace/install/turtlebot3_gazebo/lib/python3.10/site-packages'
[1.153s] Level 1:colcon.colcon_core.environment:checking '/home/hansollee/kdta_ROS2_workspace/install/turtlebot3_gazebo/bin'
[1.153s] INFO:colcon.colcon_core.shell:Creating package script '/home/hansollee/kdta_ROS2_workspace/install/turtlebot3_gazebo/share/turtlebot3_gazebo/package.ps1'
[1.153s] INFO:colcon.colcon_core.shell:Creating package descriptor '/home/hansollee/kdta_ROS2_workspace/install/turtlebot3_gazebo/share/turtlebot3_gazebo/package.dsv'
[1.154s] INFO:colcon.colcon_core.shell:Creating package script '/home/hansollee/kdta_ROS2_workspace/install/turtlebot3_gazebo/share/turtlebot3_gazebo/package.sh'
[1.155s] INFO:colcon.colcon_core.shell:Creating package script '/home/hansollee/kdta_ROS2_workspace/install/turtlebot3_gazebo/share/turtlebot3_gazebo/package.bash'
[1.155s] INFO:colcon.colcon_core.shell:Creating package script '/home/hansollee/kdta_ROS2_workspace/install/turtlebot3_gazebo/share/turtlebot3_gazebo/package.zsh'
[1.156s] Level 1:colcon.colcon_core.environment:create_file_with_runtime_dependencies(/home/hansollee/kdta_ROS2_workspace/install/turtlebot3_gazebo/share/colcon-core/packages/turtlebot3_gazebo)
[1.159s] INFO:colcon.colcon_ros.task.ament_cmake.build:Building ROS package in '/home/hansollee/kdta_ROS2_workspace/src/move_t_sim' with build type 'ament_cmake'
[1.159s] INFO:colcon.colcon_cmake.task.cmake.build:Building CMake package in '/home/hansollee/kdta_ROS2_workspace/src/move_t_sim'
[1.160s] INFO:colcon.colcon_core.shell:Skip shell extension 'powershell' for command environment: Not usable outside of PowerShell
[1.160s] DEBUG:colcon.colcon_core.shell:Skip shell extension 'dsv' for command environment
[1.170s] DEBUG:colcon.colcon_core.event_handler.log_command:Invoking command in '/home/hansollee/kdta_ROS2_workspace/build/move_t_sim': CMAKE_PREFIX_PATH=${CMAKE_PREFIX_PATH}:/opt/ros/humble /usr/bin/cmake --build /home/hansollee/kdta_ROS2_workspace/build/move_t_sim -- -j2 -l2
[1.333s] DEBUG:colcon.colcon_core.event_handler.log_command:Invoking command in '/home/hansollee/kdta_ROS2_workspace/build/interface_example': CMAKE_PREFIX_PATH=${CMAKE_PREFIX_PATH}:/opt/ros/humble /usr/bin/cmake --install /home/hansollee/kdta_ROS2_workspace/build/interface_example
[1.491s] Level 1:colcon.colcon_core.environment:create_environment_scripts_only(interface_example)
[1.492s] Level 1:colcon.colcon_core.environment:checking '/home/hansollee/kdta_ROS2_workspace/install/interface_example' for CMake module files
[1.492s] Level 1:colcon.colcon_core.environment:checking '/home/hansollee/kdta_ROS2_workspace/install/interface_example' for CMake config files
[1.493s] Level 1:colcon.colcon_core.shell:create_environment_hook('interface_example', 'cmake_prefix_path')
[1.494s] INFO:colcon.colcon_core.shell:Creating environment hook '/home/hansollee/kdta_ROS2_workspace/install/interface_example/share/interface_example/hook/cmake_prefix_path.ps1'
[1.494s] INFO:colcon.colcon_core.shell:Creating environment descriptor '/home/hansollee/kdta_ROS2_workspace/install/interface_example/share/interface_example/hook/cmake_prefix_path.dsv'
[1.495s] INFO:colcon.colcon_core.shell:Creating environment hook '/home/hansollee/kdta_ROS2_workspace/install/interface_example/share/interface_example/hook/cmake_prefix_path.sh'
[1.496s] Level 1:colcon.colcon_core.environment:checking '/home/hansollee/kdta_ROS2_workspace/install/interface_example/lib'
[1.496s] Level 1:colcon.colcon_core.shell:create_environment_hook('interface_example', 'ld_library_path_lib')
[1.496s] INFO:colcon.colcon_core.shell:Creating environment hook '/home/hansollee/kdta_ROS2_workspace/install/interface_example/share/interface_example/hook/ld_library_path_lib.ps1'
[1.496s] INFO:colcon.colcon_core.shell:Creating environment descriptor '/home/hansollee/kdta_ROS2_workspace/install/interface_example/share/interface_example/hook/ld_library_path_lib.dsv'
[1.497s] INFO:colcon.colcon_core.shell:Creating environment hook '/home/hansollee/kdta_ROS2_workspace/install/interface_example/share/interface_example/hook/ld_library_path_lib.sh'
[1.498s] Level 1:colcon.colcon_core.environment:checking '/home/hansollee/kdta_ROS2_workspace/install/interface_example/bin'
[1.498s] Level 1:colcon.colcon_core.environment:checking '/home/hansollee/kdta_ROS2_workspace/install/interface_example/lib/pkgconfig/interface_example.pc'
[1.498s] Level 1:colcon.colcon_core.environment:checking '/home/hansollee/kdta_ROS2_workspace/install/interface_example/lib/python3.10/site-packages'
[1.498s] Level 1:colcon.colcon_core.environment:checking '/home/hansollee/kdta_ROS2_workspace/install/interface_example/bin'
[1.499s] INFO:colcon.colcon_core.shell:Creating package script '/home/hansollee/kdta_ROS2_workspace/install/interface_example/share/interface_example/package.ps1'
[1.499s] INFO:colcon.colcon_core.shell:Creating package descriptor '/home/hansollee/kdta_ROS2_workspace/install/interface_example/share/interface_example/package.dsv'
[1.499s] INFO:colcon.colcon_core.shell:Creating package script '/home/hansollee/kdta_ROS2_workspace/install/interface_example/share/interface_example/package.sh'
[1.500s] INFO:colcon.colcon_core.shell:Creating package script '/home/hansollee/kdta_ROS2_workspace/install/interface_example/share/interface_example/package.bash'
[1.500s] INFO:colcon.colcon_core.shell:Creating package script '/home/hansollee/kdta_ROS2_workspace/install/interface_example/share/interface_example/package.zsh'
[1.500s] Level 1:colcon.colcon_core.environment:create_file_with_runtime_dependencies(/home/hansollee/kdta_ROS2_workspace/install/interface_example/share/colcon-core/packages/interface_example)
[1.504s] DEBUG:colcon.colcon_core.event_handler.log_command:Invoked command in '/home/hansollee/kdta_ROS2_workspace/build/interface_example' returned '0': CMAKE_PREFIX_PATH=${CMAKE_PREFIX_PATH}:/opt/ros/humble /usr/bin/cmake --install /home/hansollee/kdta_ROS2_workspace/build/interface_example
[1.739s] Level 1:colcon.colcon_core.environment:create_environment_scripts_only(interface_example)
[1.740s] Level 1:colcon.colcon_core.environment:checking '/home/hansollee/kdta_ROS2_workspace/install/interface_example' for CMake module files
[1.740s] Level 1:colcon.colcon_core.environment:checking '/home/hansollee/kdta_ROS2_workspace/install/interface_example' for CMake config files
[1.741s] Level 1:colcon.colcon_core.shell:create_environment_hook('interface_example', 'cmake_prefix_path')
[1.741s] INFO:colcon.colcon_core.shell:Creating environment hook '/home/hansollee/kdta_ROS2_workspace/install/interface_example/share/interface_example/hook/cmake_prefix_path.ps1'
[1.742s] INFO:colcon.colcon_core.shell:Creating environment descriptor '/home/hansollee/kdta_ROS2_workspace/install/interface_example/share/interface_example/hook/cmake_prefix_path.dsv'
[1.742s] INFO:colcon.colcon_core.shell:Creating environment hook '/home/hansollee/kdta_ROS2_workspace/install/interface_example/share/interface_example/hook/cmake_prefix_path.sh'
[1.743s] Level 1:colcon.colcon_core.environment:checking '/home/hansollee/kdta_ROS2_workspace/install/interface_example/lib'
[1.743s] Level 1:colcon.colcon_core.shell:create_environment_hook('interface_example', 'ld_library_path_lib')
[1.743s] INFO:colcon.colcon_core.shell:Creating environment hook '/home/hansollee/kdta_ROS2_workspace/install/interface_example/share/interface_example/hook/ld_library_path_lib.ps1'
[1.744s] INFO:colcon.colcon_core.shell:Creating environment descriptor '/home/hansollee/kdta_ROS2_workspace/install/interface_example/share/interface_example/hook/ld_library_path_lib.dsv'
[1.744s] INFO:colcon.colcon_core.shell:Creating environment hook '/home/hansollee/kdta_ROS2_workspace/install/interface_example/share/interface_example/hook/ld_library_path_lib.sh'
[1.744s] Level 1:colcon.colcon_core.environment:checking '/home/hansollee/kdta_ROS2_workspace/install/interface_example/bin'
[1.744s] Level 1:colcon.colcon_core.environment:checking '/home/hansollee/kdta_ROS2_workspace/install/interface_example/lib/pkgconfig/interface_example.pc'
[1.744s] Level 1:colcon.colcon_core.environment:checking '/home/hansollee/kdta_ROS2_workspace/install/interface_example/lib/python3.10/site-packages'
[1.745s] Level 1:colcon.colcon_core.environment:checking '/home/hansollee/kdta_ROS2_workspace/install/interface_example/bin'
[1.745s] INFO:colcon.colcon_core.shell:Creating package script '/home/hansollee/kdta_ROS2_workspace/install/interface_example/share/interface_example/package.ps1'
[1.746s] INFO:colcon.colcon_core.shell:Creating package descriptor '/home/hansollee/kdta_ROS2_workspace/install/interface_example/share/interface_example/package.dsv'
[1.746s] INFO:colcon.colcon_core.shell:Creating package script '/home/hansollee/kdta_ROS2_workspace/install/interface_example/share/interface_example/package.sh'
[1.747s] INFO:colcon.colcon_core.shell:Creating package script '/home/hansollee/kdta_ROS2_workspace/install/interface_example/share/interface_example/package.bash'
[1.747s] INFO:colcon.colcon_core.shell:Creating package script '/home/hansollee/kdta_ROS2_workspace/install/interface_example/share/interface_example/package.zsh'
[1.747s] Level 1:colcon.colcon_core.environment:create_file_with_runtime_dependencies(/home/hansollee/kdta_ROS2_workspace/install/interface_example/share/colcon-core/packages/interface_example)
[1.748s] INFO:colcon.colcon_ros.task.ament_cmake.build:Building ROS package in '/home/hansollee/kdta_ROS2_workspace/src/msg' with build type 'ament_cmake'
[1.748s] INFO:colcon.colcon_cmake.task.cmake.build:Building CMake package in '/home/hansollee/kdta_ROS2_workspace/src/msg'
[1.748s] INFO:colcon.colcon_core.shell:Skip shell extension 'powershell' for command environment: Not usable outside of PowerShell
[1.748s] DEBUG:colcon.colcon_core.shell:Skip shell extension 'dsv' for command environment
[1.763s] DEBUG:colcon.colcon_core.event_handler.log_command:Invoking command in '/home/hansollee/kdta_ROS2_workspace/build/msg': CMAKE_PREFIX_PATH=${CMAKE_PREFIX_PATH}:/opt/ros/humble /usr/bin/cmake --build /home/hansollee/kdta_ROS2_workspace/build/msg -- -j2 -l2
[1.924s] DEBUG:colcon.colcon_core.event_handler.log_command:Invoked command in '/home/hansollee/kdta_ROS2_workspace/build/msg' returned '0': CMAKE_PREFIX_PATH=${CMAKE_PREFIX_PATH}:/opt/ros/humble /usr/bin/cmake --build /home/hansollee/kdta_ROS2_workspace/build/msg -- -j2 -l2
[1.995s] DEBUG:colcon.colcon_core.event_handler.log_command:Invoking command in '/home/hansollee/kdta_ROS2_workspace/build/msg': CMAKE_PREFIX_PATH=${CMAKE_PREFIX_PATH}:/opt/ros/humble /usr/bin/cmake --install /home/hansollee/kdta_ROS2_workspace/build/msg
[2.019s] Level 1:colcon.colcon_core.environment:create_environment_scripts_only(msg)
[2.019s] Level 1:colcon.colcon_core.environment:checking '/home/hansollee/kdta_ROS2_workspace/install/msg' for CMake module files
[2.020s] DEBUG:colcon.colcon_core.event_handler.log_command:Invoked command in '/home/hansollee/kdta_ROS2_workspace/build/msg' returned '0': CMAKE_PREFIX_PATH=${CMAKE_PREFIX_PATH}:/opt/ros/humble /usr/bin/cmake --install /home/hansollee/kdta_ROS2_workspace/build/msg
[2.020s] Level 1:colcon.colcon_core.environment:checking '/home/hansollee/kdta_ROS2_workspace/install/msg' for CMake config files
[2.020s] Level 1:colcon.colcon_core.shell:create_environment_hook('msg', 'cmake_prefix_path')
[2.020s] INFO:colcon.colcon_core.shell:Creating environment hook '/home/hansollee/kdta_ROS2_workspace/install/msg/share/msg/hook/cmake_prefix_path.ps1'
[2.021s] INFO:colcon.colcon_core.shell:Creating environment descriptor '/home/hansollee/kdta_ROS2_workspace/install/msg/share/msg/hook/cmake_prefix_path.dsv'
[2.021s] INFO:colcon.colcon_core.shell:Creating environment hook '/home/hansollee/kdta_ROS2_workspace/install/msg/share/msg/hook/cmake_prefix_path.sh'
[2.022s] Level 1:colcon.colcon_core.environment:checking '/home/hansollee/kdta_ROS2_workspace/install/msg/lib'
[2.022s] Level 1:colcon.colcon_core.environment:checking '/home/hansollee/kdta_ROS2_workspace/install/msg/bin'
[2.022s] Level 1:colcon.colcon_core.environment:checking '/home/hansollee/kdta_ROS2_workspace/install/msg/lib/pkgconfig/msg.pc'
[2.022s] Level 1:colcon.colcon_core.environment:checking '/home/hansollee/kdta_ROS2_workspace/install/msg/lib/python3.10/site-packages'
[2.022s] Level 1:colcon.colcon_core.environment:checking '/home/hansollee/kdta_ROS2_workspace/install/msg/bin'
[2.022s] INFO:colcon.colcon_core.shell:Creating package script '/home/hansollee/kdta_ROS2_workspace/install/msg/share/msg/package.ps1'
[2.023s] INFO:colcon.colcon_core.shell:Creating package descriptor '/home/hansollee/kdta_ROS2_workspace/install/msg/share/msg/package.dsv'
[2.023s] INFO:colcon.colcon_core.shell:Creating package script '/home/hansollee/kdta_ROS2_workspace/install/msg/share/msg/package.sh'
[2.023s] INFO:colcon.colcon_core.shell:Creating package script '/home/hansollee/kdta_ROS2_workspace/install/msg/share/msg/package.bash'
[2.024s] INFO:colcon.colcon_core.shell:Creating package script '/home/hansollee/kdta_ROS2_workspace/install/msg/share/msg/package.zsh'
[2.024s] Level 1:colcon.colcon_core.environment:create_file_with_runtime_dependencies(/home/hansollee/kdta_ROS2_workspace/install/msg/share/colcon-core/packages/msg)
[2.091s] Level 1:colcon.colcon_core.environment:create_environment_scripts_only(msg)
[2.092s] Level 1:colcon.colcon_core.environment:checking '/home/hansollee/kdta_ROS2_workspace/install/msg' for CMake module files
[2.092s] Level 1:colcon.colcon_core.environment:checking '/home/hansollee/kdta_ROS2_workspace/install/msg' for CMake config files
[2.093s] Level 1:colcon.colcon_core.shell:create_environment_hook('msg', 'cmake_prefix_path')
[2.093s] INFO:colcon.colcon_core.shell:Creating environment hook '/home/hansollee/kdta_ROS2_workspace/install/msg/share/msg/hook/cmake_prefix_path.ps1'
[2.093s] INFO:colcon.colcon_core.shell:Creating environment descriptor '/home/hansollee/kdta_ROS2_workspace/install/msg/share/msg/hook/cmake_prefix_path.dsv'
[2.094s] INFO:colcon.colcon_core.shell:Creating environment hook '/home/hansollee/kdta_ROS2_workspace/install/msg/share/msg/hook/cmake_prefix_path.sh'
[2.094s] Level 1:colcon.colcon_core.environment:checking '/home/hansollee/kdta_ROS2_workspace/install/msg/lib'
[2.094s] Level 1:colcon.colcon_core.environment:checking '/home/hansollee/kdta_ROS2_workspace/install/msg/bin'
[2.094s] Level 1:colcon.colcon_core.environment:checking '/home/hansollee/kdta_ROS2_workspace/install/msg/lib/pkgconfig/msg.pc'
[2.095s] Level 1:colcon.colcon_core.environment:checking '/home/hansollee/kdta_ROS2_workspace/install/msg/lib/python3.10/site-packages'
[2.095s] Level 1:colcon.colcon_core.environment:checking '/home/hansollee/kdta_ROS2_workspace/install/msg/bin'
[2.095s] INFO:colcon.colcon_core.shell:Creating package script '/home/hansollee/kdta_ROS2_workspace/install/msg/share/msg/package.ps1'
[2.095s] INFO:colcon.colcon_core.shell:Creating package descriptor '/home/hansollee/kdta_ROS2_workspace/install/msg/share/msg/package.dsv'
[2.096s] INFO:colcon.colcon_core.shell:Creating package script '/home/hansollee/kdta_ROS2_workspace/install/msg/share/msg/package.sh'
[2.096s] INFO:colcon.colcon_core.shell:Creating package script '/home/hansollee/kdta_ROS2_workspace/install/msg/share/msg/package.bash'
[2.096s] INFO:colcon.colcon_core.shell:Creating package script '/home/hansollee/kdta_ROS2_workspace/install/msg/share/msg/package.zsh'
[2.097s] Level 1:colcon.colcon_core.environment:create_file_with_runtime_dependencies(/home/hansollee/kdta_ROS2_workspace/install/msg/share/colcon-core/packages/msg)
[2.097s] INFO:colcon.colcon_ros.task.ament_cmake.build:Building ROS package in '/home/hansollee/kdta_ROS2_workspace/src/simple_pkg_cpp' with build type 'ament_cmake'
[2.097s] INFO:colcon.colcon_cmake.task.cmake.build:Building CMake package in '/home/hansollee/kdta_ROS2_workspace/src/simple_pkg_cpp'
[2.097s] INFO:colcon.colcon_core.shell:Skip shell extension 'powershell' for command environment: Not usable outside of PowerShell
[2.098s] DEBUG:colcon.colcon_core.shell:Skip shell extension 'dsv' for command environment
[2.111s] DEBUG:colcon.colcon_core.event_handler.log_command:Invoking command in '/home/hansollee/kdta_ROS2_workspace/build/simple_pkg_cpp': CMAKE_PREFIX_PATH=${CMAKE_PREFIX_PATH}:/opt/ros/humble /usr/bin/cmake --build /home/hansollee/kdta_ROS2_workspace/build/simple_pkg_cpp -- -j2 -l2
[2.758s] DEBUG:colcon.colcon_core.event_handler.log_command:Invoked command in '/home/hansollee/kdta_ROS2_workspace/build/simple_pkg_cpp' returned '0': CMAKE_PREFIX_PATH=${CMAKE_PREFIX_PATH}:/opt/ros/humble /usr/bin/cmake --build /home/hansollee/kdta_ROS2_workspace/build/simple_pkg_cpp -- -j2 -l2
[3.262s] DEBUG:colcon.colcon_core.event_handler.log_command:Invoking command in '/home/hansollee/kdta_ROS2_workspace/build/simple_pkg_cpp': CMAKE_PREFIX_PATH=${CMAKE_PREFIX_PATH}:/opt/ros/humble /usr/bin/cmake --install /home/hansollee/kdta_ROS2_workspace/build/simple_pkg_cpp
[3.351s] Level 1:colcon.colcon_core.environment:create_environment_scripts_only(simple_pkg_cpp)
[3.351s] Level 1:colcon.colcon_core.environment:checking '/home/hansollee/kdta_ROS2_workspace/install/simple_pkg_cpp' for CMake module files
[3.351s] Level 1:colcon.colcon_core.environment:checking '/home/hansollee/kdta_ROS2_workspace/install/simple_pkg_cpp' for CMake config files
[3.351s] Level 1:colcon.colcon_core.shell:create_environment_hook('simple_pkg_cpp', 'cmake_prefix_path')
[3.352s] INFO:colcon.colcon_core.shell:Creating environment hook '/home/hansollee/kdta_ROS2_workspace/install/simple_pkg_cpp/share/simple_pkg_cpp/hook/cmake_prefix_path.ps1'
[3.352s] INFO:colcon.colcon_core.shell:Creating environment descriptor '/home/hansollee/kdta_ROS2_workspace/install/simple_pkg_cpp/share/simple_pkg_cpp/hook/cmake_prefix_path.dsv'
[3.352s] INFO:colcon.colcon_core.shell:Creating environment hook '/home/hansollee/kdta_ROS2_workspace/install/simple_pkg_cpp/share/simple_pkg_cpp/hook/cmake_prefix_path.sh'
[3.353s] DEBUG:colcon.colcon_core.event_handler.log_command:Invoked command in '/home/hansollee/kdta_ROS2_workspace/build/simple_pkg_cpp' returned '0': CMAKE_PREFIX_PATH=${CMAKE_PREFIX_PATH}:/opt/ros/humble /usr/bin/cmake --install /home/hansollee/kdta_ROS2_workspace/build/simple_pkg_cpp
[3.354s] Level 1:colcon.colcon_core.environment:checking '/home/hansollee/kdta_ROS2_workspace/install/simple_pkg_cpp/lib'
[3.354s] Level 1:colcon.colcon_core.environment:checking '/home/hansollee/kdta_ROS2_workspace/install/simple_pkg_cpp/bin'
[3.354s] Level 1:colcon.colcon_core.environment:checking '/home/hansollee/kdta_ROS2_workspace/install/simple_pkg_cpp/lib/pkgconfig/simple_pkg_cpp.pc'
[3.354s] Level 1:colcon.colcon_core.environment:checking '/home/hansollee/kdta_ROS2_workspace/install/simple_pkg_cpp/lib/python3.10/site-packages'
[3.354s] Level 1:colcon.colcon_core.environment:checking '/home/hansollee/kdta_ROS2_workspace/install/simple_pkg_cpp/bin'
[3.354s] INFO:colcon.colcon_core.shell:Creating package script '/home/hansollee/kdta_ROS2_workspace/install/simple_pkg_cpp/share/simple_pkg_cpp/package.ps1'
[3.355s] INFO:colcon.colcon_core.shell:Creating package descriptor '/home/hansollee/kdta_ROS2_workspace/install/simple_pkg_cpp/share/simple_pkg_cpp/package.dsv'
[3.355s] INFO:colcon.colcon_core.shell:Creating package script '/home/hansollee/kdta_ROS2_workspace/install/simple_pkg_cpp/share/simple_pkg_cpp/package.sh'
[3.355s] INFO:colcon.colcon_core.shell:Creating package script '/home/hansollee/kdta_ROS2_workspace/install/simple_pkg_cpp/share/simple_pkg_cpp/package.bash'
[3.356s] INFO:colcon.colcon_core.shell:Creating package script '/home/hansollee/kdta_ROS2_workspace/install/simple_pkg_cpp/share/simple_pkg_cpp/package.zsh'
[3.356s] Level 1:colcon.colcon_core.environment:create_file_with_runtime_dependencies(/home/hansollee/kdta_ROS2_workspace/install/simple_pkg_cpp/share/colcon-core/packages/simple_pkg_cpp)
[4.219s] Level 1:colcon.colcon_core.environment:create_environment_scripts_only(simple_pkg_cpp)
[4.220s] Level 1:colcon.colcon_core.environment:checking '/home/hansollee/kdta_ROS2_workspace/install/simple_pkg_cpp' for CMake module files
[4.220s] Level 1:colcon.colcon_core.environment:checking '/home/hansollee/kdta_ROS2_workspace/install/simple_pkg_cpp' for CMake config files
[4.220s] Level 1:colcon.colcon_core.shell:create_environment_hook('simple_pkg_cpp', 'cmake_prefix_path')
[4.226s] INFO:colcon.colcon_core.shell:Creating environment hook '/home/hansollee/kdta_ROS2_workspace/install/simple_pkg_cpp/share/simple_pkg_cpp/hook/cmake_prefix_path.ps1'
[4.227s] INFO:colcon.colcon_core.shell:Creating environment descriptor '/home/hansollee/kdta_ROS2_workspace/install/simple_pkg_cpp/share/simple_pkg_cpp/hook/cmake_prefix_path.dsv'
[4.227s] INFO:colcon.colcon_core.shell:Creating environment hook '/home/hansollee/kdta_ROS2_workspace/install/simple_pkg_cpp/share/simple_pkg_cpp/hook/cmake_prefix_path.sh'
[4.228s] Level 1:colcon.colcon_core.environment:checking '/home/hansollee/kdta_ROS2_workspace/install/simple_pkg_cpp/lib'
[4.228s] Level 1:colcon.colcon_core.environment:checking '/home/hansollee/kdta_ROS2_workspace/install/simple_pkg_cpp/bin'
[4.228s] Level 1:colcon.colcon_core.environment:checking '/home/hansollee/kdta_ROS2_workspace/install/simple_pkg_cpp/lib/pkgconfig/simple_pkg_cpp.pc'
[4.228s] Level 1:colcon.colcon_core.environment:checking '/home/hansollee/kdta_ROS2_workspace/install/simple_pkg_cpp/lib/python3.10/site-packages'
[4.228s] Level 1:colcon.colcon_core.environment:checking '/home/hansollee/kdta_ROS2_workspace/install/simple_pkg_cpp/bin'
[4.228s] INFO:colcon.colcon_core.shell:Creating package script '/home/hansollee/kdta_ROS2_workspace/install/simple_pkg_cpp/share/simple_pkg_cpp/package.ps1'
[4.229s] INFO:colcon.colcon_core.shell:Creating package descriptor '/home/hansollee/kdta_ROS2_workspace/install/simple_pkg_cpp/share/simple_pkg_cpp/package.dsv'
[4.233s] INFO:colcon.colcon_core.shell:Creating package script '/home/hansollee/kdta_ROS2_workspace/install/simple_pkg_cpp/share/simple_pkg_cpp/package.sh'
[4.235s] INFO:colcon.colcon_core.shell:Creating package script '/home/hansollee/kdta_ROS2_workspace/install/simple_pkg_cpp/share/simple_pkg_cpp/package.bash'
[4.235s] INFO:colcon.colcon_core.shell:Creating package script '/home/hansollee/kdta_ROS2_workspace/install/simple_pkg_cpp/share/simple_pkg_cpp/package.zsh'
[4.245s] Level 1:colcon.colcon_core.environment:create_file_with_runtime_dependencies(/home/hansollee/kdta_ROS2_workspace/install/simple_pkg_cpp/share/colcon-core/packages/simple_pkg_cpp)
[4.246s] INFO:colcon.colcon_ros.task.ament_cmake.build:Building ROS package in '/home/hansollee/kdta_ROS2_workspace/src/arithmetic' with build type 'ament_cmake'
[4.246s] INFO:colcon.colcon_cmake.task.cmake.build:Building CMake package in '/home/hansollee/kdta_ROS2_workspace/src/arithmetic'
[4.246s] INFO:colcon.colcon_core.shell:Skip shell extension 'powershell' for command environment: Not usable outside of PowerShell
[4.246s] DEBUG:colcon.colcon_core.shell:Skip shell extension 'dsv' for command environment
[4.325s] DEBUG:colcon.colcon_core.event_handler.log_command:Invoking command in '/home/hansollee/kdta_ROS2_workspace/build/arithmetic': CMAKE_PREFIX_PATH=/home/hansollee/kdta_ROS2_workspace/install/interface_example:/home/hansollee/kdta_ROS2_workspace/install/turtlebot3_simulations:/home/hansollee/kdta_ROS2_workspace/install/turtlebot3_gazebo:/home/hansollee/kdta_ROS2_workspace/install/turtlebot3_fake_node:/home/hansollee/kdta_ROS2_workspace/install/simple_pkg_cpp:/home/hansollee/kdta_ROS2_workspace/install/msg:/home/hansollee/kdta_ROS2_workspace/install/move_t_sim:/home/hansollee/kdta_ROS2_workspace/install/arithmetic:/opt/ros/humble LD_LIBRARY_PATH=/home/hansollee/kdta_ROS2_workspace/install/interface_example/lib:/usr/lib/x86_64-linux-gnu/gazebo-11/plugins:/opt/ros/humble/opt/rviz_ogre_vendor/lib:/opt/ros/humble/lib/x86_64-linux-gnu:/opt/ros/humble/lib:/usr/lib/x86_64-linux-gnu/gazebo-11/plugins:/usr/lib/x86_64-linux-gnu/gazebo-11/plugins:/usr/lib/x86_64-linux-gnu/gazebo-11/plugins /usr/bin/cmake --build /home/hansollee/kdta_ROS2_workspace/build/arithmetic -- -j2 -l2
[4.726s] DEBUG:colcon.colcon_core.event_handler.log_command:Invoked command in '/home/hansollee/kdta_ROS2_workspace/build/arithmetic' returned '0': CMAKE_PREFIX_PATH=/home/hansollee/kdta_ROS2_workspace/install/interface_example:/home/hansollee/kdta_ROS2_workspace/install/turtlebot3_simulations:/home/hansollee/kdta_ROS2_workspace/install/turtlebot3_gazebo:/home/hansollee/kdta_ROS2_workspace/install/turtlebot3_fake_node:/home/hansollee/kdta_ROS2_workspace/install/simple_pkg_cpp:/home/hansollee/kdta_ROS2_workspace/install/msg:/home/hansollee/kdta_ROS2_workspace/install/move_t_sim:/home/hansollee/kdta_ROS2_workspace/install/arithmetic:/opt/ros/humble LD_LIBRARY_PATH=/home/hansollee/kdta_ROS2_workspace/install/interface_example/lib:/usr/lib/x86_64-linux-gnu/gazebo-11/plugins:/opt/ros/humble/opt/rviz_ogre_vendor/lib:/opt/ros/humble/lib/x86_64-linux-gnu:/opt/ros/humble/lib:/usr/lib/x86_64-linux-gnu/gazebo-11/plugins:/usr/lib/x86_64-linux-gnu/gazebo-11/plugins:/usr/lib/x86_64-linux-gnu/gazebo-11/plugins /usr/bin/cmake --build /home/hansollee/kdta_ROS2_workspace/build/arithmetic -- -j2 -l2
[5.099s] DEBUG:colcon.colcon_core.event_handler.log_command:Invoking command in '/home/hansollee/kdta_ROS2_workspace/build/arithmetic': CMAKE_PREFIX_PATH=/home/hansollee/kdta_ROS2_workspace/install/interface_example:/home/hansollee/kdta_ROS2_workspace/install/turtlebot3_simulations:/home/hansollee/kdta_ROS2_workspace/install/turtlebot3_gazebo:/home/hansollee/kdta_ROS2_workspace/install/turtlebot3_fake_node:/home/hansollee/kdta_ROS2_workspace/install/simple_pkg_cpp:/home/hansollee/kdta_ROS2_workspace/install/msg:/home/hansollee/kdta_ROS2_workspace/install/move_t_sim:/home/hansollee/kdta_ROS2_workspace/install/arithmetic:/opt/ros/humble LD_LIBRARY_PATH=/home/hansollee/kdta_ROS2_workspace/install/interface_example/lib:/usr/lib/x86_64-linux-gnu/gazebo-11/plugins:/opt/ros/humble/opt/rviz_ogre_vendor/lib:/opt/ros/humble/lib/x86_64-linux-gnu:/opt/ros/humble/lib:/usr/lib/x86_64-linux-gnu/gazebo-11/plugins:/usr/lib/x86_64-linux-gnu/gazebo-11/plugins:/usr/lib/x86_64-linux-gnu/gazebo-11/plugins /usr/bin/cmake --install /home/hansollee/kdta_ROS2_workspace/build/arithmetic
[5.148s] Level 1:colcon.colcon_core.environment:create_environment_scripts_only(arithmetic)
[5.148s] Level 1:colcon.colcon_core.environment:checking '/home/hansollee/kdta_ROS2_workspace/install/arithmetic' for CMake module files
[5.149s] Level 1:colcon.colcon_core.environment:checking '/home/hansollee/kdta_ROS2_workspace/install/arithmetic' for CMake config files
[5.150s] Level 1:colcon.colcon_core.shell:create_environment_hook('arithmetic', 'cmake_prefix_path')
[5.150s] INFO:colcon.colcon_core.shell:Creating environment hook '/home/hansollee/kdta_ROS2_workspace/install/arithmetic/share/arithmetic/hook/cmake_prefix_path.ps1'
[5.150s] INFO:colcon.colcon_core.shell:Creating environment descriptor '/home/hansollee/kdta_ROS2_workspace/install/arithmetic/share/arithmetic/hook/cmake_prefix_path.dsv'
[5.151s] INFO:colcon.colcon_core.shell:Creating environment hook '/home/hansollee/kdta_ROS2_workspace/install/arithmetic/share/arithmetic/hook/cmake_prefix_path.sh'
[5.152s] Level 1:colcon.colcon_core.environment:checking '/home/hansollee/kdta_ROS2_workspace/install/arithmetic/lib'
[5.152s] Level 1:colcon.colcon_core.environment:checking '/home/hansollee/kdta_ROS2_workspace/install/arithmetic/bin'
[5.152s] Level 1:colcon.colcon_core.environment:checking '/home/hansollee/kdta_ROS2_workspace/install/arithmetic/lib/pkgconfig/arithmetic.pc'
[5.152s] Level 1:colcon.colcon_core.environment:checking '/home/hansollee/kdta_ROS2_workspace/install/arithmetic/lib/python3.10/site-packages'
[5.152s] Level 1:colcon.colcon_core.environment:checking '/home/hansollee/kdta_ROS2_workspace/install/arithmetic/bin'
[5.153s] INFO:colcon.colcon_core.shell:Creating package script '/home/hansollee/kdta_ROS2_workspace/install/arithmetic/share/arithmetic/package.ps1'
[5.153s] DEBUG:colcon.colcon_core.event_handler.log_command:Invoked command in '/home/hansollee/kdta_ROS2_workspace/build/arithmetic' returned '0': CMAKE_PREFIX_PATH=/home/hansollee/kdta_ROS2_workspace/install/interface_example:/home/hansollee/kdta_ROS2_workspace/install/turtlebot3_simulations:/home/hansollee/kdta_ROS2_workspace/install/turtlebot3_gazebo:/home/hansollee/kdta_ROS2_workspace/install/turtlebot3_fake_node:/home/hansollee/kdta_ROS2_workspace/install/simple_pkg_cpp:/home/hansollee/kdta_ROS2_workspace/install/msg:/home/hansollee/kdta_ROS2_workspace/install/move_t_sim:/home/hansollee/kdta_ROS2_workspace/install/arithmetic:/opt/ros/humble LD_LIBRARY_PATH=/home/hansollee/kdta_ROS2_workspace/install/interface_example/lib:/usr/lib/x86_64-linux-gnu/gazebo-11/plugins:/opt/ros/humble/opt/rviz_ogre_vendor/lib:/opt/ros/humble/lib/x86_64-linux-gnu:/opt/ros/humble/lib:/usr/lib/x86_64-linux-gnu/gazebo-11/plugins:/usr/lib/x86_64-linux-gnu/gazebo-11/plugins:/usr/lib/x86_64-linux-gnu/gazebo-11/plugins /usr/bin/cmake --install /home/hansollee/kdta_ROS2_workspace/build/arithmetic
[5.154s] INFO:colcon.colcon_core.shell:Creating package descriptor '/home/hansollee/kdta_ROS2_workspace/install/arithmetic/share/arithmetic/package.dsv'
[5.154s] INFO:colcon.colcon_core.shell:Creating package script '/home/hansollee/kdta_ROS2_workspace/install/arithmetic/share/arithmetic/package.sh'
[5.154s] INFO:colcon.colcon_core.shell:Creating package script '/home/hansollee/kdta_ROS2_workspace/install/arithmetic/share/arithmetic/package.bash'
[5.155s] INFO:colcon.colcon_core.shell:Creating package script '/home/hansollee/kdta_ROS2_workspace/install/arithmetic/share/arithmetic/package.zsh'
[5.155s] Level 1:colcon.colcon_core.environment:create_file_with_runtime_dependencies(/home/hansollee/kdta_ROS2_workspace/install/arithmetic/share/colcon-core/packages/arithmetic)
[5.540s] Level 1:colcon.colcon_core.environment:create_environment_scripts_only(arithmetic)
[5.541s] Level 1:colcon.colcon_core.environment:checking '/home/hansollee/kdta_ROS2_workspace/install/arithmetic' for CMake module files
[5.541s] Level 1:colcon.colcon_core.environment:checking '/home/hansollee/kdta_ROS2_workspace/install/arithmetic' for CMake config files
[5.541s] Level 1:colcon.colcon_core.shell:create_environment_hook('arithmetic', 'cmake_prefix_path')
[5.541s] INFO:colcon.colcon_core.shell:Creating environment hook '/home/hansollee/kdta_ROS2_workspace/install/arithmetic/share/arithmetic/hook/cmake_prefix_path.ps1'
[5.542s] INFO:colcon.colcon_core.shell:Creating environment descriptor '/home/hansollee/kdta_ROS2_workspace/install/arithmetic/share/arithmetic/hook/cmake_prefix_path.dsv'
[5.542s] INFO:colcon.colcon_core.shell:Creating environment hook '/home/hansollee/kdta_ROS2_workspace/install/arithmetic/share/arithmetic/hook/cmake_prefix_path.sh'
[5.543s] Level 1:colcon.colcon_core.environment:checking '/home/hansollee/kdta_ROS2_workspace/install/arithmetic/lib'
[5.543s] Level 1:colcon.colcon_core.environment:checking '/home/hansollee/kdta_ROS2_workspace/install/arithmetic/bin'
[5.543s] Level 1:colcon.colcon_core.environment:checking '/home/hansollee/kdta_ROS2_workspace/install/arithmetic/lib/pkgconfig/arithmetic.pc'
[5.543s] Level 1:colcon.colcon_core.environment:checking '/home/hansollee/kdta_ROS2_workspace/install/arithmetic/lib/python3.10/site-packages'
[5.543s] Level 1:colcon.colcon_core.environment:checking '/home/hansollee/kdta_ROS2_workspace/install/arithmetic/bin'
[5.543s] INFO:colcon.colcon_core.shell:Creating package script '/home/hansollee/kdta_ROS2_workspace/install/arithmetic/share/arithmetic/package.ps1'
[5.544s] INFO:colcon.colcon_core.shell:Creating package descriptor '/home/hansollee/kdta_ROS2_workspace/install/arithmetic/share/arithmetic/package.dsv'
[5.546s] INFO:colcon.colcon_core.shell:Creating package script '/home/hansollee/kdta_ROS2_workspace/install/arithmetic/share/arithmetic/package.sh'
[5.546s] INFO:colcon.colcon_core.shell:Creating package script '/home/hansollee/kdta_ROS2_workspace/install/arithmetic/share/arithmetic/package.bash'
[5.547s] INFO:colcon.colcon_core.shell:Creating package script '/home/hansollee/kdta_ROS2_workspace/install/arithmetic/share/arithmetic/package.zsh'
[5.547s] Level 1:colcon.colcon_core.environment:create_file_with_runtime_dependencies(/home/hansollee/kdta_ROS2_workspace/install/arithmetic/share/colcon-core/packages/arithmetic)
[5.547s] INFO:colcon.colcon_ros.task.ament_cmake.build:Building ROS package in '/home/hansollee/kdta_ROS2_workspace/src/turtlebot3_simulations/turtlebot3_simulations' with build type 'ament_cmake'
[5.547s] INFO:colcon.colcon_cmake.task.cmake.build:Building CMake package in '/home/hansollee/kdta_ROS2_workspace/src/turtlebot3_simulations/turtlebot3_simulations'
[5.547s] INFO:colcon.colcon_core.shell:Skip shell extension 'powershell' for command environment: Not usable outside of PowerShell
[5.548s] DEBUG:colcon.colcon_core.shell:Skip shell extension 'dsv' for command environment
[5.631s] DEBUG:colcon.colcon_core.event_handler.log_command:Invoking command in '/home/hansollee/kdta_ROS2_workspace/build/turtlebot3_simulations': CMAKE_PREFIX_PATH=/home/hansollee/kdta_ROS2_workspace/install/turtlebot3_gazebo:/home/hansollee/kdta_ROS2_workspace/install/turtlebot3_fake_node:/home/hansollee/kdta_ROS2_workspace/install/turtlebot3_simulations:/home/hansollee/kdta_ROS2_workspace/install/simple_pkg_cpp:/home/hansollee/kdta_ROS2_workspace/install/msg:/home/hansollee/kdta_ROS2_workspace/install/move_t_sim:/home/hansollee/kdta_ROS2_workspace/install/arithmetic:/home/hansollee/kdta_ROS2_workspace/install/interface_example:/opt/ros/humble /usr/bin/cmake --build /home/hansollee/kdta_ROS2_workspace/build/turtlebot3_simulations -- -j2 -l2
[5.807s] DEBUG:colcon.colcon_core.event_handler.log_command:Invoked command in '/home/hansollee/kdta_ROS2_workspace/build/turtlebot3_simulations' returned '0': CMAKE_PREFIX_PATH=/home/hansollee/kdta_ROS2_workspace/install/turtlebot3_gazebo:/home/hansollee/kdta_ROS2_workspace/install/turtlebot3_fake_node:/home/hansollee/kdta_ROS2_workspace/install/turtlebot3_simulations:/home/hansollee/kdta_ROS2_workspace/install/simple_pkg_cpp:/home/hansollee/kdta_ROS2_workspace/install/msg:/home/hansollee/kdta_ROS2_workspace/install/move_t_sim:/home/hansollee/kdta_ROS2_workspace/install/arithmetic:/home/hansollee/kdta_ROS2_workspace/install/interface_example:/opt/ros/humble /usr/bin/cmake --build /home/hansollee/kdta_ROS2_workspace/build/turtlebot3_simulations -- -j2 -l2
[6.102s] DEBUG:colcon.colcon_core.event_handler.log_command:Invoking command in '/home/hansollee/kdta_ROS2_workspace/build/turtlebot3_simulations': CMAKE_PREFIX_PATH=/home/hansollee/kdta_ROS2_workspace/install/turtlebot3_gazebo:/home/hansollee/kdta_ROS2_workspace/install/turtlebot3_fake_node:/home/hansollee/kdta_ROS2_workspace/install/turtlebot3_simulations:/home/hansollee/kdta_ROS2_workspace/install/simple_pkg_cpp:/home/hansollee/kdta_ROS2_workspace/install/msg:/home/hansollee/kdta_ROS2_workspace/install/move_t_sim:/home/hansollee/kdta_ROS2_workspace/install/arithmetic:/home/hansollee/kdta_ROS2_workspace/install/interface_example:/opt/ros/humble /usr/bin/cmake --install /home/hansollee/kdta_ROS2_workspace/build/turtlebot3_simulations
[6.212s] Level 1:colcon.colcon_core.environment:create_environment_scripts_only(turtlebot3_simulations)
[6.212s] Level 1:colcon.colcon_core.environment:checking '/home/hansollee/kdta_ROS2_workspace/install/turtlebot3_simulations' for CMake module files
[6.212s] Level 1:colcon.colcon_core.environment:checking '/home/hansollee/kdta_ROS2_workspace/install/turtlebot3_simulations' for CMake config files
[6.212s] Level 1:colcon.colcon_core.shell:create_environment_hook('turtlebot3_simulations', 'cmake_prefix_path')
[6.213s] INFO:colcon.colcon_core.shell:Creating environment hook '/home/hansollee/kdta_ROS2_workspace/install/turtlebot3_simulations/share/turtlebot3_simulations/hook/cmake_prefix_path.ps1'
[6.213s] INFO:colcon.colcon_core.shell:Creating environment descriptor '/home/hansollee/kdta_ROS2_workspace/install/turtlebot3_simulations/share/turtlebot3_simulations/hook/cmake_prefix_path.dsv'
[6.214s] INFO:colcon.colcon_core.shell:Creating environment hook '/home/hansollee/kdta_ROS2_workspace/install/turtlebot3_simulations/share/turtlebot3_simulations/hook/cmake_prefix_path.sh'
[6.215s] DEBUG:colcon.colcon_core.event_handler.log_command:Invoked command in '/home/hansollee/kdta_ROS2_workspace/build/turtlebot3_simulations' returned '0': CMAKE_PREFIX_PATH=/home/hansollee/kdta_ROS2_workspace/install/turtlebot3_gazebo:/home/hansollee/kdta_ROS2_workspace/install/turtlebot3_fake_node:/home/hansollee/kdta_ROS2_workspace/install/turtlebot3_simulations:/home/hansollee/kdta_ROS2_workspace/install/simple_pkg_cpp:/home/hansollee/kdta_ROS2_workspace/install/msg:/home/hansollee/kdta_ROS2_workspace/install/move_t_sim:/home/hansollee/kdta_ROS2_workspace/install/arithmetic:/home/hansollee/kdta_ROS2_workspace/install/interface_example:/opt/ros/humble /usr/bin/cmake --install /home/hansollee/kdta_ROS2_workspace/build/turtlebot3_simulations
[6.215s] Level 1:colcon.colcon_core.environment:checking '/home/hansollee/kdta_ROS2_workspace/install/turtlebot3_simulations/bin'
[6.216s] Level 1:colcon.colcon_core.environment:checking '/home/hansollee/kdta_ROS2_workspace/install/turtlebot3_simulations/lib/pkgconfig/turtlebot3_simulations.pc'
[6.216s] Level 1:colcon.colcon_core.environment:checking '/home/hansollee/kdta_ROS2_workspace/install/turtlebot3_simulations/lib/python3.10/site-packages'
[6.216s] Level 1:colcon.colcon_core.environment:checking '/home/hansollee/kdta_ROS2_workspace/install/turtlebot3_simulations/bin'
[6.216s] INFO:colcon.colcon_core.shell:Creating package script '/home/hansollee/kdta_ROS2_workspace/install/turtlebot3_simulations/share/turtlebot3_simulations/package.ps1'
[6.216s] INFO:colcon.colcon_core.shell:Creating package descriptor '/home/hansollee/kdta_ROS2_workspace/install/turtlebot3_simulations/share/turtlebot3_simulations/package.dsv'
[6.217s] INFO:colcon.colcon_core.shell:Creating package script '/home/hansollee/kdta_ROS2_workspace/install/turtlebot3_simulations/share/turtlebot3_simulations/package.sh'
[6.217s] INFO:colcon.colcon_core.shell:Creating package script '/home/hansollee/kdta_ROS2_workspace/install/turtlebot3_simulations/share/turtlebot3_simulations/package.bash'
[6.217s] INFO:colcon.colcon_core.shell:Creating package script '/home/hansollee/kdta_ROS2_workspace/install/turtlebot3_simulations/share/turtlebot3_simulations/package.zsh'
[6.218s] Level 1:colcon.colcon_core.environment:create_file_with_runtime_dependencies(/home/hansollee/kdta_ROS2_workspace/install/turtlebot3_simulations/share/colcon-core/packages/turtlebot3_simulations)
[6.451s] Level 1:colcon.colcon_core.environment:create_environment_scripts_only(turtlebot3_simulations)
[6.451s] Level 1:colcon.colcon_core.environment:checking '/home/hansollee/kdta_ROS2_workspace/install/turtlebot3_simulations' for CMake module files
[6.451s] Level 1:colcon.colcon_core.environment:checking '/home/hansollee/kdta_ROS2_workspace/install/turtlebot3_simulations' for CMake config files
[6.451s] Level 1:colcon.colcon_core.shell:create_environment_hook('turtlebot3_simulations', 'cmake_prefix_path')
[6.451s] INFO:colcon.colcon_core.shell:Creating environment hook '/home/hansollee/kdta_ROS2_workspace/install/turtlebot3_simulations/share/turtlebot3_simulations/hook/cmake_prefix_path.ps1'
[6.452s] INFO:colcon.colcon_core.shell:Creating environment descriptor '/home/hansollee/kdta_ROS2_workspace/install/turtlebot3_simulations/share/turtlebot3_simulations/hook/cmake_prefix_path.dsv'
[6.452s] INFO:colcon.colcon_core.shell:Creating environment hook '/home/hansollee/kdta_ROS2_workspace/install/turtlebot3_simulations/share/turtlebot3_simulations/hook/cmake_prefix_path.sh'
[6.453s] Level 1:colcon.colcon_core.environment:checking '/home/hansollee/kdta_ROS2_workspace/install/turtlebot3_simulations/bin'
[6.453s] Level 1:colcon.colcon_core.environment:checking '/home/hansollee/kdta_ROS2_workspace/install/turtlebot3_simulations/lib/pkgconfig/turtlebot3_simulations.pc'
[6.453s] Level 1:colcon.colcon_core.environment:checking '/home/hansollee/kdta_ROS2_workspace/install/turtlebot3_simulations/lib/python3.10/site-packages'
[6.453s] Level 1:colcon.colcon_core.environment:checking '/home/hansollee/kdta_ROS2_workspace/install/turtlebot3_simulations/bin'
[6.453s] INFO:colcon.colcon_core.shell:Creating package script '/home/hansollee/kdta_ROS2_workspace/install/turtlebot3_simulations/share/turtlebot3_simulations/package.ps1'
[6.454s] INFO:colcon.colcon_core.shell:Creating package descriptor '/home/hansollee/kdta_ROS2_workspace/install/turtlebot3_simulations/share/turtlebot3_simulations/package.dsv'
[6.454s] INFO:colcon.colcon_core.shell:Creating package script '/home/hansollee/kdta_ROS2_workspace/install/turtlebot3_simulations/share/turtlebot3_simulations/package.sh'
[6.455s] INFO:colcon.colcon_core.shell:Creating package script '/home/hansollee/kdta_ROS2_workspace/install/turtlebot3_simulations/share/turtlebot3_simulations/package.bash'
[6.455s] INFO:colcon.colcon_core.shell:Creating package script '/home/hansollee/kdta_ROS2_workspace/install/turtlebot3_simulations/share/turtlebot3_simulations/package.zsh'
[6.455s] Level 1:colcon.colcon_core.environment:create_file_with_runtime_dependencies(/home/hansollee/kdta_ROS2_workspace/install/turtlebot3_simulations/share/colcon-core/packages/turtlebot3_simulations)
[15.504s] DEBUG:colcon.colcon_core.event_handler.log_command:Invoked command in '/home/hansollee/kdta_ROS2_workspace/build/move_t_sim' returned '0': CMAKE_PREFIX_PATH=${CMAKE_PREFIX_PATH}:/opt/ros/humble /usr/bin/cmake --build /home/hansollee/kdta_ROS2_workspace/build/move_t_sim -- -j2 -l2
[15.554s] DEBUG:colcon.colcon_core.event_handler.log_command:Invoking command in '/home/hansollee/kdta_ROS2_workspace/build/move_t_sim': CMAKE_PREFIX_PATH=${CMAKE_PREFIX_PATH}:/opt/ros/humble /usr/bin/cmake --install /home/hansollee/kdta_ROS2_workspace/build/move_t_sim
[15.596s] Level 1:colcon.colcon_core.environment:create_environment_scripts_only(move_t_sim)
[15.597s] Level 1:colcon.colcon_core.environment:checking '/home/hansollee/kdta_ROS2_workspace/install/move_t_sim' for CMake module files
[15.598s] DEBUG:colcon.colcon_core.event_handler.log_command:Invoked command in '/home/hansollee/kdta_ROS2_workspace/build/move_t_sim' returned '0': CMAKE_PREFIX_PATH=${CMAKE_PREFIX_PATH}:/opt/ros/humble /usr/bin/cmake --install /home/hansollee/kdta_ROS2_workspace/build/move_t_sim
[15.598s] Level 1:colcon.colcon_core.environment:checking '/home/hansollee/kdta_ROS2_workspace/install/move_t_sim' for CMake config files
[15.598s] Level 1:colcon.colcon_core.shell:create_environment_hook('move_t_sim', 'cmake_prefix_path')
[15.598s] INFO:colcon.colcon_core.shell:Creating environment hook '/home/hansollee/kdta_ROS2_workspace/install/move_t_sim/share/move_t_sim/hook/cmake_prefix_path.ps1'
[15.599s] INFO:colcon.colcon_core.shell:Creating environment descriptor '/home/hansollee/kdta_ROS2_workspace/install/move_t_sim/share/move_t_sim/hook/cmake_prefix_path.dsv'
[15.599s] INFO:colcon.colcon_core.shell:Creating environment hook '/home/hansollee/kdta_ROS2_workspace/install/move_t_sim/share/move_t_sim/hook/cmake_prefix_path.sh'
[15.600s] Level 1:colcon.colcon_core.environment:checking '/home/hansollee/kdta_ROS2_workspace/install/move_t_sim/lib'
[15.600s] Level 1:colcon.colcon_core.environment:checking '/home/hansollee/kdta_ROS2_workspace/install/move_t_sim/bin'
[15.600s] Level 1:colcon.colcon_core.environment:checking '/home/hansollee/kdta_ROS2_workspace/install/move_t_sim/lib/pkgconfig/move_t_sim.pc'
[15.600s] Level 1:colcon.colcon_core.environment:checking '/home/hansollee/kdta_ROS2_workspace/install/move_t_sim/lib/python3.10/site-packages'
[15.600s] Level 1:colcon.colcon_core.environment:checking '/home/hansollee/kdta_ROS2_workspace/install/move_t_sim/bin'
[15.601s] INFO:colcon.colcon_core.shell:Creating package script '/home/hansollee/kdta_ROS2_workspace/install/move_t_sim/share/move_t_sim/package.ps1'
[15.601s] INFO:colcon.colcon_core.shell:Creating package descriptor '/home/hansollee/kdta_ROS2_workspace/install/move_t_sim/share/move_t_sim/package.dsv'
[15.601s] INFO:colcon.colcon_core.shell:Creating package script '/home/hansollee/kdta_ROS2_workspace/install/move_t_sim/share/move_t_sim/package.sh'
[15.602s] INFO:colcon.colcon_core.shell:Creating package script '/home/hansollee/kdta_ROS2_workspace/install/move_t_sim/share/move_t_sim/package.bash'
[15.602s] INFO:colcon.colcon_core.shell:Creating package script '/home/hansollee/kdta_ROS2_workspace/install/move_t_sim/share/move_t_sim/package.zsh'
[15.603s] Level 1:colcon.colcon_core.environment:create_file_with_runtime_dependencies(/home/hansollee/kdta_ROS2_workspace/install/move_t_sim/share/colcon-core/packages/move_t_sim)
[15.651s] Level 1:colcon.colcon_core.environment:create_environment_scripts_only(move_t_sim)
[15.652s] Level 1:colcon.colcon_core.environment:checking '/home/hansollee/kdta_ROS2_workspace/install/move_t_sim' for CMake module files
[15.652s] Level 1:colcon.colcon_core.environment:checking '/home/hansollee/kdta_ROS2_workspace/install/move_t_sim' for CMake config files
[15.653s] Level 1:colcon.colcon_core.shell:create_environment_hook('move_t_sim', 'cmake_prefix_path')
[15.653s] INFO:colcon.colcon_core.shell:Creating environment hook '/home/hansollee/kdta_ROS2_workspace/install/move_t_sim/share/move_t_sim/hook/cmake_prefix_path.ps1'
[15.654s] INFO:colcon.colcon_core.shell:Creating environment descriptor '/home/hansollee/kdta_ROS2_workspace/install/move_t_sim/share/move_t_sim/hook/cmake_prefix_path.dsv'
[15.654s] INFO:colcon.colcon_core.shell:Creating environment hook '/home/hansollee/kdta_ROS2_workspace/install/move_t_sim/share/move_t_sim/hook/cmake_prefix_path.sh'
[15.655s] Level 1:colcon.colcon_core.environment:checking '/home/hansollee/kdta_ROS2_workspace/install/move_t_sim/lib'
[15.655s] Level 1:colcon.colcon_core.environment:checking '/home/hansollee/kdta_ROS2_workspace/install/move_t_sim/bin'
[15.655s] Level 1:colcon.colcon_core.environment:checking '/home/hansollee/kdta_ROS2_workspace/install/move_t_sim/lib/pkgconfig/move_t_sim.pc'
[15.656s] Level 1:colcon.colcon_core.environment:checking '/home/hansollee/kdta_ROS2_workspace/install/move_t_sim/lib/python3.10/site-packages'
[15.656s] Level 1:colcon.colcon_core.environment:checking '/home/hansollee/kdta_ROS2_workspace/install/move_t_sim/bin'
[15.656s] INFO:colcon.colcon_core.shell:Creating package script '/home/hansollee/kdta_ROS2_workspace/install/move_t_sim/share/move_t_sim/package.ps1'
[15.657s] INFO:colcon.colcon_core.shell:Creating package descriptor '/home/hansollee/kdta_ROS2_workspace/install/move_t_sim/share/move_t_sim/package.dsv'
[15.657s] INFO:colcon.colcon_core.shell:Creating package script '/home/hansollee/kdta_ROS2_workspace/install/move_t_sim/share/move_t_sim/package.sh'
[15.658s] INFO:colcon.colcon_core.shell:Creating package script '/home/hansollee/kdta_ROS2_workspace/install/move_t_sim/share/move_t_sim/package.bash'
[15.659s] INFO:colcon.colcon_core.shell:Creating package script '/home/hansollee/kdta_ROS2_workspace/install/move_t_sim/share/move_t_sim/package.zsh'
[15.660s] Level 1:colcon.colcon_core.environment:create_file_with_runtime_dependencies(/home/hansollee/kdta_ROS2_workspace/install/move_t_sim/share/colcon-core/packages/move_t_sim)
[15.664s] DEBUG:colcon.colcon_parallel_executor.executor.parallel:closing loop
[15.664s] DEBUG:colcon.colcon_parallel_executor.executor.parallel:loop closed
[15.664s] DEBUG:colcon.colcon_parallel_executor.executor.parallel:run_until_complete finished with '0'
[15.664s] DEBUG:colcon.colcon_core.event_reactor:joining thread
[15.675s] INFO:colcon.colcon_core.plugin_system:Skipping extension 'colcon_notification.desktop_notification.terminal_notifier': Not used on non-Darwin systems
[15.676s] INFO:colcon.colcon_core.plugin_system:Skipping extension 'colcon_notification.desktop_notification.win32': Not used on non-Windows systems
[15.676s] INFO:colcon.colcon_notification.desktop_notification:Sending desktop notification using 'notify2'
[15.705s] DEBUG:colcon.colcon_core.event_reactor:joined thread
[15.705s] INFO:colcon.colcon_core.shell:Creating prefix script '/home/hansollee/kdta_ROS2_workspace/install/local_setup.ps1'
[15.707s] INFO:colcon.colcon_core.shell:Creating prefix util module '/home/hansollee/kdta_ROS2_workspace/install/_local_setup_util_ps1.py'
[15.708s] INFO:colcon.colcon_core.shell:Creating prefix chain script '/home/hansollee/kdta_ROS2_workspace/install/setup.ps1'
[15.709s] INFO:colcon.colcon_core.shell:Creating prefix script '/home/hansollee/kdta_ROS2_workspace/install/local_setup.sh'
[15.710s] INFO:colcon.colcon_core.shell:Creating prefix util module '/home/hansollee/kdta_ROS2_workspace/install/_local_setup_util_sh.py'
[15.710s] INFO:colcon.colcon_core.shell:Creating prefix chain script '/home/hansollee/kdta_ROS2_workspace/install/setup.sh'
[15.712s] INFO:colcon.colcon_core.shell:Creating prefix script '/home/hansollee/kdta_ROS2_workspace/install/local_setup.bash'
[15.713s] INFO:colcon.colcon_core.shell:Creating prefix chain script '/home/hansollee/kdta_ROS2_workspace/install/setup.bash'
[15.714s] INFO:colcon.colcon_core.shell:Creating prefix script '/home/hansollee/kdta_ROS2_workspace/install/local_setup.zsh'
[15.715s] INFO:colcon.colcon_core.shell:Creating prefix chain script '/home/hansollee/kdta_ROS2_workspace/install/setup.zsh'
