[0.010s] Invoking command in '/home/hansollee/kdta_ROS2_workspace/build/turtlebot3_gazebo': CMAKE_PREFIX_PATH=${CMAKE_PREFIX_PATH}:/opt/ros/humble /usr/bin/cmake --build /home/hansollee/kdta_ROS2_workspace/build/turtlebot3_gazebo -- -j2 -l2
[0.036s] -- Found ament_cmake: 1.3.9 (/opt/ros/humble/share/ament_cmake/cmake)
[0.130s] -- Override CMake install command with custom implementation using symlinks instead of copying resources
[0.140s] [33mCMake Warning (dev) at /usr/share/cmake-3.22/Modules/FindPackageHandleStandardArgs.cmake:438 (message):
[0.140s]   The package name passed to `find_package_handle_standard_args` (PkgConfig)
[0.140s]   does not match the name of the calling package (gazebo).  This can lead to
[0.140s]   problems in calling code that expects `find_package` result variables
[0.140s]   (e.g., `_FOUND`) to follow a certain pattern.
[0.140s] Call Stack (most recent call first):
[0.140s]   /usr/share/cmake-3.22/Modules/FindPkgConfig.cmake:99 (find_package_handle_standard_args)
[0.140s]   /usr/lib/x86_64-linux-gnu/cmake/gazebo/gazebo-config.cmake:72 (include)
[0.140s]   CMakeLists.txt:23 (find_package)
[0.141s] This warning is for project developers.  Use -Wno-dev to suppress it.
[0.141s] [0m
[0.157s] -- Found DART: /usr/include (Required is at least version "6.6") found components: dart 
[0.182s] -- Found Protobuf: /usr/lib/x86_64-linux-gnu/libprotobuf.so (found version "3.12.4") 
[0.184s] -- Looking for ignition-math6 -- found version 6.15.1
[0.186s] -- Searching for dependencies of ignition-math6
[0.187s] -- Looking for OGRE...
[0.193s] -- Found Ogre Ghadamon (1.9.0)
[0.193s] -- Found OGRE: optimized;/usr/lib/x86_64-linux-gnu/libOgreMain.so;debug;/usr/lib/x86_64-linux-gnu/libOgreMain.so
[0.199s] -- Looking for OGRE_Paging...
[0.199s] -- Found OGRE_Paging: optimized;/usr/lib/x86_64-linux-gnu/libOgrePaging.so;debug;/usr/lib/x86_64-linux-gnu/libOgrePaging.so
[0.199s] -- Looking for OGRE_Terrain...
[0.199s] -- Found OGRE_Terrain: optimized;/usr/lib/x86_64-linux-gnu/libOgreTerrain.so;debug;/usr/lib/x86_64-linux-gnu/libOgreTerrain.so
[0.200s] -- Looking for OGRE_Property...
[0.200s] -- Found OGRE_Property: optimized;/usr/lib/x86_64-linux-gnu/libOgreProperty.so;debug;/usr/lib/x86_64-linux-gnu/libOgreProperty.so
[0.200s] -- Looking for OGRE_RTShaderSystem...
[0.200s] -- Found OGRE_RTShaderSystem: optimized;/usr/lib/x86_64-linux-gnu/libOgreRTShaderSystem.so;debug;/usr/lib/x86_64-linux-gnu/libOgreRTShaderSystem.so
[0.200s] -- Looking for OGRE_Volume...
[0.200s] -- Found OGRE_Volume: optimized;/usr/lib/x86_64-linux-gnu/libOgreVolume.so;debug;/usr/lib/x86_64-linux-gnu/libOgreVolume.so
[0.200s] -- Looking for OGRE_Overlay...
[0.201s] -- Found OGRE_Overlay: optimized;/usr/lib/x86_64-linux-gnu/libOgreOverlay.so;debug;/usr/lib/x86_64-linux-gnu/libOgreOverlay.so
[0.287s] -- Looking for ignition-math6 -- found version 6.15.1
[0.288s] -- Looking for ignition-transport8 -- found version 8.2.1
[0.288s] -- Searching for dependencies of ignition-transport8
[0.305s] -- Found Protobuf: /usr/lib/x86_64-linux-gnu/libprotobuf.so (found suitable version "3.12.4", minimum required is "3") 
[0.311s] -- Config-file not installed for ZeroMQ -- checking for pkg-config
[0.316s] -- Checking for module 'libzmq >= 4'
[0.325s] --   Found libzmq , version 4.3.4
[0.360s] -- Checking for module 'uuid'
[0.370s] --   Found uuid, version 2.37.2
[0.398s] -- Looking for ignition-msgs5 -- found version 5.8.1
[0.399s] -- Searching for dependencies of ignition-msgs5
[0.409s] -- Looking for ignition-math6 -- found version 6.15.1
[0.414s] -- Checking for module 'tinyxml2'
[0.426s] --   Found tinyxml2, version 9.0.0
[0.454s] -- Looking for ignition-msgs5 -- found version 5.8.1
[0.455s] -- Looking for ignition-common3 -- found version 3.14.0
[0.455s] -- Searching for dependencies of ignition-common3
[0.455s] -- Looking for dlfcn.h - found
[0.455s] -- Looking for libdl - found
[0.464s] -- Searching for <ignition-common3> component [graphics]
[0.464s] -- Looking for ignition-common3-graphics -- found version 3.14.0
[0.465s] -- Searching for dependencies of ignition-common3-graphics
[0.465s] -- Looking for ignition-math6 -- found version 6.15.1
[0.466s] -- Looking for ignition-fuel_tools4 -- found version 4.4.0
[0.467s] -- Searching for dependencies of ignition-fuel_tools4
[0.499s] -- Checking for module 'jsoncpp'
[0.510s] --   Found jsoncpp, version 1.9.5
[0.555s] -- Checking for module 'libzip'
[0.565s] --   Found libzip, version 1.7.3
[0.588s] -- Looking for ignition-common3 -- found version 3.14.0
[0.589s] -- Looking for ignition-math6 -- found version 6.15.1
[0.589s] -- Looking for ignition-msgs5 -- found version 5.8.1
[0.590s] -- Found gazebo_ros_pkgs: 3.7.0 (/opt/ros/humble/share/gazebo_ros_pkgs/cmake)
[0.591s] -- Found geometry_msgs: 4.2.4 (/opt/ros/humble/share/geometry_msgs/cmake)
[0.606s] -- Found rosidl_generator_c: 3.1.5 (/opt/ros/humble/share/rosidl_generator_c/cmake)
[0.608s] -- Found rosidl_adapter: 3.1.5 (/opt/ros/humble/share/rosidl_adapter/cmake)
[0.613s] -- Found rosidl_generator_cpp: 3.1.5 (/opt/ros/humble/share/rosidl_generator_cpp/cmake)
[0.622s] -- Using all available rosidl_typesupport_c: rosidl_typesupport_fastrtps_c;rosidl_typesupport_introspection_c
[0.635s] -- Using all available rosidl_typesupport_cpp: rosidl_typesupport_fastrtps_cpp;rosidl_typesupport_introspection_cpp
[0.722s] -- Found nav_msgs: 4.2.4 (/opt/ros/humble/share/nav_msgs/cmake)
[0.784s] -- Found rclcpp: 16.0.9 (/opt/ros/humble/share/rclcpp/cmake)
[0.821s] -- Found rmw_implementation_cmake: 6.1.2 (/opt/ros/humble/share/rmw_implementation_cmake/cmake)
[0.822s] -- Found rmw_fastrtps_cpp: 6.2.6 (/opt/ros/humble/share/rmw_fastrtps_cpp/cmake)
[0.925s] -- Using RMW implementation 'rmw_fastrtps_cpp' as default
[1.030s] -- Found sensor_msgs: 4.2.4 (/opt/ros/humble/share/sensor_msgs/cmake)
[1.105s] -- Found tf2: 0.25.7 (/opt/ros/humble/share/tf2/cmake)
[1.172s] -- Configuring done
[1.197s] -- Generating done
[1.200s] -- Build files have been written to: /home/hansollee/kdta_ROS2_workspace/build/turtlebot3_gazebo
[1.228s] [35m[1mConsolidate compiler generated dependencies of target obstacle1[0m
[1.250s] [35m[1mConsolidate compiler generated dependencies of target turtlebot3_drive[0m
[1.261s] [ 12%] [32mBuilding CXX object CMakeFiles/obstacle1.dir/models/turtlebot3_dqn_world/obstacle_plugin/obstacle1.cc.o[0m
[1.301s] [ 25%] [32mBuilding CXX object CMakeFiles/turtlebot3_drive.dir/src/turtlebot3_drive.cpp.o[0m
[20.022s] [ 37%] [32m[1mLinking CXX executable turtlebot3_drive[0m
[20.586s] [ 37%] Built target turtlebot3_drive
[20.599s] [35m[1mConsolidate compiler generated dependencies of target obstacle2[0m
[20.634s] [ 50%] [32mBuilding CXX object CMakeFiles/obstacle2.dir/models/turtlebot3_dqn_world/obstacle_plugin/obstacle2.cc.o[0m
[20.827s] [ 62%] [32m[1mLinking CXX shared library libobstacle1.so[0m
[21.028s] [ 62%] Built target obstacle1
[21.039s] [35m[1mConsolidate compiler generated dependencies of target obstacles[0m
[21.070s] [ 75%] [32mBuilding CXX object CMakeFiles/obstacles.dir/models/turtlebot3_dqn_world/obstacle_plugin/obstacles.cc.o[0m
[30.819s] [ 87%] [32m[1mLinking CXX shared library libobstacle2.so[0m
[31.003s] [ 87%] Built target obstacle2
[31.265s] [100%] [32m[1mLinking CXX shared library libobstacles.so[0m
[31.441s] [100%] Built target obstacles
[31.452s] Invoked command in '/home/hansollee/kdta_ROS2_workspace/build/turtlebot3_gazebo' returned '0': CMAKE_PREFIX_PATH=${CMAKE_PREFIX_PATH}:/opt/ros/humble /usr/bin/cmake --build /home/hansollee/kdta_ROS2_workspace/build/turtlebot3_gazebo -- -j2 -l2
[31.486s] Invoking command in '/home/hansollee/kdta_ROS2_workspace/build/turtlebot3_gazebo': CMAKE_PREFIX_PATH=${CMAKE_PREFIX_PATH}:/opt/ros/humble /usr/bin/cmake --install /home/hansollee/kdta_ROS2_workspace/build/turtlebot3_gazebo
[31.492s] -- Install configuration: ""
[31.493s] -- Execute custom install script
[31.493s] -- Up-to-date symlink: /home/hansollee/kdta_ROS2_workspace/install/turtlebot3_gazebo/lib/turtlebot3_gazebo/turtlebot3_drive
[31.493s] -- Up-to-date symlink: /home/hansollee/kdta_ROS2_workspace/install/turtlebot3_gazebo/share/turtlebot3_gazebo//launch/empty_world.launch.py
[31.493s] -- Up-to-date symlink: /home/hansollee/kdta_ROS2_workspace/install/turtlebot3_gazebo/share/turtlebot3_gazebo//launch/robot_state_publisher.launch.py
[31.493s] -- Up-to-date symlink: /home/hansollee/kdta_ROS2_workspace/install/turtlebot3_gazebo/share/turtlebot3_gazebo//launch/spawn_turtlebot3.launch.py
[31.493s] -- Up-to-date symlink: /home/hansollee/kdta_ROS2_workspace/install/turtlebot3_gazebo/share/turtlebot3_gazebo//launch/turtlebot3_dqn_stage1.launch.py
[31.493s] -- Up-to-date symlink: /home/hansollee/kdta_ROS2_workspace/install/turtlebot3_gazebo/share/turtlebot3_gazebo//launch/turtlebot3_dqn_stage2.launch.py
[31.494s] -- Up-to-date symlink: /home/hansollee/kdta_ROS2_workspace/install/turtlebot3_gazebo/share/turtlebot3_gazebo//launch/turtlebot3_dqn_stage3.launch.py
[31.494s] -- Up-to-date symlink: /home/hansollee/kdta_ROS2_workspace/install/turtlebot3_gazebo/share/turtlebot3_gazebo//launch/turtlebot3_dqn_stage4.launch.py
[31.494s] -- Up-to-date symlink: /home/hansollee/kdta_ROS2_workspace/install/turtlebot3_gazebo/share/turtlebot3_gazebo//launch/turtlebot3_house.launch.py
[31.494s] -- Up-to-date symlink: /home/hansollee/kdta_ROS2_workspace/install/turtlebot3_gazebo/share/turtlebot3_gazebo//launch/turtlebot3_world.launch.py
[31.494s] -- Up-to-date symlink: /home/hansollee/kdta_ROS2_workspace/install/turtlebot3_gazebo/share/turtlebot3_gazebo//models/turtlebot3_burger/model-1_4.sdf
[31.494s] -- Up-to-date symlink: /home/hansollee/kdta_ROS2_workspace/install/turtlebot3_gazebo/share/turtlebot3_gazebo//models/turtlebot3_burger/model.config
[31.495s] -- Up-to-date symlink: /home/hansollee/kdta_ROS2_workspace/install/turtlebot3_gazebo/share/turtlebot3_gazebo//models/turtlebot3_burger/model.sdf
[31.495s] -- Up-to-date symlink: /home/hansollee/kdta_ROS2_workspace/install/turtlebot3_gazebo/share/turtlebot3_gazebo//models/turtlebot3_common/meshes/burger_base.dae
[31.495s] -- Up-to-date symlink: /home/hansollee/kdta_ROS2_workspace/install/turtlebot3_gazebo/share/turtlebot3_gazebo//models/turtlebot3_common/meshes/lds.dae
[31.495s] -- Up-to-date symlink: /home/hansollee/kdta_ROS2_workspace/install/turtlebot3_gazebo/share/turtlebot3_gazebo//models/turtlebot3_common/meshes/r200.dae
[31.495s] -- Up-to-date symlink: /home/hansollee/kdta_ROS2_workspace/install/turtlebot3_gazebo/share/turtlebot3_gazebo//models/turtlebot3_common/meshes/tire.dae
[31.495s] -- Up-to-date symlink: /home/hansollee/kdta_ROS2_workspace/install/turtlebot3_gazebo/share/turtlebot3_gazebo//models/turtlebot3_common/meshes/waffle_base.dae
[31.495s] -- Up-to-date symlink: /home/hansollee/kdta_ROS2_workspace/install/turtlebot3_gazebo/share/turtlebot3_gazebo//models/turtlebot3_common/meshes/waffle_pi_base.dae
[31.495s] -- Up-to-date symlink: /home/hansollee/kdta_ROS2_workspace/install/turtlebot3_gazebo/share/turtlebot3_gazebo//models/turtlebot3_common/model.config
[31.495s] -- Up-to-date symlink: /home/hansollee/kdta_ROS2_workspace/install/turtlebot3_gazebo/share/turtlebot3_gazebo//models/turtlebot3_dqn_world/goal_box/model.config
[31.496s] -- Up-to-date symlink: /home/hansollee/kdta_ROS2_workspace/install/turtlebot3_gazebo/share/turtlebot3_gazebo//models/turtlebot3_dqn_world/goal_box/model.sdf
[31.496s] -- Up-to-date symlink: /home/hansollee/kdta_ROS2_workspace/install/turtlebot3_gazebo/share/turtlebot3_gazebo//models/turtlebot3_dqn_world/inner_walls/model.config
[31.496s] -- Up-to-date symlink: /home/hansollee/kdta_ROS2_workspace/install/turtlebot3_gazebo/share/turtlebot3_gazebo//models/turtlebot3_dqn_world/inner_walls/model.sdf
[31.496s] -- Up-to-date symlink: /home/hansollee/kdta_ROS2_workspace/install/turtlebot3_gazebo/share/turtlebot3_gazebo//models/turtlebot3_dqn_world/model.config
[31.497s] -- Up-to-date symlink: /home/hansollee/kdta_ROS2_workspace/install/turtlebot3_gazebo/share/turtlebot3_gazebo//models/turtlebot3_dqn_world/model.sdf
[31.497s] -- Up-to-date symlink: /home/hansollee/kdta_ROS2_workspace/install/turtlebot3_gazebo/share/turtlebot3_gazebo//models/turtlebot3_dqn_world/obstacle1/model.config
[31.497s] -- Up-to-date symlink: /home/hansollee/kdta_ROS2_workspace/install/turtlebot3_gazebo/share/turtlebot3_gazebo//models/turtlebot3_dqn_world/obstacle1/model.sdf
[31.497s] -- Up-to-date symlink: /home/hansollee/kdta_ROS2_workspace/install/turtlebot3_gazebo/share/turtlebot3_gazebo//models/turtlebot3_dqn_world/obstacle2/model.config
[31.497s] -- Up-to-date symlink: /home/hansollee/kdta_ROS2_workspace/install/turtlebot3_gazebo/share/turtlebot3_gazebo//models/turtlebot3_dqn_world/obstacle2/model.sdf
[31.497s] -- Up-to-date symlink: /home/hansollee/kdta_ROS2_workspace/install/turtlebot3_gazebo/share/turtlebot3_gazebo//models/turtlebot3_dqn_world/obstacle_plugin/CMakeLists.txt
[31.497s] -- Up-to-date symlink: /home/hansollee/kdta_ROS2_workspace/install/turtlebot3_gazebo/share/turtlebot3_gazebo//models/turtlebot3_dqn_world/obstacle_plugin/obstacle1.cc
[31.497s] -- Up-to-date symlink: /home/hansollee/kdta_ROS2_workspace/install/turtlebot3_gazebo/share/turtlebot3_gazebo//models/turtlebot3_dqn_world/obstacle_plugin/obstacle2.cc
[31.498s] -- Up-to-date symlink: /home/hansollee/kdta_ROS2_workspace/install/turtlebot3_gazebo/share/turtlebot3_gazebo//models/turtlebot3_dqn_world/obstacle_plugin/obstacles.cc
[31.498s] -- Up-to-date symlink: /home/hansollee/kdta_ROS2_workspace/install/turtlebot3_gazebo/share/turtlebot3_gazebo//models/turtlebot3_dqn_world/obstacles/model.config
[31.498s] -- Up-to-date symlink: /home/hansollee/kdta_ROS2_workspace/install/turtlebot3_gazebo/share/turtlebot3_gazebo//models/turtlebot3_dqn_world/obstacles/model.sdf
[31.498s] -- Up-to-date symlink: /home/hansollee/kdta_ROS2_workspace/install/turtlebot3_gazebo/share/turtlebot3_gazebo//models/turtlebot3_house/model.config
[31.498s] -- Up-to-date symlink: /home/hansollee/kdta_ROS2_workspace/install/turtlebot3_gazebo/share/turtlebot3_gazebo//models/turtlebot3_house/model.sdf
[31.498s] -- Up-to-date symlink: /home/hansollee/kdta_ROS2_workspace/install/turtlebot3_gazebo/share/turtlebot3_gazebo//models/turtlebot3_waffle/model-1_4.sdf
[31.498s] -- Up-to-date symlink: /home/hansollee/kdta_ROS2_workspace/install/turtlebot3_gazebo/share/turtlebot3_gazebo//models/turtlebot3_waffle/model.config
[31.498s] -- Up-to-date symlink: /home/hansollee/kdta_ROS2_workspace/install/turtlebot3_gazebo/share/turtlebot3_gazebo//models/turtlebot3_waffle/model.sdf
[31.498s] -- Up-to-date symlink: /home/hansollee/kdta_ROS2_workspace/install/turtlebot3_gazebo/share/turtlebot3_gazebo//models/turtlebot3_waffle_pi/model-1_4_.sdf
[31.498s] -- Up-to-date symlink: /home/hansollee/kdta_ROS2_workspace/install/turtlebot3_gazebo/share/turtlebot3_gazebo//models/turtlebot3_waffle_pi/model.config
[31.498s] -- Up-to-date symlink: /home/hansollee/kdta_ROS2_workspace/install/turtlebot3_gazebo/share/turtlebot3_gazebo//models/turtlebot3_waffle_pi/model.sdf
[31.499s] -- Up-to-date symlink: /home/hansollee/kdta_ROS2_workspace/install/turtlebot3_gazebo/share/turtlebot3_gazebo//models/turtlebot3_world/meshes/hexagon.dae
[31.499s] -- Up-to-date symlink: /home/hansollee/kdta_ROS2_workspace/install/turtlebot3_gazebo/share/turtlebot3_gazebo//models/turtlebot3_world/meshes/wall.dae
[31.499s] -- Up-to-date symlink: /home/hansollee/kdta_ROS2_workspace/install/turtlebot3_gazebo/share/turtlebot3_gazebo//models/turtlebot3_world/model-1_4.sdf
[31.499s] -- Up-to-date symlink: /home/hansollee/kdta_ROS2_workspace/install/turtlebot3_gazebo/share/turtlebot3_gazebo//models/turtlebot3_world/model.config
[31.499s] -- Up-to-date symlink: /home/hansollee/kdta_ROS2_workspace/install/turtlebot3_gazebo/share/turtlebot3_gazebo//models/turtlebot3_world/model.sdf
[31.499s] -- Up-to-date symlink: /home/hansollee/kdta_ROS2_workspace/install/turtlebot3_gazebo/share/turtlebot3_gazebo//rviz/tb3_gazebo.rviz
[31.499s] -- Up-to-date symlink: /home/hansollee/kdta_ROS2_workspace/install/turtlebot3_gazebo/share/turtlebot3_gazebo//urdf/common_properties.urdf
[31.499s] -- Up-to-date symlink: /home/hansollee/kdta_ROS2_workspace/install/turtlebot3_gazebo/share/turtlebot3_gazebo//urdf/turtlebot3_burger.urdf
[31.499s] -- Up-to-date symlink: /home/hansollee/kdta_ROS2_workspace/install/turtlebot3_gazebo/share/turtlebot3_gazebo//urdf/turtlebot3_waffle.urdf
[31.499s] -- Up-to-date symlink: /home/hansollee/kdta_ROS2_workspace/install/turtlebot3_gazebo/share/turtlebot3_gazebo//urdf/turtlebot3_waffle_pi.urdf
[31.500s] -- Up-to-date symlink: /home/hansollee/kdta_ROS2_workspace/install/turtlebot3_gazebo/share/turtlebot3_gazebo//worlds/empty_world.world
[31.500s] -- Up-to-date symlink: /home/hansollee/kdta_ROS2_workspace/install/turtlebot3_gazebo/share/turtlebot3_gazebo//worlds/turtlebot3_dqn_stage1.world
[31.500s] -- Up-to-date symlink: /home/hansollee/kdta_ROS2_workspace/install/turtlebot3_gazebo/share/turtlebot3_gazebo//worlds/turtlebot3_dqn_stage2.world
[31.500s] -- Up-to-date symlink: /home/hansollee/kdta_ROS2_workspace/install/turtlebot3_gazebo/share/turtlebot3_gazebo//worlds/turtlebot3_dqn_stage3.world
[31.500s] -- Up-to-date symlink: /home/hansollee/kdta_ROS2_workspace/install/turtlebot3_gazebo/share/turtlebot3_gazebo//worlds/turtlebot3_dqn_stage4.world
[31.500s] -- Up-to-date symlink: /home/hansollee/kdta_ROS2_workspace/install/turtlebot3_gazebo/share/turtlebot3_gazebo//worlds/turtlebot3_house.world
[31.500s] -- Up-to-date symlink: /home/hansollee/kdta_ROS2_workspace/install/turtlebot3_gazebo/share/turtlebot3_gazebo//worlds/turtlebot3_world.world
[31.500s] -- Up-to-date symlink: /home/hansollee/kdta_ROS2_workspace/install/turtlebot3_gazebo/include//turtlebot3_gazebo/turtlebot3_drive.hpp
[31.501s] -- Up-to-date symlink: /home/hansollee/kdta_ROS2_workspace/install/turtlebot3_gazebo/share/ament_index/resource_index/package_run_dependencies/turtlebot3_gazebo
[31.501s] -- Up-to-date symlink: /home/hansollee/kdta_ROS2_workspace/install/turtlebot3_gazebo/share/ament_index/resource_index/parent_prefix_path/turtlebot3_gazebo
[31.501s] -- Up-to-date symlink: /home/hansollee/kdta_ROS2_workspace/install/turtlebot3_gazebo/share/turtlebot3_gazebo/environment/ament_prefix_path.sh
[31.501s] -- Up-to-date symlink: /home/hansollee/kdta_ROS2_workspace/install/turtlebot3_gazebo/share/turtlebot3_gazebo/environment/ament_prefix_path.dsv
[31.501s] -- Up-to-date symlink: /home/hansollee/kdta_ROS2_workspace/install/turtlebot3_gazebo/share/turtlebot3_gazebo/environment/path.sh
[31.501s] -- Up-to-date symlink: /home/hansollee/kdta_ROS2_workspace/install/turtlebot3_gazebo/share/turtlebot3_gazebo/environment/path.dsv
[31.501s] -- Up-to-date symlink: /home/hansollee/kdta_ROS2_workspace/install/turtlebot3_gazebo/share/turtlebot3_gazebo/local_setup.bash
[31.501s] -- Up-to-date symlink: /home/hansollee/kdta_ROS2_workspace/install/turtlebot3_gazebo/share/turtlebot3_gazebo/local_setup.sh
[31.502s] -- Up-to-date symlink: /home/hansollee/kdta_ROS2_workspace/install/turtlebot3_gazebo/share/turtlebot3_gazebo/local_setup.zsh
[31.502s] -- Up-to-date symlink: /home/hansollee/kdta_ROS2_workspace/install/turtlebot3_gazebo/share/turtlebot3_gazebo/local_setup.dsv
[31.502s] -- Symlinking: /home/hansollee/kdta_ROS2_workspace/install/turtlebot3_gazebo/share/turtlebot3_gazebo/package.dsv
[31.510s] -- Up-to-date symlink: /home/hansollee/kdta_ROS2_workspace/install/turtlebot3_gazebo/share/ament_index/resource_index/packages/turtlebot3_gazebo
[31.510s] -- Up-to-date symlink: /home/hansollee/kdta_ROS2_workspace/install/turtlebot3_gazebo/share/turtlebot3_gazebo/cmake/ament_cmake_export_include_directories-extras.cmake
[31.510s] -- Up-to-date symlink: /home/hansollee/kdta_ROS2_workspace/install/turtlebot3_gazebo/share/turtlebot3_gazebo/cmake/ament_cmake_export_dependencies-extras.cmake
[31.510s] -- Up-to-date symlink: /home/hansollee/kdta_ROS2_workspace/install/turtlebot3_gazebo/share/turtlebot3_gazebo/cmake/turtlebot3_gazeboConfig.cmake
[31.510s] -- Up-to-date symlink: /home/hansollee/kdta_ROS2_workspace/install/turtlebot3_gazebo/share/turtlebot3_gazebo/cmake/turtlebot3_gazeboConfig-version.cmake
[31.510s] -- Up-to-date symlink: /home/hansollee/kdta_ROS2_workspace/install/turtlebot3_gazebo/share/turtlebot3_gazebo/package.xml
[31.513s] Invoked command in '/home/hansollee/kdta_ROS2_workspace/build/turtlebot3_gazebo' returned '0': CMAKE_PREFIX_PATH=${CMAKE_PREFIX_PATH}:/opt/ros/humble /usr/bin/cmake --install /home/hansollee/kdta_ROS2_workspace/build/turtlebot3_gazebo
