[0.087s] DEBUG:colcon:Command line arguments: ['/usr/bin/colcon', 'build', '--symlink-install']
[0.087s] DEBUG:colcon:Parsed command line arguments: Namespace(log_base=None, log_level=None, verb_name='build', build_base='build', install_base='install', merge_install=False, symlink_install=True, test_result_base=None, continue_on_error=False, executor='parallel', parallel_workers=2, event_handlers=None, ignore_user_meta=False, metas=['./colcon.meta'], base_paths=['.'], packages_ignore=None, packages_ignore_regex=None, paths=None, packages_up_to=None, packages_up_to_regex=None, packages_above=None, packages_above_and_dependencies=None, packages_above_depth=None, packages_select_by_dep=None, packages_skip_by_dep=None, packages_skip_up_to=None, packages_select_build_failed=False, packages_skip_build_finished=False, packages_select_test_failures=False, packages_skip_test_passed=False, packages_select=None, packages_skip=None, packages_select_regex=None, packages_skip_regex=None, packages_start=None, packages_end=None, allow_overriding=[], cmake_args=None, cmake_target=None, cmake_target_skip_unavailable=False, cmake_clean_cache=False, cmake_clean_first=False, cmake_force_configure=False, ament_cmake_args=None, catkin_cmake_args=None, catkin_skip_building_tests=False, mixin_files=None, mixin=None, verb_parser=<colcon_mixin.mixin.mixin_argument.MixinArgumentDecorator object at 0x7545176e2f20>, verb_extension=<colcon_core.verb.build.BuildVerb object at 0x7545176e2980>, main=<bound method BuildVerb.main of <colcon_core.verb.build.BuildVerb object at 0x7545176e2980>>, mixin_verb=('build',))
[0.200s] Level 1:colcon.colcon_core.package_discovery:discover_packages(colcon_meta) check parameters
[0.201s] Level 1:colcon.colcon_core.package_discovery:discover_packages(recursive) check parameters
[0.201s] Level 1:colcon.colcon_core.package_discovery:discover_packages(ignore) check parameters
[0.201s] Level 1:colcon.colcon_core.package_discovery:discover_packages(path) check parameters
[0.201s] Level 1:colcon.colcon_core.package_discovery:discover_packages(colcon_meta) discover
[0.201s] Level 1:colcon.colcon_core.package_discovery:discover_packages(recursive) discover
[0.201s] INFO:colcon.colcon_core.package_discovery:Crawling recursively for packages in '/home/hansollee/kdta_ROS2_workspace'
[0.201s] Level 1:colcon.colcon_core.package_identification:_identify(.) by extensions ['ignore', 'ignore_ament_install']
[0.201s] Level 1:colcon.colcon_core.package_identification:_identify(.) by extension 'ignore'
[0.202s] Level 1:colcon.colcon_core.package_identification:_identify(.) by extension 'ignore_ament_install'
[0.202s] Level 1:colcon.colcon_core.package_identification:_identify(.) by extensions ['colcon_pkg']
[0.202s] Level 1:colcon.colcon_core.package_identification:_identify(.) by extension 'colcon_pkg'
[0.202s] Level 1:colcon.colcon_core.package_identification:_identify(.) by extensions ['colcon_meta']
[0.202s] Level 1:colcon.colcon_core.package_identification:_identify(.) by extension 'colcon_meta'
[0.202s] Level 1:colcon.colcon_core.package_identification:_identify(.) by extensions ['ros']
[0.202s] Level 1:colcon.colcon_core.package_identification:_identify(.) by extension 'ros'
[0.210s] Level 1:colcon.colcon_core.package_identification:_identify(.) by extensions ['cmake', 'python']
[0.210s] Level 1:colcon.colcon_core.package_identification:_identify(.) by extension 'cmake'
[0.211s] Level 1:colcon.colcon_core.package_identification:_identify(.) by extension 'python'
[0.211s] Level 1:colcon.colcon_core.package_identification:_identify(.) by extensions ['python_setup_py']
[0.211s] Level 1:colcon.colcon_core.package_identification:_identify(.) by extension 'python_setup_py'
[0.211s] Level 1:colcon.colcon_core.package_identification:_identify(build) by extensions ['ignore', 'ignore_ament_install']
[0.211s] Level 1:colcon.colcon_core.package_identification:_identify(build) by extension 'ignore'
[0.211s] Level 1:colcon.colcon_core.package_identification:_identify(build) ignored
[0.211s] Level 1:colcon.colcon_core.package_identification:_identify(install) by extensions ['ignore', 'ignore_ament_install']
[0.211s] Level 1:colcon.colcon_core.package_identification:_identify(install) by extension 'ignore'
[0.211s] Level 1:colcon.colcon_core.package_identification:_identify(install) ignored
[0.212s] Level 1:colcon.colcon_core.package_identification:_identify(interface_example) by extensions ['ignore', 'ignore_ament_install']
[0.212s] Level 1:colcon.colcon_core.package_identification:_identify(interface_example) by extension 'ignore'
[0.212s] Level 1:colcon.colcon_core.package_identification:_identify(interface_example) by extension 'ignore_ament_install'
[0.212s] Level 1:colcon.colcon_core.package_identification:_identify(interface_example) by extensions ['colcon_pkg']
[0.212s] Level 1:colcon.colcon_core.package_identification:_identify(interface_example) by extension 'colcon_pkg'
[0.212s] Level 1:colcon.colcon_core.package_identification:_identify(interface_example) by extensions ['colcon_meta']
[0.212s] Level 1:colcon.colcon_core.package_identification:_identify(interface_example) by extension 'colcon_meta'
[0.212s] Level 1:colcon.colcon_core.package_identification:_identify(interface_example) by extensions ['ros']
[0.212s] Level 1:colcon.colcon_core.package_identification:_identify(interface_example) by extension 'ros'
[0.214s] DEBUG:colcon.colcon_core.package_identification:Package 'interface_example' with type 'ros.ament_cmake' and name 'interface_example'
[0.214s] Level 1:colcon.colcon_core.package_identification:_identify(log) by extensions ['ignore', 'ignore_ament_install']
[0.214s] Level 1:colcon.colcon_core.package_identification:_identify(log) by extension 'ignore'
[0.214s] Level 1:colcon.colcon_core.package_identification:_identify(log) ignored
[0.215s] Level 1:colcon.colcon_core.package_identification:_identify(src) by extensions ['ignore', 'ignore_ament_install']
[0.215s] Level 1:colcon.colcon_core.package_identification:_identify(src) by extension 'ignore'
[0.215s] Level 1:colcon.colcon_core.package_identification:_identify(src) by extension 'ignore_ament_install'
[0.215s] Level 1:colcon.colcon_core.package_identification:_identify(src) by extensions ['colcon_pkg']
[0.215s] Level 1:colcon.colcon_core.package_identification:_identify(src) by extension 'colcon_pkg'
[0.215s] Level 1:colcon.colcon_core.package_identification:_identify(src) by extensions ['colcon_meta']
[0.215s] Level 1:colcon.colcon_core.package_identification:_identify(src) by extension 'colcon_meta'
[0.215s] Level 1:colcon.colcon_core.package_identification:_identify(src) by extensions ['ros']
[0.215s] Level 1:colcon.colcon_core.package_identification:_identify(src) by extension 'ros'
[0.215s] Level 1:colcon.colcon_core.package_identification:_identify(src) by extensions ['cmake', 'python']
[0.216s] Level 1:colcon.colcon_core.package_identification:_identify(src) by extension 'cmake'
[0.216s] Level 1:colcon.colcon_core.package_identification:_identify(src) by extension 'python'
[0.216s] Level 1:colcon.colcon_core.package_identification:_identify(src) by extensions ['python_setup_py']
[0.216s] Level 1:colcon.colcon_core.package_identification:_identify(src) by extension 'python_setup_py'
[0.216s] Level 1:colcon.colcon_core.package_identification:_identify(src/move_t_sim) by extensions ['ignore', 'ignore_ament_install']
[0.216s] Level 1:colcon.colcon_core.package_identification:_identify(src/move_t_sim) by extension 'ignore'
[0.216s] Level 1:colcon.colcon_core.package_identification:_identify(src/move_t_sim) by extension 'ignore_ament_install'
[0.216s] Level 1:colcon.colcon_core.package_identification:_identify(src/move_t_sim) by extensions ['colcon_pkg']
[0.216s] Level 1:colcon.colcon_core.package_identification:_identify(src/move_t_sim) by extension 'colcon_pkg'
[0.216s] Level 1:colcon.colcon_core.package_identification:_identify(src/move_t_sim) by extensions ['colcon_meta']
[0.216s] Level 1:colcon.colcon_core.package_identification:_identify(src/move_t_sim) by extension 'colcon_meta'
[0.217s] Level 1:colcon.colcon_core.package_identification:_identify(src/move_t_sim) by extensions ['ros']
[0.217s] Level 1:colcon.colcon_core.package_identification:_identify(src/move_t_sim) by extension 'ros'
[0.217s] DEBUG:colcon.colcon_core.package_identification:Package 'src/move_t_sim' with type 'ros.ament_cmake' and name 'move_t_sim'
[0.217s] Level 1:colcon.colcon_core.package_identification:_identify(src/msg) by extensions ['ignore', 'ignore_ament_install']
[0.217s] Level 1:colcon.colcon_core.package_identification:_identify(src/msg) by extension 'ignore'
[0.218s] Level 1:colcon.colcon_core.package_identification:_identify(src/msg) by extension 'ignore_ament_install'
[0.218s] Level 1:colcon.colcon_core.package_identification:_identify(src/msg) by extensions ['colcon_pkg']
[0.218s] Level 1:colcon.colcon_core.package_identification:_identify(src/msg) by extension 'colcon_pkg'
[0.218s] Level 1:colcon.colcon_core.package_identification:_identify(src/msg) by extensions ['colcon_meta']
[0.218s] Level 1:colcon.colcon_core.package_identification:_identify(src/msg) by extension 'colcon_meta'
[0.218s] Level 1:colcon.colcon_core.package_identification:_identify(src/msg) by extensions ['ros']
[0.218s] Level 1:colcon.colcon_core.package_identification:_identify(src/msg) by extension 'ros'
[0.219s] DEBUG:colcon.colcon_core.package_identification:Package 'src/msg' with type 'ros.ament_cmake' and name 'msg'
[0.219s] Level 1:colcon.colcon_core.package_identification:_identify(src/simple_pkg_cpp) by extensions ['ignore', 'ignore_ament_install']
[0.219s] Level 1:colcon.colcon_core.package_identification:_identify(src/simple_pkg_cpp) by extension 'ignore'
[0.219s] Level 1:colcon.colcon_core.package_identification:_identify(src/simple_pkg_cpp) by extension 'ignore_ament_install'
[0.219s] Level 1:colcon.colcon_core.package_identification:_identify(src/simple_pkg_cpp) by extensions ['colcon_pkg']
[0.219s] Level 1:colcon.colcon_core.package_identification:_identify(src/simple_pkg_cpp) by extension 'colcon_pkg'
[0.219s] Level 1:colcon.colcon_core.package_identification:_identify(src/simple_pkg_cpp) by extensions ['colcon_meta']
[0.219s] Level 1:colcon.colcon_core.package_identification:_identify(src/simple_pkg_cpp) by extension 'colcon_meta'
[0.220s] Level 1:colcon.colcon_core.package_identification:_identify(src/simple_pkg_cpp) by extensions ['ros']
[0.220s] Level 1:colcon.colcon_core.package_identification:_identify(src/simple_pkg_cpp) by extension 'ros'
[0.220s] DEBUG:colcon.colcon_core.package_identification:Package 'src/simple_pkg_cpp' with type 'ros.ament_cmake' and name 'simple_pkg_cpp'
[0.220s] Level 1:colcon.colcon_core.package_discovery:discover_packages(recursive) using defaults
[0.220s] Level 1:colcon.colcon_core.package_discovery:discover_packages(ignore) discover
[0.221s] Level 1:colcon.colcon_core.package_discovery:discover_packages(ignore) using defaults
[0.221s] Level 1:colcon.colcon_core.package_discovery:discover_packages(path) discover
[0.221s] Level 1:colcon.colcon_core.package_discovery:discover_packages(path) using defaults
[0.235s] Level 1:colcon.colcon_core.package_discovery:discover_packages(prefix_path) check parameters
[0.235s] Level 1:colcon.colcon_core.package_discovery:discover_packages(prefix_path) discover
[0.236s] DEBUG:colcon.colcon_installed_package_information.package_discovery:Found 4 installed packages in /home/hansollee/kdta_ROS2_workspace/install
[0.237s] DEBUG:colcon.colcon_installed_package_information.package_discovery:Found 373 installed packages in /opt/ros/humble
[0.246s] Level 1:colcon.colcon_core.package_discovery:discover_packages(prefix_path) using defaults
[0.283s] Level 5:colcon.colcon_core.verb:set package 'interface_example' build argument 'cmake_args' from command line to 'None'
[0.283s] Level 5:colcon.colcon_core.verb:set package 'interface_example' build argument 'cmake_target' from command line to 'None'
[0.283s] Level 5:colcon.colcon_core.verb:set package 'interface_example' build argument 'cmake_target_skip_unavailable' from command line to 'False'
[0.283s] Level 5:colcon.colcon_core.verb:set package 'interface_example' build argument 'cmake_clean_cache' from command line to 'False'
[0.283s] Level 5:colcon.colcon_core.verb:set package 'interface_example' build argument 'cmake_clean_first' from command line to 'False'
[0.283s] Level 5:colcon.colcon_core.verb:set package 'interface_example' build argument 'cmake_force_configure' from command line to 'False'
[0.283s] Level 5:colcon.colcon_core.verb:set package 'interface_example' build argument 'ament_cmake_args' from command line to 'None'
[0.283s] Level 5:colcon.colcon_core.verb:set package 'interface_example' build argument 'catkin_cmake_args' from command line to 'None'
[0.283s] Level 5:colcon.colcon_core.verb:set package 'interface_example' build argument 'catkin_skip_building_tests' from command line to 'False'
[0.284s] DEBUG:colcon.colcon_core.verb:Building package 'interface_example' with the following arguments: {'ament_cmake_args': None, 'build_base': '/home/hansollee/kdta_ROS2_workspace/build/interface_example', 'catkin_cmake_args': None, 'catkin_skip_building_tests': False, 'cmake_args': None, 'cmake_clean_cache': False, 'cmake_clean_first': False, 'cmake_force_configure': False, 'cmake_target': None, 'cmake_target_skip_unavailable': False, 'install_base': '/home/hansollee/kdta_ROS2_workspace/install/interface_example', 'merge_install': False, 'path': '/home/hansollee/kdta_ROS2_workspace/interface_example', 'symlink_install': True, 'test_result_base': None}
[0.284s] Level 5:colcon.colcon_core.verb:set package 'move_t_sim' build argument 'cmake_args' from command line to 'None'
[0.284s] Level 5:colcon.colcon_core.verb:set package 'move_t_sim' build argument 'cmake_target' from command line to 'None'
[0.284s] Level 5:colcon.colcon_core.verb:set package 'move_t_sim' build argument 'cmake_target_skip_unavailable' from command line to 'False'
[0.284s] Level 5:colcon.colcon_core.verb:set package 'move_t_sim' build argument 'cmake_clean_cache' from command line to 'False'
[0.284s] Level 5:colcon.colcon_core.verb:set package 'move_t_sim' build argument 'cmake_clean_first' from command line to 'False'
[0.284s] Level 5:colcon.colcon_core.verb:set package 'move_t_sim' build argument 'cmake_force_configure' from command line to 'False'
[0.284s] Level 5:colcon.colcon_core.verb:set package 'move_t_sim' build argument 'ament_cmake_args' from command line to 'None'
[0.284s] Level 5:colcon.colcon_core.verb:set package 'move_t_sim' build argument 'catkin_cmake_args' from command line to 'None'
[0.285s] Level 5:colcon.colcon_core.verb:set package 'move_t_sim' build argument 'catkin_skip_building_tests' from command line to 'False'
[0.285s] DEBUG:colcon.colcon_core.verb:Building package 'move_t_sim' with the following arguments: {'ament_cmake_args': None, 'build_base': '/home/hansollee/kdta_ROS2_workspace/build/move_t_sim', 'catkin_cmake_args': None, 'catkin_skip_building_tests': False, 'cmake_args': None, 'cmake_clean_cache': False, 'cmake_clean_first': False, 'cmake_force_configure': False, 'cmake_target': None, 'cmake_target_skip_unavailable': False, 'install_base': '/home/hansollee/kdta_ROS2_workspace/install/move_t_sim', 'merge_install': False, 'path': '/home/hansollee/kdta_ROS2_workspace/src/move_t_sim', 'symlink_install': True, 'test_result_base': None}
[0.285s] Level 5:colcon.colcon_core.verb:set package 'msg' build argument 'cmake_args' from command line to 'None'
[0.285s] Level 5:colcon.colcon_core.verb:set package 'msg' build argument 'cmake_target' from command line to 'None'
[0.285s] Level 5:colcon.colcon_core.verb:set package 'msg' build argument 'cmake_target_skip_unavailable' from command line to 'False'
[0.285s] Level 5:colcon.colcon_core.verb:set package 'msg' build argument 'cmake_clean_cache' from command line to 'False'
[0.285s] Level 5:colcon.colcon_core.verb:set package 'msg' build argument 'cmake_clean_first' from command line to 'False'
[0.285s] Level 5:colcon.colcon_core.verb:set package 'msg' build argument 'cmake_force_configure' from command line to 'False'
[0.285s] Level 5:colcon.colcon_core.verb:set package 'msg' build argument 'ament_cmake_args' from command line to 'None'
[0.285s] Level 5:colcon.colcon_core.verb:set package 'msg' build argument 'catkin_cmake_args' from command line to 'None'
[0.285s] Level 5:colcon.colcon_core.verb:set package 'msg' build argument 'catkin_skip_building_tests' from command line to 'False'
[0.286s] DEBUG:colcon.colcon_core.verb:Building package 'msg' with the following arguments: {'ament_cmake_args': None, 'build_base': '/home/hansollee/kdta_ROS2_workspace/build/msg', 'catkin_cmake_args': None, 'catkin_skip_building_tests': False, 'cmake_args': None, 'cmake_clean_cache': False, 'cmake_clean_first': False, 'cmake_force_configure': False, 'cmake_target': None, 'cmake_target_skip_unavailable': False, 'install_base': '/home/hansollee/kdta_ROS2_workspace/install/msg', 'merge_install': False, 'path': '/home/hansollee/kdta_ROS2_workspace/src/msg', 'symlink_install': True, 'test_result_base': None}
[0.286s] Level 5:colcon.colcon_core.verb:set package 'simple_pkg_cpp' build argument 'cmake_args' from command line to 'None'
[0.286s] Level 5:colcon.colcon_core.verb:set package 'simple_pkg_cpp' build argument 'cmake_target' from command line to 'None'
[0.286s] Level 5:colcon.colcon_core.verb:set package 'simple_pkg_cpp' build argument 'cmake_target_skip_unavailable' from command line to 'False'
[0.286s] Level 5:colcon.colcon_core.verb:set package 'simple_pkg_cpp' build argument 'cmake_clean_cache' from command line to 'False'
[0.286s] Level 5:colcon.colcon_core.verb:set package 'simple_pkg_cpp' build argument 'cmake_clean_first' from command line to 'False'
[0.286s] Level 5:colcon.colcon_core.verb:set package 'simple_pkg_cpp' build argument 'cmake_force_configure' from command line to 'False'
[0.286s] Level 5:colcon.colcon_core.verb:set package 'simple_pkg_cpp' build argument 'ament_cmake_args' from command line to 'None'
[0.286s] Level 5:colcon.colcon_core.verb:set package 'simple_pkg_cpp' build argument 'catkin_cmake_args' from command line to 'None'
[0.286s] Level 5:colcon.colcon_core.verb:set package 'simple_pkg_cpp' build argument 'catkin_skip_building_tests' from command line to 'False'
[0.287s] DEBUG:colcon.colcon_core.verb:Building package 'simple_pkg_cpp' with the following arguments: {'ament_cmake_args': None, 'build_base': '/home/hansollee/kdta_ROS2_workspace/build/simple_pkg_cpp', 'catkin_cmake_args': None, 'catkin_skip_building_tests': False, 'cmake_args': None, 'cmake_clean_cache': False, 'cmake_clean_first': False, 'cmake_force_configure': False, 'cmake_target': None, 'cmake_target_skip_unavailable': False, 'install_base': '/home/hansollee/kdta_ROS2_workspace/install/simple_pkg_cpp', 'merge_install': False, 'path': '/home/hansollee/kdta_ROS2_workspace/src/simple_pkg_cpp', 'symlink_install': True, 'test_result_base': None}
[0.287s] INFO:colcon.colcon_core.executor:Executing jobs using 'parallel' executor
[0.288s] DEBUG:colcon.colcon_parallel_executor.executor.parallel:run_until_complete
[0.288s] INFO:colcon.colcon_ros.task.ament_cmake.build:Building ROS package in '/home/hansollee/kdta_ROS2_workspace/interface_example' with build type 'ament_cmake'
[0.289s] INFO:colcon.colcon_cmake.task.cmake.build:Building CMake package in '/home/hansollee/kdta_ROS2_workspace/interface_example'
[0.290s] INFO:colcon.colcon_core.plugin_system:Skipping extension 'colcon_core.shell.bat': Not used on non-Windows systems
[0.290s] INFO:colcon.colcon_core.shell:Skip shell extension 'powershell' for command environment: Not usable outside of PowerShell
[0.290s] DEBUG:colcon.colcon_core.shell:Skip shell extension 'dsv' for command environment
[0.294s] INFO:colcon.colcon_ros.task.ament_cmake.build:Building ROS package in '/home/hansollee/kdta_ROS2_workspace/src/move_t_sim' with build type 'ament_cmake'
[0.294s] INFO:colcon.colcon_cmake.task.cmake.build:Building CMake package in '/home/hansollee/kdta_ROS2_workspace/src/move_t_sim'
[0.294s] INFO:colcon.colcon_core.shell:Skip shell extension 'powershell' for command environment: Not usable outside of PowerShell
[0.294s] DEBUG:colcon.colcon_core.shell:Skip shell extension 'dsv' for command environment
[0.303s] DEBUG:colcon.colcon_core.event_handler.log_command:Invoking command in '/home/hansollee/kdta_ROS2_workspace/build/interface_example': CMAKE_PREFIX_PATH=${CMAKE_PREFIX_PATH}:/opt/ros/humble /usr/bin/cmake --build /home/hansollee/kdta_ROS2_workspace/build/interface_example -- -j2 -l2
[0.309s] DEBUG:colcon.colcon_core.event_handler.log_command:Invoking command in '/home/hansollee/kdta_ROS2_workspace/build/move_t_sim': CMAKE_PREFIX_PATH=${CMAKE_PREFIX_PATH}:/opt/ros/humble /usr/bin/cmake --build /home/hansollee/kdta_ROS2_workspace/build/move_t_sim -- -j2 -l2
[0.482s] DEBUG:colcon.colcon_core.event_handler.log_command:Invoked command in '/home/hansollee/kdta_ROS2_workspace/build/move_t_sim' returned '0': CMAKE_PREFIX_PATH=${CMAKE_PREFIX_PATH}:/opt/ros/humble /usr/bin/cmake --build /home/hansollee/kdta_ROS2_workspace/build/move_t_sim -- -j2 -l2
[0.670s] DEBUG:colcon.colcon_core.event_handler.log_command:Invoking command in '/home/hansollee/kdta_ROS2_workspace/build/move_t_sim': CMAKE_PREFIX_PATH=${CMAKE_PREFIX_PATH}:/opt/ros/humble /usr/bin/cmake --install /home/hansollee/kdta_ROS2_workspace/build/move_t_sim
[0.696s] Level 1:colcon.colcon_core.environment:create_environment_scripts_only(move_t_sim)
[0.696s] DEBUG:colcon.colcon_core.event_handler.log_command:Invoked command in '/home/hansollee/kdta_ROS2_workspace/build/move_t_sim' returned '0': CMAKE_PREFIX_PATH=${CMAKE_PREFIX_PATH}:/opt/ros/humble /usr/bin/cmake --install /home/hansollee/kdta_ROS2_workspace/build/move_t_sim
[0.698s] Level 1:colcon.colcon_core.environment:checking '/home/hansollee/kdta_ROS2_workspace/install/move_t_sim' for CMake module files
[0.698s] Level 1:colcon.colcon_core.environment:checking '/home/hansollee/kdta_ROS2_workspace/install/move_t_sim' for CMake config files
[0.698s] Level 1:colcon.colcon_core.shell:create_environment_hook('move_t_sim', 'cmake_prefix_path')
[0.699s] INFO:colcon.colcon_core.shell:Creating environment hook '/home/hansollee/kdta_ROS2_workspace/install/move_t_sim/share/move_t_sim/hook/cmake_prefix_path.ps1'
[0.700s] INFO:colcon.colcon_core.shell:Creating environment descriptor '/home/hansollee/kdta_ROS2_workspace/install/move_t_sim/share/move_t_sim/hook/cmake_prefix_path.dsv'
[0.701s] INFO:colcon.colcon_core.shell:Creating environment hook '/home/hansollee/kdta_ROS2_workspace/install/move_t_sim/share/move_t_sim/hook/cmake_prefix_path.sh'
[0.702s] Level 1:colcon.colcon_core.environment:checking '/home/hansollee/kdta_ROS2_workspace/install/move_t_sim/lib'
[0.702s] Level 1:colcon.colcon_core.environment:checking '/home/hansollee/kdta_ROS2_workspace/install/move_t_sim/bin'
[0.702s] Level 1:colcon.colcon_core.environment:checking '/home/hansollee/kdta_ROS2_workspace/install/move_t_sim/lib/pkgconfig/move_t_sim.pc'
[0.702s] Level 1:colcon.colcon_core.environment:checking '/home/hansollee/kdta_ROS2_workspace/install/move_t_sim/lib/python3.10/site-packages'
[0.702s] Level 1:colcon.colcon_core.environment:checking '/home/hansollee/kdta_ROS2_workspace/install/move_t_sim/bin'
[0.703s] INFO:colcon.colcon_core.shell:Creating package script '/home/hansollee/kdta_ROS2_workspace/install/move_t_sim/share/move_t_sim/package.ps1'
[0.704s] INFO:colcon.colcon_core.shell:Creating package descriptor '/home/hansollee/kdta_ROS2_workspace/install/move_t_sim/share/move_t_sim/package.dsv'
[0.704s] INFO:colcon.colcon_core.shell:Creating package script '/home/hansollee/kdta_ROS2_workspace/install/move_t_sim/share/move_t_sim/package.sh'
[0.705s] INFO:colcon.colcon_core.shell:Creating package script '/home/hansollee/kdta_ROS2_workspace/install/move_t_sim/share/move_t_sim/package.bash'
[0.707s] INFO:colcon.colcon_core.shell:Creating package script '/home/hansollee/kdta_ROS2_workspace/install/move_t_sim/share/move_t_sim/package.zsh'
[0.708s] Level 1:colcon.colcon_core.environment:create_file_with_runtime_dependencies(/home/hansollee/kdta_ROS2_workspace/install/move_t_sim/share/colcon-core/packages/move_t_sim)
[0.779s] Level 1:colcon.colcon_core.environment:create_environment_scripts_only(move_t_sim)
[0.779s] Level 1:colcon.colcon_core.environment:checking '/home/hansollee/kdta_ROS2_workspace/install/move_t_sim' for CMake module files
[0.780s] Level 1:colcon.colcon_core.environment:checking '/home/hansollee/kdta_ROS2_workspace/install/move_t_sim' for CMake config files
[0.780s] Level 1:colcon.colcon_core.shell:create_environment_hook('move_t_sim', 'cmake_prefix_path')
[0.780s] INFO:colcon.colcon_core.shell:Creating environment hook '/home/hansollee/kdta_ROS2_workspace/install/move_t_sim/share/move_t_sim/hook/cmake_prefix_path.ps1'
[0.785s] INFO:colcon.colcon_core.shell:Creating environment descriptor '/home/hansollee/kdta_ROS2_workspace/install/move_t_sim/share/move_t_sim/hook/cmake_prefix_path.dsv'
[0.786s] INFO:colcon.colcon_core.shell:Creating environment hook '/home/hansollee/kdta_ROS2_workspace/install/move_t_sim/share/move_t_sim/hook/cmake_prefix_path.sh'
[0.786s] Level 1:colcon.colcon_core.environment:checking '/home/hansollee/kdta_ROS2_workspace/install/move_t_sim/lib'
[0.786s] Level 1:colcon.colcon_core.environment:checking '/home/hansollee/kdta_ROS2_workspace/install/move_t_sim/bin'
[0.787s] Level 1:colcon.colcon_core.environment:checking '/home/hansollee/kdta_ROS2_workspace/install/move_t_sim/lib/pkgconfig/move_t_sim.pc'
[0.787s] Level 1:colcon.colcon_core.environment:checking '/home/hansollee/kdta_ROS2_workspace/install/move_t_sim/lib/python3.10/site-packages'
[0.787s] Level 1:colcon.colcon_core.environment:checking '/home/hansollee/kdta_ROS2_workspace/install/move_t_sim/bin'
[0.787s] INFO:colcon.colcon_core.shell:Creating package script '/home/hansollee/kdta_ROS2_workspace/install/move_t_sim/share/move_t_sim/package.ps1'
[0.788s] INFO:colcon.colcon_core.shell:Creating package descriptor '/home/hansollee/kdta_ROS2_workspace/install/move_t_sim/share/move_t_sim/package.dsv'
[0.793s] INFO:colcon.colcon_core.shell:Creating package script '/home/hansollee/kdta_ROS2_workspace/install/move_t_sim/share/move_t_sim/package.sh'
[0.795s] INFO:colcon.colcon_core.shell:Creating package script '/home/hansollee/kdta_ROS2_workspace/install/move_t_sim/share/move_t_sim/package.bash'
[0.795s] INFO:colcon.colcon_core.shell:Creating package script '/home/hansollee/kdta_ROS2_workspace/install/move_t_sim/share/move_t_sim/package.zsh'
[0.796s] Level 1:colcon.colcon_core.environment:create_file_with_runtime_dependencies(/home/hansollee/kdta_ROS2_workspace/install/move_t_sim/share/colcon-core/packages/move_t_sim)
[0.796s] INFO:colcon.colcon_ros.task.ament_cmake.build:Building ROS package in '/home/hansollee/kdta_ROS2_workspace/src/msg' with build type 'ament_cmake'
[0.797s] INFO:colcon.colcon_cmake.task.cmake.build:Building CMake package in '/home/hansollee/kdta_ROS2_workspace/src/msg'
[0.797s] INFO:colcon.colcon_core.shell:Skip shell extension 'powershell' for command environment: Not usable outside of PowerShell
[0.797s] DEBUG:colcon.colcon_core.shell:Skip shell extension 'dsv' for command environment
[0.815s] DEBUG:colcon.colcon_core.event_handler.log_command:Invoking command in '/home/hansollee/kdta_ROS2_workspace/build/msg': CMAKE_PREFIX_PATH=${CMAKE_PREFIX_PATH}:/opt/ros/humble /usr/bin/cmake --build /home/hansollee/kdta_ROS2_workspace/build/msg -- -j2 -l2
[0.831s] DEBUG:colcon.colcon_core.event_handler.log_command:Invoked command in '/home/hansollee/kdta_ROS2_workspace/build/interface_example' returned '0': CMAKE_PREFIX_PATH=${CMAKE_PREFIX_PATH}:/opt/ros/humble /usr/bin/cmake --build /home/hansollee/kdta_ROS2_workspace/build/interface_example -- -j2 -l2
[1.019s] DEBUG:colcon.colcon_core.event_handler.log_command:Invoked command in '/home/hansollee/kdta_ROS2_workspace/build/msg' returned '0': CMAKE_PREFIX_PATH=${CMAKE_PREFIX_PATH}:/opt/ros/humble /usr/bin/cmake --build /home/hansollee/kdta_ROS2_workspace/build/msg -- -j2 -l2
[1.090s] DEBUG:colcon.colcon_core.event_handler.log_command:Invoking command in '/home/hansollee/kdta_ROS2_workspace/build/msg': CMAKE_PREFIX_PATH=${CMAKE_PREFIX_PATH}:/opt/ros/humble /usr/bin/cmake --install /home/hansollee/kdta_ROS2_workspace/build/msg
[1.128s] Level 1:colcon.colcon_core.environment:create_environment_scripts_only(msg)
[1.129s] Level 1:colcon.colcon_core.environment:checking '/home/hansollee/kdta_ROS2_workspace/install/msg' for CMake module files
[1.130s] Level 1:colcon.colcon_core.environment:checking '/home/hansollee/kdta_ROS2_workspace/install/msg' for CMake config files
[1.130s] DEBUG:colcon.colcon_core.event_handler.log_command:Invoked command in '/home/hansollee/kdta_ROS2_workspace/build/msg' returned '0': CMAKE_PREFIX_PATH=${CMAKE_PREFIX_PATH}:/opt/ros/humble /usr/bin/cmake --install /home/hansollee/kdta_ROS2_workspace/build/msg
[1.131s] Level 1:colcon.colcon_core.shell:create_environment_hook('msg', 'cmake_prefix_path')
[1.131s] INFO:colcon.colcon_core.shell:Creating environment hook '/home/hansollee/kdta_ROS2_workspace/install/msg/share/msg/hook/cmake_prefix_path.ps1'
[1.131s] INFO:colcon.colcon_core.shell:Creating environment descriptor '/home/hansollee/kdta_ROS2_workspace/install/msg/share/msg/hook/cmake_prefix_path.dsv'
[1.132s] INFO:colcon.colcon_core.shell:Creating environment hook '/home/hansollee/kdta_ROS2_workspace/install/msg/share/msg/hook/cmake_prefix_path.sh'
[1.132s] Level 1:colcon.colcon_core.environment:checking '/home/hansollee/kdta_ROS2_workspace/install/msg/lib'
[1.132s] Level 1:colcon.colcon_core.environment:checking '/home/hansollee/kdta_ROS2_workspace/install/msg/bin'
[1.133s] Level 1:colcon.colcon_core.environment:checking '/home/hansollee/kdta_ROS2_workspace/install/msg/lib/pkgconfig/msg.pc'
[1.133s] Level 1:colcon.colcon_core.environment:checking '/home/hansollee/kdta_ROS2_workspace/install/msg/lib/python3.10/site-packages'
[1.133s] Level 1:colcon.colcon_core.environment:checking '/home/hansollee/kdta_ROS2_workspace/install/msg/bin'
[1.133s] INFO:colcon.colcon_core.shell:Creating package script '/home/hansollee/kdta_ROS2_workspace/install/msg/share/msg/package.ps1'
[1.133s] INFO:colcon.colcon_core.shell:Creating package descriptor '/home/hansollee/kdta_ROS2_workspace/install/msg/share/msg/package.dsv'
[1.134s] INFO:colcon.colcon_core.shell:Creating package script '/home/hansollee/kdta_ROS2_workspace/install/msg/share/msg/package.sh'
[1.134s] INFO:colcon.colcon_core.shell:Creating package script '/home/hansollee/kdta_ROS2_workspace/install/msg/share/msg/package.bash'
[1.134s] INFO:colcon.colcon_core.shell:Creating package script '/home/hansollee/kdta_ROS2_workspace/install/msg/share/msg/package.zsh'
[1.135s] Level 1:colcon.colcon_core.environment:create_file_with_runtime_dependencies(/home/hansollee/kdta_ROS2_workspace/install/msg/share/colcon-core/packages/msg)
[1.197s] Level 1:colcon.colcon_core.environment:create_environment_scripts_only(msg)
[1.197s] Level 1:colcon.colcon_core.environment:checking '/home/hansollee/kdta_ROS2_workspace/install/msg' for CMake module files
[1.198s] Level 1:colcon.colcon_core.environment:checking '/home/hansollee/kdta_ROS2_workspace/install/msg' for CMake config files
[1.198s] Level 1:colcon.colcon_core.shell:create_environment_hook('msg', 'cmake_prefix_path')
[1.198s] INFO:colcon.colcon_core.shell:Creating environment hook '/home/hansollee/kdta_ROS2_workspace/install/msg/share/msg/hook/cmake_prefix_path.ps1'
[1.198s] INFO:colcon.colcon_core.shell:Creating environment descriptor '/home/hansollee/kdta_ROS2_workspace/install/msg/share/msg/hook/cmake_prefix_path.dsv'
[1.199s] INFO:colcon.colcon_core.shell:Creating environment hook '/home/hansollee/kdta_ROS2_workspace/install/msg/share/msg/hook/cmake_prefix_path.sh'
[1.199s] Level 1:colcon.colcon_core.environment:checking '/home/hansollee/kdta_ROS2_workspace/install/msg/lib'
[1.199s] Level 1:colcon.colcon_core.environment:checking '/home/hansollee/kdta_ROS2_workspace/install/msg/bin'
[1.199s] Level 1:colcon.colcon_core.environment:checking '/home/hansollee/kdta_ROS2_workspace/install/msg/lib/pkgconfig/msg.pc'
[1.200s] Level 1:colcon.colcon_core.environment:checking '/home/hansollee/kdta_ROS2_workspace/install/msg/lib/python3.10/site-packages'
[1.200s] Level 1:colcon.colcon_core.environment:checking '/home/hansollee/kdta_ROS2_workspace/install/msg/bin'
[1.200s] INFO:colcon.colcon_core.shell:Creating package script '/home/hansollee/kdta_ROS2_workspace/install/msg/share/msg/package.ps1'
[1.201s] INFO:colcon.colcon_core.shell:Creating package descriptor '/home/hansollee/kdta_ROS2_workspace/install/msg/share/msg/package.dsv'
[1.201s] INFO:colcon.colcon_core.shell:Creating package script '/home/hansollee/kdta_ROS2_workspace/install/msg/share/msg/package.sh'
[1.205s] INFO:colcon.colcon_core.shell:Creating package script '/home/hansollee/kdta_ROS2_workspace/install/msg/share/msg/package.bash'
[1.205s] INFO:colcon.colcon_core.shell:Creating package script '/home/hansollee/kdta_ROS2_workspace/install/msg/share/msg/package.zsh'
[1.205s] Level 1:colcon.colcon_core.environment:create_file_with_runtime_dependencies(/home/hansollee/kdta_ROS2_workspace/install/msg/share/colcon-core/packages/msg)
[1.206s] INFO:colcon.colcon_ros.task.ament_cmake.build:Building ROS package in '/home/hansollee/kdta_ROS2_workspace/src/simple_pkg_cpp' with build type 'ament_cmake'
[1.207s] INFO:colcon.colcon_cmake.task.cmake.build:Building CMake package in '/home/hansollee/kdta_ROS2_workspace/src/simple_pkg_cpp'
[1.207s] INFO:colcon.colcon_core.shell:Skip shell extension 'powershell' for command environment: Not usable outside of PowerShell
[1.207s] DEBUG:colcon.colcon_core.shell:Skip shell extension 'dsv' for command environment
[1.211s] DEBUG:colcon.colcon_core.event_handler.log_command:Invoking command in '/home/hansollee/kdta_ROS2_workspace/build/interface_example': CMAKE_PREFIX_PATH=${CMAKE_PREFIX_PATH}:/opt/ros/humble /usr/bin/cmake --install /home/hansollee/kdta_ROS2_workspace/build/interface_example
[1.220s] DEBUG:colcon.colcon_core.event_handler.log_command:Invoking command in '/home/hansollee/kdta_ROS2_workspace/build/simple_pkg_cpp': CMAKE_PREFIX_PATH=${CMAKE_PREFIX_PATH}:/opt/ros/humble /usr/bin/cmake --build /home/hansollee/kdta_ROS2_workspace/build/simple_pkg_cpp -- -j2 -l2
[1.374s] Level 1:colcon.colcon_core.environment:create_environment_scripts_only(interface_example)
[1.375s] Level 1:colcon.colcon_core.environment:checking '/home/hansollee/kdta_ROS2_workspace/install/interface_example' for CMake module files
[1.375s] Level 1:colcon.colcon_core.environment:checking '/home/hansollee/kdta_ROS2_workspace/install/interface_example' for CMake config files
[1.378s] Level 1:colcon.colcon_core.shell:create_environment_hook('interface_example', 'cmake_prefix_path')
[1.378s] INFO:colcon.colcon_core.shell:Creating environment hook '/home/hansollee/kdta_ROS2_workspace/install/interface_example/share/interface_example/hook/cmake_prefix_path.ps1'
[1.374s] DEBUG:colcon.colcon_core.event_handler.log_command:Invoked command in '/home/hansollee/kdta_ROS2_workspace/build/interface_example' returned '0': CMAKE_PREFIX_PATH=${CMAKE_PREFIX_PATH}:/opt/ros/humble /usr/bin/cmake --install /home/hansollee/kdta_ROS2_workspace/build/interface_example
[1.379s] INFO:colcon.colcon_core.shell:Creating environment descriptor '/home/hansollee/kdta_ROS2_workspace/install/interface_example/share/interface_example/hook/cmake_prefix_path.dsv'
[1.379s] INFO:colcon.colcon_core.shell:Creating environment hook '/home/hansollee/kdta_ROS2_workspace/install/interface_example/share/interface_example/hook/cmake_prefix_path.sh'
[1.380s] Level 1:colcon.colcon_core.environment:checking '/home/hansollee/kdta_ROS2_workspace/install/interface_example/lib'
[1.380s] Level 1:colcon.colcon_core.shell:create_environment_hook('interface_example', 'ld_library_path_lib')
[1.380s] INFO:colcon.colcon_core.shell:Creating environment hook '/home/hansollee/kdta_ROS2_workspace/install/interface_example/share/interface_example/hook/ld_library_path_lib.ps1'
[1.380s] INFO:colcon.colcon_core.shell:Creating environment descriptor '/home/hansollee/kdta_ROS2_workspace/install/interface_example/share/interface_example/hook/ld_library_path_lib.dsv'
[1.381s] INFO:colcon.colcon_core.shell:Creating environment hook '/home/hansollee/kdta_ROS2_workspace/install/interface_example/share/interface_example/hook/ld_library_path_lib.sh'
[1.381s] Level 1:colcon.colcon_core.environment:checking '/home/hansollee/kdta_ROS2_workspace/install/interface_example/bin'
[1.381s] Level 1:colcon.colcon_core.environment:checking '/home/hansollee/kdta_ROS2_workspace/install/interface_example/lib/pkgconfig/interface_example.pc'
[1.381s] Level 1:colcon.colcon_core.environment:checking '/home/hansollee/kdta_ROS2_workspace/install/interface_example/lib/python3.10/site-packages'
[1.381s] Level 1:colcon.colcon_core.environment:checking '/home/hansollee/kdta_ROS2_workspace/install/interface_example/bin'
[1.381s] INFO:colcon.colcon_core.shell:Creating package script '/home/hansollee/kdta_ROS2_workspace/install/interface_example/share/interface_example/package.ps1'
[1.382s] INFO:colcon.colcon_core.shell:Creating package descriptor '/home/hansollee/kdta_ROS2_workspace/install/interface_example/share/interface_example/package.dsv'
[1.382s] INFO:colcon.colcon_core.shell:Creating package script '/home/hansollee/kdta_ROS2_workspace/install/interface_example/share/interface_example/package.sh'
[1.382s] INFO:colcon.colcon_core.shell:Creating package script '/home/hansollee/kdta_ROS2_workspace/install/interface_example/share/interface_example/package.bash'
[1.383s] INFO:colcon.colcon_core.shell:Creating package script '/home/hansollee/kdta_ROS2_workspace/install/interface_example/share/interface_example/package.zsh'
[1.383s] Level 1:colcon.colcon_core.environment:create_file_with_runtime_dependencies(/home/hansollee/kdta_ROS2_workspace/install/interface_example/share/colcon-core/packages/interface_example)
[1.715s] DEBUG:colcon.colcon_core.event_handler.log_command:Invoked command in '/home/hansollee/kdta_ROS2_workspace/build/simple_pkg_cpp' returned '0': CMAKE_PREFIX_PATH=${CMAKE_PREFIX_PATH}:/opt/ros/humble /usr/bin/cmake --build /home/hansollee/kdta_ROS2_workspace/build/simple_pkg_cpp -- -j2 -l2
[1.759s] Level 1:colcon.colcon_core.environment:create_environment_scripts_only(interface_example)
[1.760s] Level 1:colcon.colcon_core.environment:checking '/home/hansollee/kdta_ROS2_workspace/install/interface_example' for CMake module files
[1.760s] Level 1:colcon.colcon_core.environment:checking '/home/hansollee/kdta_ROS2_workspace/install/interface_example' for CMake config files
[1.761s] Level 1:colcon.colcon_core.shell:create_environment_hook('interface_example', 'cmake_prefix_path')
[1.762s] INFO:colcon.colcon_core.shell:Creating environment hook '/home/hansollee/kdta_ROS2_workspace/install/interface_example/share/interface_example/hook/cmake_prefix_path.ps1'
[1.762s] INFO:colcon.colcon_core.shell:Creating environment descriptor '/home/hansollee/kdta_ROS2_workspace/install/interface_example/share/interface_example/hook/cmake_prefix_path.dsv'
[1.763s] INFO:colcon.colcon_core.shell:Creating environment hook '/home/hansollee/kdta_ROS2_workspace/install/interface_example/share/interface_example/hook/cmake_prefix_path.sh'
[1.763s] Level 1:colcon.colcon_core.environment:checking '/home/hansollee/kdta_ROS2_workspace/install/interface_example/lib'
[1.764s] Level 1:colcon.colcon_core.shell:create_environment_hook('interface_example', 'ld_library_path_lib')
[1.764s] INFO:colcon.colcon_core.shell:Creating environment hook '/home/hansollee/kdta_ROS2_workspace/install/interface_example/share/interface_example/hook/ld_library_path_lib.ps1'
[1.765s] INFO:colcon.colcon_core.shell:Creating environment descriptor '/home/hansollee/kdta_ROS2_workspace/install/interface_example/share/interface_example/hook/ld_library_path_lib.dsv'
[1.765s] INFO:colcon.colcon_core.shell:Creating environment hook '/home/hansollee/kdta_ROS2_workspace/install/interface_example/share/interface_example/hook/ld_library_path_lib.sh'
[1.765s] Level 1:colcon.colcon_core.environment:checking '/home/hansollee/kdta_ROS2_workspace/install/interface_example/bin'
[1.765s] Level 1:colcon.colcon_core.environment:checking '/home/hansollee/kdta_ROS2_workspace/install/interface_example/lib/pkgconfig/interface_example.pc'
[1.765s] Level 1:colcon.colcon_core.environment:checking '/home/hansollee/kdta_ROS2_workspace/install/interface_example/lib/python3.10/site-packages'
[1.766s] Level 1:colcon.colcon_core.environment:checking '/home/hansollee/kdta_ROS2_workspace/install/interface_example/bin'
[1.766s] INFO:colcon.colcon_core.shell:Creating package script '/home/hansollee/kdta_ROS2_workspace/install/interface_example/share/interface_example/package.ps1'
[1.766s] INFO:colcon.colcon_core.shell:Creating package descriptor '/home/hansollee/kdta_ROS2_workspace/install/interface_example/share/interface_example/package.dsv'
[1.767s] INFO:colcon.colcon_core.shell:Creating package script '/home/hansollee/kdta_ROS2_workspace/install/interface_example/share/interface_example/package.sh'
[1.767s] INFO:colcon.colcon_core.shell:Creating package script '/home/hansollee/kdta_ROS2_workspace/install/interface_example/share/interface_example/package.bash'
[1.767s] INFO:colcon.colcon_core.shell:Creating package script '/home/hansollee/kdta_ROS2_workspace/install/interface_example/share/interface_example/package.zsh'
[1.768s] Level 1:colcon.colcon_core.environment:create_file_with_runtime_dependencies(/home/hansollee/kdta_ROS2_workspace/install/interface_example/share/colcon-core/packages/interface_example)
[1.831s] DEBUG:colcon.colcon_core.event_handler.log_command:Invoking command in '/home/hansollee/kdta_ROS2_workspace/build/simple_pkg_cpp': CMAKE_PREFIX_PATH=${CMAKE_PREFIX_PATH}:/opt/ros/humble /usr/bin/cmake --install /home/hansollee/kdta_ROS2_workspace/build/simple_pkg_cpp
[1.867s] Level 1:colcon.colcon_core.environment:create_environment_scripts_only(simple_pkg_cpp)
[1.867s] Level 1:colcon.colcon_core.environment:checking '/home/hansollee/kdta_ROS2_workspace/install/simple_pkg_cpp' for CMake module files
[1.868s] DEBUG:colcon.colcon_core.event_handler.log_command:Invoked command in '/home/hansollee/kdta_ROS2_workspace/build/simple_pkg_cpp' returned '0': CMAKE_PREFIX_PATH=${CMAKE_PREFIX_PATH}:/opt/ros/humble /usr/bin/cmake --install /home/hansollee/kdta_ROS2_workspace/build/simple_pkg_cpp
[1.868s] Level 1:colcon.colcon_core.environment:checking '/home/hansollee/kdta_ROS2_workspace/install/simple_pkg_cpp' for CMake config files
[1.868s] Level 1:colcon.colcon_core.shell:create_environment_hook('simple_pkg_cpp', 'cmake_prefix_path')
[1.869s] INFO:colcon.colcon_core.shell:Creating environment hook '/home/hansollee/kdta_ROS2_workspace/install/simple_pkg_cpp/share/simple_pkg_cpp/hook/cmake_prefix_path.ps1'
[1.869s] INFO:colcon.colcon_core.shell:Creating environment descriptor '/home/hansollee/kdta_ROS2_workspace/install/simple_pkg_cpp/share/simple_pkg_cpp/hook/cmake_prefix_path.dsv'
[1.869s] INFO:colcon.colcon_core.shell:Creating environment hook '/home/hansollee/kdta_ROS2_workspace/install/simple_pkg_cpp/share/simple_pkg_cpp/hook/cmake_prefix_path.sh'
[1.870s] Level 1:colcon.colcon_core.environment:checking '/home/hansollee/kdta_ROS2_workspace/install/simple_pkg_cpp/lib'
[1.870s] Level 1:colcon.colcon_core.environment:checking '/home/hansollee/kdta_ROS2_workspace/install/simple_pkg_cpp/bin'
[1.870s] Level 1:colcon.colcon_core.environment:checking '/home/hansollee/kdta_ROS2_workspace/install/simple_pkg_cpp/lib/pkgconfig/simple_pkg_cpp.pc'
[1.870s] Level 1:colcon.colcon_core.environment:checking '/home/hansollee/kdta_ROS2_workspace/install/simple_pkg_cpp/lib/python3.10/site-packages'
[1.870s] Level 1:colcon.colcon_core.environment:checking '/home/hansollee/kdta_ROS2_workspace/install/simple_pkg_cpp/bin'
[1.870s] INFO:colcon.colcon_core.shell:Creating package script '/home/hansollee/kdta_ROS2_workspace/install/simple_pkg_cpp/share/simple_pkg_cpp/package.ps1'
[1.871s] INFO:colcon.colcon_core.shell:Creating package descriptor '/home/hansollee/kdta_ROS2_workspace/install/simple_pkg_cpp/share/simple_pkg_cpp/package.dsv'
[1.872s] INFO:colcon.colcon_core.shell:Creating package script '/home/hansollee/kdta_ROS2_workspace/install/simple_pkg_cpp/share/simple_pkg_cpp/package.sh'
[1.872s] INFO:colcon.colcon_core.shell:Creating package script '/home/hansollee/kdta_ROS2_workspace/install/simple_pkg_cpp/share/simple_pkg_cpp/package.bash'
[1.872s] INFO:colcon.colcon_core.shell:Creating package script '/home/hansollee/kdta_ROS2_workspace/install/simple_pkg_cpp/share/simple_pkg_cpp/package.zsh'
[1.873s] Level 1:colcon.colcon_core.environment:create_file_with_runtime_dependencies(/home/hansollee/kdta_ROS2_workspace/install/simple_pkg_cpp/share/colcon-core/packages/simple_pkg_cpp)
[1.942s] Level 1:colcon.colcon_core.environment:create_environment_scripts_only(simple_pkg_cpp)
[1.942s] Level 1:colcon.colcon_core.environment:checking '/home/hansollee/kdta_ROS2_workspace/install/simple_pkg_cpp' for CMake module files
[1.943s] Level 1:colcon.colcon_core.environment:checking '/home/hansollee/kdta_ROS2_workspace/install/simple_pkg_cpp' for CMake config files
[1.943s] Level 1:colcon.colcon_core.shell:create_environment_hook('simple_pkg_cpp', 'cmake_prefix_path')
[1.943s] INFO:colcon.colcon_core.shell:Creating environment hook '/home/hansollee/kdta_ROS2_workspace/install/simple_pkg_cpp/share/simple_pkg_cpp/hook/cmake_prefix_path.ps1'
[1.944s] INFO:colcon.colcon_core.shell:Creating environment descriptor '/home/hansollee/kdta_ROS2_workspace/install/simple_pkg_cpp/share/simple_pkg_cpp/hook/cmake_prefix_path.dsv'
[1.945s] INFO:colcon.colcon_core.shell:Creating environment hook '/home/hansollee/kdta_ROS2_workspace/install/simple_pkg_cpp/share/simple_pkg_cpp/hook/cmake_prefix_path.sh'
[1.946s] Level 1:colcon.colcon_core.environment:checking '/home/hansollee/kdta_ROS2_workspace/install/simple_pkg_cpp/lib'
[1.946s] Level 1:colcon.colcon_core.environment:checking '/home/hansollee/kdta_ROS2_workspace/install/simple_pkg_cpp/bin'
[1.946s] Level 1:colcon.colcon_core.environment:checking '/home/hansollee/kdta_ROS2_workspace/install/simple_pkg_cpp/lib/pkgconfig/simple_pkg_cpp.pc'
[1.946s] Level 1:colcon.colcon_core.environment:checking '/home/hansollee/kdta_ROS2_workspace/install/simple_pkg_cpp/lib/python3.10/site-packages'
[1.946s] Level 1:colcon.colcon_core.environment:checking '/home/hansollee/kdta_ROS2_workspace/install/simple_pkg_cpp/bin'
[1.947s] INFO:colcon.colcon_core.shell:Creating package script '/home/hansollee/kdta_ROS2_workspace/install/simple_pkg_cpp/share/simple_pkg_cpp/package.ps1'
[1.947s] INFO:colcon.colcon_core.shell:Creating package descriptor '/home/hansollee/kdta_ROS2_workspace/install/simple_pkg_cpp/share/simple_pkg_cpp/package.dsv'
[1.948s] INFO:colcon.colcon_core.shell:Creating package script '/home/hansollee/kdta_ROS2_workspace/install/simple_pkg_cpp/share/simple_pkg_cpp/package.sh'
[1.949s] INFO:colcon.colcon_core.shell:Creating package script '/home/hansollee/kdta_ROS2_workspace/install/simple_pkg_cpp/share/simple_pkg_cpp/package.bash'
[1.949s] INFO:colcon.colcon_core.shell:Creating package script '/home/hansollee/kdta_ROS2_workspace/install/simple_pkg_cpp/share/simple_pkg_cpp/package.zsh'
[1.950s] Level 1:colcon.colcon_core.environment:create_file_with_runtime_dependencies(/home/hansollee/kdta_ROS2_workspace/install/simple_pkg_cpp/share/colcon-core/packages/simple_pkg_cpp)
[1.951s] DEBUG:colcon.colcon_parallel_executor.executor.parallel:closing loop
[1.951s] DEBUG:colcon.colcon_parallel_executor.executor.parallel:loop closed
[1.951s] DEBUG:colcon.colcon_parallel_executor.executor.parallel:run_until_complete finished with '0'
[1.951s] DEBUG:colcon.colcon_core.event_reactor:joining thread
[1.958s] INFO:colcon.colcon_core.plugin_system:Skipping extension 'colcon_notification.desktop_notification.terminal_notifier': Not used on non-Darwin systems
[1.958s] INFO:colcon.colcon_core.plugin_system:Skipping extension 'colcon_notification.desktop_notification.win32': Not used on non-Windows systems
[1.958s] INFO:colcon.colcon_notification.desktop_notification:Sending desktop notification using 'notify2'
[1.971s] DEBUG:colcon.colcon_core.event_reactor:joined thread
[1.972s] INFO:colcon.colcon_core.shell:Creating prefix script '/home/hansollee/kdta_ROS2_workspace/install/local_setup.ps1'
[1.973s] INFO:colcon.colcon_core.shell:Creating prefix util module '/home/hansollee/kdta_ROS2_workspace/install/_local_setup_util_ps1.py'
[1.974s] INFO:colcon.colcon_core.shell:Creating prefix chain script '/home/hansollee/kdta_ROS2_workspace/install/setup.ps1'
[1.975s] INFO:colcon.colcon_core.shell:Creating prefix script '/home/hansollee/kdta_ROS2_workspace/install/local_setup.sh'
[1.975s] INFO:colcon.colcon_core.shell:Creating prefix util module '/home/hansollee/kdta_ROS2_workspace/install/_local_setup_util_sh.py'
[1.976s] INFO:colcon.colcon_core.shell:Creating prefix chain script '/home/hansollee/kdta_ROS2_workspace/install/setup.sh'
[1.977s] INFO:colcon.colcon_core.shell:Creating prefix script '/home/hansollee/kdta_ROS2_workspace/install/local_setup.bash'
[1.977s] INFO:colcon.colcon_core.shell:Creating prefix chain script '/home/hansollee/kdta_ROS2_workspace/install/setup.bash'
[1.978s] INFO:colcon.colcon_core.shell:Creating prefix script '/home/hansollee/kdta_ROS2_workspace/install/local_setup.zsh'
[1.979s] INFO:colcon.colcon_core.shell:Creating prefix chain script '/home/hansollee/kdta_ROS2_workspace/install/setup.zsh'
