[0.020s] Invoking command in '/home/hansollee/kdta_ROS2_workspace/build/interface_example': CMAKE_PREFIX_PATH=/opt/ros/humble /usr/bin/cmake /home/hansollee/kdta_ROS2_workspace/interface_example -DAMENT_CMAKE_SYMLINK_INSTALL=1 -DCMAKE_INSTALL_PREFIX=/home/hansollee/kdta_ROS2_workspace/install/interface_example
[0.188s] -- The C compiler identification is GNU 11.4.0
[0.287s] -- The CXX compiler identification is GNU 11.4.0
[0.305s] -- Detecting C compiler ABI info
[0.381s] -- Detecting C compiler ABI info - done
[0.385s] -- Check for working C compiler: /usr/bin/cc - skipped
[0.386s] -- Detecting C compile features
[0.387s] -- Detecting C compile features - done
[0.391s] -- Detecting CXX compiler ABI info
[0.476s] -- Detecting CXX compiler ABI info - done
[0.477s] -- Check for working CXX compiler: /usr/bin/c++ - skipped
[0.477s] -- Detecting CXX compile features
[0.477s] -- Detecting CXX compile features - done
[0.486s] -- Found ament_cmake: 1.3.10 (/opt/ros/humble/share/ament_cmake/cmake)
[0.627s] -- Found Python3: /usr/bin/python3 (found version "3.10.12") found components: Interpreter 
[0.706s] -- Override CMake install command with custom implementation using symlinks instead of copying resources
[0.756s] -- Found rosidl_default_generators: 1.2.0 (/opt/ros/humble/share/rosidl_default_generators/cmake)
[0.762s] -- Using all available rosidl_typesupport_c: rosidl_typesupport_fastrtps_c;rosidl_typesupport_introspection_c
[0.772s] -- Found rosidl_adapter: 3.1.5 (/opt/ros/humble/share/rosidl_adapter/cmake)
[0.830s] -- Using all available rosidl_typesupport_cpp: rosidl_typesupport_fastrtps_cpp;rosidl_typesupport_introspection_cpp
[1.192s] -- Found ament_cmake_ros: 0.10.0 (/opt/ros/humble/share/ament_cmake_ros/cmake)
[1.371s] -- Using all available rosidl_typesupport_c: rosidl_typesupport_fastrtps_c;rosidl_typesupport_introspection_c
[1.612s] -- Using all available rosidl_typesupport_cpp: rosidl_typesupport_fastrtps_cpp;rosidl_typesupport_introspection_cpp
[1.635s] -- Found PythonInterp: /usr/bin/python3 (found suitable version "3.10.12", minimum required is "3.6") 
[1.637s] -- Found python_cmake_module: 0.10.0 (/opt/ros/humble/share/python_cmake_module/cmake)
[1.663s] -- Found PythonLibs: /usr/lib/x86_64-linux-gnu/libpython3.10.so (found suitable version "3.10.12", minimum required is "3.5") 
[1.663s] -- Using PYTHON_EXECUTABLE: /usr/bin/python3
[1.663s] -- Using PYTHON_INCLUDE_DIRS: /usr/include/python3.10
[1.663s] -- Using PYTHON_LIBRARIES: /usr/lib/x86_64-linux-gnu/libpython3.10.so
[1.685s] -- Found PythonExtra: .so  
[1.723s] -- Found ament_lint_auto: 0.12.11 (/opt/ros/humble/share/ament_lint_auto/cmake)
[1.735s] -- Configuring done
[1.770s] -- Generating done
[1.772s] -- Build files have been written to: /home/hansollee/kdta_ROS2_workspace/build/interface_example
[1.778s] Invoked command in '/home/hansollee/kdta_ROS2_workspace/build/interface_example' returned '0': CMAKE_PREFIX_PATH=/opt/ros/humble /usr/bin/cmake /home/hansollee/kdta_ROS2_workspace/interface_example -DAMENT_CMAKE_SYMLINK_INSTALL=1 -DCMAKE_INSTALL_PREFIX=/home/hansollee/kdta_ROS2_workspace/install/interface_example
[1.780s] Invoking command in '/home/hansollee/kdta_ROS2_workspace/build/interface_example': CMAKE_PREFIX_PATH=/opt/ros/humble /usr/bin/cmake --build /home/hansollee/kdta_ROS2_workspace/build/interface_example -- -j2 -l2
[1.825s] [  1%] [34m[1mGenerating C code for ROS interfaces[0m
[1.877s] [  3%] [34m[1mGenerating C++ code for ROS interfaces[0m
[3.195s] [  3%] Built target interface_example__cpp
[3.223s] [  3%] Built target ament_cmake_python_symlink_interface_example
[3.235s] [  4%] [34m[1mGenerating C++ type support dispatch for ROS interfaces[0m
[3.261s] [  6%] [32mBuilding C object CMakeFiles/interface_example__rosidl_generator_c.dir/rosidl_generator_c/interface_example/msg/detail/arithmetic_argument__functions.c.o[0m
[3.393s] [  7%] [32mBuilding C object CMakeFiles/interface_example__rosidl_generator_c.dir/rosidl_generator_c/interface_example/srv/detail/add_two_int__functions.c.o[0m
[3.525s] [  9%] [32mBuilding C object CMakeFiles/interface_example__rosidl_generator_c.dir/rosidl_generator_c/interface_example/srv/detail/arithmetic_operator__functions.c.o[0m
[3.577s] [ 11%] [32mBuilding C object CMakeFiles/interface_example__rosidl_generator_c.dir/rosidl_generator_c/interface_example/action/detail/fibonacci__functions.c.o[0m
[3.779s] [ 12%] [32mBuilding C object CMakeFiles/interface_example__rosidl_generator_c.dir/rosidl_generator_c/interface_example/action/detail/arithmetic_checker__functions.c.o[0m
[3.783s] [ 14%] [32mBuilding CXX object CMakeFiles/interface_example__rosidl_typesupport_cpp.dir/rosidl_typesupport_cpp/interface_example/msg/arithmetic_argument__type_support.cpp.o[0m
[3.918s] [ 15%] [32m[1mLinking C shared library libinterface_example__rosidl_generator_c.so[0m
[4.096s] [ 15%] Built target interface_example__rosidl_generator_c
[4.164s] [ 17%] [34m[1mGenerating C++ type support for eProsima Fast-RTPS[0m
[4.371s] [ 19%] [32mBuilding CXX object CMakeFiles/interface_example__rosidl_typesupport_cpp.dir/rosidl_typesupport_cpp/interface_example/srv/add_two_int__type_support.cpp.o[0m
[4.727s] [ 20%] [32mBuilding CXX object CMakeFiles/interface_example__rosidl_typesupport_cpp.dir/rosidl_typesupport_cpp/interface_example/srv/arithmetic_operator__type_support.cpp.o[0m
[5.143s] [ 22%] [32mBuilding CXX object CMakeFiles/interface_example__rosidl_typesupport_cpp.dir/rosidl_typesupport_cpp/interface_example/action/fibonacci__type_support.cpp.o[0m
[5.255s] [ 23%] [32mBuilding CXX object CMakeFiles/interface_example__rosidl_typesupport_fastrtps_cpp.dir/rosidl_typesupport_fastrtps_cpp/interface_example/msg/detail/dds_fastrtps/arithmetic_argument__type_support.cpp.o[0m
[6.037s] [ 25%] [32mBuilding CXX object CMakeFiles/interface_example__rosidl_typesupport_cpp.dir/rosidl_typesupport_cpp/interface_example/action/arithmetic_checker__type_support.cpp.o[0m
[6.108s] [ 26%] [32mBuilding CXX object CMakeFiles/interface_example__rosidl_typesupport_fastrtps_cpp.dir/rosidl_typesupport_fastrtps_cpp/interface_example/srv/detail/dds_fastrtps/add_two_int__type_support.cpp.o[0m
[6.591s] [ 28%] [32m[1mLinking CXX shared library libinterface_example__rosidl_typesupport_cpp.so[0m
[6.655s] [ 30%] [32mBuilding CXX object CMakeFiles/interface_example__rosidl_typesupport_fastrtps_cpp.dir/rosidl_typesupport_fastrtps_cpp/interface_example/srv/detail/dds_fastrtps/arithmetic_operator__type_support.cpp.o[0m
[6.666s] [ 30%] Built target interface_example__rosidl_typesupport_cpp
[6.706s] [ 31%] [34m[1mGenerating C++ introspection for ROS interfaces[0m
[7.133s] [ 33%] [32mBuilding CXX object CMakeFiles/interface_example__rosidl_typesupport_fastrtps_cpp.dir/rosidl_typesupport_fastrtps_cpp/interface_example/action/detail/dds_fastrtps/fibonacci__type_support.cpp.o[0m
[7.533s] [ 34%] [32mBuilding CXX object CMakeFiles/interface_example__rosidl_typesupport_introspection_cpp.dir/rosidl_typesupport_introspection_cpp/interface_example/msg/detail/arithmetic_argument__type_support.cpp.o[0m
[8.182s] [ 36%] [32mBuilding CXX object CMakeFiles/interface_example__rosidl_typesupport_fastrtps_cpp.dir/rosidl_typesupport_fastrtps_cpp/interface_example/action/detail/dds_fastrtps/arithmetic_checker__type_support.cpp.o[0m
[8.314s] [ 38%] [32mBuilding CXX object CMakeFiles/interface_example__rosidl_typesupport_introspection_cpp.dir/rosidl_typesupport_introspection_cpp/interface_example/srv/detail/add_two_int__type_support.cpp.o[0m
[9.027s] [ 39%] [32mBuilding CXX object CMakeFiles/interface_example__rosidl_typesupport_introspection_cpp.dir/rosidl_typesupport_introspection_cpp/interface_example/srv/detail/arithmetic_operator__type_support.cpp.o[0m
[9.197s] [ 41%] [32m[1mLinking CXX shared library libinterface_example__rosidl_typesupport_fastrtps_cpp.so[0m
[9.276s] [ 41%] Built target interface_example__rosidl_typesupport_fastrtps_cpp
[9.548s] running egg_info
[9.549s] creating interface_example.egg-info
[9.549s] writing interface_example.egg-info/PKG-INFO
[9.550s] writing dependency_links to interface_example.egg-info/dependency_links.txt
[9.550s] writing top-level names to interface_example.egg-info/top_level.txt
[9.550s] writing manifest file 'interface_example.egg-info/SOURCES.txt'
[9.561s] reading manifest file 'interface_example.egg-info/SOURCES.txt'
[9.561s] writing manifest file 'interface_example.egg-info/SOURCES.txt'
[9.625s] [ 41%] Built target ament_cmake_python_build_interface_example_egg
[9.676s] [ 42%] [34m[1mGenerating C type support for eProsima Fast-RTPS[0m
[9.704s] [ 44%] [32mBuilding CXX object CMakeFiles/interface_example__rosidl_typesupport_introspection_cpp.dir/rosidl_typesupport_introspection_cpp/interface_example/action/detail/fibonacci__type_support.cpp.o[0m
[10.425s] [ 46%] [32mBuilding CXX object CMakeFiles/interface_example__rosidl_typesupport_introspection_cpp.dir/rosidl_typesupport_introspection_cpp/interface_example/action/detail/arithmetic_checker__type_support.cpp.o[0m
[10.765s] [ 47%] [32mBuilding CXX object CMakeFiles/interface_example__rosidl_typesupport_fastrtps_c.dir/rosidl_typesupport_fastrtps_c/interface_example/msg/detail/arithmetic_argument__type_support_c.cpp.o[0m
[11.410s] [ 49%] [32m[1mLinking CXX shared library libinterface_example__rosidl_typesupport_introspection_cpp.so[0m
[11.428s] [ 50%] [32mBuilding CXX object CMakeFiles/interface_example__rosidl_typesupport_fastrtps_c.dir/rosidl_typesupport_fastrtps_c/interface_example/srv/detail/add_two_int__type_support_c.cpp.o[0m
[11.554s] [ 50%] Built target interface_example__rosidl_typesupport_introspection_cpp
[11.599s] [ 52%] [34m[1mGenerating C introspection for ROS interfaces[0m
[11.948s] [ 53%] [32mBuilding CXX object CMakeFiles/interface_example__rosidl_typesupport_fastrtps_c.dir/rosidl_typesupport_fastrtps_c/interface_example/srv/detail/arithmetic_operator__type_support_c.cpp.o[0m
[12.457s] [ 55%] [32mBuilding C object CMakeFiles/interface_example__rosidl_typesupport_introspection_c.dir/rosidl_typesupport_introspection_c/interface_example/msg/detail/arithmetic_argument__type_support.c.o[0m
[12.514s] [ 57%] [32mBuilding CXX object CMakeFiles/interface_example__rosidl_typesupport_fastrtps_c.dir/rosidl_typesupport_fastrtps_c/interface_example/action/detail/fibonacci__type_support_c.cpp.o[0m
[12.542s] [ 58%] [32mBuilding C object CMakeFiles/interface_example__rosidl_typesupport_introspection_c.dir/rosidl_typesupport_introspection_c/interface_example/srv/detail/add_two_int__type_support.c.o[0m
[12.655s] [ 60%] [32mBuilding C object CMakeFiles/interface_example__rosidl_typesupport_introspection_c.dir/rosidl_typesupport_introspection_c/interface_example/srv/detail/arithmetic_operator__type_support.c.o[0m
[12.740s] [ 61%] [32mBuilding C object CMakeFiles/interface_example__rosidl_typesupport_introspection_c.dir/rosidl_typesupport_introspection_c/interface_example/action/detail/fibonacci__type_support.c.o[0m
[12.882s] [ 63%] [32mBuilding C object CMakeFiles/interface_example__rosidl_typesupport_introspection_c.dir/rosidl_typesupport_introspection_c/interface_example/action/detail/arithmetic_checker__type_support.c.o[0m
[12.922s] [ 65%] [32mBuilding CXX object CMakeFiles/interface_example__rosidl_typesupport_fastrtps_c.dir/rosidl_typesupport_fastrtps_c/interface_example/action/detail/arithmetic_checker__type_support_c.cpp.o[0m
[13.008s] [ 66%] [32m[1mLinking C shared library libinterface_example__rosidl_typesupport_introspection_c.so[0m
[13.103s] [ 66%] Built target interface_example__rosidl_typesupport_introspection_c
[13.148s] [ 68%] [34m[1mGenerating C type support dispatch for ROS interfaces[0m
[13.454s] [ 69%] [32m[1mLinking CXX shared library libinterface_example__rosidl_typesupport_fastrtps_c.so[0m
[13.626s] [ 69%] Built target interface_example__rosidl_typesupport_fastrtps_c
[13.707s] [ 71%] [32mBuilding CXX object CMakeFiles/interface_example__rosidl_typesupport_c.dir/rosidl_typesupport_c/interface_example/srv/add_two_int__type_support.cpp.o[0m
[13.724s] [ 73%] [32mBuilding CXX object CMakeFiles/interface_example__rosidl_typesupport_c.dir/rosidl_typesupport_c/interface_example/msg/arithmetic_argument__type_support.cpp.o[0m
[13.751s] [ 74%] [32mBuilding CXX object CMakeFiles/interface_example__rosidl_typesupport_c.dir/rosidl_typesupport_c/interface_example/srv/arithmetic_operator__type_support.cpp.o[0m
[13.774s] [ 76%] [32mBuilding CXX object CMakeFiles/interface_example__rosidl_typesupport_c.dir/rosidl_typesupport_c/interface_example/action/fibonacci__type_support.cpp.o[0m
[13.780s] [ 77%] [32mBuilding CXX object CMakeFiles/interface_example__rosidl_typesupport_c.dir/rosidl_typesupport_c/interface_example/action/arithmetic_checker__type_support.cpp.o[0m
[13.843s] [ 79%] [32m[1mLinking CXX shared library libinterface_example__rosidl_typesupport_c.so[0m
[13.887s] [ 79%] Built target interface_example__rosidl_typesupport_c
[13.907s] [ 79%] Built target interface_example
[13.928s] [ 80%] [34m[1mGenerating Python code for ROS interfaces[0m
[15.270s] [ 80%] Built target interface_example__py
[15.292s] [ 82%] [32mBuilding C object CMakeFiles/interface_example__rosidl_generator_py.dir/rosidl_generator_py/interface_example/srv/_add_two_int_s.c.o[0m
[15.320s] [ 84%] [32mBuilding C object CMakeFiles/interface_example__rosidl_generator_py.dir/rosidl_generator_py/interface_example/msg/_arithmetic_argument_s.c.o[0m
[15.470s] [ 85%] [32mBuilding C object CMakeFiles/interface_example__rosidl_generator_py.dir/rosidl_generator_py/interface_example/srv/_arithmetic_operator_s.c.o[0m
[15.542s] [ 87%] [32mBuilding C object CMakeFiles/interface_example__rosidl_generator_py.dir/rosidl_generator_py/interface_example/action/_fibonacci_s.c.o[0m
[15.581s] [ 88%] [32mBuilding C object CMakeFiles/interface_example__rosidl_generator_py.dir/rosidl_generator_py/interface_example/action/_arithmetic_checker_s.c.o[0m
[15.770s] [ 90%] [32m[1mLinking C shared library rosidl_generator_py/interface_example/libinterface_example__rosidl_generator_py.so[0m
[15.830s] [ 90%] Built target interface_example__rosidl_generator_py
[15.862s] [ 92%] [32mBuilding C object CMakeFiles/interface_example__rosidl_typesupport_fastrtps_c__pyext.dir/rosidl_generator_py/interface_example/_interface_example_s.ep.rosidl_typesupport_fastrtps_c.c.o[0m
[15.872s] [ 93%] [32mBuilding C object CMakeFiles/interface_example__rosidl_typesupport_introspection_c__pyext.dir/rosidl_generator_py/interface_example/_interface_example_s.ep.rosidl_typesupport_introspection_c.c.o[0m
[16.007s] [ 95%] [32m[1mLinking C shared library rosidl_generator_py/interface_example/interface_example_s__rosidl_typesupport_introspection_c.cpython-310-x86_64-linux-gnu.so[0m
[16.079s] [ 95%] Built target interface_example__rosidl_typesupport_introspection_c__pyext
[16.147s] [ 96%] [32mBuilding C object CMakeFiles/interface_example__rosidl_typesupport_c__pyext.dir/rosidl_generator_py/interface_example/_interface_example_s.ep.rosidl_typesupport_c.c.o[0m
[16.161s] [ 98%] [32m[1mLinking C shared library rosidl_generator_py/interface_example/interface_example_s__rosidl_typesupport_fastrtps_c.cpython-310-x86_64-linux-gnu.so[0m
[16.205s] [ 98%] Built target interface_example__rosidl_typesupport_fastrtps_c__pyext
[16.310s] [100%] [32m[1mLinking C shared library rosidl_generator_py/interface_example/interface_example_s__rosidl_typesupport_c.cpython-310-x86_64-linux-gnu.so[0m
[16.351s] [100%] Built target interface_example__rosidl_typesupport_c__pyext
[16.367s] Invoked command in '/home/hansollee/kdta_ROS2_workspace/build/interface_example' returned '0': CMAKE_PREFIX_PATH=/opt/ros/humble /usr/bin/cmake --build /home/hansollee/kdta_ROS2_workspace/build/interface_example -- -j2 -l2
[16.550s] Invoking command in '/home/hansollee/kdta_ROS2_workspace/build/interface_example': CMAKE_PREFIX_PATH=/opt/ros/humble /usr/bin/cmake --install /home/hansollee/kdta_ROS2_workspace/build/interface_example
[16.561s] -- Install configuration: ""
[16.562s] -- Execute custom install script
[16.562s] -- Symlinking: /home/hansollee/kdta_ROS2_workspace/install/interface_example/share/ament_index/resource_index/rosidl_interfaces/interface_example
[16.577s] -- Symlinking: /home/hansollee/kdta_ROS2_workspace/install/interface_example/include/interface_example/interface_example/action/arithmetic_checker.h
[16.586s] -- Symlinking: /home/hansollee/kdta_ROS2_workspace/install/interface_example/include/interface_example/interface_example/action/detail/arithmetic_checker__functions.h
[16.596s] -- Symlinking: /home/hansollee/kdta_ROS2_workspace/install/interface_example/include/interface_example/interface_example/action/detail/arithmetic_checker__struct.h
[16.604s] -- Symlinking: /home/hansollee/kdta_ROS2_workspace/install/interface_example/include/interface_example/interface_example/action/detail/arithmetic_checker__type_support.h
[16.616s] -- Symlinking: /home/hansollee/kdta_ROS2_workspace/install/interface_example/include/interface_example/interface_example/action/detail/fibonacci__functions.h
[16.627s] -- Symlinking: /home/hansollee/kdta_ROS2_workspace/install/interface_example/include/interface_example/interface_example/action/detail/fibonacci__struct.h
[16.636s] -- Symlinking: /home/hansollee/kdta_ROS2_workspace/install/interface_example/include/interface_example/interface_example/action/detail/fibonacci__type_support.h
[16.647s] -- Symlinking: /home/hansollee/kdta_ROS2_workspace/install/interface_example/include/interface_example/interface_example/action/fibonacci.h
[16.658s] -- Symlinking: /home/hansollee/kdta_ROS2_workspace/install/interface_example/include/interface_example/interface_example/msg/arithmetic_argument.h
[16.668s] -- Symlinking: /home/hansollee/kdta_ROS2_workspace/install/interface_example/include/interface_example/interface_example/msg/detail/arithmetic_argument__functions.h
[16.679s] -- Symlinking: /home/hansollee/kdta_ROS2_workspace/install/interface_example/include/interface_example/interface_example/msg/detail/arithmetic_argument__struct.h
[16.689s] -- Symlinking: /home/hansollee/kdta_ROS2_workspace/install/interface_example/include/interface_example/interface_example/msg/detail/arithmetic_argument__type_support.h
[16.700s] -- Symlinking: /home/hansollee/kdta_ROS2_workspace/install/interface_example/include/interface_example/interface_example/msg/rosidl_generator_c__visibility_control.h
[16.712s] -- Symlinking: /home/hansollee/kdta_ROS2_workspace/install/interface_example/include/interface_example/interface_example/srv/add_two_int.h
[16.721s] -- Symlinking: /home/hansollee/kdta_ROS2_workspace/install/interface_example/include/interface_example/interface_example/srv/arithmetic_operator.h
[16.731s] -- Symlinking: /home/hansollee/kdta_ROS2_workspace/install/interface_example/include/interface_example/interface_example/srv/detail/add_two_int__functions.h
[16.746s] -- Symlinking: /home/hansollee/kdta_ROS2_workspace/install/interface_example/include/interface_example/interface_example/srv/detail/add_two_int__struct.h
[16.755s] -- Symlinking: /home/hansollee/kdta_ROS2_workspace/install/interface_example/include/interface_example/interface_example/srv/detail/add_two_int__type_support.h
[16.783s] -- Symlinking: /home/hansollee/kdta_ROS2_workspace/install/interface_example/include/interface_example/interface_example/srv/detail/arithmetic_operator__functions.h
[16.794s] -- Symlinking: /home/hansollee/kdta_ROS2_workspace/install/interface_example/include/interface_example/interface_example/srv/detail/arithmetic_operator__struct.h
[16.808s] -- Symlinking: /home/hansollee/kdta_ROS2_workspace/install/interface_example/include/interface_example/interface_example/srv/detail/arithmetic_operator__type_support.h
[16.819s] -- Symlinking: /home/hansollee/kdta_ROS2_workspace/install/interface_example/share/interface_example/environment/library_path.sh
[16.831s] -- Symlinking: /home/hansollee/kdta_ROS2_workspace/install/interface_example/share/interface_example/environment/library_path.dsv
[16.840s] -- Symlinking: /home/hansollee/kdta_ROS2_workspace/install/interface_example/include/interface_example/interface_example/action/detail/arithmetic_checker__rosidl_typesupport_fastrtps_c.h
[16.853s] -- Symlinking: /home/hansollee/kdta_ROS2_workspace/install/interface_example/include/interface_example/interface_example/action/detail/fibonacci__rosidl_typesupport_fastrtps_c.h
[16.866s] -- Symlinking: /home/hansollee/kdta_ROS2_workspace/install/interface_example/include/interface_example/interface_example/msg/detail/arithmetic_argument__rosidl_typesupport_fastrtps_c.h
[16.877s] -- Symlinking: /home/hansollee/kdta_ROS2_workspace/install/interface_example/include/interface_example/interface_example/msg/rosidl_typesupport_fastrtps_c__visibility_control.h
[16.889s] -- Symlinking: /home/hansollee/kdta_ROS2_workspace/install/interface_example/include/interface_example/interface_example/srv/detail/add_two_int__rosidl_typesupport_fastrtps_c.h
[16.903s] -- Symlinking: /home/hansollee/kdta_ROS2_workspace/install/interface_example/include/interface_example/interface_example/srv/detail/arithmetic_operator__rosidl_typesupport_fastrtps_c.h
[16.912s] -- Symlinking: /home/hansollee/kdta_ROS2_workspace/install/interface_example/include/interface_example/interface_example/action/detail/arithmetic_checker__rosidl_typesupport_introspection_c.h
[16.925s] -- Symlinking: /home/hansollee/kdta_ROS2_workspace/install/interface_example/include/interface_example/interface_example/action/detail/fibonacci__rosidl_typesupport_introspection_c.h
[16.935s] -- Symlinking: /home/hansollee/kdta_ROS2_workspace/install/interface_example/include/interface_example/interface_example/msg/detail/arithmetic_argument__rosidl_typesupport_introspection_c.h
[16.947s] -- Symlinking: /home/hansollee/kdta_ROS2_workspace/install/interface_example/include/interface_example/interface_example/msg/rosidl_typesupport_introspection_c__visibility_control.h
[16.961s] -- Symlinking: /home/hansollee/kdta_ROS2_workspace/install/interface_example/include/interface_example/interface_example/srv/detail/add_two_int__rosidl_typesupport_introspection_c.h
[16.972s] -- Symlinking: /home/hansollee/kdta_ROS2_workspace/install/interface_example/include/interface_example/interface_example/srv/detail/arithmetic_operator__rosidl_typesupport_introspection_c.h
[16.985s] -- Symlinking: /home/hansollee/kdta_ROS2_workspace/install/interface_example/include/interface_example/interface_example/action/arithmetic_checker.hpp
[16.994s] -- Symlinking: /home/hansollee/kdta_ROS2_workspace/install/interface_example/include/interface_example/interface_example/action/detail/arithmetic_checker__builder.hpp
[17.005s] -- Symlinking: /home/hansollee/kdta_ROS2_workspace/install/interface_example/include/interface_example/interface_example/action/detail/arithmetic_checker__struct.hpp
[17.019s] -- Symlinking: /home/hansollee/kdta_ROS2_workspace/install/interface_example/include/interface_example/interface_example/action/detail/arithmetic_checker__traits.hpp
[17.031s] -- Symlinking: /home/hansollee/kdta_ROS2_workspace/install/interface_example/include/interface_example/interface_example/action/detail/fibonacci__builder.hpp
[17.047s] -- Symlinking: /home/hansollee/kdta_ROS2_workspace/install/interface_example/include/interface_example/interface_example/action/detail/fibonacci__struct.hpp
[17.058s] -- Symlinking: /home/hansollee/kdta_ROS2_workspace/install/interface_example/include/interface_example/interface_example/action/detail/fibonacci__traits.hpp
[17.074s] -- Symlinking: /home/hansollee/kdta_ROS2_workspace/install/interface_example/include/interface_example/interface_example/action/fibonacci.hpp
[17.080s] -- Symlinking: /home/hansollee/kdta_ROS2_workspace/install/interface_example/include/interface_example/interface_example/msg/arithmetic_argument.hpp
[17.092s] -- Symlinking: /home/hansollee/kdta_ROS2_workspace/install/interface_example/include/interface_example/interface_example/msg/detail/arithmetic_argument__builder.hpp
[17.102s] -- Symlinking: /home/hansollee/kdta_ROS2_workspace/install/interface_example/include/interface_example/interface_example/msg/detail/arithmetic_argument__struct.hpp
[17.114s] -- Symlinking: /home/hansollee/kdta_ROS2_workspace/install/interface_example/include/interface_example/interface_example/msg/detail/arithmetic_argument__traits.hpp
[17.122s] -- Symlinking: /home/hansollee/kdta_ROS2_workspace/install/interface_example/include/interface_example/interface_example/srv/add_two_int.hpp
[17.133s] -- Symlinking: /home/hansollee/kdta_ROS2_workspace/install/interface_example/include/interface_example/interface_example/srv/arithmetic_operator.hpp
[17.144s] -- Symlinking: /home/hansollee/kdta_ROS2_workspace/install/interface_example/include/interface_example/interface_example/srv/detail/add_two_int__builder.hpp
[17.153s] -- Symlinking: /home/hansollee/kdta_ROS2_workspace/install/interface_example/include/interface_example/interface_example/srv/detail/add_two_int__struct.hpp
[17.165s] -- Symlinking: /home/hansollee/kdta_ROS2_workspace/install/interface_example/include/interface_example/interface_example/srv/detail/add_two_int__traits.hpp
[17.175s] -- Symlinking: /home/hansollee/kdta_ROS2_workspace/install/interface_example/include/interface_example/interface_example/srv/detail/arithmetic_operator__builder.hpp
[17.184s] -- Symlinking: /home/hansollee/kdta_ROS2_workspace/install/interface_example/include/interface_example/interface_example/srv/detail/arithmetic_operator__struct.hpp
[17.195s] -- Symlinking: /home/hansollee/kdta_ROS2_workspace/install/interface_example/include/interface_example/interface_example/srv/detail/arithmetic_operator__traits.hpp
[17.205s] -- Symlinking: /home/hansollee/kdta_ROS2_workspace/install/interface_example/include/interface_example/interface_example/action/detail/arithmetic_checker__rosidl_typesupport_fastrtps_cpp.hpp
[17.216s] -- Symlinking: /home/hansollee/kdta_ROS2_workspace/install/interface_example/include/interface_example/interface_example/action/detail/fibonacci__rosidl_typesupport_fastrtps_cpp.hpp
[17.227s] -- Symlinking: /home/hansollee/kdta_ROS2_workspace/install/interface_example/include/interface_example/interface_example/msg/detail/arithmetic_argument__rosidl_typesupport_fastrtps_cpp.hpp
[17.238s] -- Symlinking: /home/hansollee/kdta_ROS2_workspace/install/interface_example/include/interface_example/interface_example/msg/rosidl_typesupport_fastrtps_cpp__visibility_control.h
[17.249s] -- Symlinking: /home/hansollee/kdta_ROS2_workspace/install/interface_example/include/interface_example/interface_example/srv/detail/add_two_int__rosidl_typesupport_fastrtps_cpp.hpp
[17.256s] -- Symlinking: /home/hansollee/kdta_ROS2_workspace/install/interface_example/include/interface_example/interface_example/srv/detail/arithmetic_operator__rosidl_typesupport_fastrtps_cpp.hpp
[17.269s] -- Symlinking: /home/hansollee/kdta_ROS2_workspace/install/interface_example/include/interface_example/interface_example/action/detail/arithmetic_checker__rosidl_typesupport_introspection_cpp.hpp
[17.277s] -- Symlinking: /home/hansollee/kdta_ROS2_workspace/install/interface_example/include/interface_example/interface_example/action/detail/fibonacci__rosidl_typesupport_introspection_cpp.hpp
[17.287s] -- Symlinking: /home/hansollee/kdta_ROS2_workspace/install/interface_example/include/interface_example/interface_example/msg/detail/arithmetic_argument__rosidl_typesupport_introspection_cpp.hpp
[17.298s] -- Symlinking: /home/hansollee/kdta_ROS2_workspace/install/interface_example/include/interface_example/interface_example/srv/detail/add_two_int__rosidl_typesupport_introspection_cpp.hpp
[17.307s] -- Symlinking: /home/hansollee/kdta_ROS2_workspace/install/interface_example/include/interface_example/interface_example/srv/detail/arithmetic_operator__rosidl_typesupport_introspection_cpp.hpp
[17.318s] -- Symlinking: /home/hansollee/kdta_ROS2_workspace/install/interface_example/share/interface_example/environment/pythonpath.sh
[17.327s] -- Symlinking: /home/hansollee/kdta_ROS2_workspace/install/interface_example/share/interface_example/environment/pythonpath.dsv
[17.339s] -- Symlinking: /home/hansollee/kdta_ROS2_workspace/install/interface_example/local/lib/python3.10/dist-packages/interface_example-0.0.0-py3.10.egg-info/PKG-INFO
[17.349s] -- Symlinking: /home/hansollee/kdta_ROS2_workspace/install/interface_example/local/lib/python3.10/dist-packages/interface_example-0.0.0-py3.10.egg-info/SOURCES.txt
[17.361s] -- Symlinking: /home/hansollee/kdta_ROS2_workspace/install/interface_example/local/lib/python3.10/dist-packages/interface_example-0.0.0-py3.10.egg-info/dependency_links.txt
[17.370s] -- Symlinking: /home/hansollee/kdta_ROS2_workspace/install/interface_example/local/lib/python3.10/dist-packages/interface_example-0.0.0-py3.10.egg-info/top_level.txt
[17.381s] -- Symlinking: /home/hansollee/kdta_ROS2_workspace/install/interface_example/local/lib/python3.10/dist-packages/interface_example/__init__.py
[17.396s] -- Symlinking: /home/hansollee/kdta_ROS2_workspace/install/interface_example/local/lib/python3.10/dist-packages/interface_example/_interface_example_s.ep.rosidl_typesupport_c.c
[17.404s] -- Symlinking: /home/hansollee/kdta_ROS2_workspace/install/interface_example/local/lib/python3.10/dist-packages/interface_example/_interface_example_s.ep.rosidl_typesupport_fastrtps_c.c
[17.413s] -- Symlinking: /home/hansollee/kdta_ROS2_workspace/install/interface_example/local/lib/python3.10/dist-packages/interface_example/_interface_example_s.ep.rosidl_typesupport_introspection_c.c
[17.434s] -- Symlinking: /home/hansollee/kdta_ROS2_workspace/install/interface_example/local/lib/python3.10/dist-packages/interface_example/action/__init__.py
[17.461s] -- Symlinking: /home/hansollee/kdta_ROS2_workspace/install/interface_example/local/lib/python3.10/dist-packages/interface_example/action/_arithmetic_checker.py
[17.477s] -- Symlinking: /home/hansollee/kdta_ROS2_workspace/install/interface_example/local/lib/python3.10/dist-packages/interface_example/action/_arithmetic_checker_s.c
[17.497s] -- Symlinking: /home/hansollee/kdta_ROS2_workspace/install/interface_example/local/lib/python3.10/dist-packages/interface_example/action/_fibonacci.py
[17.529s] -- Symlinking: /home/hansollee/kdta_ROS2_workspace/install/interface_example/local/lib/python3.10/dist-packages/interface_example/action/_fibonacci_s.c
[17.552s] -- Symlinking: /home/hansollee/kdta_ROS2_workspace/install/interface_example/local/lib/python3.10/dist-packages/interface_example/interface_example_s__rosidl_typesupport_c.cpython-310-x86_64-linux-gnu.so
[17.573s] -- Symlinking: /home/hansollee/kdta_ROS2_workspace/install/interface_example/local/lib/python3.10/dist-packages/interface_example/interface_example_s__rosidl_typesupport_fastrtps_c.cpython-310-x86_64-linux-gnu.so
[17.600s] -- Symlinking: /home/hansollee/kdta_ROS2_workspace/install/interface_example/local/lib/python3.10/dist-packages/interface_example/interface_example_s__rosidl_typesupport_introspection_c.cpython-310-x86_64-linux-gnu.so
[17.624s] -- Symlinking: /home/hansollee/kdta_ROS2_workspace/install/interface_example/local/lib/python3.10/dist-packages/interface_example/libinterface_example__rosidl_generator_py.so
[17.646s] -- Symlinking: /home/hansollee/kdta_ROS2_workspace/install/interface_example/local/lib/python3.10/dist-packages/interface_example/msg/__init__.py
[17.673s] -- Symlinking: /home/hansollee/kdta_ROS2_workspace/install/interface_example/local/lib/python3.10/dist-packages/interface_example/msg/_arithmetic_argument.py
[17.702s] -- Symlinking: /home/hansollee/kdta_ROS2_workspace/install/interface_example/local/lib/python3.10/dist-packages/interface_example/msg/_arithmetic_argument_s.c
[17.725s] -- Symlinking: /home/hansollee/kdta_ROS2_workspace/install/interface_example/local/lib/python3.10/dist-packages/interface_example/srv/__init__.py
[17.747s] -- Symlinking: /home/hansollee/kdta_ROS2_workspace/install/interface_example/local/lib/python3.10/dist-packages/interface_example/srv/_add_two_int.py
[17.757s] -- Symlinking: /home/hansollee/kdta_ROS2_workspace/install/interface_example/local/lib/python3.10/dist-packages/interface_example/srv/_add_two_int_s.c
[17.776s] -- Symlinking: /home/hansollee/kdta_ROS2_workspace/install/interface_example/local/lib/python3.10/dist-packages/interface_example/srv/_arithmetic_operator.py
[17.791s] -- Symlinking: /home/hansollee/kdta_ROS2_workspace/install/interface_example/local/lib/python3.10/dist-packages/interface_example/srv/_arithmetic_operator_s.c
[17.806s] -- Up-to-date symlink: /home/hansollee/kdta_ROS2_workspace/install/interface_example/local/lib/python3.10/dist-packages/interface_example/interface_example_s__rosidl_typesupport_fastrtps_c.cpython-310-x86_64-linux-gnu.so
[17.806s] -- Up-to-date symlink: /home/hansollee/kdta_ROS2_workspace/install/interface_example/local/lib/python3.10/dist-packages/interface_example/interface_example_s__rosidl_typesupport_introspection_c.cpython-310-x86_64-linux-gnu.so
[17.807s] -- Up-to-date symlink: /home/hansollee/kdta_ROS2_workspace/install/interface_example/local/lib/python3.10/dist-packages/interface_example/interface_example_s__rosidl_typesupport_c.cpython-310-x86_64-linux-gnu.so
[17.808s] -- Symlinking: /home/hansollee/kdta_ROS2_workspace/install/interface_example/share/interface_example/msg/ArithmeticArgument.idl
[17.821s] -- Symlinking: /home/hansollee/kdta_ROS2_workspace/install/interface_example/share/interface_example/srv/AddTwoInt.idl
[17.839s] -- Symlinking: /home/hansollee/kdta_ROS2_workspace/install/interface_example/share/interface_example/srv/ArithmeticOperator.idl
[17.857s] -- Symlinking: /home/hansollee/kdta_ROS2_workspace/install/interface_example/share/interface_example/action/Fibonacci.idl
[17.868s] -- Symlinking: /home/hansollee/kdta_ROS2_workspace/install/interface_example/share/interface_example/action/ArithmeticChecker.idl
[17.880s] -- Symlinking: /home/hansollee/kdta_ROS2_workspace/install/interface_example/share/interface_example/msg/ArithmeticArgument.msg
[17.892s] -- Symlinking: /home/hansollee/kdta_ROS2_workspace/install/interface_example/share/interface_example/srv/AddTwoInt.srv
[17.902s] -- Symlinking: /home/hansollee/kdta_ROS2_workspace/install/interface_example/share/interface_example/srv/AddTwoInt_Request.msg
[17.914s] -- Symlinking: /home/hansollee/kdta_ROS2_workspace/install/interface_example/share/interface_example/srv/AddTwoInt_Response.msg
[17.926s] -- Symlinking: /home/hansollee/kdta_ROS2_workspace/install/interface_example/share/interface_example/srv/ArithmeticOperator.srv
[17.937s] -- Symlinking: /home/hansollee/kdta_ROS2_workspace/install/interface_example/share/interface_example/srv/ArithmeticOperator_Request.msg
[17.948s] -- Symlinking: /home/hansollee/kdta_ROS2_workspace/install/interface_example/share/interface_example/srv/ArithmeticOperator_Response.msg
[17.957s] -- Symlinking: /home/hansollee/kdta_ROS2_workspace/install/interface_example/share/interface_example/action/Fibonacci.action
[17.970s] -- Symlinking: /home/hansollee/kdta_ROS2_workspace/install/interface_example/share/interface_example/action/ArithmeticChecker.action
[17.980s] -- Symlinking: /home/hansollee/kdta_ROS2_workspace/install/interface_example/share/ament_index/resource_index/package_run_dependencies/interface_example
[17.990s] -- Symlinking: /home/hansollee/kdta_ROS2_workspace/install/interface_example/share/ament_index/resource_index/parent_prefix_path/interface_example
[18.001s] -- Symlinking: /home/hansollee/kdta_ROS2_workspace/install/interface_example/share/interface_example/environment/ament_prefix_path.sh
[18.011s] -- Symlinking: /home/hansollee/kdta_ROS2_workspace/install/interface_example/share/interface_example/environment/ament_prefix_path.dsv
[18.024s] -- Symlinking: /home/hansollee/kdta_ROS2_workspace/install/interface_example/share/interface_example/environment/path.sh
[18.034s] -- Symlinking: /home/hansollee/kdta_ROS2_workspace/install/interface_example/share/interface_example/environment/path.dsv
[18.045s] -- Symlinking: /home/hansollee/kdta_ROS2_workspace/install/interface_example/share/interface_example/local_setup.bash
[18.056s] -- Symlinking: /home/hansollee/kdta_ROS2_workspace/install/interface_example/share/interface_example/local_setup.sh
[18.066s] -- Symlinking: /home/hansollee/kdta_ROS2_workspace/install/interface_example/share/interface_example/local_setup.zsh
[18.077s] -- Symlinking: /home/hansollee/kdta_ROS2_workspace/install/interface_example/share/interface_example/local_setup.dsv
[18.088s] -- Symlinking: /home/hansollee/kdta_ROS2_workspace/install/interface_example/share/interface_example/package.dsv
[18.100s] -- Symlinking: /home/hansollee/kdta_ROS2_workspace/install/interface_example/share/ament_index/resource_index/packages/interface_example
[18.110s] -- Symlinking: /home/hansollee/kdta_ROS2_workspace/install/interface_example/share/interface_example/cmake/rosidl_cmake-extras.cmake
[18.122s] -- Symlinking: /home/hansollee/kdta_ROS2_workspace/install/interface_example/share/interface_example/cmake/ament_cmake_export_dependencies-extras.cmake
[18.131s] -- Symlinking: /home/hansollee/kdta_ROS2_workspace/install/interface_example/share/interface_example/cmake/ament_cmake_export_include_directories-extras.cmake
[18.142s] -- Symlinking: /home/hansollee/kdta_ROS2_workspace/install/interface_example/share/interface_example/cmake/ament_cmake_export_libraries-extras.cmake
[18.153s] -- Symlinking: /home/hansollee/kdta_ROS2_workspace/install/interface_example/share/interface_example/cmake/ament_cmake_export_targets-extras.cmake
[18.168s] -- Symlinking: /home/hansollee/kdta_ROS2_workspace/install/interface_example/share/interface_example/cmake/rosidl_cmake_export_typesupport_targets-extras.cmake
[18.182s] -- Symlinking: /home/hansollee/kdta_ROS2_workspace/install/interface_example/share/interface_example/cmake/rosidl_cmake_export_typesupport_libraries-extras.cmake
[18.194s] -- Symlinking: /home/hansollee/kdta_ROS2_workspace/install/interface_example/share/interface_example/cmake/interface_exampleConfig.cmake
[18.204s] -- Symlinking: /home/hansollee/kdta_ROS2_workspace/install/interface_example/share/interface_example/cmake/interface_exampleConfig-version.cmake
[18.215s] -- Symlinking: /home/hansollee/kdta_ROS2_workspace/install/interface_example/share/interface_example/package.xml
[18.226s] -- Installing: /home/hansollee/kdta_ROS2_workspace/install/interface_example/lib/libinterface_example__rosidl_generator_c.so
[18.227s] -- Set runtime path of "/home/hansollee/kdta_ROS2_workspace/install/interface_example/lib/libinterface_example__rosidl_generator_c.so" to ""
[18.227s] -- Installing: /home/hansollee/kdta_ROS2_workspace/install/interface_example/lib/libinterface_example__rosidl_typesupport_fastrtps_c.so
[18.227s] -- Set runtime path of "/home/hansollee/kdta_ROS2_workspace/install/interface_example/lib/libinterface_example__rosidl_typesupport_fastrtps_c.so" to ""
[18.227s] -- Installing: /home/hansollee/kdta_ROS2_workspace/install/interface_example/lib/libinterface_example__rosidl_typesupport_introspection_c.so
[18.230s] -- Set runtime path of "/home/hansollee/kdta_ROS2_workspace/install/interface_example/lib/libinterface_example__rosidl_typesupport_introspection_c.so" to ""
[18.231s] -- Installing: /home/hansollee/kdta_ROS2_workspace/install/interface_example/lib/libinterface_example__rosidl_typesupport_c.so
[18.231s] -- Set runtime path of "/home/hansollee/kdta_ROS2_workspace/install/interface_example/lib/libinterface_example__rosidl_typesupport_c.so" to ""
[18.233s] -- Installing: /home/hansollee/kdta_ROS2_workspace/install/interface_example/lib/libinterface_example__rosidl_typesupport_fastrtps_cpp.so
[18.233s] -- Set runtime path of "/home/hansollee/kdta_ROS2_workspace/install/interface_example/lib/libinterface_example__rosidl_typesupport_fastrtps_cpp.so" to ""
[18.233s] -- Installing: /home/hansollee/kdta_ROS2_workspace/install/interface_example/lib/libinterface_example__rosidl_typesupport_introspection_cpp.so
[18.233s] -- Set runtime path of "/home/hansollee/kdta_ROS2_workspace/install/interface_example/lib/libinterface_example__rosidl_typesupport_introspection_cpp.so" to ""
[18.233s] -- Installing: /home/hansollee/kdta_ROS2_workspace/install/interface_example/lib/libinterface_example__rosidl_typesupport_cpp.so
[18.233s] -- Set runtime path of "/home/hansollee/kdta_ROS2_workspace/install/interface_example/lib/libinterface_example__rosidl_typesupport_cpp.so" to ""
[18.288s] Listing '/home/hansollee/kdta_ROS2_workspace/install/interface_example/local/lib/python3.10/dist-packages/interface_example'...
[18.288s] Compiling '/home/hansollee/kdta_ROS2_workspace/install/interface_example/local/lib/python3.10/dist-packages/interface_example/__init__.py'...
[18.288s] Listing '/home/hansollee/kdta_ROS2_workspace/install/interface_example/local/lib/python3.10/dist-packages/interface_example/action'...
[18.288s] Compiling '/home/hansollee/kdta_ROS2_workspace/install/interface_example/local/lib/python3.10/dist-packages/interface_example/action/__init__.py'...
[18.288s] Compiling '/home/hansollee/kdta_ROS2_workspace/install/interface_example/local/lib/python3.10/dist-packages/interface_example/action/_arithmetic_checker.py'...
[18.288s] Compiling '/home/hansollee/kdta_ROS2_workspace/install/interface_example/local/lib/python3.10/dist-packages/interface_example/action/_fibonacci.py'...
[18.288s] Listing '/home/hansollee/kdta_ROS2_workspace/install/interface_example/local/lib/python3.10/dist-packages/interface_example/msg'...
[18.288s] Compiling '/home/hansollee/kdta_ROS2_workspace/install/interface_example/local/lib/python3.10/dist-packages/interface_example/msg/__init__.py'...
[18.288s] Compiling '/home/hansollee/kdta_ROS2_workspace/install/interface_example/local/lib/python3.10/dist-packages/interface_example/msg/_arithmetic_argument.py'...
[18.288s] Listing '/home/hansollee/kdta_ROS2_workspace/install/interface_example/local/lib/python3.10/dist-packages/interface_example/srv'...
[18.288s] Compiling '/home/hansollee/kdta_ROS2_workspace/install/interface_example/local/lib/python3.10/dist-packages/interface_example/srv/__init__.py'...
[18.289s] Compiling '/home/hansollee/kdta_ROS2_workspace/install/interface_example/local/lib/python3.10/dist-packages/interface_example/srv/_add_two_int.py'...
[18.289s] Compiling '/home/hansollee/kdta_ROS2_workspace/install/interface_example/local/lib/python3.10/dist-packages/interface_example/srv/_arithmetic_operator.py'...
[18.299s] -- Installing: /home/hansollee/kdta_ROS2_workspace/install/interface_example/lib/libinterface_example__rosidl_generator_py.so
[18.299s] -- Set runtime path of "/home/hansollee/kdta_ROS2_workspace/install/interface_example/lib/libinterface_example__rosidl_generator_py.so" to ""
[18.299s] -- Installing: /home/hansollee/kdta_ROS2_workspace/install/interface_example/share/interface_example/cmake/export_interface_example__rosidl_generator_cExport.cmake
[18.299s] -- Installing: /home/hansollee/kdta_ROS2_workspace/install/interface_example/share/interface_example/cmake/export_interface_example__rosidl_generator_cExport-noconfig.cmake
[18.300s] -- Installing: /home/hansollee/kdta_ROS2_workspace/install/interface_example/share/interface_example/cmake/export_interface_example__rosidl_typesupport_fastrtps_cExport.cmake
[18.300s] -- Installing: /home/hansollee/kdta_ROS2_workspace/install/interface_example/share/interface_example/cmake/export_interface_example__rosidl_typesupport_fastrtps_cExport-noconfig.cmake
[18.300s] -- Installing: /home/hansollee/kdta_ROS2_workspace/install/interface_example/share/interface_example/cmake/interface_example__rosidl_typesupport_introspection_cExport.cmake
[18.300s] -- Installing: /home/hansollee/kdta_ROS2_workspace/install/interface_example/share/interface_example/cmake/interface_example__rosidl_typesupport_introspection_cExport-noconfig.cmake
[18.300s] -- Installing: /home/hansollee/kdta_ROS2_workspace/install/interface_example/share/interface_example/cmake/interface_example__rosidl_typesupport_cExport.cmake
[18.300s] -- Installing: /home/hansollee/kdta_ROS2_workspace/install/interface_example/share/interface_example/cmake/interface_example__rosidl_typesupport_cExport-noconfig.cmake
[18.301s] -- Installing: /home/hansollee/kdta_ROS2_workspace/install/interface_example/share/interface_example/cmake/export_interface_example__rosidl_generator_cppExport.cmake
[18.301s] -- Installing: /home/hansollee/kdta_ROS2_workspace/install/interface_example/share/interface_example/cmake/export_interface_example__rosidl_typesupport_fastrtps_cppExport.cmake
[18.301s] -- Installing: /home/hansollee/kdta_ROS2_workspace/install/interface_example/share/interface_example/cmake/export_interface_example__rosidl_typesupport_fastrtps_cppExport-noconfig.cmake
[18.301s] -- Installing: /home/hansollee/kdta_ROS2_workspace/install/interface_example/share/interface_example/cmake/interface_example__rosidl_typesupport_introspection_cppExport.cmake
[18.301s] -- Installing: /home/hansollee/kdta_ROS2_workspace/install/interface_example/share/interface_example/cmake/interface_example__rosidl_typesupport_introspection_cppExport-noconfig.cmake
[18.302s] -- Installing: /home/hansollee/kdta_ROS2_workspace/install/interface_example/share/interface_example/cmake/interface_example__rosidl_typesupport_cppExport.cmake
[18.302s] -- Installing: /home/hansollee/kdta_ROS2_workspace/install/interface_example/share/interface_example/cmake/interface_example__rosidl_typesupport_cppExport-noconfig.cmake
[18.302s] -- Installing: /home/hansollee/kdta_ROS2_workspace/install/interface_example/share/interface_example/cmake/export_interface_example__rosidl_generator_pyExport.cmake
[18.304s] -- Installing: /home/hansollee/kdta_ROS2_workspace/install/interface_example/share/interface_example/cmake/export_interface_example__rosidl_generator_pyExport-noconfig.cmake
[18.318s] Invoked command in '/home/hansollee/kdta_ROS2_workspace/build/interface_example' returned '0': CMAKE_PREFIX_PATH=/opt/ros/humble /usr/bin/cmake --install /home/hansollee/kdta_ROS2_workspace/build/interface_example
