[0.108s] Invoking command in '/home/hansollee/kdta_ROS2_workspace/build/moveTSim': CMAKE_PREFIX_PATH=${CMAKE_PREFIX_PATH}:/opt/ros/humble /usr/bin/cmake --build /home/hansollee/kdta_ROS2_workspace/build/moveTSim -- -j4 -l4
[0.303s] [100%] Built target moveTurtleSim
[0.358s] Invoked command in '/home/hansollee/kdta_ROS2_workspace/build/moveTSim' returned '0': CMAKE_PREFIX_PATH=${CMAKE_PREFIX_PATH}:/opt/ros/humble /usr/bin/cmake --build /home/hansollee/kdta_ROS2_workspace/build/moveTSim -- -j4 -l4
[0.665s] Invoking command in '/home/hansollee/kdta_ROS2_workspace/build/moveTSim': CMAKE_PREFIX_PATH=${CMAKE_PREFIX_PATH}:/opt/ros/humble /usr/bin/cmake --install /home/hansollee/kdta_ROS2_workspace/build/moveTSim
[0.704s] -- Install configuration: ""
[0.713s] -- Execute custom install script
[0.714s] -- Up-to-date symlink: /home/hansollee/kdta_ROS2_workspace/install/moveTSim/lib/moveTSim/moveTurtleSim
[0.714s] -- Up-to-date symlink: /home/hansollee/kdta_ROS2_workspace/install/moveTSim/share/ament_index/resource_index/package_run_dependencies/moveTSim
[0.715s] -- Up-to-date symlink: /home/hansollee/kdta_ROS2_workspace/install/moveTSim/share/ament_index/resource_index/parent_prefix_path/moveTSim
[0.715s] -- Up-to-date symlink: /home/hansollee/kdta_ROS2_workspace/install/moveTSim/share/moveTSim/environment/ament_prefix_path.sh
[0.716s] -- Up-to-date symlink: /home/hansollee/kdta_ROS2_workspace/install/moveTSim/share/moveTSim/environment/ament_prefix_path.dsv
[0.716s] -- Up-to-date symlink: /home/hansollee/kdta_ROS2_workspace/install/moveTSim/share/moveTSim/environment/path.sh
[0.716s] -- Up-to-date symlink: /home/hansollee/kdta_ROS2_workspace/install/moveTSim/share/moveTSim/environment/path.dsv
[0.717s] -- Up-to-date symlink: /home/hansollee/kdta_ROS2_workspace/install/moveTSim/share/moveTSim/local_setup.bash
[0.717s] -- Up-to-date symlink: /home/hansollee/kdta_ROS2_workspace/install/moveTSim/share/moveTSim/local_setup.sh
[0.718s] -- Up-to-date symlink: /home/hansollee/kdta_ROS2_workspace/install/moveTSim/share/moveTSim/local_setup.zsh
[0.725s] -- Up-to-date symlink: /home/hansollee/kdta_ROS2_workspace/install/moveTSim/share/moveTSim/local_setup.dsv
[0.725s] -- Symlinking: /home/hansollee/kdta_ROS2_workspace/install/moveTSim/share/moveTSim/package.dsv
[0.761s] -- Up-to-date symlink: /home/hansollee/kdta_ROS2_workspace/install/moveTSim/share/ament_index/resource_index/packages/moveTSim
[0.762s] -- Up-to-date symlink: /home/hansollee/kdta_ROS2_workspace/install/moveTSim/share/moveTSim/cmake/moveTSimConfig.cmake
[0.762s] -- Up-to-date symlink: /home/hansollee/kdta_ROS2_workspace/install/moveTSim/share/moveTSim/cmake/moveTSimConfig-version.cmake
[0.762s] -- Up-to-date symlink: /home/hansollee/kdta_ROS2_workspace/install/moveTSim/share/moveTSim/package.xml
[0.766s] Invoked command in '/home/hansollee/kdta_ROS2_workspace/build/moveTSim' returned '0': CMAKE_PREFIX_PATH=${CMAKE_PREFIX_PATH}:/opt/ros/humble /usr/bin/cmake --install /home/hansollee/kdta_ROS2_workspace/build/moveTSim
