[0.014s] Invoking command in '/home/hansollee/kdta_ROS2_workspace/build/interface_example': CMAKE_PREFIX_PATH=${CMAKE_PREFIX_PATH}:/opt/ros/humble /usr/bin/cmake --build /home/hansollee/kdta_ROS2_workspace/build/interface_example -- -j2 -l2
[0.081s] [ 11%] Built target interface_example__rosidl_generator_c
[0.084s] [ 12%] Built target interface_example__cpp
[0.120s] [ 23%] Built target interface_example__rosidl_typesupport_cpp
[0.153s] [ 23%] Built target ament_cmake_python_symlink_interface_example
[0.164s] [ 34%] Built target interface_example__rosidl_typesupport_fastrtps_c
[0.183s] [ 46%] Built target interface_example__rosidl_typesupport_c
[0.200s] [ 57%] Built target interface_example__rosidl_typesupport_introspection_c
[0.224s] [ 69%] Built target interface_example__rosidl_typesupport_fastrtps_cpp
[0.226s] [ 79%] Built target interface_example__rosidl_typesupport_introspection_cpp
[0.246s] [ 79%] Built target interface_example
[0.268s] [ 80%] Built target interface_example__py
[0.292s] [ 90%] Built target interface_example__rosidl_generator_py
[0.315s] [ 93%] Built target interface_example__rosidl_typesupport_fastrtps_c__pyext
[0.344s] [ 96%] Built target interface_example__rosidl_typesupport_introspection_c__pyext
[0.368s] [100%] Built target interface_example__rosidl_typesupport_c__pyext
[0.480s] running egg_info
[0.487s] writing interface_example.egg-info/PKG-INFO
[0.488s] writing dependency_links to interface_example.egg-info/dependency_links.txt
[0.488s] writing top-level names to interface_example.egg-info/top_level.txt
[0.488s] reading manifest file 'interface_example.egg-info/SOURCES.txt'
[0.496s] writing manifest file 'interface_example.egg-info/SOURCES.txt'
[0.520s] [100%] Built target ament_cmake_python_build_interface_example_egg
[0.542s] Invoked command in '/home/hansollee/kdta_ROS2_workspace/build/interface_example' returned '0': CMAKE_PREFIX_PATH=${CMAKE_PREFIX_PATH}:/opt/ros/humble /usr/bin/cmake --build /home/hansollee/kdta_ROS2_workspace/build/interface_example -- -j2 -l2
[0.921s] Invoking command in '/home/hansollee/kdta_ROS2_workspace/build/interface_example': CMAKE_PREFIX_PATH=${CMAKE_PREFIX_PATH}:/opt/ros/humble /usr/bin/cmake --install /home/hansollee/kdta_ROS2_workspace/build/interface_example
[0.937s] -- Install configuration: ""
[0.937s] -- Execute custom install script
[0.938s] -- Up-to-date symlink: /home/hansollee/kdta_ROS2_workspace/install/interface_example/share/ament_index/resource_index/rosidl_interfaces/interface_example
[0.938s] -- Up-to-date symlink: /home/hansollee/kdta_ROS2_workspace/install/interface_example/include/interface_example/interface_example/action/arithmetic_checker.h
[0.938s] -- Up-to-date symlink: /home/hansollee/kdta_ROS2_workspace/install/interface_example/include/interface_example/interface_example/action/detail/arithmetic_checker__functions.h
[0.943s] -- Up-to-date symlink: /home/hansollee/kdta_ROS2_workspace/install/interface_example/include/interface_example/interface_example/action/detail/arithmetic_checker__struct.h
[0.943s] -- Up-to-date symlink: /home/hansollee/kdta_ROS2_workspace/install/interface_example/include/interface_example/interface_example/action/detail/arithmetic_checker__type_support.h
[0.943s] -- Up-to-date symlink: /home/hansollee/kdta_ROS2_workspace/install/interface_example/include/interface_example/interface_example/action/detail/fibonacci__functions.h
[0.944s] -- Up-to-date symlink: /home/hansollee/kdta_ROS2_workspace/install/interface_example/include/interface_example/interface_example/action/detail/fibonacci__struct.h
[0.944s] -- Up-to-date symlink: /home/hansollee/kdta_ROS2_workspace/install/interface_example/include/interface_example/interface_example/action/detail/fibonacci__type_support.h
[0.944s] -- Up-to-date symlink: /home/hansollee/kdta_ROS2_workspace/install/interface_example/include/interface_example/interface_example/action/fibonacci.h
[0.944s] -- Up-to-date symlink: /home/hansollee/kdta_ROS2_workspace/install/interface_example/include/interface_example/interface_example/msg/arithmetic_argument.h
[0.944s] -- Up-to-date symlink: /home/hansollee/kdta_ROS2_workspace/install/interface_example/include/interface_example/interface_example/msg/detail/arithmetic_argument__functions.h
[0.944s] -- Up-to-date symlink: /home/hansollee/kdta_ROS2_workspace/install/interface_example/include/interface_example/interface_example/msg/detail/arithmetic_argument__struct.h
[0.944s] -- Up-to-date symlink: /home/hansollee/kdta_ROS2_workspace/install/interface_example/include/interface_example/interface_example/msg/detail/arithmetic_argument__type_support.h
[0.944s] -- Up-to-date symlink: /home/hansollee/kdta_ROS2_workspace/install/interface_example/include/interface_example/interface_example/msg/rosidl_generator_c__visibility_control.h
[0.945s] -- Up-to-date symlink: /home/hansollee/kdta_ROS2_workspace/install/interface_example/include/interface_example/interface_example/srv/add_two_int.h
[0.945s] -- Up-to-date symlink: /home/hansollee/kdta_ROS2_workspace/install/interface_example/include/interface_example/interface_example/srv/arithmetic_operator.h
[0.945s] -- Up-to-date symlink: /home/hansollee/kdta_ROS2_workspace/install/interface_example/include/interface_example/interface_example/srv/detail/add_two_int__functions.h
[0.945s] -- Up-to-date symlink: /home/hansollee/kdta_ROS2_workspace/install/interface_example/include/interface_example/interface_example/srv/detail/add_two_int__struct.h
[0.945s] -- Up-to-date symlink: /home/hansollee/kdta_ROS2_workspace/install/interface_example/include/interface_example/interface_example/srv/detail/add_two_int__type_support.h
[0.946s] -- Up-to-date symlink: /home/hansollee/kdta_ROS2_workspace/install/interface_example/include/interface_example/interface_example/srv/detail/arithmetic_operator__functions.h
[0.946s] -- Up-to-date symlink: /home/hansollee/kdta_ROS2_workspace/install/interface_example/include/interface_example/interface_example/srv/detail/arithmetic_operator__struct.h
[0.946s] -- Up-to-date symlink: /home/hansollee/kdta_ROS2_workspace/install/interface_example/include/interface_example/interface_example/srv/detail/arithmetic_operator__type_support.h
[0.947s] -- Up-to-date symlink: /home/hansollee/kdta_ROS2_workspace/install/interface_example/share/interface_example/environment/library_path.sh
[0.957s] -- Up-to-date symlink: /home/hansollee/kdta_ROS2_workspace/install/interface_example/share/interface_example/environment/library_path.dsv
[0.958s] -- Up-to-date symlink: /home/hansollee/kdta_ROS2_workspace/install/interface_example/include/interface_example/interface_example/action/detail/arithmetic_checker__rosidl_typesupport_fastrtps_c.h
[0.961s] -- Up-to-date symlink: /home/hansollee/kdta_ROS2_workspace/install/interface_example/include/interface_example/interface_example/action/detail/fibonacci__rosidl_typesupport_fastrtps_c.h
[0.961s] -- Up-to-date symlink: /home/hansollee/kdta_ROS2_workspace/install/interface_example/include/interface_example/interface_example/msg/detail/arithmetic_argument__rosidl_typesupport_fastrtps_c.h
[0.961s] -- Up-to-date symlink: /home/hansollee/kdta_ROS2_workspace/install/interface_example/include/interface_example/interface_example/msg/rosidl_typesupport_fastrtps_c__visibility_control.h
[0.961s] -- Up-to-date symlink: /home/hansollee/kdta_ROS2_workspace/install/interface_example/include/interface_example/interface_example/srv/detail/add_two_int__rosidl_typesupport_fastrtps_c.h
[0.961s] -- Up-to-date symlink: /home/hansollee/kdta_ROS2_workspace/install/interface_example/include/interface_example/interface_example/srv/detail/arithmetic_operator__rosidl_typesupport_fastrtps_c.h
[0.961s] -- Up-to-date symlink: /home/hansollee/kdta_ROS2_workspace/install/interface_example/include/interface_example/interface_example/action/detail/arithmetic_checker__rosidl_typesupport_introspection_c.h
[0.961s] -- Up-to-date symlink: /home/hansollee/kdta_ROS2_workspace/install/interface_example/include/interface_example/interface_example/action/detail/fibonacci__rosidl_typesupport_introspection_c.h
[0.961s] -- Up-to-date symlink: /home/hansollee/kdta_ROS2_workspace/install/interface_example/include/interface_example/interface_example/msg/detail/arithmetic_argument__rosidl_typesupport_introspection_c.h
[0.961s] -- Up-to-date symlink: /home/hansollee/kdta_ROS2_workspace/install/interface_example/include/interface_example/interface_example/msg/rosidl_typesupport_introspection_c__visibility_control.h
[0.961s] -- Up-to-date symlink: /home/hansollee/kdta_ROS2_workspace/install/interface_example/include/interface_example/interface_example/srv/detail/add_two_int__rosidl_typesupport_introspection_c.h
[0.961s] -- Up-to-date symlink: /home/hansollee/kdta_ROS2_workspace/install/interface_example/include/interface_example/interface_example/srv/detail/arithmetic_operator__rosidl_typesupport_introspection_c.h
[0.961s] -- Up-to-date symlink: /home/hansollee/kdta_ROS2_workspace/install/interface_example/include/interface_example/interface_example/action/arithmetic_checker.hpp
[0.961s] -- Up-to-date symlink: /home/hansollee/kdta_ROS2_workspace/install/interface_example/include/interface_example/interface_example/action/detail/arithmetic_checker__builder.hpp
[0.961s] -- Up-to-date symlink: /home/hansollee/kdta_ROS2_workspace/install/interface_example/include/interface_example/interface_example/action/detail/arithmetic_checker__struct.hpp
[0.961s] -- Up-to-date symlink: /home/hansollee/kdta_ROS2_workspace/install/interface_example/include/interface_example/interface_example/action/detail/arithmetic_checker__traits.hpp
[0.962s] -- Up-to-date symlink: /home/hansollee/kdta_ROS2_workspace/install/interface_example/include/interface_example/interface_example/action/detail/fibonacci__builder.hpp
[0.962s] -- Up-to-date symlink: /home/hansollee/kdta_ROS2_workspace/install/interface_example/include/interface_example/interface_example/action/detail/fibonacci__struct.hpp
[0.962s] -- Up-to-date symlink: /home/hansollee/kdta_ROS2_workspace/install/interface_example/include/interface_example/interface_example/action/detail/fibonacci__traits.hpp
[0.962s] -- Up-to-date symlink: /home/hansollee/kdta_ROS2_workspace/install/interface_example/include/interface_example/interface_example/action/fibonacci.hpp
[0.962s] -- Up-to-date symlink: /home/hansollee/kdta_ROS2_workspace/install/interface_example/include/interface_example/interface_example/msg/arithmetic_argument.hpp
[0.962s] -- Up-to-date symlink: /home/hansollee/kdta_ROS2_workspace/install/interface_example/include/interface_example/interface_example/msg/detail/arithmetic_argument__builder.hpp
[0.962s] -- Up-to-date symlink: /home/hansollee/kdta_ROS2_workspace/install/interface_example/include/interface_example/interface_example/msg/detail/arithmetic_argument__struct.hpp
[0.962s] -- Up-to-date symlink: /home/hansollee/kdta_ROS2_workspace/install/interface_example/include/interface_example/interface_example/msg/detail/arithmetic_argument__traits.hpp
[0.962s] -- Up-to-date symlink: /home/hansollee/kdta_ROS2_workspace/install/interface_example/include/interface_example/interface_example/srv/add_two_int.hpp
[0.962s] -- Up-to-date symlink: /home/hansollee/kdta_ROS2_workspace/install/interface_example/include/interface_example/interface_example/srv/arithmetic_operator.hpp
[0.962s] -- Up-to-date symlink: /home/hansollee/kdta_ROS2_workspace/install/interface_example/include/interface_example/interface_example/srv/detail/add_two_int__builder.hpp
[0.962s] -- Up-to-date symlink: /home/hansollee/kdta_ROS2_workspace/install/interface_example/include/interface_example/interface_example/srv/detail/add_two_int__struct.hpp
[0.962s] -- Up-to-date symlink: /home/hansollee/kdta_ROS2_workspace/install/interface_example/include/interface_example/interface_example/srv/detail/add_two_int__traits.hpp
[0.962s] -- Up-to-date symlink: /home/hansollee/kdta_ROS2_workspace/install/interface_example/include/interface_example/interface_example/srv/detail/arithmetic_operator__builder.hpp
[0.962s] -- Up-to-date symlink: /home/hansollee/kdta_ROS2_workspace/install/interface_example/include/interface_example/interface_example/srv/detail/arithmetic_operator__struct.hpp
[0.962s] -- Up-to-date symlink: /home/hansollee/kdta_ROS2_workspace/install/interface_example/include/interface_example/interface_example/srv/detail/arithmetic_operator__traits.hpp
[0.962s] -- Up-to-date symlink: /home/hansollee/kdta_ROS2_workspace/install/interface_example/include/interface_example/interface_example/action/detail/arithmetic_checker__rosidl_typesupport_fastrtps_cpp.hpp
[0.962s] -- Up-to-date symlink: /home/hansollee/kdta_ROS2_workspace/install/interface_example/include/interface_example/interface_example/action/detail/fibonacci__rosidl_typesupport_fastrtps_cpp.hpp
[0.962s] -- Up-to-date symlink: /home/hansollee/kdta_ROS2_workspace/install/interface_example/include/interface_example/interface_example/msg/detail/arithmetic_argument__rosidl_typesupport_fastrtps_cpp.hpp
[0.962s] -- Up-to-date symlink: /home/hansollee/kdta_ROS2_workspace/install/interface_example/include/interface_example/interface_example/msg/rosidl_typesupport_fastrtps_cpp__visibility_control.h
[0.962s] -- Up-to-date symlink: /home/hansollee/kdta_ROS2_workspace/install/interface_example/include/interface_example/interface_example/srv/detail/add_two_int__rosidl_typesupport_fastrtps_cpp.hpp
[0.962s] -- Up-to-date symlink: /home/hansollee/kdta_ROS2_workspace/install/interface_example/include/interface_example/interface_example/srv/detail/arithmetic_operator__rosidl_typesupport_fastrtps_cpp.hpp
[0.962s] -- Up-to-date symlink: /home/hansollee/kdta_ROS2_workspace/install/interface_example/include/interface_example/interface_example/action/detail/arithmetic_checker__rosidl_typesupport_introspection_cpp.hpp
[0.962s] -- Up-to-date symlink: /home/hansollee/kdta_ROS2_workspace/install/interface_example/include/interface_example/interface_example/action/detail/fibonacci__rosidl_typesupport_introspection_cpp.hpp
[0.962s] -- Up-to-date symlink: /home/hansollee/kdta_ROS2_workspace/install/interface_example/include/interface_example/interface_example/msg/detail/arithmetic_argument__rosidl_typesupport_introspection_cpp.hpp
[0.963s] -- Up-to-date symlink: /home/hansollee/kdta_ROS2_workspace/install/interface_example/include/interface_example/interface_example/srv/detail/add_two_int__rosidl_typesupport_introspection_cpp.hpp
[0.963s] -- Up-to-date symlink: /home/hansollee/kdta_ROS2_workspace/install/interface_example/include/interface_example/interface_example/srv/detail/arithmetic_operator__rosidl_typesupport_introspection_cpp.hpp
[0.963s] -- Up-to-date symlink: /home/hansollee/kdta_ROS2_workspace/install/interface_example/share/interface_example/environment/pythonpath.sh
[0.963s] -- Up-to-date symlink: /home/hansollee/kdta_ROS2_workspace/install/interface_example/share/interface_example/environment/pythonpath.dsv
[0.963s] -- Up-to-date symlink: /home/hansollee/kdta_ROS2_workspace/install/interface_example/local/lib/python3.10/dist-packages/interface_example-0.0.0-py3.10.egg-info/PKG-INFO
[0.963s] -- Up-to-date symlink: /home/hansollee/kdta_ROS2_workspace/install/interface_example/local/lib/python3.10/dist-packages/interface_example-0.0.0-py3.10.egg-info/SOURCES.txt
[0.963s] -- Up-to-date symlink: /home/hansollee/kdta_ROS2_workspace/install/interface_example/local/lib/python3.10/dist-packages/interface_example-0.0.0-py3.10.egg-info/dependency_links.txt
[0.963s] -- Up-to-date symlink: /home/hansollee/kdta_ROS2_workspace/install/interface_example/local/lib/python3.10/dist-packages/interface_example-0.0.0-py3.10.egg-info/top_level.txt
[0.963s] -- Up-to-date symlink: /home/hansollee/kdta_ROS2_workspace/install/interface_example/local/lib/python3.10/dist-packages/interface_example/__init__.py
[0.963s] -- Up-to-date symlink: /home/hansollee/kdta_ROS2_workspace/install/interface_example/local/lib/python3.10/dist-packages/interface_example/_interface_example_s.ep.rosidl_typesupport_c.c
[0.963s] -- Up-to-date symlink: /home/hansollee/kdta_ROS2_workspace/install/interface_example/local/lib/python3.10/dist-packages/interface_example/_interface_example_s.ep.rosidl_typesupport_fastrtps_c.c
[0.964s] -- Up-to-date symlink: /home/hansollee/kdta_ROS2_workspace/install/interface_example/local/lib/python3.10/dist-packages/interface_example/_interface_example_s.ep.rosidl_typesupport_introspection_c.c
[0.964s] -- Up-to-date symlink: /home/hansollee/kdta_ROS2_workspace/install/interface_example/local/lib/python3.10/dist-packages/interface_example/action/__init__.py
[0.964s] -- Up-to-date symlink: /home/hansollee/kdta_ROS2_workspace/install/interface_example/local/lib/python3.10/dist-packages/interface_example/action/_arithmetic_checker.py
[0.965s] -- Up-to-date symlink: /home/hansollee/kdta_ROS2_workspace/install/interface_example/local/lib/python3.10/dist-packages/interface_example/action/_arithmetic_checker_s.c
[0.965s] -- Up-to-date symlink: /home/hansollee/kdta_ROS2_workspace/install/interface_example/local/lib/python3.10/dist-packages/interface_example/action/_fibonacci.py
[0.965s] -- Up-to-date symlink: /home/hansollee/kdta_ROS2_workspace/install/interface_example/local/lib/python3.10/dist-packages/interface_example/action/_fibonacci_s.c
[0.965s] -- Up-to-date symlink: /home/hansollee/kdta_ROS2_workspace/install/interface_example/local/lib/python3.10/dist-packages/interface_example/interface_example_s__rosidl_typesupport_c.cpython-310-x86_64-linux-gnu.so
[0.966s] -- Up-to-date symlink: /home/hansollee/kdta_ROS2_workspace/install/interface_example/local/lib/python3.10/dist-packages/interface_example/interface_example_s__rosidl_typesupport_fastrtps_c.cpython-310-x86_64-linux-gnu.so
[0.966s] -- Up-to-date symlink: /home/hansollee/kdta_ROS2_workspace/install/interface_example/local/lib/python3.10/dist-packages/interface_example/interface_example_s__rosidl_typesupport_introspection_c.cpython-310-x86_64-linux-gnu.so
[0.966s] -- Up-to-date symlink: /home/hansollee/kdta_ROS2_workspace/install/interface_example/local/lib/python3.10/dist-packages/interface_example/libinterface_example__rosidl_generator_py.so
[0.967s] -- Up-to-date symlink: /home/hansollee/kdta_ROS2_workspace/install/interface_example/local/lib/python3.10/dist-packages/interface_example/msg/__init__.py
[0.967s] -- Up-to-date symlink: /home/hansollee/kdta_ROS2_workspace/install/interface_example/local/lib/python3.10/dist-packages/interface_example/msg/_arithmetic_argument.py
[0.967s] -- Up-to-date symlink: /home/hansollee/kdta_ROS2_workspace/install/interface_example/local/lib/python3.10/dist-packages/interface_example/msg/_arithmetic_argument_s.c
[0.968s] -- Up-to-date symlink: /home/hansollee/kdta_ROS2_workspace/install/interface_example/local/lib/python3.10/dist-packages/interface_example/srv/__init__.py
[0.971s] -- Up-to-date symlink: /home/hansollee/kdta_ROS2_workspace/install/interface_example/local/lib/python3.10/dist-packages/interface_example/srv/_add_two_int.py
[0.971s] -- Up-to-date symlink: /home/hansollee/kdta_ROS2_workspace/install/interface_example/local/lib/python3.10/dist-packages/interface_example/srv/_add_two_int_s.c
[0.971s] -- Up-to-date symlink: /home/hansollee/kdta_ROS2_workspace/install/interface_example/local/lib/python3.10/dist-packages/interface_example/srv/_arithmetic_operator.py
[0.971s] -- Up-to-date symlink: /home/hansollee/kdta_ROS2_workspace/install/interface_example/local/lib/python3.10/dist-packages/interface_example/srv/_arithmetic_operator_s.c
[0.971s] -- Up-to-date symlink: /home/hansollee/kdta_ROS2_workspace/install/interface_example/local/lib/python3.10/dist-packages/interface_example/interface_example_s__rosidl_typesupport_fastrtps_c.cpython-310-x86_64-linux-gnu.so
[0.971s] -- Up-to-date symlink: /home/hansollee/kdta_ROS2_workspace/install/interface_example/local/lib/python3.10/dist-packages/interface_example/interface_example_s__rosidl_typesupport_introspection_c.cpython-310-x86_64-linux-gnu.so
[0.971s] -- Up-to-date symlink: /home/hansollee/kdta_ROS2_workspace/install/interface_example/local/lib/python3.10/dist-packages/interface_example/interface_example_s__rosidl_typesupport_c.cpython-310-x86_64-linux-gnu.so
[0.971s] -- Up-to-date symlink: /home/hansollee/kdta_ROS2_workspace/install/interface_example/share/interface_example/msg/ArithmeticArgument.idl
[0.971s] -- Up-to-date symlink: /home/hansollee/kdta_ROS2_workspace/install/interface_example/share/interface_example/srv/AddTwoInt.idl
[0.971s] -- Up-to-date symlink: /home/hansollee/kdta_ROS2_workspace/install/interface_example/share/interface_example/srv/ArithmeticOperator.idl
[0.971s] -- Up-to-date symlink: /home/hansollee/kdta_ROS2_workspace/install/interface_example/share/interface_example/action/Fibonacci.idl
[0.971s] -- Up-to-date symlink: /home/hansollee/kdta_ROS2_workspace/install/interface_example/share/interface_example/action/ArithmeticChecker.idl
[0.971s] -- Up-to-date symlink: /home/hansollee/kdta_ROS2_workspace/install/interface_example/share/interface_example/msg/ArithmeticArgument.msg
[0.971s] -- Up-to-date symlink: /home/hansollee/kdta_ROS2_workspace/install/interface_example/share/interface_example/srv/AddTwoInt.srv
[0.972s] -- Up-to-date symlink: /home/hansollee/kdta_ROS2_workspace/install/interface_example/share/interface_example/srv/AddTwoInt_Request.msg
[0.972s] -- Up-to-date symlink: /home/hansollee/kdta_ROS2_workspace/install/interface_example/share/interface_example/srv/AddTwoInt_Response.msg
[0.972s] -- Up-to-date symlink: /home/hansollee/kdta_ROS2_workspace/install/interface_example/share/interface_example/srv/ArithmeticOperator.srv
[0.972s] -- Up-to-date symlink: /home/hansollee/kdta_ROS2_workspace/install/interface_example/share/interface_example/srv/ArithmeticOperator_Request.msg
[0.972s] -- Up-to-date symlink: /home/hansollee/kdta_ROS2_workspace/install/interface_example/share/interface_example/srv/ArithmeticOperator_Response.msg
[0.972s] -- Up-to-date symlink: /home/hansollee/kdta_ROS2_workspace/install/interface_example/share/interface_example/action/Fibonacci.action
[0.972s] -- Up-to-date symlink: /home/hansollee/kdta_ROS2_workspace/install/interface_example/share/interface_example/action/ArithmeticChecker.action
[0.972s] -- Up-to-date symlink: /home/hansollee/kdta_ROS2_workspace/install/interface_example/share/ament_index/resource_index/package_run_dependencies/interface_example
[0.972s] -- Up-to-date symlink: /home/hansollee/kdta_ROS2_workspace/install/interface_example/share/ament_index/resource_index/parent_prefix_path/interface_example
[0.972s] -- Up-to-date symlink: /home/hansollee/kdta_ROS2_workspace/install/interface_example/share/interface_example/environment/ament_prefix_path.sh
[0.972s] -- Up-to-date symlink: /home/hansollee/kdta_ROS2_workspace/install/interface_example/share/interface_example/environment/ament_prefix_path.dsv
[0.972s] -- Up-to-date symlink: /home/hansollee/kdta_ROS2_workspace/install/interface_example/share/interface_example/environment/path.sh
[0.972s] -- Up-to-date symlink: /home/hansollee/kdta_ROS2_workspace/install/interface_example/share/interface_example/environment/path.dsv
[0.973s] -- Up-to-date symlink: /home/hansollee/kdta_ROS2_workspace/install/interface_example/share/interface_example/local_setup.bash
[0.973s] -- Up-to-date symlink: /home/hansollee/kdta_ROS2_workspace/install/interface_example/share/interface_example/local_setup.sh
[0.973s] -- Up-to-date symlink: /home/hansollee/kdta_ROS2_workspace/install/interface_example/share/interface_example/local_setup.zsh
[0.973s] -- Up-to-date symlink: /home/hansollee/kdta_ROS2_workspace/install/interface_example/share/interface_example/local_setup.dsv
[0.973s] -- Symlinking: /home/hansollee/kdta_ROS2_workspace/install/interface_example/share/interface_example/package.dsv
[0.994s] -- Up-to-date symlink: /home/hansollee/kdta_ROS2_workspace/install/interface_example/share/ament_index/resource_index/packages/interface_example
[0.994s] -- Up-to-date symlink: /home/hansollee/kdta_ROS2_workspace/install/interface_example/share/interface_example/cmake/rosidl_cmake-extras.cmake
[0.994s] -- Up-to-date symlink: /home/hansollee/kdta_ROS2_workspace/install/interface_example/share/interface_example/cmake/ament_cmake_export_dependencies-extras.cmake
[0.994s] -- Up-to-date symlink: /home/hansollee/kdta_ROS2_workspace/install/interface_example/share/interface_example/cmake/ament_cmake_export_include_directories-extras.cmake
[0.994s] -- Up-to-date symlink: /home/hansollee/kdta_ROS2_workspace/install/interface_example/share/interface_example/cmake/ament_cmake_export_libraries-extras.cmake
[0.995s] -- Up-to-date symlink: /home/hansollee/kdta_ROS2_workspace/install/interface_example/share/interface_example/cmake/ament_cmake_export_targets-extras.cmake
[0.995s] -- Up-to-date symlink: /home/hansollee/kdta_ROS2_workspace/install/interface_example/share/interface_example/cmake/rosidl_cmake_export_typesupport_targets-extras.cmake
[0.995s] -- Up-to-date symlink: /home/hansollee/kdta_ROS2_workspace/install/interface_example/share/interface_example/cmake/rosidl_cmake_export_typesupport_libraries-extras.cmake
[0.995s] -- Up-to-date symlink: /home/hansollee/kdta_ROS2_workspace/install/interface_example/share/interface_example/cmake/interface_exampleConfig.cmake
[0.995s] -- Up-to-date symlink: /home/hansollee/kdta_ROS2_workspace/install/interface_example/share/interface_example/cmake/interface_exampleConfig-version.cmake
[0.995s] -- Up-to-date symlink: /home/hansollee/kdta_ROS2_workspace/install/interface_example/share/interface_example/package.xml
[0.995s] -- Up-to-date: /home/hansollee/kdta_ROS2_workspace/install/interface_example/lib/libinterface_example__rosidl_generator_c.so
[0.995s] -- Up-to-date: /home/hansollee/kdta_ROS2_workspace/install/interface_example/lib/libinterface_example__rosidl_typesupport_fastrtps_c.so
[0.995s] -- Up-to-date: /home/hansollee/kdta_ROS2_workspace/install/interface_example/lib/libinterface_example__rosidl_typesupport_introspection_c.so
[0.995s] -- Up-to-date: /home/hansollee/kdta_ROS2_workspace/install/interface_example/lib/libinterface_example__rosidl_typesupport_c.so
[0.995s] -- Up-to-date: /home/hansollee/kdta_ROS2_workspace/install/interface_example/lib/libinterface_example__rosidl_typesupport_fastrtps_cpp.so
[0.995s] -- Up-to-date: /home/hansollee/kdta_ROS2_workspace/install/interface_example/lib/libinterface_example__rosidl_typesupport_introspection_cpp.so
[0.995s] -- Up-to-date: /home/hansollee/kdta_ROS2_workspace/install/interface_example/lib/libinterface_example__rosidl_typesupport_cpp.so
[1.063s] Listing '/home/hansollee/kdta_ROS2_workspace/install/interface_example/local/lib/python3.10/dist-packages/interface_example'...
[1.064s] Listing '/home/hansollee/kdta_ROS2_workspace/install/interface_example/local/lib/python3.10/dist-packages/interface_example/action'...
[1.064s] Listing '/home/hansollee/kdta_ROS2_workspace/install/interface_example/local/lib/python3.10/dist-packages/interface_example/msg'...
[1.064s] Listing '/home/hansollee/kdta_ROS2_workspace/install/interface_example/local/lib/python3.10/dist-packages/interface_example/srv'...
[1.079s] -- Up-to-date: /home/hansollee/kdta_ROS2_workspace/install/interface_example/lib/libinterface_example__rosidl_generator_py.so
[1.080s] -- Up-to-date: /home/hansollee/kdta_ROS2_workspace/install/interface_example/share/interface_example/cmake/export_interface_example__rosidl_generator_cExport.cmake
[1.080s] -- Up-to-date: /home/hansollee/kdta_ROS2_workspace/install/interface_example/share/interface_example/cmake/export_interface_example__rosidl_generator_cExport-noconfig.cmake
[1.080s] -- Up-to-date: /home/hansollee/kdta_ROS2_workspace/install/interface_example/share/interface_example/cmake/export_interface_example__rosidl_typesupport_fastrtps_cExport.cmake
[1.080s] -- Up-to-date: /home/hansollee/kdta_ROS2_workspace/install/interface_example/share/interface_example/cmake/export_interface_example__rosidl_typesupport_fastrtps_cExport-noconfig.cmake
[1.080s] -- Up-to-date: /home/hansollee/kdta_ROS2_workspace/install/interface_example/share/interface_example/cmake/interface_example__rosidl_typesupport_introspection_cExport.cmake
[1.083s] -- Up-to-date: /home/hansollee/kdta_ROS2_workspace/install/interface_example/share/interface_example/cmake/interface_example__rosidl_typesupport_introspection_cExport-noconfig.cmake
[1.083s] -- Up-to-date: /home/hansollee/kdta_ROS2_workspace/install/interface_example/share/interface_example/cmake/interface_example__rosidl_typesupport_cExport.cmake
[1.083s] -- Up-to-date: /home/hansollee/kdta_ROS2_workspace/install/interface_example/share/interface_example/cmake/interface_example__rosidl_typesupport_cExport-noconfig.cmake
[1.083s] -- Up-to-date: /home/hansollee/kdta_ROS2_workspace/install/interface_example/share/interface_example/cmake/export_interface_example__rosidl_generator_cppExport.cmake
[1.083s] -- Up-to-date: /home/hansollee/kdta_ROS2_workspace/install/interface_example/share/interface_example/cmake/export_interface_example__rosidl_typesupport_fastrtps_cppExport.cmake
[1.083s] -- Up-to-date: /home/hansollee/kdta_ROS2_workspace/install/interface_example/share/interface_example/cmake/export_interface_example__rosidl_typesupport_fastrtps_cppExport-noconfig.cmake
[1.083s] -- Up-to-date: /home/hansollee/kdta_ROS2_workspace/install/interface_example/share/interface_example/cmake/interface_example__rosidl_typesupport_introspection_cppExport.cmake
[1.083s] -- Up-to-date: /home/hansollee/kdta_ROS2_workspace/install/interface_example/share/interface_example/cmake/interface_example__rosidl_typesupport_introspection_cppExport-noconfig.cmake
[1.084s] -- Up-to-date: /home/hansollee/kdta_ROS2_workspace/install/interface_example/share/interface_example/cmake/interface_example__rosidl_typesupport_cppExport.cmake
[1.084s] -- Up-to-date: /home/hansollee/kdta_ROS2_workspace/install/interface_example/share/interface_example/cmake/interface_example__rosidl_typesupport_cppExport-noconfig.cmake
[1.084s] -- Up-to-date: /home/hansollee/kdta_ROS2_workspace/install/interface_example/share/interface_example/cmake/export_interface_example__rosidl_generator_pyExport.cmake
[1.084s] -- Up-to-date: /home/hansollee/kdta_ROS2_workspace/install/interface_example/share/interface_example/cmake/export_interface_example__rosidl_generator_pyExport-noconfig.cmake
[1.085s] Invoked command in '/home/hansollee/kdta_ROS2_workspace/build/interface_example' returned '0': CMAKE_PREFIX_PATH=${CMAKE_PREFIX_PATH}:/opt/ros/humble /usr/bin/cmake --install /home/hansollee/kdta_ROS2_workspace/build/interface_example
