[35m[1mConsolidate compiler generated dependencies of target calculator[0m
[ 30%] Built target calculator
[ 50%] Built target argument
[35m[1mConsolidate compiler generated dependencies of target checker[0m
[ 70%] Built target operator
[ 80%] [32mBuilding CXX object CMakeFiles/checker.dir/src/checker/checker.cpp.o[0m
[ 90%] [32mBuilding CXX object CMakeFiles/checker.dir/src/checker/main.cpp.o[0m
[100%] [32m[1mLinking CXX executable checker[0m
[100%] Built target checker
-- Install configuration: ""
-- Execute custom install script
-- Symlinking: /home/hansollee/kdta_ROS2_workspace/install/arithmetic/lib/arithmetic/calculator
-- Symlinking: /home/hansollee/kdta_ROS2_workspace/install/arithmetic/lib/arithmetic/argument
-- Symlinking: /home/hansollee/kdta_ROS2_workspace/install/arithmetic/lib/arithmetic/operator
-- Symlinking: /home/hansollee/kdta_ROS2_workspace/install/arithmetic/lib/arithmetic/checker
-- Symlinking: /home/hansollee/kdta_ROS2_workspace/install/arithmetic/share/arithmetic/launch/arithmetic.launch.py
-- Symlinking: /home/hansollee/kdta_ROS2_workspace/install/arithmetic/share/arithmetic/param/arithmetic.yaml
-- Symlinking: /home/hansollee/kdta_ROS2_workspace/install/arithmetic/share/ament_index/resource_index/package_run_dependencies/arithmetic
-- Symlinking: /home/hansollee/kdta_ROS2_workspace/install/arithmetic/share/ament_index/resource_index/parent_prefix_path/arithmetic
-- Symlinking: /home/hansollee/kdta_ROS2_workspace/install/arithmetic/share/arithmetic/environment/ament_prefix_path.sh
-- Symlinking: /home/hansollee/kdta_ROS2_workspace/install/arithmetic/share/arithmetic/environment/ament_prefix_path.dsv
-- Symlinking: /home/hansollee/kdta_ROS2_workspace/install/arithmetic/share/arithmetic/environment/path.sh
-- Symlinking: /home/hansollee/kdta_ROS2_workspace/install/arithmetic/share/arithmetic/environment/path.dsv
-- Symlinking: /home/hansollee/kdta_ROS2_workspace/install/arithmetic/share/arithmetic/local_setup.bash
-- Symlinking: /home/hansollee/kdta_ROS2_workspace/install/arithmetic/share/arithmetic/local_setup.sh
-- Symlinking: /home/hansollee/kdta_ROS2_workspace/install/arithmetic/share/arithmetic/local_setup.zsh
-- Symlinking: /home/hansollee/kdta_ROS2_workspace/install/arithmetic/share/arithmetic/local_setup.dsv
-- Symlinking: /home/hansollee/kdta_ROS2_workspace/install/arithmetic/share/arithmetic/package.dsv
-- Symlinking: /home/hansollee/kdta_ROS2_workspace/install/arithmetic/share/ament_index/resource_index/packages/arithmetic
-- Symlinking: /home/hansollee/kdta_ROS2_workspace/install/arithmetic/share/arithmetic/cmake/arithmeticConfig.cmake
-- Symlinking: /home/hansollee/kdta_ROS2_workspace/install/arithmetic/share/arithmetic/cmake/arithmeticConfig-version.cmake
-- Symlinking: /home/hansollee/kdta_ROS2_workspace/install/arithmetic/share/arithmetic/package.xml
