[ 11%] [32mBuilding CXX object CMakeFiles/moveTurtleSim.dir/src/moveTurtleSim.cpp.o[0m
[ 22%] [32mBuilding CXX object CMakeFiles/moveTurtleSim2.dir/src/moveTurtleSim2.cpp.o[0m
[ 33%] [32mBuilding CXX object CMakeFiles/moveTurtleSim.dir/src/moveTurtle.cpp.o[0m
[ 44%] [32mBuilding CXX object CMakeFiles/moveTurtleSim2.dir/src/moveTurtle2.cpp.o[0m
[ 55%] [32m[1mLinking CXX executable moveTurtleSim[0m
[ 55%] Built target moveTurtleSim
[ 66%] [32mBuilding CXX object CMakeFiles/moveTurtleBot.dir/src/moveTurtleBot.cpp.o[0m
[ 77%] [32mBuilding CXX object CMakeFiles/moveTurtleBot.dir/src/moveTurtleBotcpp.cpp.o[0m
[ 88%] [32m[1mLinking CXX executable moveTurtleSim2[0m
[ 88%] Built target moveTurtleSim2
[100%] [32m[1mLinking CXX executable moveTurtleBot[0m
[100%] Built target moveTurtleBot
-- Install configuration: ""
-- Execute custom install script
-- Symlinking: /home/hansollee/kdta_ROS2_workspace/install/move_t_sim/lib/move_t_sim/moveTurtleSim
-- Symlinking: /home/hansollee/kdta_ROS2_workspace/install/move_t_sim/lib/move_t_sim/moveTurtleSim2
-- Symlinking: /home/hansollee/kdta_ROS2_workspace/install/move_t_sim/lib/move_t_sim/moveTurtleBot
-- Symlinking: /home/hansollee/kdta_ROS2_workspace/install/move_t_sim/share/ament_index/resource_index/package_run_dependencies/move_t_sim
-- Symlinking: /home/hansollee/kdta_ROS2_workspace/install/move_t_sim/share/ament_index/resource_index/parent_prefix_path/move_t_sim
-- Symlinking: /home/hansollee/kdta_ROS2_workspace/install/move_t_sim/share/move_t_sim/environment/ament_prefix_path.sh
-- Symlinking: /home/hansollee/kdta_ROS2_workspace/install/move_t_sim/share/move_t_sim/environment/ament_prefix_path.dsv
-- Symlinking: /home/hansollee/kdta_ROS2_workspace/install/move_t_sim/share/move_t_sim/environment/path.sh
-- Symlinking: /home/hansollee/kdta_ROS2_workspace/install/move_t_sim/share/move_t_sim/environment/path.dsv
-- Symlinking: /home/hansollee/kdta_ROS2_workspace/install/move_t_sim/share/move_t_sim/local_setup.bash
-- Symlinking: /home/hansollee/kdta_ROS2_workspace/install/move_t_sim/share/move_t_sim/local_setup.sh
-- Symlinking: /home/hansollee/kdta_ROS2_workspace/install/move_t_sim/share/move_t_sim/local_setup.zsh
-- Symlinking: /home/hansollee/kdta_ROS2_workspace/install/move_t_sim/share/move_t_sim/local_setup.dsv
-- Symlinking: /home/hansollee/kdta_ROS2_workspace/install/move_t_sim/share/move_t_sim/package.dsv
-- Symlinking: /home/hansollee/kdta_ROS2_workspace/install/move_t_sim/share/ament_index/resource_index/packages/move_t_sim
-- Symlinking: /home/hansollee/kdta_ROS2_workspace/install/move_t_sim/share/move_t_sim/cmake/move_t_simConfig.cmake
-- Symlinking: /home/hansollee/kdta_ROS2_workspace/install/move_t_sim/share/move_t_sim/cmake/move_t_simConfig-version.cmake
-- Symlinking: /home/hansollee/kdta_ROS2_workspace/install/move_t_sim/share/move_t_sim/package.xml
