[0.101s] Invoking command in '/home/hansollee/kdta_ROS2_workspace/build/interface_example': CMAKE_PREFIX_PATH=${CMAKE_PREFIX_PATH}:/opt/ros/humble /usr/bin/cmake /home/hansollee/kdta_ROS2_workspace/interface_example -DAMENT_CMAKE_SYMLINK_INSTALL=1 -DCMAKE_INSTALL_PREFIX=/home/hansollee/kdta_ROS2_workspace/install/interface_example
[0.167s] -- Found ament_cmake: 1.3.9 (/opt/ros/humble/share/ament_cmake/cmake)
[0.900s] -- Override CMake install command with custom implementation using symlinks instead of copying resources
[0.933s] -- Found rosidl_default_generators: 1.2.0 (/opt/ros/humble/share/rosidl_default_generators/cmake)
[0.942s] -- Using all available rosidl_typesupport_c: rosidl_typesupport_fastrtps_c;rosidl_typesupport_introspection_c
[0.957s] -- Found rosidl_adapter: 3.1.5 (/opt/ros/humble/share/rosidl_adapter/cmake)
[1.086s] -- Using all available rosidl_typesupport_cpp: rosidl_typesupport_fastrtps_cpp;rosidl_typesupport_introspection_cpp
[1.728s] [31mCMake Error at /opt/ros/humble/share/rosidl_adapter/cmake/rosidl_adapt_interfaces.cmake:59 (message):
[1.730s]   execute_process(/usr/bin/python3 -m rosidl_adapter --package-name
[1.730s]   interface_example --arguments-file
[1.731s]   /home/hansollee/kdta_ROS2_workspace/build/interface_example/rosidl_adapter__arguments__interface_example.json
[1.731s]   --output-dir
[1.731s]   /home/hansollee/kdta_ROS2_workspace/build/interface_example/rosidl_adapter/interface_example
[1.732s]   --output-file
[1.733s]   /home/hansollee/kdta_ROS2_workspace/build/interface_example/rosidl_adapter/interface_example.idls)
[1.733s]   returned error code 1:
[1.733s] 
[1.733s]   Traceback (most recent call last):
[1.734s] 
[1.738s]     File "/usr/lib/python3.10/runpy.py", line 196, in _run_module_as_main
[1.739s]       return _run_code(code, main_globals, None,
[1.739s]     File "/usr/lib/python3.10/runpy.py", line 86, in _run_code
[1.739s]       exec(code, run_globals)
[1.739s]     File "/opt/ros/humble/local/lib/python3.10/dist-packages/rosidl_adapter/__main__.py", line 19, in <module>
[1.739s]       sys.exit(main())
[1.739s]     File "/opt/ros/humble/local/lib/python3.10/dist-packages/rosidl_adapter/main.py", line 53, in main
[1.740s]       abs_idl_file = convert_to_idl(
[1.740s]     File "/opt/ros/humble/local/lib/python3.10/dist-packages/rosidl_adapter/__init__.py", line 24, in convert_to_idl
[1.740s]       return convert_srv_to_idl(
[1.740s]     File "/opt/ros/humble/local/lib/python3.10/dist-packages/rosidl_adapter/srv/__init__.py", line 28, in convert_srv_to_idl
[1.740s]       srv = parse_service_string(package_name, input_file.stem, content)
[1.740s]     File "/opt/ros/humble/local/lib/python3.10/dist-packages/rosidl_adapter/parser.py", line 859, in parse_service_string
[1.740s]       request_message = parse_message_string(
[1.741s]     File "/opt/ros/humble/local/lib/python3.10/dist-packages/rosidl_adapter/parser.py", line 544, in parse_message_string
[1.741s]       msg = MessageSpecification(pkg_name, msg_name, fields, constants)
[1.741s]     File "/opt/ros/humble/local/lib/python3.10/dist-packages/rosidl_adapter/parser.py", line 388, in __init__
[1.741s]       self.base_type = BaseType(
[1.741s]     File "/opt/ros/humble/local/lib/python3.10/dist-packages/rosidl_adapter/parser.py", line 205, in __init__
[1.742s]       raise InvalidResourceName(
[1.742s] 
[1.742s]   rosidl_adapter.parser.InvalidResourceName: 'add_two_int_Request' is an
[1.742s]   invalid message name.  It should have the pattern '^[A-Z][A-Za-z0-9]*$'
[1.742s] 
[1.749s] Call Stack (most recent call first):
[1.749s]   /opt/ros/humble/share/rosidl_cmake/cmake/rosidl_generate_interfaces.cmake:130 (rosidl_adapt_interfaces)
[1.749s]   CMakeLists.txt:12 (rosidl_generate_interfaces)
[1.750s] 
[1.750s] [0m
[1.750s] -- Configuring incomplete, errors occurred!
[1.750s] See also "/home/hansollee/kdta_ROS2_workspace/build/interface_example/CMakeFiles/CMakeOutput.log".
[1.764s] Invoked command in '/home/hansollee/kdta_ROS2_workspace/build/interface_example' returned '1': CMAKE_PREFIX_PATH=${CMAKE_PREFIX_PATH}:/opt/ros/humble /usr/bin/cmake /home/hansollee/kdta_ROS2_workspace/interface_example -DAMENT_CMAKE_SYMLINK_INSTALL=1 -DCMAKE_INSTALL_PREFIX=/home/hansollee/kdta_ROS2_workspace/install/interface_example
