[0.056s] Invoking command in '/home/hansollee/kdta_ROS2_workspace/build/move_t_sim': CMAKE_PREFIX_PATH=${CMAKE_PREFIX_PATH}:/opt/ros/humble /usr/bin/cmake /home/hansollee/kdta_ROS2_workspace/src/move_t_sim -DAMENT_CMAKE_SYMLINK_INSTALL=1 -DCMAKE_INSTALL_PREFIX=/home/hansollee/kdta_ROS2_workspace/install/move_t_sim
[0.526s] -- The C compiler identification is GNU 11.4.0
[0.879s] -- The CXX compiler identification is GNU 11.4.0
[0.911s] -- Detecting C compiler ABI info
[1.263s] -- Detecting C compiler ABI info - done
[1.298s] -- Check for working C compiler: /usr/bin/cc - skipped
[1.299s] -- Detecting C compile features
[1.304s] -- Detecting C compile features - done
[1.323s] -- Detecting CXX compiler ABI info
[1.656s] -- Detecting CXX compiler ABI info - done
[1.691s] -- Check for working CXX compiler: /usr/bin/c++ - skipped
[1.691s] -- Detecting CXX compile features
[1.692s] -- Detecting CXX compile features - done
[1.753s] -- Found ament_cmake: 1.3.9 (/opt/ros/humble/share/ament_cmake/cmake)
[2.385s] -- Found Python3: /usr/bin/python3 (found version "3.10.12") found components: Interpreter 
[2.718s] -- Override CMake install command with custom implementation using symlinks instead of copying resources
[2.912s] -- Found rclcpp: 16.0.9 (/opt/ros/humble/share/rclcpp/cmake)
[3.178s] -- Found rosidl_generator_c: 3.1.5 (/opt/ros/humble/share/rosidl_generator_c/cmake)
[3.193s] -- Found rosidl_adapter: 3.1.5 (/opt/ros/humble/share/rosidl_adapter/cmake)
[3.223s] -- Found rosidl_generator_cpp: 3.1.5 (/opt/ros/humble/share/rosidl_generator_cpp/cmake)
[3.254s] -- Using all available rosidl_typesupport_c: rosidl_typesupport_fastrtps_c;rosidl_typesupport_introspection_c
[3.330s] -- Using all available rosidl_typesupport_cpp: rosidl_typesupport_fastrtps_cpp;rosidl_typesupport_introspection_cpp
[3.662s] -- Found rmw_implementation_cmake: 6.1.2 (/opt/ros/humble/share/rmw_implementation_cmake/cmake)
[3.694s] -- Found rmw_fastrtps_cpp: 6.2.6 (/opt/ros/humble/share/rmw_fastrtps_cpp/cmake)
[4.158s] -- Found OpenSSL: /usr/lib/x86_64-linux-gnu/libcrypto.so (found version "3.0.2")  
[4.248s] -- Found FastRTPS: /opt/ros/humble/include  
[4.399s] -- Using RMW implementation 'rmw_fastrtps_cpp' as default
[4.443s] -- Looking for pthread.h
[4.870s] -- Looking for pthread.h - found
[4.872s] -- Performing Test CMAKE_HAVE_LIBC_PTHREAD
[5.276s] -- Performing Test CMAKE_HAVE_LIBC_PTHREAD - Success
[5.276s] -- Found Threads: TRUE  
[5.864s] -- Found geometry_msgs: 4.2.4 (/opt/ros/humble/share/geometry_msgs/cmake)
[6.115s] -- Found nav_msgs: 4.2.4 (/opt/ros/humble/share/nav_msgs/cmake)
[6.465s] -- Found turtlesim: 1.4.2 (/opt/ros/humble/share/turtlesim/cmake)
[8.127s] -- Found tf2: 0.25.7 (/opt/ros/humble/share/tf2/cmake)
[8.235s] -- Found ament_lint_auto: 0.12.11 (/opt/ros/humble/share/ament_lint_auto/cmake)
[9.677s] -- Added test 'cppcheck' to perform static code analysis on C / C++ code
[9.685s] -- Configured cppcheck include dirs: /home/hansollee/kdta_ROS2_workspace/src/move_t_sim/include
[9.685s] -- Configured cppcheck exclude dirs and/or files: 
[9.685s] -- Added test 'lint_cmake' to check CMake code style
[9.702s] -- Added test 'uncrustify' to check C / C++ code style
[9.702s] -- Configured uncrustify additional arguments: 
[9.718s] -- Added test 'xmllint' to check XML markup files
[9.728s] -- Configuring done
[9.962s] -- Generating done
[9.994s] -- Build files have been written to: /home/hansollee/kdta_ROS2_workspace/build/move_t_sim
[10.099s] Invoked command in '/home/hansollee/kdta_ROS2_workspace/build/move_t_sim' returned '0': CMAKE_PREFIX_PATH=${CMAKE_PREFIX_PATH}:/opt/ros/humble /usr/bin/cmake /home/hansollee/kdta_ROS2_workspace/src/move_t_sim -DAMENT_CMAKE_SYMLINK_INSTALL=1 -DCMAKE_INSTALL_PREFIX=/home/hansollee/kdta_ROS2_workspace/install/move_t_sim
[10.101s] Invoking command in '/home/hansollee/kdta_ROS2_workspace/build/move_t_sim': CMAKE_PREFIX_PATH=${CMAKE_PREFIX_PATH}:/opt/ros/humble /usr/bin/cmake --build /home/hansollee/kdta_ROS2_workspace/build/move_t_sim -- -j4 -l4
[10.851s] [  8%] [32mBuilding CXX object CMakeFiles/moveTurtleSim2.dir/src/moveTurtleSim2.cpp.o[0m
[10.999s] [ 16%] [32mBuilding CXX object CMakeFiles/moveTurtleSim.dir/src/moveTurtleSim.cpp.o[0m
[11.319s] [ 25%] [32mBuilding CXX object CMakeFiles/moveTurtleBot.dir/src/moveTurtleBot.cpp.o[0m
[84.789s] [ 33%] [32mBuilding CXX object CMakeFiles/moveTurtleSim2.dir/src/moveTurtle2.cpp.o[0m
[89.834s] [ 41%] [32mBuilding CXX object CMakeFiles/moveTurtleBot.dir/src/moveTurtleBotcpp.cpp.o[0m
[90.159s] [ 50%] [32mBuilding CXX object CMakeFiles/moveTurtleSim.dir/src/moveTurtle.cpp.o[0m
[140.618s] [ 58%] [32m[1mLinking CXX executable moveTurtleSim[0m
[143.007s] [ 58%] Built target moveTurtleSim
[171.904s] [ 66%] [32m[1mLinking CXX executable moveTurtleBot[0m
[172.687s] [ 75%] [32m[1mLinking CXX executable moveTurtleSim2[0m
[174.064s] [ 75%] Built target moveTurtleBot
[174.574s] [ 75%] Built target moveTurtleSim2
[174.668s] [ 83%] [32mBuilding CXX object CMakeFiles/moveTurtleBot2.dir/src/moveTurtleBot2.cpp.o[0m
[185.836s] [ 91%] [32mBuilding CXX object CMakeFiles/moveTurtleBot2.dir/src/moveTurtleBotcpp2.cpp.o[0m
[217.320s] [100%] [32m[1mLinking CXX executable moveTurtleBot2[0m
[218.512s] [100%] Built target moveTurtleBot2
[218.737s] Invoked command in '/home/hansollee/kdta_ROS2_workspace/build/move_t_sim' returned '0': CMAKE_PREFIX_PATH=${CMAKE_PREFIX_PATH}:/opt/ros/humble /usr/bin/cmake --build /home/hansollee/kdta_ROS2_workspace/build/move_t_sim -- -j4 -l4
[218.998s] Invoking command in '/home/hansollee/kdta_ROS2_workspace/build/move_t_sim': CMAKE_PREFIX_PATH=${CMAKE_PREFIX_PATH}:/opt/ros/humble /usr/bin/cmake --install /home/hansollee/kdta_ROS2_workspace/build/move_t_sim
[219.023s] -- Install configuration: ""
[219.033s] -- Execute custom install script
[219.039s] -- Symlinking: /home/hansollee/kdta_ROS2_workspace/install/move_t_sim/lib/move_t_sim/moveTurtleSim
[219.069s] -- Symlinking: /home/hansollee/kdta_ROS2_workspace/install/move_t_sim/lib/move_t_sim/moveTurtleSim2
[219.106s] -- Symlinking: /home/hansollee/kdta_ROS2_workspace/install/move_t_sim/lib/move_t_sim/moveTurtleBot
[219.150s] -- Symlinking: /home/hansollee/kdta_ROS2_workspace/install/move_t_sim/lib/move_t_sim/moveTurtleBot2
[219.176s] -- Symlinking: /home/hansollee/kdta_ROS2_workspace/install/move_t_sim/share/ament_index/resource_index/package_run_dependencies/move_t_sim
[219.201s] -- Symlinking: /home/hansollee/kdta_ROS2_workspace/install/move_t_sim/share/ament_index/resource_index/parent_prefix_path/move_t_sim
[219.225s] -- Symlinking: /home/hansollee/kdta_ROS2_workspace/install/move_t_sim/share/move_t_sim/environment/ament_prefix_path.sh
[219.251s] -- Symlinking: /home/hansollee/kdta_ROS2_workspace/install/move_t_sim/share/move_t_sim/environment/ament_prefix_path.dsv
[219.278s] -- Symlinking: /home/hansollee/kdta_ROS2_workspace/install/move_t_sim/share/move_t_sim/environment/path.sh
[219.312s] -- Symlinking: /home/hansollee/kdta_ROS2_workspace/install/move_t_sim/share/move_t_sim/environment/path.dsv
[219.340s] -- Symlinking: /home/hansollee/kdta_ROS2_workspace/install/move_t_sim/share/move_t_sim/local_setup.bash
[219.369s] -- Symlinking: /home/hansollee/kdta_ROS2_workspace/install/move_t_sim/share/move_t_sim/local_setup.sh
[219.400s] -- Symlinking: /home/hansollee/kdta_ROS2_workspace/install/move_t_sim/share/move_t_sim/local_setup.zsh
[219.429s] -- Symlinking: /home/hansollee/kdta_ROS2_workspace/install/move_t_sim/share/move_t_sim/local_setup.dsv
[219.457s] -- Symlinking: /home/hansollee/kdta_ROS2_workspace/install/move_t_sim/share/move_t_sim/package.dsv
[219.481s] -- Symlinking: /home/hansollee/kdta_ROS2_workspace/install/move_t_sim/share/ament_index/resource_index/packages/move_t_sim
[219.520s] -- Symlinking: /home/hansollee/kdta_ROS2_workspace/install/move_t_sim/share/move_t_sim/cmake/move_t_simConfig.cmake
[219.548s] -- Symlinking: /home/hansollee/kdta_ROS2_workspace/install/move_t_sim/share/move_t_sim/cmake/move_t_simConfig-version.cmake
[219.573s] -- Symlinking: /home/hansollee/kdta_ROS2_workspace/install/move_t_sim/share/move_t_sim/package.xml
[219.613s] Invoked command in '/home/hansollee/kdta_ROS2_workspace/build/move_t_sim' returned '0': CMAKE_PREFIX_PATH=${CMAKE_PREFIX_PATH}:/opt/ros/humble /usr/bin/cmake --install /home/hansollee/kdta_ROS2_workspace/build/move_t_sim
