[0.094s] Invoking command in '/home/hansollee/kdta_ROS2_workspace/build/move_t_sim': CMAKE_PREFIX_PATH=${CMAKE_PREFIX_PATH}:/opt/ros/humble /usr/bin/cmake --build /home/hansollee/kdta_ROS2_workspace/build/move_t_sim -- -j4 -l4
[0.779s] [ 25%] Built target moveTurtleSim2
[1.083s] [ 50%] Built target moveTurtleBot
[1.121s] [ 75%] Built target moveTurtleBot2
[1.122s] [100%] Built target moveTurtleSim
[1.377s] Invoked command in '/home/hansollee/kdta_ROS2_workspace/build/move_t_sim' returned '0': CMAKE_PREFIX_PATH=${CMAKE_PREFIX_PATH}:/opt/ros/humble /usr/bin/cmake --build /home/hansollee/kdta_ROS2_workspace/build/move_t_sim -- -j4 -l4
[2.185s] Invoking command in '/home/hansollee/kdta_ROS2_workspace/build/move_t_sim': CMAKE_PREFIX_PATH=${CMAKE_PREFIX_PATH}:/opt/ros/humble /usr/bin/cmake --install /home/hansollee/kdta_ROS2_workspace/build/move_t_sim
[2.245s] -- Install configuration: ""
[2.247s] -- Execute custom install script
[2.251s] -- Up-to-date symlink: /home/hansollee/kdta_ROS2_workspace/install/move_t_sim/lib/move_t_sim/moveTurtleSim
[2.252s] -- Up-to-date symlink: /home/hansollee/kdta_ROS2_workspace/install/move_t_sim/lib/move_t_sim/moveTurtleSim2
[2.252s] -- Up-to-date symlink: /home/hansollee/kdta_ROS2_workspace/install/move_t_sim/lib/move_t_sim/moveTurtleBot
[2.252s] -- Up-to-date symlink: /home/hansollee/kdta_ROS2_workspace/install/move_t_sim/lib/move_t_sim/moveTurtleBot2
[2.260s] -- Up-to-date symlink: /home/hansollee/kdta_ROS2_workspace/install/move_t_sim/share/ament_index/resource_index/package_run_dependencies/move_t_sim
[2.260s] -- Up-to-date symlink: /home/hansollee/kdta_ROS2_workspace/install/move_t_sim/share/ament_index/resource_index/parent_prefix_path/move_t_sim
[2.260s] -- Up-to-date symlink: /home/hansollee/kdta_ROS2_workspace/install/move_t_sim/share/move_t_sim/environment/ament_prefix_path.sh
[2.261s] -- Up-to-date symlink: /home/hansollee/kdta_ROS2_workspace/install/move_t_sim/share/move_t_sim/environment/ament_prefix_path.dsv
[2.261s] -- Up-to-date symlink: /home/hansollee/kdta_ROS2_workspace/install/move_t_sim/share/move_t_sim/environment/path.sh
[2.261s] -- Up-to-date symlink: /home/hansollee/kdta_ROS2_workspace/install/move_t_sim/share/move_t_sim/environment/path.dsv
[2.261s] -- Up-to-date symlink: /home/hansollee/kdta_ROS2_workspace/install/move_t_sim/share/move_t_sim/local_setup.bash
[2.261s] -- Up-to-date symlink: /home/hansollee/kdta_ROS2_workspace/install/move_t_sim/share/move_t_sim/local_setup.sh
[2.262s] -- Up-to-date symlink: /home/hansollee/kdta_ROS2_workspace/install/move_t_sim/share/move_t_sim/local_setup.zsh
[2.269s] -- Up-to-date symlink: /home/hansollee/kdta_ROS2_workspace/install/move_t_sim/share/move_t_sim/local_setup.dsv
[2.269s] -- Symlinking: /home/hansollee/kdta_ROS2_workspace/install/move_t_sim/share/move_t_sim/package.dsv
[2.316s] -- Up-to-date symlink: /home/hansollee/kdta_ROS2_workspace/install/move_t_sim/share/ament_index/resource_index/packages/move_t_sim
[2.324s] -- Up-to-date symlink: /home/hansollee/kdta_ROS2_workspace/install/move_t_sim/share/move_t_sim/cmake/move_t_simConfig.cmake
[2.325s] -- Up-to-date symlink: /home/hansollee/kdta_ROS2_workspace/install/move_t_sim/share/move_t_sim/cmake/move_t_simConfig-version.cmake
[2.325s] -- Up-to-date symlink: /home/hansollee/kdta_ROS2_workspace/install/move_t_sim/share/move_t_sim/package.xml
[2.325s] Invoked command in '/home/hansollee/kdta_ROS2_workspace/build/move_t_sim' returned '0': CMAKE_PREFIX_PATH=${CMAKE_PREFIX_PATH}:/opt/ros/humble /usr/bin/cmake --install /home/hansollee/kdta_ROS2_workspace/build/move_t_sim
