[0.121s] Invoking command in '/home/hansollee/kdta_ROS2_workspace/build/simple_pkg_cpp': CMAKE_PREFIX_PATH=${CMAKE_PREFIX_PATH}:/opt/ros/humble /usr/bin/cmake --build /home/hansollee/kdta_ROS2_workspace/build/simple_pkg_cpp -- -j4 -l4
[0.598s] [  6%] Built target helloOpenCV
[0.696s] [ 12%] Built target helloworld
[0.722s] [ 18%] Built target hello_publisher
[0.905s] [ 25%] Built target hello_publisher2
[1.064s] [ 34%] Built target hello_publisher_class2
[1.114s] [ 40%] Built target hello_publisher_class
[1.185s] [ 50%] Built target hello_subscriber_class
[1.324s] [ 59%] Built target time_publisher_class
[1.408s] [ 68%] Built target time_subscriber_class
[1.422s] [ 75%] Built target simple_service_server
[1.533s] [ 81%] Built target simple_service_client
[1.580s] [35m[1mConsolidate compiler generated dependencies of target simple_action_client[0m
[1.607s] [ 87%] Built target simple_service_client2
[1.725s] [ 96%] [32mBuilding CXX object CMakeFiles/simple_action_client.dir/src/simple_action_client.cpp.o[0m
[1.725s] [ 93%] Built target simple_action_server
[10.802s] [01m[K/home/hansollee/kdta_ROS2_workspace/src/simple_pkg_cpp/src/simple_action_client.cpp:48:56:[m[K [01;31m[Kerror: [m[K‘[01m[KSharedPtr[m[K’ in ‘[01m[Kusing GoalHandleFibonacci = class rclcpp_action::ServerGoalHandle<example_interfaces::action::Fibonacci>[m[K’ {aka ‘[01m[Kclass rclcpp_action::ServerGoalHandle<example_interfaces::action::Fibonacci>[m[K’} does not name a type
[10.802s]    48 |     void goal_response_call(const GoalHandleFibonacci::[01;31m[KSharedPtr[m[K &goal_handle)
[10.803s]       |                                                        [01;31m[K^~~~~~~~~[m[K
[10.803s] [01m[K/home/hansollee/kdta_ROS2_workspace/src/simple_pkg_cpp/src/simple_action_client.cpp:60:33:[m[K [01;31m[Kerror: [m[K‘[01m[Krclcpp_action::GoalHandleFibonacci::SharedPtr[m[K’ has not been declared
[10.803s]    60 |     void feedback_response_call([01;31m[KGoalHandleFibonacci[m[K::SharedPtr, const std::shared_ptr<const Fibonacci::Feedback> feedback)
[10.803s]       |                                 [01;31m[K^~~~~~~~~~~~~~~~~~~[m[K
[10.803s] [01m[K/home/hansollee/kdta_ROS2_workspace/src/simple_pkg_cpp/src/simple_action_client.cpp:71:58:[m[K [01;31m[Kerror: [m[K‘[01m[KWrappedResult[m[K’ in ‘[01m[Kusing GoalHandleFibonacci = class rclcpp_action::ServerGoalHandle<example_interfaces::action::Fibonacci>[m[K’ {aka ‘[01m[Kclass rclcpp_action::ServerGoalHandle<example_interfaces::action::Fibonacci>[m[K’} does not name a type
[10.803s]    71 |     void result_response_call(const GoalHandleFibonacci::[01;31m[KWrappedResult[m[K &result)
[10.804s]       |                                                          [01;31m[K^~~~~~~~~~~~~[m[K
[10.875s] [01m[K/home/hansollee/kdta_ROS2_workspace/src/simple_pkg_cpp/src/simple_action_client.cpp:[m[K In member function ‘[01m[Kvoid SimpleActionClient::send_goal()[m[K’:
[10.876s] [01m[K/home/hansollee/kdta_ROS2_workspace/src/simple_pkg_cpp/src/simple_action_client.cpp:38:111:[m[K [01;31m[Kerror: [m[Kno match for ‘[01m[Koperator=[m[K’ (operand types are ‘[01m[Krclcpp_action::Client<example_interfaces::action::Fibonacci>::GoalResponseCallback[m[K’ {aka ‘[01m[Kstd::function<void(std::shared_ptr<rclcpp_action::ClientGoalHandle<example_interfaces::action::Fibonacci> >)>[m[K’} and ‘[01m[Kstd::_Bind_helper<false, void (SimpleActionClient::*)(const int&), SimpleActionClient*, const std::_Placeholder<1>&>::type[m[K’)
[10.877s]    38 |         send_goal_options.goal_response_callback = std::bind(&SimpleActionClient::goal_response_call, this, _1[01;31m[K)[m[K;
[10.877s]       |                                                                                                               [01;31m[K^[m[K
[10.878s] In file included from [01m[K/usr/include/c++/11/functional:59[m[K,
[10.878s]                  from [01m[K/usr/include/c++/11/pstl/glue_algorithm_defs.h:13[m[K,
[10.879s]                  from [01m[K/usr/include/c++/11/algorithm:74[m[K,
[10.879s]                  from [01m[K/opt/ros/humble/include/example_interfaces/example_interfaces/action/detail/fibonacci__struct.hpp:8[m[K,
[10.879s]                  from [01m[K/opt/ros/humble/include/example_interfaces/example_interfaces/action/fibonacci.hpp:7[m[K,
[10.880s]                  from [01m[K/home/hansollee/kdta_ROS2_workspace/src/simple_pkg_cpp/src/simple_action_client.cpp:1[m[K:
[10.880s] [01m[K/usr/include/c++/11/bits/std_function.h:530:9:[m[K [01;36m[Knote: [m[Kcandidate: ‘[01m[Ktemplate<class _Functor> std::function<_Res(_ArgTypes ...)>::_Requires<std::function<_Res(_ArgTypes ...)>::_Callable<_Functor>, std::function<_Res(_ArgTypes ...)>&> std::function<_Res(_ArgTypes ...)>::operator=(_Functor&&) [with _Functor = _Functor; _Res = void; _ArgTypes = {std::shared_ptr<rclcpp_action::ClientGoalHandle<example_interfaces::action::Fibonacci> >}][m[K’
[10.880s]   530 |         [01;36m[Koperator[m[K=(_Functor&& __f)
[10.880s]       |         [01;36m[K^~~~~~~~[m[K
[10.880s] [01m[K/usr/include/c++/11/bits/std_function.h:530:9:[m[K [01;36m[Knote: [m[K  template argument deduction/substitution failed:
[10.881s] In file included from [01m[K/usr/include/c++/11/bits/move.h:57[m[K,
[10.881s]                  from [01m[K/usr/include/c++/11/bits/stl_pair.h:59[m[K,
[10.881s]                  from [01m[K/usr/include/c++/11/utility:70[m[K,
[10.881s]                  from [01m[K/usr/include/c++/11/algorithm:60[m[K,
[10.882s]                  from [01m[K/opt/ros/humble/include/example_interfaces/example_interfaces/action/detail/fibonacci__struct.hpp:8[m[K,
[10.882s]                  from [01m[K/opt/ros/humble/include/example_interfaces/example_interfaces/action/fibonacci.hpp:7[m[K,
[10.882s]                  from [01m[K/home/hansollee/kdta_ROS2_workspace/src/simple_pkg_cpp/src/simple_action_client.cpp:1[m[K:
[10.883s] /usr/include/c++/11/type_traits: In substitution of ‘[01m[Ktemplate<bool _Cond, class _Tp> using __enable_if_t = typename std::enable_if::type [with bool _Cond = false; _Tp = std::function<void(std::shared_ptr<rclcpp_action::ClientGoalHandle<example_interfaces::action::Fibonacci> >)>&][m[K’:
[10.883s] [01m[K/usr/include/c++/11/bits/std_function.h:353:8:[m[K   required by substitution of ‘[01m[Ktemplate<class _Res, class ... _ArgTypes> template<class _Cond, class _Tp> using _Requires = std::__enable_if_t<_Cond::value, _Tp> [with _Cond = std::function<void(std::shared_ptr<rclcpp_action::ClientGoalHandle<example_interfaces::action::Fibonacci> >)>::_Callable<std::_Bind<void (SimpleActionClient::*(SimpleActionClient*, std::_Placeholder<1>))(const int&)>, std::_Bind<void (SimpleActionClient::*(SimpleActionClient*, std::_Placeholder<1>))(const int&)>, std::__invoke_result<std::_Bind<void (SimpleActionClient::*(SimpleActionClient*, std::_Placeholder<1>))(const int&)>&, std::shared_ptr<rclcpp_action::ClientGoalHandle<example_interfaces::action::Fibonacci> > > >; _Tp = std::function<void(std::shared_ptr<rclcpp_action::ClientGoalHandle<example_interfaces::action::Fibonacci> >)>&; _Res = void; _ArgTypes = {std::shared_ptr<rclcpp_action::ClientGoalHandle<example_interfaces::action::Fibonacci> >}][m[K’
[10.883s] [01m[K/usr/include/c++/11/bits/std_function.h:530:2:[m[K   required by substitution of ‘[01m[Ktemplate<class _Functor> std::function<void(std::shared_ptr<rclcpp_action::ClientGoalHandle<example_interfaces::action::Fibonacci> >)>::_Requires<std::function<void(std::shared_ptr<rclcpp_action::ClientGoalHandle<example_interfaces::action::Fibonacci> >)>::_Callable<_Functor, typename std::enable_if<(! std::is_same<typename std::remove_cv<typename std::remove_reference<_Tp>::type>::type, std::function<void(std::shared_ptr<rclcpp_action::ClientGoalHandle<example_interfaces::action::Fibonacci> >)> >::value), std::decay<_Tp> >::type::type, std::__invoke_result<typename std::enable_if<(! std::is_same<typename std::remove_cv<typename std::remove_reference<_Tp>::type>::type, std::function<void(std::shared_ptr<rclcpp_action::ClientGoalHandle<example_interfaces::action::Fibonacci> >)> >::value), std::decay<_Tp> >::type::type&, std::shared_ptr<rclcpp_action::ClientGoalHandle<example_interfaces::action::Fibonacci> > > >, std::function<void(std::shared_ptr<rclcpp_action::ClientGoalHandle<example_interfaces::action::Fibonacci> >)>&> std::function<void(std::shared_ptr<rclcpp_action::ClientGoalHandle<example_interfaces::action::Fibonacci> >)>::operator=<_Functor>(_Functor&&) [with _Functor = std::_Bind<void (SimpleActionClient::*(SimpleActionClient*, std::_Placeholder<1>))(const int&)>][m[K’
[10.884s] [01m[K/home/hansollee/kdta_ROS2_workspace/src/simple_pkg_cpp/src/simple_action_client.cpp:38:111:[m[K   required from here
[10.884s] [01m[K/usr/include/c++/11/type_traits:2205:11:[m[K [01;31m[Kerror: [m[Kno type named ‘[01m[Ktype[m[K’ in ‘[01m[Kstruct std::enable_if<false, std::function<void(std::shared_ptr<rclcpp_action::ClientGoalHandle<example_interfaces::action::Fibonacci> >)>&>[m[K’
[10.885s]  2205 |     using [01;31m[K__enable_if_t[m[K = typename enable_if<_Cond, _Tp>::type;
[10.885s]       |           [01;31m[K^~~~~~~~~~~~~[m[K
[10.885s] In file included from [01m[K/usr/include/c++/11/functional:59[m[K,
[10.886s]                  from [01m[K/usr/include/c++/11/pstl/glue_algorithm_defs.h:13[m[K,
[10.886s]                  from [01m[K/usr/include/c++/11/algorithm:74[m[K,
[10.886s]                  from [01m[K/opt/ros/humble/include/example_interfaces/example_interfaces/action/detail/fibonacci__struct.hpp:8[m[K,
[10.886s]                  from [01m[K/opt/ros/humble/include/example_interfaces/example_interfaces/action/fibonacci.hpp:7[m[K,
[10.886s]                  from [01m[K/home/hansollee/kdta_ROS2_workspace/src/simple_pkg_cpp/src/simple_action_client.cpp:1[m[K:
[10.887s] [01m[K/usr/include/c++/11/bits/std_function.h:540:9:[m[K [01;36m[Knote: [m[Kcandidate: ‘[01m[Ktemplate<class _Functor> std::function<_Res(_ArgTypes ...)>& std::function<_Res(_ArgTypes ...)>::operator=(std::reference_wrapper<_Functor>) [with _Functor = _Functor; _Res = void; _ArgTypes = {std::shared_ptr<rclcpp_action::ClientGoalHandle<example_interfaces::action::Fibonacci> >}][m[K’
[10.887s]   540 |         [01;36m[Koperator[m[K=(reference_wrapper<_Functor> __f) noexcept
[10.887s]       |         [01;36m[K^~~~~~~~[m[K
[10.887s] [01m[K/usr/include/c++/11/bits/std_function.h:540:9:[m[K [01;36m[Knote: [m[K  template argument deduction/substitution failed:
[10.887s] [01m[K/home/hansollee/kdta_ROS2_workspace/src/simple_pkg_cpp/src/simple_action_client.cpp:38:111:[m[K [01;36m[Knote: [m[K  ‘[01m[Kstd::_Bind<void (SimpleActionClient::*(SimpleActionClient*, std::_Placeholder<1>))(const int&)>[m[K’ is not derived from ‘[01m[Kstd::reference_wrapper<_Tp>[m[K’
[10.888s]    38 |         send_goal_options.goal_response_callback = std::bind(&SimpleActionClient::goal_response_call, this, _1[01;36m[K)[m[K;
[10.891s]       |                                                                                                               [01;36m[K^[m[K
[10.891s] In file included from [01m[K/usr/include/c++/11/functional:59[m[K,
[10.891s]                  from [01m[K/usr/include/c++/11/pstl/glue_algorithm_defs.h:13[m[K,
[10.892s]                  from [01m[K/usr/include/c++/11/algorithm:74[m[K,
[10.892s]                  from [01m[K/opt/ros/humble/include/example_interfaces/example_interfaces/action/detail/fibonacci__struct.hpp:8[m[K,
[10.892s]                  from [01m[K/opt/ros/humble/include/example_interfaces/example_interfaces/action/fibonacci.hpp:7[m[K,
[10.892s]                  from [01m[K/home/hansollee/kdta_ROS2_workspace/src/simple_pkg_cpp/src/simple_action_client.cpp:1[m[K:
[10.892s] [01m[K/usr/include/c++/11/bits/std_function.h:469:7:[m[K [01;36m[Knote: [m[Kcandidate: ‘[01m[Kstd::function<_Res(_ArgTypes ...)>& std::function<_Res(_ArgTypes ...)>::operator=(const std::function<_Res(_ArgTypes ...)>&) [with _Res = void; _ArgTypes = {std::shared_ptr<rclcpp_action::ClientGoalHandle<example_interfaces::action::Fibonacci> >}][m[K’
[10.893s]   469 |       [01;36m[Koperator[m[K=(const function& __x)
[10.893s]       |       [01;36m[K^~~~~~~~[m[K
[10.893s] [01m[K/usr/include/c++/11/bits/std_function.h:469:33:[m[K [01;36m[Knote: [m[K  no known conversion for argument 1 from ‘[01m[Kstd::_Bind_helper<false, void (SimpleActionClient::*)(const int&), SimpleActionClient*, const std::_Placeholder<1>&>::type[m[K’ to ‘[01m[Kconst std::function<void(std::shared_ptr<rclcpp_action::ClientGoalHandle<example_interfaces::action::Fibonacci> >)>&[m[K’
[10.893s]   469 |       operator=([01;36m[Kconst function& __x[m[K)
[10.893s]       |                 [01;36m[K~~~~~~~~~~~~~~~~^~~[m[K
[10.894s] [01m[K/usr/include/c++/11/bits/std_function.h:487:7:[m[K [01;36m[Knote: [m[Kcandidate: ‘[01m[Kstd::function<_Res(_ArgTypes ...)>& std::function<_Res(_ArgTypes ...)>::operator=(std::function<_Res(_ArgTypes ...)>&&) [with _Res = void; _ArgTypes = {std::shared_ptr<rclcpp_action::ClientGoalHandle<example_interfaces::action::Fibonacci> >}][m[K’
[10.894s]   487 |       [01;36m[Koperator[m[K=(function&& __x) noexcept
[10.894s]       |       [01;36m[K^~~~~~~~[m[K
[10.894s] [01m[K/usr/include/c++/11/bits/std_function.h:487:28:[m[K [01;36m[Knote: [m[K  no known conversion for argument 1 from ‘[01m[Kstd::_Bind_helper<false, void (SimpleActionClient::*)(const int&), SimpleActionClient*, const std::_Placeholder<1>&>::type[m[K’ to ‘[01m[Kstd::function<void(std::shared_ptr<rclcpp_action::ClientGoalHandle<example_interfaces::action::Fibonacci> >)>&&[m[K’
[10.894s]   487 |       operator=([01;36m[Kfunction&& __x[m[K) noexcept
[10.894s]       |                 [01;36m[K~~~~~~~~~~~^~~[m[K
[10.895s] [01m[K/usr/include/c++/11/bits/std_function.h:501:7:[m[K [01;36m[Knote: [m[Kcandidate: ‘[01m[Kstd::function<_Res(_ArgTypes ...)>& std::function<_Res(_ArgTypes ...)>::operator=(std::nullptr_t) [with _Res = void; _ArgTypes = {std::shared_ptr<rclcpp_action::ClientGoalHandle<example_interfaces::action::Fibonacci> >}; std::nullptr_t = std::nullptr_t][m[K’
[10.895s]   501 |       [01;36m[Koperator[m[K=(nullptr_t) noexcept
[10.895s]       |       [01;36m[K^~~~~~~~[m[K
[10.895s] [01m[K/usr/include/c++/11/bits/std_function.h:501:17:[m[K [01;36m[Knote: [m[K  no known conversion for argument 1 from ‘[01m[Kstd::_Bind_helper<false, void (SimpleActionClient::*)(const int&), SimpleActionClient*, const std::_Placeholder<1>&>::type[m[K’ to ‘[01m[Kstd::nullptr_t[m[K’
[10.895s]   501 |       operator=([01;36m[Knullptr_t[m[K) noexcept
[10.896s]       |                 [01;36m[K^~~~~~~~~[m[K
[10.922s] [01m[K/home/hansollee/kdta_ROS2_workspace/src/simple_pkg_cpp/src/simple_action_client.cpp:39:114:[m[K [01;31m[Kerror: [m[Kno match for ‘[01m[Koperator=[m[K’ (operand types are ‘[01m[Krclcpp_action::Client<example_interfaces::action::Fibonacci>::FeedbackCallback[m[K’ {aka ‘[01m[Kstd::function<void(std::shared_ptr<rclcpp_action::ClientGoalHandle<example_interfaces::action::Fibonacci> >, std::shared_ptr<const example_interfaces::action::Fibonacci_Feedback_<std::allocator<void> > >)>[m[K’} and ‘[01m[Kstd::_Bind_helper<false, void (SimpleActionClient::*)(int, std::shared_ptr<const example_interfaces::action::Fibonacci_Feedback_<std::allocator<void> > >), SimpleActionClient*, const std::_Placeholder<1>&, const std::_Placeholder<2>&>::type[m[K’)
[10.924s]    39 |         send_goal_options.feedback_callback = std::bind(&SimpleActionClient::feedback_response_call, this, _1, _2[01;31m[K)[m[K;
[10.924s]       |                                                                                                                  [01;31m[K^[m[K
[10.925s] In file included from [01m[K/usr/include/c++/11/functional:59[m[K,
[10.925s]                  from [01m[K/usr/include/c++/11/pstl/glue_algorithm_defs.h:13[m[K,
[10.925s]                  from [01m[K/usr/include/c++/11/algorithm:74[m[K,
[10.925s]                  from [01m[K/opt/ros/humble/include/example_interfaces/example_interfaces/action/detail/fibonacci__struct.hpp:8[m[K,
[10.925s]                  from [01m[K/opt/ros/humble/include/example_interfaces/example_interfaces/action/fibonacci.hpp:7[m[K,
[10.925s]                  from [01m[K/home/hansollee/kdta_ROS2_workspace/src/simple_pkg_cpp/src/simple_action_client.cpp:1[m[K:
[10.926s] [01m[K/usr/include/c++/11/bits/std_function.h:530:9:[m[K [01;36m[Knote: [m[Kcandidate: ‘[01m[Ktemplate<class _Functor> std::function<_Res(_ArgTypes ...)>::_Requires<std::function<_Res(_ArgTypes ...)>::_Callable<_Functor>, std::function<_Res(_ArgTypes ...)>&> std::function<_Res(_ArgTypes ...)>::operator=(_Functor&&) [with _Functor = _Functor; _Res = void; _ArgTypes = {std::shared_ptr<rclcpp_action::ClientGoalHandle<example_interfaces::action::Fibonacci> >, std::shared_ptr<const example_interfaces::action::Fibonacci_Feedback_<std::allocator<void> > >}][m[K’
[10.926s]   530 |         [01;36m[Koperator[m[K=(_Functor&& __f)
[10.926s]       |         [01;36m[K^~~~~~~~[m[K
[10.926s] [01m[K/usr/include/c++/11/bits/std_function.h:530:9:[m[K [01;36m[Knote: [m[K  template argument deduction/substitution failed:
[10.926s] In file included from [01m[K/usr/include/c++/11/bits/move.h:57[m[K,
[10.926s]                  from [01m[K/usr/include/c++/11/bits/stl_pair.h:59[m[K,
[10.927s]                  from [01m[K/usr/include/c++/11/utility:70[m[K,
[10.927s]                  from [01m[K/usr/include/c++/11/algorithm:60[m[K,
[10.927s]                  from [01m[K/opt/ros/humble/include/example_interfaces/example_interfaces/action/detail/fibonacci__struct.hpp:8[m[K,
[10.927s]                  from [01m[K/opt/ros/humble/include/example_interfaces/example_interfaces/action/fibonacci.hpp:7[m[K,
[10.927s]                  from [01m[K/home/hansollee/kdta_ROS2_workspace/src/simple_pkg_cpp/src/simple_action_client.cpp:1[m[K:
[10.928s] /usr/include/c++/11/type_traits: In substitution of ‘[01m[Ktemplate<bool _Cond, class _Tp> using __enable_if_t = typename std::enable_if::type [with bool _Cond = false; _Tp = std::function<void(std::shared_ptr<rclcpp_action::ClientGoalHandle<example_interfaces::action::Fibonacci> >, std::shared_ptr<const example_interfaces::action::Fibonacci_Feedback_<std::allocator<void> > >)>&][m[K’:
[10.928s] [01m[K/usr/include/c++/11/bits/std_function.h:353:8:[m[K   required by substitution of ‘[01m[Ktemplate<class _Res, class ... _ArgTypes> template<class _Cond, class _Tp> using _Requires = std::__enable_if_t<_Cond::value, _Tp> [with _Cond = std::function<void(std::shared_ptr<rclcpp_action::ClientGoalHandle<example_interfaces::action::Fibonacci> >, std::shared_ptr<const example_interfaces::action::Fibonacci_Feedback_<std::allocator<void> > >)>::_Callable<std::_Bind<void (SimpleActionClient::*(SimpleActionClient*, std::_Placeholder<1>, std::_Placeholder<2>))(int, std::shared_ptr<const example_interfaces::action::Fibonacci_Feedback_<std::allocator<void> > >)>, std::_Bind<void (SimpleActionClient::*(SimpleActionClient*, std::_Placeholder<1>, std::_Placeholder<2>))(int, std::shared_ptr<const example_interfaces::action::Fibonacci_Feedback_<std::allocator<void> > >)>, std::__invoke_result<std::_Bind<void (SimpleActionClient::*(SimpleActionClient*, std::_Placeholder<1>, std::_Placeholder<2>))(int, std::shared_ptr<const example_interfaces::action::Fibonacci_Feedback_<std::allocator<void> > >)>&, std::shared_ptr<rclcpp_action::ClientGoalHandle<example_interfaces::action::Fibonacci> >, std::shared_ptr<const example_interfaces::action::Fibonacci_Feedback_<std::allocator<void> > > > >; _Tp = std::function<void(std::shared_ptr<rclcpp_action::ClientGoalHandle<example_interfaces::action::Fibonacci> >, std::shared_ptr<const example_interfaces::action::Fibonacci_Feedback_<std::allocator<void> > >)>&; _Res = void; _ArgTypes = {std::shared_ptr<rclcpp_action::ClientGoalHandle<example_interfaces::action::Fibonacci> >, std::shared_ptr<const example_interfaces::action::Fibonacci_Feedback_<std::allocator<void> > >}][m[K’
[10.928s] [01m[K/usr/include/c++/11/bits/std_function.h:530:2:[m[K   required by substitution of ‘[01m[Ktemplate<class _Functor> std::function<void(std::shared_ptr<rclcpp_action::ClientGoalHandle<example_interfaces::action::Fibonacci> >, std::shared_ptr<const example_interfaces::action::Fibonacci_Feedback_<std::allocator<void> > >)>::_Requires<std::function<void(std::shared_ptr<rclcpp_action::ClientGoalHandle<example_interfaces::action::Fibonacci> >, std::shared_ptr<const example_interfaces::action::Fibonacci_Feedback_<std::allocator<void> > >)>::_Callable<_Functor, typename std::enable_if<(! std::is_same<typename std::remove_cv<typename std::remove_reference<_Tp>::type>::type, std::function<void(std::shared_ptr<rclcpp_action::ClientGoalHandle<example_interfaces::action::Fibonacci> >, std::shared_ptr<const example_interfaces::action::Fibonacci_Feedback_<std::allocator<void> > >)> >::value), std::decay<_Tp> >::type::type, std::__invoke_result<typename std::enable_if<(! std::is_same<typename std::remove_cv<typename std::remove_reference<_Tp>::type>::type, std::function<void(std::shared_ptr<rclcpp_action::ClientGoalHandle<example_interfaces::action::Fibonacci> >, std::shared_ptr<const example_interfaces::action::Fibonacci_Feedback_<std::allocator<void> > >)> >::value), std::decay<_Tp> >::type::type&, std::shared_ptr<rclcpp_action::ClientGoalHandle<example_interfaces::action::Fibonacci> >, std::shared_ptr<const example_interfaces::action::Fibonacci_Feedback_<std::allocator<void> > > > >, std::function<void(std::shared_ptr<rclcpp_action::ClientGoalHandle<example_interfaces::action::Fibonacci> >, std::shared_ptr<const example_interfaces::action::Fibonacci_Feedback_<std::allocator<void> > >)>&> std::function<void(std::shared_ptr<rclcpp_action::ClientGoalHandle<example_interfaces::action::Fibonacci> >, std::shared_ptr<const example_interfaces::action::Fibonacci_Feedback_<std::allocator<void> > >)>::operator=<_Functor>(_Functor&&) [with _Functor = std::_Bind<void (SimpleActionClient::*(SimpleActionClient*, std::_Placeholder<1>, std::_Placeholder<2>))(int, std::shared_ptr<const example_interfaces::action::Fibonacci_Feedback_<std::allocator<void> > >)>][m[K’
[10.928s] [01m[K/home/hansollee/kdta_ROS2_workspace/src/simple_pkg_cpp/src/simple_action_client.cpp:39:114:[m[K   required from here
[10.928s] [01m[K/usr/include/c++/11/type_traits:2205:11:[m[K [01;31m[Kerror: [m[Kno type named ‘[01m[Ktype[m[K’ in ‘[01m[Kstruct std::enable_if<false, std::function<void(std::shared_ptr<rclcpp_action::ClientGoalHandle<example_interfaces::action::Fibonacci> >, std::shared_ptr<const example_interfaces::action::Fibonacci_Feedback_<std::allocator<void> > >)>&>[m[K’
[10.929s]  2205 |     using [01;31m[K__enable_if_t[m[K = typename enable_if<_Cond, _Tp>::type;
[10.929s]       |           [01;31m[K^~~~~~~~~~~~~[m[K
[10.929s] In file included from [01m[K/usr/include/c++/11/functional:59[m[K,
[10.929s]                  from [01m[K/usr/include/c++/11/pstl/glue_algorithm_defs.h:13[m[K,
[10.929s]                  from [01m[K/usr/include/c++/11/algorithm:74[m[K,
[10.930s]                  from [01m[K/opt/ros/humble/include/example_interfaces/example_interfaces/action/detail/fibonacci__struct.hpp:8[m[K,
[10.930s]                  from [01m[K/opt/ros/humble/include/example_interfaces/example_interfaces/action/fibonacci.hpp:7[m[K,
[10.930s]                  from [01m[K/home/hansollee/kdta_ROS2_workspace/src/simple_pkg_cpp/src/simple_action_client.cpp:1[m[K:
[10.930s] [01m[K/usr/include/c++/11/bits/std_function.h:540:9:[m[K [01;36m[Knote: [m[Kcandidate: ‘[01m[Ktemplate<class _Functor> std::function<_Res(_ArgTypes ...)>& std::function<_Res(_ArgTypes ...)>::operator=(std::reference_wrapper<_Functor>) [with _Functor = _Functor; _Res = void; _ArgTypes = {std::shared_ptr<rclcpp_action::ClientGoalHandle<example_interfaces::action::Fibonacci> >, std::shared_ptr<const example_interfaces::action::Fibonacci_Feedback_<std::allocator<void> > >}][m[K’
[10.930s]   540 |         [01;36m[Koperator[m[K=(reference_wrapper<_Functor> __f) noexcept
[10.930s]       |         [01;36m[K^~~~~~~~[m[K
[10.930s] [01m[K/usr/include/c++/11/bits/std_function.h:540:9:[m[K [01;36m[Knote: [m[K  template argument deduction/substitution failed:
[10.931s] [01m[K/home/hansollee/kdta_ROS2_workspace/src/simple_pkg_cpp/src/simple_action_client.cpp:39:114:[m[K [01;36m[Knote: [m[K  ‘[01m[Kstd::_Bind<void (SimpleActionClient::*(SimpleActionClient*, std::_Placeholder<1>, std::_Placeholder<2>))(int, std::shared_ptr<const example_interfaces::action::Fibonacci_Feedback_<std::allocator<void> > >)>[m[K’ is not derived from ‘[01m[Kstd::reference_wrapper<_Tp>[m[K’
[10.931s]    39 |         send_goal_options.feedback_callback = std::bind(&SimpleActionClient::feedback_response_call, this, _1, _2[01;36m[K)[m[K;
[10.931s]       |                                                                                                                  [01;36m[K^[m[K
[10.931s] In file included from [01m[K/usr/include/c++/11/functional:59[m[K,
[10.931s]                  from [01m[K/usr/include/c++/11/pstl/glue_algorithm_defs.h:13[m[K,
[10.931s]                  from [01m[K/usr/include/c++/11/algorithm:74[m[K,
[10.932s]                  from [01m[K/opt/ros/humble/include/example_interfaces/example_interfaces/action/detail/fibonacci__struct.hpp:8[m[K,
[10.937s]                  from [01m[K/opt/ros/humble/include/example_interfaces/example_interfaces/action/fibonacci.hpp:7[m[K,
[10.938s]                  from [01m[K/home/hansollee/kdta_ROS2_workspace/src/simple_pkg_cpp/src/simple_action_client.cpp:1[m[K:
[10.938s] [01m[K/usr/include/c++/11/bits/std_function.h:469:7:[m[K [01;36m[Knote: [m[Kcandidate: ‘[01m[Kstd::function<_Res(_ArgTypes ...)>& std::function<_Res(_ArgTypes ...)>::operator=(const std::function<_Res(_ArgTypes ...)>&) [with _Res = void; _ArgTypes = {std::shared_ptr<rclcpp_action::ClientGoalHandle<example_interfaces::action::Fibonacci> >, std::shared_ptr<const example_interfaces::action::Fibonacci_Feedback_<std::allocator<void> > >}][m[K’
[10.938s]   469 |       [01;36m[Koperator[m[K=(const function& __x)
[10.938s]       |       [01;36m[K^~~~~~~~[m[K
[10.939s] [01m[K/usr/include/c++/11/bits/std_function.h:469:33:[m[K [01;36m[Knote: [m[K  no known conversion for argument 1 from ‘[01m[Kstd::_Bind_helper<false, void (SimpleActionClient::*)(int, std::shared_ptr<const example_interfaces::action::Fibonacci_Feedback_<std::allocator<void> > >), SimpleActionClient*, const std::_Placeholder<1>&, const std::_Placeholder<2>&>::type[m[K’ to ‘[01m[Kconst std::function<void(std::shared_ptr<rclcpp_action::ClientGoalHandle<example_interfaces::action::Fibonacci> >, std::shared_ptr<const example_interfaces::action::Fibonacci_Feedback_<std::allocator<void> > >)>&[m[K’
[10.939s]   469 |       operator=([01;36m[Kconst function& __x[m[K)
[10.939s]       |                 [01;36m[K~~~~~~~~~~~~~~~~^~~[m[K
[10.939s] [01m[K/usr/include/c++/11/bits/std_function.h:487:7:[m[K [01;36m[Knote: [m[Kcandidate: ‘[01m[Kstd::function<_Res(_ArgTypes ...)>& std::function<_Res(_ArgTypes ...)>::operator=(std::function<_Res(_ArgTypes ...)>&&) [with _Res = void; _ArgTypes = {std::shared_ptr<rclcpp_action::ClientGoalHandle<example_interfaces::action::Fibonacci> >, std::shared_ptr<const example_interfaces::action::Fibonacci_Feedback_<std::allocator<void> > >}][m[K’
[10.939s]   487 |       [01;36m[Koperator[m[K=(function&& __x) noexcept
[10.939s]       |       [01;36m[K^~~~~~~~[m[K
[10.940s] [01m[K/usr/include/c++/11/bits/std_function.h:487:28:[m[K [01;36m[Knote: [m[K  no known conversion for argument 1 from ‘[01m[Kstd::_Bind_helper<false, void (SimpleActionClient::*)(int, std::shared_ptr<const example_interfaces::action::Fibonacci_Feedback_<std::allocator<void> > >), SimpleActionClient*, const std::_Placeholder<1>&, const std::_Placeholder<2>&>::type[m[K’ to ‘[01m[Kstd::function<void(std::shared_ptr<rclcpp_action::ClientGoalHandle<example_interfaces::action::Fibonacci> >, std::shared_ptr<const example_interfaces::action::Fibonacci_Feedback_<std::allocator<void> > >)>&&[m[K’
[10.940s]   487 |       operator=([01;36m[Kfunction&& __x[m[K) noexcept
[10.940s]       |                 [01;36m[K~~~~~~~~~~~^~~[m[K
[10.940s] [01m[K/usr/include/c++/11/bits/std_function.h:501:7:[m[K [01;36m[Knote: [m[Kcandidate: ‘[01m[Kstd::function<_Res(_ArgTypes ...)>& std::function<_Res(_ArgTypes ...)>::operator=(std::nullptr_t) [with _Res = void; _ArgTypes = {std::shared_ptr<rclcpp_action::ClientGoalHandle<example_interfaces::action::Fibonacci> >, std::shared_ptr<const example_interfaces::action::Fibonacci_Feedback_<std::allocator<void> > >}; std::nullptr_t = std::nullptr_t][m[K’
[10.940s]   501 |       [01;36m[Koperator[m[K=(nullptr_t) noexcept
[10.941s]       |       [01;36m[K^~~~~~~~[m[K
[10.941s] [01m[K/usr/include/c++/11/bits/std_function.h:501:17:[m[K [01;36m[Knote: [m[K  no known conversion for argument 1 from ‘[01m[Kstd::_Bind_helper<false, void (SimpleActionClient::*)(int, std::shared_ptr<const example_interfaces::action::Fibonacci_Feedback_<std::allocator<void> > >), SimpleActionClient*, const std::_Placeholder<1>&, const std::_Placeholder<2>&>::type[m[K’ to ‘[01m[Kstd::nullptr_t[m[K’
[10.943s]   501 |       operator=([01;36m[Knullptr_t[m[K) noexcept
[10.944s]       |                 [01;36m[K^~~~~~~~~[m[K
[10.944s] [01m[K/home/hansollee/kdta_ROS2_workspace/src/simple_pkg_cpp/src/simple_action_client.cpp:40:106:[m[K [01;31m[Kerror: [m[Kno match for ‘[01m[Koperator=[m[K’ (operand types are ‘[01m[Krclcpp_action::Client<example_interfaces::action::Fibonacci>::ResultCallback[m[K’ {aka ‘[01m[Kstd::function<void(const rclcpp_action::ClientGoalHandle<example_interfaces::action::Fibonacci>::WrappedResult&)>[m[K’} and ‘[01m[Kstd::_Bind_helper<false, void (SimpleActionClient::*)(const int&), SimpleActionClient*, const std::_Placeholder<1>&>::type[m[K’)
[10.944s]    40 |         send_goal_options.result_callback = std::bind(&SimpleActionClient::result_response_call, this, _1[01;31m[K)[m[K;
[10.947s]       |                                                                                                          [01;31m[K^[m[K
[10.948s] In file included from [01m[K/usr/include/c++/11/functional:59[m[K,
[10.948s]                  from [01m[K/usr/include/c++/11/pstl/glue_algorithm_defs.h:13[m[K,
[10.948s]                  from [01m[K/usr/include/c++/11/algorithm:74[m[K,
[10.948s]                  from [01m[K/opt/ros/humble/include/example_interfaces/example_interfaces/action/detail/fibonacci__struct.hpp:8[m[K,
[10.948s]                  from [01m[K/opt/ros/humble/include/example_interfaces/example_interfaces/action/fibonacci.hpp:7[m[K,
[10.949s]                  from [01m[K/home/hansollee/kdta_ROS2_workspace/src/simple_pkg_cpp/src/simple_action_client.cpp:1[m[K:
[10.949s] [01m[K/usr/include/c++/11/bits/std_function.h:530:9:[m[K [01;36m[Knote: [m[Kcandidate: ‘[01m[Ktemplate<class _Functor> std::function<_Res(_ArgTypes ...)>::_Requires<std::function<_Res(_ArgTypes ...)>::_Callable<_Functor>, std::function<_Res(_ArgTypes ...)>&> std::function<_Res(_ArgTypes ...)>::operator=(_Functor&&) [with _Functor = _Functor; _Res = void; _ArgTypes = {const rclcpp_action::ClientGoalHandle<example_interfaces::action::Fibonacci>::WrappedResult&}][m[K’
[10.949s]   530 |         [01;36m[Koperator[m[K=(_Functor&& __f)
[10.949s]       |         [01;36m[K^~~~~~~~[m[K
[10.949s] [01m[K/usr/include/c++/11/bits/std_function.h:530:9:[m[K [01;36m[Knote: [m[K  template argument deduction/substitution failed:
[10.949s] In file included from [01m[K/usr/include/c++/11/bits/move.h:57[m[K,
[10.949s]                  from [01m[K/usr/include/c++/11/bits/stl_pair.h:59[m[K,
[10.950s]                  from [01m[K/usr/include/c++/11/utility:70[m[K,
[10.950s]                  from [01m[K/usr/include/c++/11/algorithm:60[m[K,
[10.950s]                  from [01m[K/opt/ros/humble/include/example_interfaces/example_interfaces/action/detail/fibonacci__struct.hpp:8[m[K,
[10.950s]                  from [01m[K/opt/ros/humble/include/example_interfaces/example_interfaces/action/fibonacci.hpp:7[m[K,
[10.950s]                  from [01m[K/home/hansollee/kdta_ROS2_workspace/src/simple_pkg_cpp/src/simple_action_client.cpp:1[m[K:
[10.950s] /usr/include/c++/11/type_traits: In substitution of ‘[01m[Ktemplate<bool _Cond, class _Tp> using __enable_if_t = typename std::enable_if::type [with bool _Cond = false; _Tp = std::function<void(const rclcpp_action::ClientGoalHandle<example_interfaces::action::Fibonacci>::WrappedResult&)>&][m[K’:
[10.951s] [01m[K/usr/include/c++/11/bits/std_function.h:353:8:[m[K   required by substitution of ‘[01m[Ktemplate<class _Res, class ... _ArgTypes> template<class _Cond, class _Tp> using _Requires = std::__enable_if_t<_Cond::value, _Tp> [with _Cond = std::function<void(const rclcpp_action::ClientGoalHandle<example_interfaces::action::Fibonacci>::WrappedResult&)>::_Callable<std::_Bind<void (SimpleActionClient::*(SimpleActionClient*, std::_Placeholder<1>))(const int&)>, std::_Bind<void (SimpleActionClient::*(SimpleActionClient*, std::_Placeholder<1>))(const int&)>, std::__invoke_result<std::_Bind<void (SimpleActionClient::*(SimpleActionClient*, std::_Placeholder<1>))(const int&)>&, const rclcpp_action::ClientGoalHandle<example_interfaces::action::Fibonacci>::WrappedResult&> >; _Tp = std::function<void(const rclcpp_action::ClientGoalHandle<example_interfaces::action::Fibonacci>::WrappedResult&)>&; _Res = void; _ArgTypes = {const rclcpp_action::ClientGoalHandle<example_interfaces::action::Fibonacci>::WrappedResult&}][m[K’
[10.951s] [01m[K/usr/include/c++/11/bits/std_function.h:530:2:[m[K   required by substitution of ‘[01m[Ktemplate<class _Functor> std::function<void(const rclcpp_action::ClientGoalHandle<example_interfaces::action::Fibonacci>::WrappedResult&)>::_Requires<std::function<void(const rclcpp_action::ClientGoalHandle<example_interfaces::action::Fibonacci>::WrappedResult&)>::_Callable<_Functor, typename std::enable_if<(! std::is_same<typename std::remove_cv<typename std::remove_reference<_Tp>::type>::type, std::function<void(const rclcpp_action::ClientGoalHandle<example_interfaces::action::Fibonacci>::WrappedResult&)> >::value), std::decay<_Tp> >::type::type, std::__invoke_result<typename std::enable_if<(! std::is_same<typename std::remove_cv<typename std::remove_reference<_Tp>::type>::type, std::function<void(const rclcpp_action::ClientGoalHandle<example_interfaces::action::Fibonacci>::WrappedResult&)> >::value), std::decay<_Tp> >::type::type&, const rclcpp_action::ClientGoalHandle<example_interfaces::action::Fibonacci>::WrappedResult&> >, std::function<void(const rclcpp_action::ClientGoalHandle<example_interfaces::action::Fibonacci>::WrappedResult&)>&> std::function<void(const rclcpp_action::ClientGoalHandle<example_interfaces::action::Fibonacci>::WrappedResult&)>::operator=<_Functor>(_Functor&&) [with _Functor = std::_Bind<void (SimpleActionClient::*(SimpleActionClient*, std::_Placeholder<1>))(const int&)>][m[K’
[10.951s] [01m[K/home/hansollee/kdta_ROS2_workspace/src/simple_pkg_cpp/src/simple_action_client.cpp:40:106:[m[K   required from here
[10.951s] [01m[K/usr/include/c++/11/type_traits:2205:11:[m[K [01;31m[Kerror: [m[Kno type named ‘[01m[Ktype[m[K’ in ‘[01m[Kstruct std::enable_if<false, std::function<void(const rclcpp_action::ClientGoalHandle<example_interfaces::action::Fibonacci>::WrappedResult&)>&>[m[K’
[10.951s]  2205 |     using [01;31m[K__enable_if_t[m[K = typename enable_if<_Cond, _Tp>::type;
[10.952s]       |           [01;31m[K^~~~~~~~~~~~~[m[K
[10.952s] In file included from [01m[K/usr/include/c++/11/functional:59[m[K,
[10.952s]                  from [01m[K/usr/include/c++/11/pstl/glue_algorithm_defs.h:13[m[K,
[10.952s]                  from [01m[K/usr/include/c++/11/algorithm:74[m[K,
[10.953s]                  from [01m[K/opt/ros/humble/include/example_interfaces/example_interfaces/action/detail/fibonacci__struct.hpp:8[m[K,
[10.953s]                  from [01m[K/opt/ros/humble/include/example_interfaces/example_interfaces/action/fibonacci.hpp:7[m[K,
[10.953s]                  from [01m[K/home/hansollee/kdta_ROS2_workspace/src/simple_pkg_cpp/src/simple_action_client.cpp:1[m[K:
[10.953s] [01m[K/usr/include/c++/11/bits/std_function.h:540:9:[m[K [01;36m[Knote: [m[Kcandidate: ‘[01m[Ktemplate<class _Functor> std::function<_Res(_ArgTypes ...)>& std::function<_Res(_ArgTypes ...)>::operator=(std::reference_wrapper<_Functor>) [with _Functor = _Functor; _Res = void; _ArgTypes = {const rclcpp_action::ClientGoalHandle<example_interfaces::action::Fibonacci>::WrappedResult&}][m[K’
[10.953s]   540 |         [01;36m[Koperator[m[K=(reference_wrapper<_Functor> __f) noexcept
[10.954s]       |         [01;36m[K^~~~~~~~[m[K
[10.954s] [01m[K/usr/include/c++/11/bits/std_function.h:540:9:[m[K [01;36m[Knote: [m[K  template argument deduction/substitution failed:
[10.954s] [01m[K/home/hansollee/kdta_ROS2_workspace/src/simple_pkg_cpp/src/simple_action_client.cpp:40:106:[m[K [01;36m[Knote: [m[K  ‘[01m[Kstd::_Bind<void (SimpleActionClient::*(SimpleActionClient*, std::_Placeholder<1>))(const int&)>[m[K’ is not derived from ‘[01m[Kstd::reference_wrapper<_Tp>[m[K’
[10.954s]    40 |         send_goal_options.result_callback = std::bind(&SimpleActionClient::result_response_call, this, _1[01;36m[K)[m[K;
[10.954s]       |                                                                                                          [01;36m[K^[m[K
[10.954s] In file included from [01m[K/usr/include/c++/11/functional:59[m[K,
[10.954s]                  from [01m[K/usr/include/c++/11/pstl/glue_algorithm_defs.h:13[m[K,
[10.955s]                  from [01m[K/usr/include/c++/11/algorithm:74[m[K,
[10.955s]                  from [01m[K/opt/ros/humble/include/example_interfaces/example_interfaces/action/detail/fibonacci__struct.hpp:8[m[K,
[10.955s]                  from [01m[K/opt/ros/humble/include/example_interfaces/example_interfaces/action/fibonacci.hpp:7[m[K,
[10.955s]                  from [01m[K/home/hansollee/kdta_ROS2_workspace/src/simple_pkg_cpp/src/simple_action_client.cpp:1[m[K:
[10.962s] [01m[K/usr/include/c++/11/bits/std_function.h:469:7:[m[K [01;36m[Knote: [m[Kcandidate: ‘[01m[Kstd::function<_Res(_ArgTypes ...)>& std::function<_Res(_ArgTypes ...)>::operator=(const std::function<_Res(_ArgTypes ...)>&) [with _Res = void; _ArgTypes = {const rclcpp_action::ClientGoalHandle<example_interfaces::action::Fibonacci>::WrappedResult&}][m[K’
[10.962s]   469 |       [01;36m[Koperator[m[K=(const function& __x)
[10.962s]       |       [01;36m[K^~~~~~~~[m[K
[10.963s] [01m[K/usr/include/c++/11/bits/std_function.h:469:33:[m[K [01;36m[Knote: [m[K  no known conversion for argument 1 from ‘[01m[Kstd::_Bind_helper<false, void (SimpleActionClient::*)(const int&), SimpleActionClient*, const std::_Placeholder<1>&>::type[m[K’ to ‘[01m[Kconst std::function<void(const rclcpp_action::ClientGoalHandle<example_interfaces::action::Fibonacci>::WrappedResult&)>&[m[K’
[10.963s]   469 |       operator=([01;36m[Kconst function& __x[m[K)
[10.963s]       |                 [01;36m[K~~~~~~~~~~~~~~~~^~~[m[K
[10.963s] [01m[K/usr/include/c++/11/bits/std_function.h:487:7:[m[K [01;36m[Knote: [m[Kcandidate: ‘[01m[Kstd::function<_Res(_ArgTypes ...)>& std::function<_Res(_ArgTypes ...)>::operator=(std::function<_Res(_ArgTypes ...)>&&) [with _Res = void; _ArgTypes = {const rclcpp_action::ClientGoalHandle<example_interfaces::action::Fibonacci>::WrappedResult&}][m[K’
[10.963s]   487 |       [01;36m[Koperator[m[K=(function&& __x) noexcept
[10.963s]       |       [01;36m[K^~~~~~~~[m[K
[10.964s] [01m[K/usr/include/c++/11/bits/std_function.h:487:28:[m[K [01;36m[Knote: [m[K  no known conversion for argument 1 from ‘[01m[Kstd::_Bind_helper<false, void (SimpleActionClient::*)(const int&), SimpleActionClient*, const std::_Placeholder<1>&>::type[m[K’ to ‘[01m[Kstd::function<void(const rclcpp_action::ClientGoalHandle<example_interfaces::action::Fibonacci>::WrappedResult&)>&&[m[K’
[10.964s]   487 |       operator=([01;36m[Kfunction&& __x[m[K) noexcept
[10.964s]       |                 [01;36m[K~~~~~~~~~~~^~~[m[K
[10.964s] [01m[K/usr/include/c++/11/bits/std_function.h:501:7:[m[K [01;36m[Knote: [m[Kcandidate: ‘[01m[Kstd::function<_Res(_ArgTypes ...)>& std::function<_Res(_ArgTypes ...)>::operator=(std::nullptr_t) [with _Res = void; _ArgTypes = {const rclcpp_action::ClientGoalHandle<example_interfaces::action::Fibonacci>::WrappedResult&}; std::nullptr_t = std::nullptr_t][m[K’
[10.964s]   501 |       [01;36m[Koperator[m[K=(nullptr_t) noexcept
[10.964s]       |       [01;36m[K^~~~~~~~[m[K
[10.965s] [01m[K/usr/include/c++/11/bits/std_function.h:501:17:[m[K [01;36m[Knote: [m[K  no known conversion for argument 1 from ‘[01m[Kstd::_Bind_helper<false, void (SimpleActionClient::*)(const int&), SimpleActionClient*, const std::_Placeholder<1>&>::type[m[K’ to ‘[01m[Kstd::nullptr_t[m[K’
[10.965s]   501 |       operator=([01;36m[Knullptr_t[m[K) noexcept
[10.965s]       |                 [01;36m[K^~~~~~~~~[m[K
[10.965s] [01m[K/home/hansollee/kdta_ROS2_workspace/src/simple_pkg_cpp/src/simple_action_client.cpp:[m[K In member function ‘[01m[Kvoid SimpleActionClient::result_response_call(const int&)[m[K’:
[10.965s] [01m[K/home/hansollee/kdta_ROS2_workspace/src/simple_pkg_cpp/src/simple_action_client.cpp:73:24:[m[K [01;31m[Kerror: [m[Krequest for member ‘[01m[Kcode[m[K’ in ‘[01m[Kresult[m[K’, which is of non-class type ‘[01m[Kconst int[m[K’
[10.965s]    73 |         switch (result.[01;31m[Kcode[m[K)
[10.966s]       |                        [01;31m[K^~~~[m[K
[10.966s] [01m[K/home/hansollee/kdta_ROS2_workspace/src/simple_pkg_cpp/src/simple_action_client.cpp:89:35:[m[K [01;31m[Kerror: [m[Krequest for member ‘[01m[Kresult[m[K’ in ‘[01m[Kresult[m[K’, which is of non-class type ‘[01m[Kconst int[m[K’
[10.966s]    89 |         for (auto number : result.[01;31m[Kresult[m[K->sequence)
[10.966s]       |                                   [01;31m[K^~~~~~[m[K
[13.641s] gmake[2]: *** [CMakeFiles/simple_action_client.dir/build.make:76: CMakeFiles/simple_action_client.dir/src/simple_action_client.cpp.o] 오류 1
[13.642s] gmake[1]: *** [CMakeFiles/Makefile2:501: CMakeFiles/simple_action_client.dir/all] 오류 2
[13.643s] gmake: *** [Makefile:146: all] 오류 2
[13.655s] Invoked command in '/home/hansollee/kdta_ROS2_workspace/build/simple_pkg_cpp' returned '2': CMAKE_PREFIX_PATH=${CMAKE_PREFIX_PATH}:/opt/ros/humble /usr/bin/cmake --build /home/hansollee/kdta_ROS2_workspace/build/simple_pkg_cpp -- -j4 -l4
