[0.051s] Invoking command in '/home/hansollee/kdta_ROS2_workspace/build/turtlebot3_simulations': CMAKE_PREFIX_PATH=/home/hansollee/kdta_ROS2_workspace/install/turtlebot3_gazebo:/home/hansollee/kdta_ROS2_workspace/install/turtlebot3_fake_node:/home/hansollee/kdta_ROS2_workspace/install/turtlebot3_simulations:/home/hansollee/kdta_ROS2_workspace/install/msg:/home/hansollee/kdta_ROS2_workspace/install/move_t_sim:/home/hansollee/kdta_ROS2_workspace/install/interface_example:/opt/ros/humble /usr/bin/cmake --build /home/hansollee/kdta_ROS2_workspace/build/turtlebot3_simulations -- -j4 -l4
[0.198s] Invoked command in '/home/hansollee/kdta_ROS2_workspace/build/turtlebot3_simulations' returned '0': CMAKE_PREFIX_PATH=/home/hansollee/kdta_ROS2_workspace/install/turtlebot3_gazebo:/home/hansollee/kdta_ROS2_workspace/install/turtlebot3_fake_node:/home/hansollee/kdta_ROS2_workspace/install/turtlebot3_simulations:/home/hansollee/kdta_ROS2_workspace/install/msg:/home/hansollee/kdta_ROS2_workspace/install/move_t_sim:/home/hansollee/kdta_ROS2_workspace/install/interface_example:/opt/ros/humble /usr/bin/cmake --build /home/hansollee/kdta_ROS2_workspace/build/turtlebot3_simulations -- -j4 -l4
[0.259s] Invoking command in '/home/hansollee/kdta_ROS2_workspace/build/turtlebot3_simulations': CMAKE_PREFIX_PATH=/home/hansollee/kdta_ROS2_workspace/install/turtlebot3_gazebo:/home/hansollee/kdta_ROS2_workspace/install/turtlebot3_fake_node:/home/hansollee/kdta_ROS2_workspace/install/turtlebot3_simulations:/home/hansollee/kdta_ROS2_workspace/install/msg:/home/hansollee/kdta_ROS2_workspace/install/move_t_sim:/home/hansollee/kdta_ROS2_workspace/install/interface_example:/opt/ros/humble /usr/bin/cmake --install /home/hansollee/kdta_ROS2_workspace/build/turtlebot3_simulations
[0.291s] -- Install configuration: ""
[0.293s] -- Execute custom install script
[0.293s] -- Up-to-date symlink: /home/hansollee/kdta_ROS2_workspace/install/turtlebot3_simulations/share/ament_index/resource_index/package_run_dependencies/turtlebot3_simulations
[0.294s] -- Up-to-date symlink: /home/hansollee/kdta_ROS2_workspace/install/turtlebot3_simulations/share/ament_index/resource_index/parent_prefix_path/turtlebot3_simulations
[0.294s] -- Up-to-date symlink: /home/hansollee/kdta_ROS2_workspace/install/turtlebot3_simulations/share/turtlebot3_simulations/environment/ament_prefix_path.sh
[0.295s] -- Up-to-date symlink: /home/hansollee/kdta_ROS2_workspace/install/turtlebot3_simulations/share/turtlebot3_simulations/environment/ament_prefix_path.dsv
[0.296s] -- Up-to-date symlink: /home/hansollee/kdta_ROS2_workspace/install/turtlebot3_simulations/share/turtlebot3_simulations/environment/path.sh
[0.298s] -- Up-to-date symlink: /home/hansollee/kdta_ROS2_workspace/install/turtlebot3_simulations/share/turtlebot3_simulations/environment/path.dsv
[0.299s] -- Up-to-date symlink: /home/hansollee/kdta_ROS2_workspace/install/turtlebot3_simulations/share/turtlebot3_simulations/local_setup.bash
[0.300s] -- Up-to-date symlink: /home/hansollee/kdta_ROS2_workspace/install/turtlebot3_simulations/share/turtlebot3_simulations/local_setup.sh
[0.301s] -- Up-to-date symlink: /home/hansollee/kdta_ROS2_workspace/install/turtlebot3_simulations/share/turtlebot3_simulations/local_setup.zsh
[0.302s] -- Up-to-date symlink: /home/hansollee/kdta_ROS2_workspace/install/turtlebot3_simulations/share/turtlebot3_simulations/local_setup.dsv
[0.303s] -- Symlinking: /home/hansollee/kdta_ROS2_workspace/install/turtlebot3_simulations/share/turtlebot3_simulations/package.dsv
[0.340s] -- Up-to-date symlink: /home/hansollee/kdta_ROS2_workspace/install/turtlebot3_simulations/share/ament_index/resource_index/packages/turtlebot3_simulations
[0.340s] -- Up-to-date symlink: /home/hansollee/kdta_ROS2_workspace/install/turtlebot3_simulations/share/turtlebot3_simulations/cmake/turtlebot3_simulationsConfig.cmake
[0.340s] -- Up-to-date symlink: /home/hansollee/kdta_ROS2_workspace/install/turtlebot3_simulations/share/turtlebot3_simulations/cmake/turtlebot3_simulationsConfig-version.cmake
[0.341s] -- Up-to-date symlink: /home/hansollee/kdta_ROS2_workspace/install/turtlebot3_simulations/share/turtlebot3_simulations/package.xml
[0.347s] Invoked command in '/home/hansollee/kdta_ROS2_workspace/build/turtlebot3_simulations' returned '0': CMAKE_PREFIX_PATH=/home/hansollee/kdta_ROS2_workspace/install/turtlebot3_gazebo:/home/hansollee/kdta_ROS2_workspace/install/turtlebot3_fake_node:/home/hansollee/kdta_ROS2_workspace/install/turtlebot3_simulations:/home/hansollee/kdta_ROS2_workspace/install/msg:/home/hansollee/kdta_ROS2_workspace/install/move_t_sim:/home/hansollee/kdta_ROS2_workspace/install/interface_example:/opt/ros/humble /usr/bin/cmake --install /home/hansollee/kdta_ROS2_workspace/build/turtlebot3_simulations
