[0.017s] Invoking command in '/home/hansollee/kdta_ROS2_workspace/build/simple_pkg_cpp': CMAKE_PREFIX_PATH=${CMAKE_PREFIX_PATH}:/opt/ros/humble /usr/bin/cmake --build /home/hansollee/kdta_ROS2_workspace/build/simple_pkg_cpp -- -j2 -l2
[0.079s] [  6%] Built target helloOpenCV
[0.095s] [ 12%] Built target hello_publisher
[0.121s] [ 18%] Built target hello_publisher2
[0.138s] [ 25%] Built target helloword
[0.169s] [ 31%] Built target hello_publisher_class
[0.209s] [ 40%] Built target hello_publisher_class2
[0.257s] [ 50%] Built target hello_subscriber_class
[0.271s] [ 59%] Built target time_publisher_class
[0.333s] [ 65%] Built target simple_service_server
[0.334s] [ 75%] Built target time_subscriber_class
[0.418s] [ 81%] Built target simple_service_client
[0.418s] [ 87%] Built target simple_service_client2
[0.493s] [ 93%] Built target simple_action_client
[0.494s] [100%] Built target simple_action_server
[0.525s] Invoked command in '/home/hansollee/kdta_ROS2_workspace/build/simple_pkg_cpp' returned '0': CMAKE_PREFIX_PATH=${CMAKE_PREFIX_PATH}:/opt/ros/humble /usr/bin/cmake --build /home/hansollee/kdta_ROS2_workspace/build/simple_pkg_cpp -- -j2 -l2
[1.043s] Invoking command in '/home/hansollee/kdta_ROS2_workspace/build/simple_pkg_cpp': CMAKE_PREFIX_PATH=${CMAKE_PREFIX_PATH}:/opt/ros/humble /usr/bin/cmake --install /home/hansollee/kdta_ROS2_workspace/build/simple_pkg_cpp
[1.049s] -- Install configuration: ""
[1.050s] -- Execute custom install script
[1.053s] -- Up-to-date symlink: /home/hansollee/kdta_ROS2_workspace/install/simple_pkg_cpp/lib/simple_pkg_cpp/helloword
[1.056s] -- Up-to-date symlink: /home/hansollee/kdta_ROS2_workspace/install/simple_pkg_cpp/lib/simple_pkg_cpp/helloOpenCV
[1.057s] -- Up-to-date symlink: /home/hansollee/kdta_ROS2_workspace/install/simple_pkg_cpp/lib/simple_pkg_cpp/hello_publisher
[1.057s] -- Up-to-date symlink: /home/hansollee/kdta_ROS2_workspace/install/simple_pkg_cpp/lib/simple_pkg_cpp/hello_publisher2
[1.057s] -- Up-to-date symlink: /home/hansollee/kdta_ROS2_workspace/install/simple_pkg_cpp/lib/simple_pkg_cpp/hello_publisher_class
[1.058s] -- Up-to-date symlink: /home/hansollee/kdta_ROS2_workspace/install/simple_pkg_cpp/lib/simple_pkg_cpp/hello_publisher_class2
[1.059s] -- Up-to-date symlink: /home/hansollee/kdta_ROS2_workspace/install/simple_pkg_cpp/lib/simple_pkg_cpp/hello_subscriber_class
[1.060s] -- Up-to-date symlink: /home/hansollee/kdta_ROS2_workspace/install/simple_pkg_cpp/lib/simple_pkg_cpp/time_publisher_class
[1.060s] -- Up-to-date symlink: /home/hansollee/kdta_ROS2_workspace/install/simple_pkg_cpp/lib/simple_pkg_cpp/time_subscriber_class
[1.061s] -- Up-to-date symlink: /home/hansollee/kdta_ROS2_workspace/install/simple_pkg_cpp/lib/simple_pkg_cpp/simple_service_server
[1.061s] -- Up-to-date symlink: /home/hansollee/kdta_ROS2_workspace/install/simple_pkg_cpp/lib/simple_pkg_cpp/simple_service_client
[1.061s] -- Up-to-date symlink: /home/hansollee/kdta_ROS2_workspace/install/simple_pkg_cpp/lib/simple_pkg_cpp/simple_service_client2
[1.061s] -- Up-to-date symlink: /home/hansollee/kdta_ROS2_workspace/install/simple_pkg_cpp/lib/simple_pkg_cpp/simple_action_server
[1.061s] -- Up-to-date symlink: /home/hansollee/kdta_ROS2_workspace/install/simple_pkg_cpp/lib/simple_pkg_cpp/simple_action_client
[1.061s] -- Up-to-date symlink: /home/hansollee/kdta_ROS2_workspace/install/simple_pkg_cpp/share/simple_pkg_cpp/launch/action.launch.py
[1.061s] -- Up-to-date symlink: /home/hansollee/kdta_ROS2_workspace/install/simple_pkg_cpp/share/simple_pkg_cpp/launch/service.launch.py
[1.061s] -- Up-to-date symlink: /home/hansollee/kdta_ROS2_workspace/install/simple_pkg_cpp/share/simple_pkg_cpp/param/service.yaml
[1.062s] -- Up-to-date symlink: /home/hansollee/kdta_ROS2_workspace/install/simple_pkg_cpp/share/ament_index/resource_index/package_run_dependencies/simple_pkg_cpp
[1.063s] -- Up-to-date symlink: /home/hansollee/kdta_ROS2_workspace/install/simple_pkg_cpp/share/ament_index/resource_index/parent_prefix_path/simple_pkg_cpp
[1.063s] -- Up-to-date symlink: /home/hansollee/kdta_ROS2_workspace/install/simple_pkg_cpp/share/simple_pkg_cpp/environment/ament_prefix_path.sh
[1.063s] -- Up-to-date symlink: /home/hansollee/kdta_ROS2_workspace/install/simple_pkg_cpp/share/simple_pkg_cpp/environment/ament_prefix_path.dsv
[1.065s] -- Up-to-date symlink: /home/hansollee/kdta_ROS2_workspace/install/simple_pkg_cpp/share/simple_pkg_cpp/environment/path.sh
[1.065s] -- Up-to-date symlink: /home/hansollee/kdta_ROS2_workspace/install/simple_pkg_cpp/share/simple_pkg_cpp/environment/path.dsv
[1.065s] -- Up-to-date symlink: /home/hansollee/kdta_ROS2_workspace/install/simple_pkg_cpp/share/simple_pkg_cpp/local_setup.bash
[1.065s] -- Up-to-date symlink: /home/hansollee/kdta_ROS2_workspace/install/simple_pkg_cpp/share/simple_pkg_cpp/local_setup.sh
[1.065s] -- Up-to-date symlink: /home/hansollee/kdta_ROS2_workspace/install/simple_pkg_cpp/share/simple_pkg_cpp/local_setup.zsh
[1.066s] -- Up-to-date symlink: /home/hansollee/kdta_ROS2_workspace/install/simple_pkg_cpp/share/simple_pkg_cpp/local_setup.dsv
[1.069s] -- Symlinking: /home/hansollee/kdta_ROS2_workspace/install/simple_pkg_cpp/share/simple_pkg_cpp/package.dsv
[1.089s] -- Up-to-date symlink: /home/hansollee/kdta_ROS2_workspace/install/simple_pkg_cpp/share/ament_index/resource_index/packages/simple_pkg_cpp
[1.089s] -- Up-to-date symlink: /home/hansollee/kdta_ROS2_workspace/install/simple_pkg_cpp/share/simple_pkg_cpp/cmake/simple_pkg_cppConfig.cmake
[1.091s] -- Up-to-date symlink: /home/hansollee/kdta_ROS2_workspace/install/simple_pkg_cpp/share/simple_pkg_cpp/cmake/simple_pkg_cppConfig-version.cmake
[1.091s] -- Up-to-date symlink: /home/hansollee/kdta_ROS2_workspace/install/simple_pkg_cpp/share/simple_pkg_cpp/package.xml
[1.092s] Invoked command in '/home/hansollee/kdta_ROS2_workspace/build/simple_pkg_cpp' returned '0': CMAKE_PREFIX_PATH=${CMAKE_PREFIX_PATH}:/opt/ros/humble /usr/bin/cmake --install /home/hansollee/kdta_ROS2_workspace/build/simple_pkg_cpp
