[0.127s] Invoking command in '/home/hansollee/kdta_ROS2_workspace/build/msg': CMAKE_PREFIX_PATH=${CMAKE_PREFIX_PATH}:/opt/ros/humble /usr/bin/cmake --build /home/hansollee/kdta_ROS2_workspace/build/msg -- -j4 -l4
[0.793s] [ 20%] Built target message_publisher_class
[0.888s] [ 40%] Built target message_time_subscriber_class
[1.266s] [ 60%] Built target time_publisher_class
[1.650s] [ 80%] Built target message2_subscriber_class
[1.809s] [100%] Built target message_subscriber_class
[1.836s] Invoked command in '/home/hansollee/kdta_ROS2_workspace/build/msg' returned '0': CMAKE_PREFIX_PATH=${CMAKE_PREFIX_PATH}:/opt/ros/humble /usr/bin/cmake --build /home/hansollee/kdta_ROS2_workspace/build/msg -- -j4 -l4
[2.309s] Invoking command in '/home/hansollee/kdta_ROS2_workspace/build/msg': CMAKE_PREFIX_PATH=${CMAKE_PREFIX_PATH}:/opt/ros/humble /usr/bin/cmake --install /home/hansollee/kdta_ROS2_workspace/build/msg
[2.331s] -- Install configuration: ""
[2.333s] -- Execute custom install script
[2.335s] -- Up-to-date symlink: /home/hansollee/kdta_ROS2_workspace/install/msg/lib/msg/message_publisher_class
[2.336s] -- Up-to-date symlink: /home/hansollee/kdta_ROS2_workspace/install/msg/lib/msg/message_subscriber_class
[2.336s] -- Up-to-date symlink: /home/hansollee/kdta_ROS2_workspace/install/msg/lib/msg/message2_subscriber_class
[2.343s] -- Up-to-date symlink: /home/hansollee/kdta_ROS2_workspace/install/msg/lib/msg/message_time_subscriber_class
[2.344s] -- Up-to-date symlink: /home/hansollee/kdta_ROS2_workspace/install/msg/lib/msg/time_publisher_class
[2.346s] -- Up-to-date symlink: /home/hansollee/kdta_ROS2_workspace/install/msg/share/msg/launch/tmpubsub.launch.py
[2.350s] -- Up-to-date symlink: /home/hansollee/kdta_ROS2_workspace/install/msg/share/msg/param/turtlesim.yaml
[2.350s] -- Up-to-date symlink: /home/hansollee/kdta_ROS2_workspace/install/msg/share/ament_index/resource_index/package_run_dependencies/msg
[2.352s] -- Up-to-date symlink: /home/hansollee/kdta_ROS2_workspace/install/msg/share/ament_index/resource_index/parent_prefix_path/msg
[2.354s] -- Up-to-date symlink: /home/hansollee/kdta_ROS2_workspace/install/msg/share/msg/environment/ament_prefix_path.sh
[2.355s] -- Up-to-date symlink: /home/hansollee/kdta_ROS2_workspace/install/msg/share/msg/environment/ament_prefix_path.dsv
[2.356s] -- Up-to-date symlink: /home/hansollee/kdta_ROS2_workspace/install/msg/share/msg/environment/path.sh
[2.357s] -- Up-to-date symlink: /home/hansollee/kdta_ROS2_workspace/install/msg/share/msg/environment/path.dsv
[2.359s] -- Up-to-date symlink: /home/hansollee/kdta_ROS2_workspace/install/msg/share/msg/local_setup.bash
[2.361s] -- Up-to-date symlink: /home/hansollee/kdta_ROS2_workspace/install/msg/share/msg/local_setup.sh
[2.365s] -- Up-to-date symlink: /home/hansollee/kdta_ROS2_workspace/install/msg/share/msg/local_setup.zsh
[2.367s] -- Up-to-date symlink: /home/hansollee/kdta_ROS2_workspace/install/msg/share/msg/local_setup.dsv
[2.367s] -- Symlinking: /home/hansollee/kdta_ROS2_workspace/install/msg/share/msg/package.dsv
[2.422s] -- Up-to-date symlink: /home/hansollee/kdta_ROS2_workspace/install/msg/share/ament_index/resource_index/packages/msg
[2.434s] -- Up-to-date symlink: /home/hansollee/kdta_ROS2_workspace/install/msg/share/msg/cmake/msgConfig.cmake
[2.436s] -- Up-to-date symlink: /home/hansollee/kdta_ROS2_workspace/install/msg/share/msg/cmake/msgConfig-version.cmake
[2.443s] -- Up-to-date symlink: /home/hansollee/kdta_ROS2_workspace/install/msg/share/msg/package.xml
[2.457s] Invoked command in '/home/hansollee/kdta_ROS2_workspace/build/msg' returned '0': CMAKE_PREFIX_PATH=${CMAKE_PREFIX_PATH}:/opt/ros/humble /usr/bin/cmake --install /home/hansollee/kdta_ROS2_workspace/build/msg
