[0.077s] Invoking command in '/home/hansollee/kdta_ROS2_workspace/build/moveTSim': CMAKE_PREFIX_PATH=${CMAKE_PREFIX_PATH}:/opt/ros/humble /usr/bin/cmake --build /home/hansollee/kdta_ROS2_workspace/build/moveTSim -- -j4 -l4
[0.990s] [100%] Built target moveTurtleSim
[1.047s] Invoked command in '/home/hansollee/kdta_ROS2_workspace/build/moveTSim' returned '0': CMAKE_PREFIX_PATH=${CMAKE_PREFIX_PATH}:/opt/ros/humble /usr/bin/cmake --build /home/hansollee/kdta_ROS2_workspace/build/moveTSim -- -j4 -l4
[1.393s] Invoking command in '/home/hansollee/kdta_ROS2_workspace/build/moveTSim': CMAKE_PREFIX_PATH=${CMAKE_PREFIX_PATH}:/opt/ros/humble /usr/bin/cmake --install /home/hansollee/kdta_ROS2_workspace/build/moveTSim
[1.448s] -- Install configuration: ""
[1.455s] -- Execute custom install script
[1.474s] -- Up-to-date symlink: /home/hansollee/kdta_ROS2_workspace/install/moveTSim/lib/moveTSim/moveTurtleSim
[1.475s] -- Up-to-date symlink: /home/hansollee/kdta_ROS2_workspace/install/moveTSim/share/ament_index/resource_index/package_run_dependencies/moveTSim
[1.479s] -- Up-to-date symlink: /home/hansollee/kdta_ROS2_workspace/install/moveTSim/share/ament_index/resource_index/parent_prefix_path/moveTSim
[1.488s] -- Up-to-date symlink: /home/hansollee/kdta_ROS2_workspace/install/moveTSim/share/moveTSim/environment/ament_prefix_path.sh
[1.492s] -- Up-to-date symlink: /home/hansollee/kdta_ROS2_workspace/install/moveTSim/share/moveTSim/environment/ament_prefix_path.dsv
[1.493s] -- Up-to-date symlink: /home/hansollee/kdta_ROS2_workspace/install/moveTSim/share/moveTSim/environment/path.sh
[1.494s] -- Up-to-date symlink: /home/hansollee/kdta_ROS2_workspace/install/moveTSim/share/moveTSim/environment/path.dsv
[1.500s] -- Up-to-date symlink: /home/hansollee/kdta_ROS2_workspace/install/moveTSim/share/moveTSim/local_setup.bash
[1.504s] -- Up-to-date symlink: /home/hansollee/kdta_ROS2_workspace/install/moveTSim/share/moveTSim/local_setup.sh
[1.507s] -- Up-to-date symlink: /home/hansollee/kdta_ROS2_workspace/install/moveTSim/share/moveTSim/local_setup.zsh
[1.509s] -- Up-to-date symlink: /home/hansollee/kdta_ROS2_workspace/install/moveTSim/share/moveTSim/local_setup.dsv
[1.509s] -- Symlinking: /home/hansollee/kdta_ROS2_workspace/install/moveTSim/share/moveTSim/package.dsv
[1.545s] -- Up-to-date symlink: /home/hansollee/kdta_ROS2_workspace/install/moveTSim/share/ament_index/resource_index/packages/moveTSim
[1.548s] -- Up-to-date symlink: /home/hansollee/kdta_ROS2_workspace/install/moveTSim/share/moveTSim/cmake/moveTSimConfig.cmake
[1.548s] -- Up-to-date symlink: /home/hansollee/kdta_ROS2_workspace/install/moveTSim/share/moveTSim/cmake/moveTSimConfig-version.cmake
[1.553s] -- Up-to-date symlink: /home/hansollee/kdta_ROS2_workspace/install/moveTSim/share/moveTSim/package.xml
[1.560s] Invoked command in '/home/hansollee/kdta_ROS2_workspace/build/moveTSim' returned '0': CMAKE_PREFIX_PATH=${CMAKE_PREFIX_PATH}:/opt/ros/humble /usr/bin/cmake --install /home/hansollee/kdta_ROS2_workspace/build/moveTSim
