[0.068s] Invoking command in '/home/hansollee/kdta_ROS2_workspace/build/msg': CMAKE_PREFIX_PATH=/opt/ros/humble /usr/bin/cmake /home/hansollee/kdta_ROS2_workspace/src/msg -DAMENT_CMAKE_SYMLINK_INSTALL=1 -DCMAKE_INSTALL_PREFIX=/home/hansollee/kdta_ROS2_workspace/install/msg
[0.401s] -- The C compiler identification is GNU 11.4.0
[0.718s] -- The CXX compiler identification is GNU 11.4.0
[0.767s] -- Detecting C compiler ABI info
[1.310s] -- Detecting C compiler ABI info - done
[1.343s] -- Check for working C compiler: /usr/bin/cc - skipped
[1.348s] -- Detecting C compile features
[1.348s] -- Detecting C compile features - done
[1.367s] -- Detecting CXX compiler ABI info
[1.891s] -- Detecting CXX compiler ABI info - done
[1.924s] -- Check for working CXX compiler: /usr/bin/c++ - skipped
[1.928s] -- Detecting CXX compile features
[1.936s] -- Detecting CXX compile features - done
[1.966s] -- Found ament_cmake: 1.3.9 (/opt/ros/humble/share/ament_cmake/cmake)
[2.788s] -- Found Python3: /usr/bin/python3 (found version "3.10.12") found components: Interpreter 
[3.211s] -- Override CMake install command with custom implementation using symlinks instead of copying resources
[3.343s] -- Found rclcpp: 16.0.9 (/opt/ros/humble/share/rclcpp/cmake)
[3.529s] -- Found rosidl_generator_c: 3.1.5 (/opt/ros/humble/share/rosidl_generator_c/cmake)
[3.545s] -- Found rosidl_adapter: 3.1.5 (/opt/ros/humble/share/rosidl_adapter/cmake)
[3.631s] -- Found rosidl_generator_cpp: 3.1.5 (/opt/ros/humble/share/rosidl_generator_cpp/cmake)
[3.736s] -- Using all available rosidl_typesupport_c: rosidl_typesupport_fastrtps_c;rosidl_typesupport_introspection_c
[3.820s] -- Using all available rosidl_typesupport_cpp: rosidl_typesupport_fastrtps_cpp;rosidl_typesupport_introspection_cpp
[4.235s] -- Found rmw_implementation_cmake: 6.1.2 (/opt/ros/humble/share/rmw_implementation_cmake/cmake)
[4.249s] -- Found rmw_fastrtps_cpp: 6.2.6 (/opt/ros/humble/share/rmw_fastrtps_cpp/cmake)
[5.003s] -- Found OpenSSL: /usr/lib/x86_64-linux-gnu/libcrypto.so (found version "3.0.2")  
[5.297s] -- Found FastRTPS: /opt/ros/humble/include  
[5.660s] -- Using RMW implementation 'rmw_fastrtps_cpp' as default
[5.774s] -- Looking for pthread.h
[6.342s] -- Looking for pthread.h - found
[6.344s] -- Performing Test CMAKE_HAVE_LIBC_PTHREAD
[6.840s] -- Performing Test CMAKE_HAVE_LIBC_PTHREAD - Success
[6.840s] -- Found Threads: TRUE  
[7.799s] -- Found ament_lint_auto: 0.12.11 (/opt/ros/humble/share/ament_lint_auto/cmake)
[8.347s] -- Added test 'cppcheck' to perform static code analysis on C / C++ code
[8.347s] -- Configured cppcheck include dirs: /home/hansollee/kdta_ROS2_workspace/src/msg/include
[8.347s] -- Configured cppcheck exclude dirs and/or files: 
[8.349s] -- Added test 'flake8' to check Python code syntax and style conventions
[8.352s] -- Added test 'lint_cmake' to check CMake code style
[8.359s] -- Added test 'pep257' to check Python code against some of the docstring style conventions in PEP 257
[8.363s] -- Added test 'uncrustify' to check C / C++ code style
[8.364s] -- Configured uncrustify additional arguments: 
[8.367s] -- Added test 'xmllint' to check XML markup files
[8.370s] -- Configuring done
[8.412s] -- Generating done
[8.418s] -- Build files have been written to: /home/hansollee/kdta_ROS2_workspace/build/msg
[8.463s] Invoked command in '/home/hansollee/kdta_ROS2_workspace/build/msg' returned '0': CMAKE_PREFIX_PATH=/opt/ros/humble /usr/bin/cmake /home/hansollee/kdta_ROS2_workspace/src/msg -DAMENT_CMAKE_SYMLINK_INSTALL=1 -DCMAKE_INSTALL_PREFIX=/home/hansollee/kdta_ROS2_workspace/install/msg
[8.465s] Invoking command in '/home/hansollee/kdta_ROS2_workspace/build/msg': CMAKE_PREFIX_PATH=/opt/ros/humble /usr/bin/cmake --build /home/hansollee/kdta_ROS2_workspace/build/msg -- -j4 -l4
[8.848s] [  6%] [32mBuilding CXX object CMakeFiles/message_publisher_class.dir/src/message_publisher_class.cpp.o[0m
[18.319s] [ 13%] [32mBuilding CXX object CMakeFiles/message_publisher_class.dir/src/mpub.cpp.o[0m
[31.033s] [ 20%] [32m[1mLinking CXX executable message_publisher_class[0m
[31.525s] [ 20%] Built target message_publisher_class
[31.597s] [ 26%] [32mBuilding CXX object CMakeFiles/message_time_subscriber_class.dir/src/message_time_subscriber_class.cpp.o[0m
[41.233s] [ 33%] [32mBuilding CXX object CMakeFiles/message_time_subscriber_class.dir/src/mtsub.cpp.o[0m
[71.715s] [ 40%] [32m[1mLinking CXX executable message_time_subscriber_class[0m
[73.167s] [ 40%] Built target message_time_subscriber_class
[73.227s] [ 46%] [32mBuilding CXX object CMakeFiles/time_publisher_class.dir/src/time_publisher_class.cpp.o[0m
[81.482s] [ 53%] [32mBuilding CXX object CMakeFiles/time_publisher_class.dir/src/tpub.cpp.o[0m
[94.110s] [ 60%] [32m[1mLinking CXX executable time_publisher_class[0m
[94.553s] [ 60%] Built target time_publisher_class
[94.605s] [ 66%] [32mBuilding CXX object CMakeFiles/message2_subscriber_class.dir/src/message2_subscriber_class.cpp.o[0m
[102.890s] [ 73%] [32mBuilding CXX object CMakeFiles/message2_subscriber_class.dir/src/m2sub.cpp.o[0m
[129.101s] [ 80%] [32m[1mLinking CXX executable message2_subscriber_class[0m
[130.323s] [ 80%] Built target message2_subscriber_class
[130.382s] [ 86%] [32mBuilding CXX object CMakeFiles/message_subscriber_class.dir/src/msub.cpp.o[0m
[130.384s] [ 93%] [32mBuilding CXX object CMakeFiles/message_subscriber_class.dir/src/message_subscriber_class.cpp.o[0m
[154.171s] [100%] [32m[1mLinking CXX executable message_subscriber_class[0m
[154.949s] [100%] Built target message_subscriber_class
[154.985s] Invoked command in '/home/hansollee/kdta_ROS2_workspace/build/msg' returned '0': CMAKE_PREFIX_PATH=/opt/ros/humble /usr/bin/cmake --build /home/hansollee/kdta_ROS2_workspace/build/msg -- -j4 -l4
[155.232s] Invoking command in '/home/hansollee/kdta_ROS2_workspace/build/msg': CMAKE_PREFIX_PATH=/opt/ros/humble /usr/bin/cmake --install /home/hansollee/kdta_ROS2_workspace/build/msg
[155.249s] -- Install configuration: ""
[155.273s] -- Execute custom install script
[155.301s] -- Symlinking: /home/hansollee/kdta_ROS2_workspace/install/msg/lib/msg/message_publisher_class
[155.334s] -- Symlinking: /home/hansollee/kdta_ROS2_workspace/install/msg/lib/msg/message_subscriber_class
[155.357s] -- Symlinking: /home/hansollee/kdta_ROS2_workspace/install/msg/lib/msg/message2_subscriber_class
[155.383s] -- Symlinking: /home/hansollee/kdta_ROS2_workspace/install/msg/lib/msg/message_time_subscriber_class
[155.402s] -- Symlinking: /home/hansollee/kdta_ROS2_workspace/install/msg/lib/msg/time_publisher_class
[155.428s] -- Symlinking: /home/hansollee/kdta_ROS2_workspace/install/msg/share/msg/launch/tmpubsub.launch.py
[155.453s] -- Symlinking: /home/hansollee/kdta_ROS2_workspace/install/msg/share/msg/param/turtlesim.yaml
[155.500s] -- Symlinking: /home/hansollee/kdta_ROS2_workspace/install/msg/share/ament_index/resource_index/package_run_dependencies/msg
[155.531s] -- Symlinking: /home/hansollee/kdta_ROS2_workspace/install/msg/share/ament_index/resource_index/parent_prefix_path/msg
[155.562s] -- Symlinking: /home/hansollee/kdta_ROS2_workspace/install/msg/share/msg/environment/ament_prefix_path.sh
[155.591s] -- Symlinking: /home/hansollee/kdta_ROS2_workspace/install/msg/share/msg/environment/ament_prefix_path.dsv
[155.615s] -- Symlinking: /home/hansollee/kdta_ROS2_workspace/install/msg/share/msg/environment/path.sh
[155.655s] -- Symlinking: /home/hansollee/kdta_ROS2_workspace/install/msg/share/msg/environment/path.dsv
[155.728s] -- Symlinking: /home/hansollee/kdta_ROS2_workspace/install/msg/share/msg/local_setup.bash
[155.768s] -- Symlinking: /home/hansollee/kdta_ROS2_workspace/install/msg/share/msg/local_setup.sh
[155.795s] -- Symlinking: /home/hansollee/kdta_ROS2_workspace/install/msg/share/msg/local_setup.zsh
[155.824s] -- Symlinking: /home/hansollee/kdta_ROS2_workspace/install/msg/share/msg/local_setup.dsv
[155.845s] -- Symlinking: /home/hansollee/kdta_ROS2_workspace/install/msg/share/msg/package.dsv
[155.868s] -- Symlinking: /home/hansollee/kdta_ROS2_workspace/install/msg/share/ament_index/resource_index/packages/msg
[155.896s] -- Symlinking: /home/hansollee/kdta_ROS2_workspace/install/msg/share/msg/cmake/msgConfig.cmake
[155.922s] -- Symlinking: /home/hansollee/kdta_ROS2_workspace/install/msg/share/msg/cmake/msgConfig-version.cmake
[155.950s] -- Symlinking: /home/hansollee/kdta_ROS2_workspace/install/msg/share/msg/package.xml
[156.008s] Invoked command in '/home/hansollee/kdta_ROS2_workspace/build/msg' returned '0': CMAKE_PREFIX_PATH=/opt/ros/humble /usr/bin/cmake --install /home/hansollee/kdta_ROS2_workspace/build/msg
