[ 11%] [32mBuilding CXX object CMakeFiles/moveTurtleSim2.dir/src/moveTurtleSim2.cpp.o[0m
[ 22%] [32mBuilding CXX object CMakeFiles/moveTurtleSim.dir/src/moveTurtleSim.cpp.o[0m
[01m[K/home/hansollee/kdta_ROS2_workspace/src/move_t_sim/src/moveTurtleSim2.cpp:1:10:[m[K [01;31m[Kfatal error: [m[KmoveTSim/moveTurtle2.hpp: ê·¸ëŸ° íŒŒì¼ì´ë‚˜ ë””ë ‰í„°ë¦¬ê°€ ì—†ìŠµë‹ˆë‹¤
    1 | #include [01;31m[K"moveTSim/moveTurtle2.hpp"[m[K
      |          [01;31m[K^~~~~~~~~~~~~~~~~~~~~~~~~~[m[K
compilation terminated.
gmake[2]: *** [CMakeFiles/moveTurtleSim2.dir/build.make:76: CMakeFiles/moveTurtleSim2.dir/src/moveTurtleSim2.cpp.o] ì˜¤ë¥˜ 1
gmake[1]: *** [CMakeFiles/Makefile2:167: CMakeFiles/moveTurtleSim2.dir/all] ì˜¤ë¥˜ 2
gmake[1]: *** ëë‚˜ì§€ ì•Šì€ ì‘ì—…ì„ ê¸°ë‹¤ë¦¬ê³  ìˆìŠµë‹ˆë‹¤....
[01m[K/home/hansollee/kdta_ROS2_workspace/src/move_t_sim/src/moveTurtleSim.cpp:1:10:[m[K [01;31m[Kfatal error: [m[KmoveTSim/moveTurtle.hpp: ê·¸ëŸ° íŒŒì¼ì´ë‚˜ ë””ë ‰í„°ë¦¬ê°€ ì—†ìŠµë‹ˆë‹¤
    1 | #include [01;31m[K"moveTSim/moveTurtle.hpp"[m[K
      |          [01;31m[K^~~~~~~~~~~~~~~~~~~~~~~~~[m[K
compilation terminated.
gmake[2]: *** [CMakeFiles/moveTurtleSim.dir/build.make:76: CMakeFiles/moveTurtleSim.dir/src/moveTurtleSim.cpp.o] ì˜¤ë¥˜ 1
gmake[2]: *** ëë‚˜ì§€ ì•Šì€ ì‘ì—…ì„ ê¸°ë‹¤ë¦¬ê³  ìˆìŠµë‹ˆë‹¤....
[ 33%] [32mBuilding CXX object CMakeFiles/moveTurtleSim.dir/src/moveTurtle.cpp.o[0m
[01m[K/home/hansollee/kdta_ROS2_workspace/src/move_t_sim/src/moveTurtle.cpp:1:10:[m[K [01;31m[Kfatal error: [m[KmoveTSim/moveTurtle.hpp: ê·¸ëŸ° íŒŒì¼ì´ë‚˜ ë””ë ‰í„°ë¦¬ê°€ ì—†ìŠµë‹ˆë‹¤
    1 | #include [01;31m[K"moveTSim/moveTurtle.hpp"[m[K
      |          [01;31m[K^~~~~~~~~~~~~~~~~~~~~~~~~[m[K
compilation terminated.
gmake[2]: *** [CMakeFiles/moveTurtleSim.dir/build.make:90: CMakeFiles/moveTurtleSim.dir/src/moveTurtle.cpp.o] ì˜¤ë¥˜ 1
gmake[1]: *** [CMakeFiles/Makefile2:141: CMakeFiles/moveTurtleSim.dir/all] ì˜¤ë¥˜ 2
gmake: *** [Makefile:146: all] ì˜¤ë¥˜ 2
