[0.029s] Invoking command in '/home/hansollee/kdta_ROS2_workspace/build/interface_example': CMAKE_PREFIX_PATH=${CMAKE_PREFIX_PATH}:/opt/ros/humble /usr/bin/cmake --build /home/hansollee/kdta_ROS2_workspace/build/interface_example -- -j2 -l2
[0.226s] [  1%] Built target interface_example__cpp
[0.241s] [ 12%] Built target interface_example__rosidl_generator_c
[0.299s] [ 23%] Built target interface_example__rosidl_typesupport_cpp
[0.308s] [ 23%] Built target ament_cmake_python_symlink_interface_example
[0.338s] [ 34%] Built target interface_example__rosidl_typesupport_fastrtps_c
[0.394s] [ 46%] Built target interface_example__rosidl_typesupport_introspection_c
[0.419s] [ 57%] Built target interface_example__rosidl_typesupport_c
[0.442s] [ 68%] Built target interface_example__rosidl_typesupport_fastrtps_cpp
[0.478s] [ 79%] Built target interface_example__rosidl_typesupport_introspection_cpp
[0.493s] [ 79%] Built target interface_example
[0.563s] [ 80%] Built target interface_example__py
[0.685s] [ 90%] Built target interface_example__rosidl_generator_py
[0.736s] [ 93%] Built target interface_example__rosidl_typesupport_fastrtps_c__pyext
[0.785s] [ 96%] Built target interface_example__rosidl_typesupport_introspection_c__pyext
[0.820s] running egg_info
[0.821s] writing interface_example.egg-info/PKG-INFO
[0.821s] writing dependency_links to interface_example.egg-info/dependency_links.txt
[0.821s] writing top-level names to interface_example.egg-info/top_level.txt
[0.830s] reading manifest file 'interface_example.egg-info/SOURCES.txt'
[0.832s] writing manifest file 'interface_example.egg-info/SOURCES.txt'
[0.853s] [100%] Built target interface_example__rosidl_typesupport_c__pyext
[0.860s] [100%] Built target ament_cmake_python_build_interface_example_egg
[0.869s] Invoked command in '/home/hansollee/kdta_ROS2_workspace/build/interface_example' returned '0': CMAKE_PREFIX_PATH=${CMAKE_PREFIX_PATH}:/opt/ros/humble /usr/bin/cmake --build /home/hansollee/kdta_ROS2_workspace/build/interface_example -- -j2 -l2
[0.990s] Invoking command in '/home/hansollee/kdta_ROS2_workspace/build/interface_example': CMAKE_PREFIX_PATH=${CMAKE_PREFIX_PATH}:/opt/ros/humble /usr/bin/cmake --install /home/hansollee/kdta_ROS2_workspace/build/interface_example
[0.997s] -- Install configuration: ""
[0.999s] -- Execute custom install script
[1.000s] -- Up-to-date symlink: /home/hansollee/kdta_ROS2_workspace/install/interface_example/share/ament_index/resource_index/rosidl_interfaces/interface_example
[1.001s] -- Up-to-date symlink: /home/hansollee/kdta_ROS2_workspace/install/interface_example/include/interface_example/interface_example/action/arithmetic_checker.h
[1.001s] -- Up-to-date symlink: /home/hansollee/kdta_ROS2_workspace/install/interface_example/include/interface_example/interface_example/action/detail/arithmetic_checker__functions.h
[1.002s] -- Up-to-date symlink: /home/hansollee/kdta_ROS2_workspace/install/interface_example/include/interface_example/interface_example/action/detail/arithmetic_checker__struct.h
[1.002s] -- Up-to-date symlink: /home/hansollee/kdta_ROS2_workspace/install/interface_example/include/interface_example/interface_example/action/detail/arithmetic_checker__type_support.h
[1.002s] -- Up-to-date symlink: /home/hansollee/kdta_ROS2_workspace/install/interface_example/include/interface_example/interface_example/action/detail/fibonacci__functions.h
[1.003s] -- Up-to-date symlink: /home/hansollee/kdta_ROS2_workspace/install/interface_example/include/interface_example/interface_example/action/detail/fibonacci__struct.h
[1.003s] -- Up-to-date symlink: /home/hansollee/kdta_ROS2_workspace/install/interface_example/include/interface_example/interface_example/action/detail/fibonacci__type_support.h
[1.003s] -- Up-to-date symlink: /home/hansollee/kdta_ROS2_workspace/install/interface_example/include/interface_example/interface_example/action/fibonacci.h
[1.004s] -- Up-to-date symlink: /home/hansollee/kdta_ROS2_workspace/install/interface_example/include/interface_example/interface_example/msg/arithmetic_argument.h
[1.005s] -- Up-to-date symlink: /home/hansollee/kdta_ROS2_workspace/install/interface_example/include/interface_example/interface_example/msg/detail/arithmetic_argument__functions.h
[1.005s] -- Up-to-date symlink: /home/hansollee/kdta_ROS2_workspace/install/interface_example/include/interface_example/interface_example/msg/detail/arithmetic_argument__struct.h
[1.005s] -- Up-to-date symlink: /home/hansollee/kdta_ROS2_workspace/install/interface_example/include/interface_example/interface_example/msg/detail/arithmetic_argument__type_support.h
[1.005s] -- Up-to-date symlink: /home/hansollee/kdta_ROS2_workspace/install/interface_example/include/interface_example/interface_example/msg/rosidl_generator_c__visibility_control.h
[1.006s] -- Up-to-date symlink: /home/hansollee/kdta_ROS2_workspace/install/interface_example/include/interface_example/interface_example/srv/add_two_int.h
[1.006s] -- Up-to-date symlink: /home/hansollee/kdta_ROS2_workspace/install/interface_example/include/interface_example/interface_example/srv/arithmetic_operator.h
[1.008s] -- Up-to-date symlink: /home/hansollee/kdta_ROS2_workspace/install/interface_example/include/interface_example/interface_example/srv/detail/add_two_int__functions.h
[1.008s] -- Up-to-date symlink: /home/hansollee/kdta_ROS2_workspace/install/interface_example/include/interface_example/interface_example/srv/detail/add_two_int__struct.h
[1.008s] -- Up-to-date symlink: /home/hansollee/kdta_ROS2_workspace/install/interface_example/include/interface_example/interface_example/srv/detail/add_two_int__type_support.h
[1.008s] -- Up-to-date symlink: /home/hansollee/kdta_ROS2_workspace/install/interface_example/include/interface_example/interface_example/srv/detail/arithmetic_operator__functions.h
[1.008s] -- Up-to-date symlink: /home/hansollee/kdta_ROS2_workspace/install/interface_example/include/interface_example/interface_example/srv/detail/arithmetic_operator__struct.h
[1.009s] -- Up-to-date symlink: /home/hansollee/kdta_ROS2_workspace/install/interface_example/include/interface_example/interface_example/srv/detail/arithmetic_operator__type_support.h
[1.010s] -- Up-to-date symlink: /home/hansollee/kdta_ROS2_workspace/install/interface_example/share/interface_example/environment/library_path.sh
[1.010s] -- Up-to-date symlink: /home/hansollee/kdta_ROS2_workspace/install/interface_example/share/interface_example/environment/library_path.dsv
[1.010s] -- Up-to-date symlink: /home/hansollee/kdta_ROS2_workspace/install/interface_example/include/interface_example/interface_example/action/detail/arithmetic_checker__rosidl_typesupport_fastrtps_c.h
[1.012s] -- Up-to-date symlink: /home/hansollee/kdta_ROS2_workspace/install/interface_example/include/interface_example/interface_example/action/detail/fibonacci__rosidl_typesupport_fastrtps_c.h
[1.013s] -- Up-to-date symlink: /home/hansollee/kdta_ROS2_workspace/install/interface_example/include/interface_example/interface_example/msg/detail/arithmetic_argument__rosidl_typesupport_fastrtps_c.h
[1.013s] -- Up-to-date symlink: /home/hansollee/kdta_ROS2_workspace/install/interface_example/include/interface_example/interface_example/msg/rosidl_typesupport_fastrtps_c__visibility_control.h
[1.014s] -- Up-to-date symlink: /home/hansollee/kdta_ROS2_workspace/install/interface_example/include/interface_example/interface_example/srv/detail/add_two_int__rosidl_typesupport_fastrtps_c.h
[1.014s] -- Up-to-date symlink: /home/hansollee/kdta_ROS2_workspace/install/interface_example/include/interface_example/interface_example/srv/detail/arithmetic_operator__rosidl_typesupport_fastrtps_c.h
[1.015s] -- Up-to-date symlink: /home/hansollee/kdta_ROS2_workspace/install/interface_example/include/interface_example/interface_example/action/detail/arithmetic_checker__rosidl_typesupport_introspection_c.h
[1.015s] -- Up-to-date symlink: /home/hansollee/kdta_ROS2_workspace/install/interface_example/include/interface_example/interface_example/action/detail/fibonacci__rosidl_typesupport_introspection_c.h
[1.015s] -- Up-to-date symlink: /home/hansollee/kdta_ROS2_workspace/install/interface_example/include/interface_example/interface_example/msg/detail/arithmetic_argument__rosidl_typesupport_introspection_c.h
[1.016s] -- Up-to-date symlink: /home/hansollee/kdta_ROS2_workspace/install/interface_example/include/interface_example/interface_example/msg/rosidl_typesupport_introspection_c__visibility_control.h
[1.016s] -- Up-to-date symlink: /home/hansollee/kdta_ROS2_workspace/install/interface_example/include/interface_example/interface_example/srv/detail/add_two_int__rosidl_typesupport_introspection_c.h
[1.016s] -- Up-to-date symlink: /home/hansollee/kdta_ROS2_workspace/install/interface_example/include/interface_example/interface_example/srv/detail/arithmetic_operator__rosidl_typesupport_introspection_c.h
[1.017s] -- Up-to-date symlink: /home/hansollee/kdta_ROS2_workspace/install/interface_example/include/interface_example/interface_example/action/arithmetic_checker.hpp
[1.018s] -- Up-to-date symlink: /home/hansollee/kdta_ROS2_workspace/install/interface_example/include/interface_example/interface_example/action/detail/arithmetic_checker__builder.hpp
[1.018s] -- Up-to-date symlink: /home/hansollee/kdta_ROS2_workspace/install/interface_example/include/interface_example/interface_example/action/detail/arithmetic_checker__struct.hpp
[1.019s] -- Up-to-date symlink: /home/hansollee/kdta_ROS2_workspace/install/interface_example/include/interface_example/interface_example/action/detail/arithmetic_checker__traits.hpp
[1.019s] -- Up-to-date symlink: /home/hansollee/kdta_ROS2_workspace/install/interface_example/include/interface_example/interface_example/action/detail/fibonacci__builder.hpp
[1.019s] -- Up-to-date symlink: /home/hansollee/kdta_ROS2_workspace/install/interface_example/include/interface_example/interface_example/action/detail/fibonacci__struct.hpp
[1.019s] -- Up-to-date symlink: /home/hansollee/kdta_ROS2_workspace/install/interface_example/include/interface_example/interface_example/action/detail/fibonacci__traits.hpp
[1.020s] -- Up-to-date symlink: /home/hansollee/kdta_ROS2_workspace/install/interface_example/include/interface_example/interface_example/action/fibonacci.hpp
[1.020s] -- Up-to-date symlink: /home/hansollee/kdta_ROS2_workspace/install/interface_example/include/interface_example/interface_example/msg/arithmetic_argument.hpp
[1.020s] -- Up-to-date symlink: /home/hansollee/kdta_ROS2_workspace/install/interface_example/include/interface_example/interface_example/msg/detail/arithmetic_argument__builder.hpp
[1.021s] -- Up-to-date symlink: /home/hansollee/kdta_ROS2_workspace/install/interface_example/include/interface_example/interface_example/msg/detail/arithmetic_argument__struct.hpp
[1.021s] -- Up-to-date symlink: /home/hansollee/kdta_ROS2_workspace/install/interface_example/include/interface_example/interface_example/msg/detail/arithmetic_argument__traits.hpp
[1.021s] -- Up-to-date symlink: /home/hansollee/kdta_ROS2_workspace/install/interface_example/include/interface_example/interface_example/srv/add_two_int.hpp
[1.022s] -- Up-to-date symlink: /home/hansollee/kdta_ROS2_workspace/install/interface_example/include/interface_example/interface_example/srv/arithmetic_operator.hpp
[1.023s] -- Up-to-date symlink: /home/hansollee/kdta_ROS2_workspace/install/interface_example/include/interface_example/interface_example/srv/detail/add_two_int__builder.hpp
[1.023s] -- Up-to-date symlink: /home/hansollee/kdta_ROS2_workspace/install/interface_example/include/interface_example/interface_example/srv/detail/add_two_int__struct.hpp
[1.023s] -- Up-to-date symlink: /home/hansollee/kdta_ROS2_workspace/install/interface_example/include/interface_example/interface_example/srv/detail/add_two_int__traits.hpp
[1.024s] -- Up-to-date symlink: /home/hansollee/kdta_ROS2_workspace/install/interface_example/include/interface_example/interface_example/srv/detail/arithmetic_operator__builder.hpp
[1.024s] -- Up-to-date symlink: /home/hansollee/kdta_ROS2_workspace/install/interface_example/include/interface_example/interface_example/srv/detail/arithmetic_operator__struct.hpp
[1.024s] -- Up-to-date symlink: /home/hansollee/kdta_ROS2_workspace/install/interface_example/include/interface_example/interface_example/srv/detail/arithmetic_operator__traits.hpp
[1.025s] -- Up-to-date symlink: /home/hansollee/kdta_ROS2_workspace/install/interface_example/include/interface_example/interface_example/action/detail/arithmetic_checker__rosidl_typesupport_fastrtps_cpp.hpp
[1.025s] -- Up-to-date symlink: /home/hansollee/kdta_ROS2_workspace/install/interface_example/include/interface_example/interface_example/action/detail/fibonacci__rosidl_typesupport_fastrtps_cpp.hpp
[1.028s] -- Up-to-date symlink: /home/hansollee/kdta_ROS2_workspace/install/interface_example/include/interface_example/interface_example/msg/detail/arithmetic_argument__rosidl_typesupport_fastrtps_cpp.hpp
[1.028s] -- Up-to-date symlink: /home/hansollee/kdta_ROS2_workspace/install/interface_example/include/interface_example/interface_example/msg/rosidl_typesupport_fastrtps_cpp__visibility_control.h
[1.029s] -- Up-to-date symlink: /home/hansollee/kdta_ROS2_workspace/install/interface_example/include/interface_example/interface_example/srv/detail/add_two_int__rosidl_typesupport_fastrtps_cpp.hpp
[1.030s] -- Up-to-date symlink: /home/hansollee/kdta_ROS2_workspace/install/interface_example/include/interface_example/interface_example/srv/detail/arithmetic_operator__rosidl_typesupport_fastrtps_cpp.hpp
[1.030s] -- Up-to-date symlink: /home/hansollee/kdta_ROS2_workspace/install/interface_example/include/interface_example/interface_example/action/detail/arithmetic_checker__rosidl_typesupport_introspection_cpp.hpp
[1.031s] -- Up-to-date symlink: /home/hansollee/kdta_ROS2_workspace/install/interface_example/include/interface_example/interface_example/action/detail/fibonacci__rosidl_typesupport_introspection_cpp.hpp
[1.032s] -- Up-to-date symlink: /home/hansollee/kdta_ROS2_workspace/install/interface_example/include/interface_example/interface_example/msg/detail/arithmetic_argument__rosidl_typesupport_introspection_cpp.hpp
[1.032s] -- Up-to-date symlink: /home/hansollee/kdta_ROS2_workspace/install/interface_example/include/interface_example/interface_example/srv/detail/add_two_int__rosidl_typesupport_introspection_cpp.hpp
[1.032s] -- Up-to-date symlink: /home/hansollee/kdta_ROS2_workspace/install/interface_example/include/interface_example/interface_example/srv/detail/arithmetic_operator__rosidl_typesupport_introspection_cpp.hpp
[1.033s] -- Up-to-date symlink: /home/hansollee/kdta_ROS2_workspace/install/interface_example/share/interface_example/environment/pythonpath.sh
[1.033s] -- Up-to-date symlink: /home/hansollee/kdta_ROS2_workspace/install/interface_example/share/interface_example/environment/pythonpath.dsv
[1.033s] -- Up-to-date symlink: /home/hansollee/kdta_ROS2_workspace/install/interface_example/local/lib/python3.10/dist-packages/interface_example-0.0.0-py3.10.egg-info/PKG-INFO
[1.033s] -- Up-to-date symlink: /home/hansollee/kdta_ROS2_workspace/install/interface_example/local/lib/python3.10/dist-packages/interface_example-0.0.0-py3.10.egg-info/SOURCES.txt
[1.034s] -- Up-to-date symlink: /home/hansollee/kdta_ROS2_workspace/install/interface_example/local/lib/python3.10/dist-packages/interface_example-0.0.0-py3.10.egg-info/dependency_links.txt
[1.034s] -- Up-to-date symlink: /home/hansollee/kdta_ROS2_workspace/install/interface_example/local/lib/python3.10/dist-packages/interface_example-0.0.0-py3.10.egg-info/top_level.txt
[1.035s] -- Up-to-date symlink: /home/hansollee/kdta_ROS2_workspace/install/interface_example/local/lib/python3.10/dist-packages/interface_example/__init__.py
[1.036s] -- Up-to-date symlink: /home/hansollee/kdta_ROS2_workspace/install/interface_example/local/lib/python3.10/dist-packages/interface_example/_interface_example_s.ep.rosidl_typesupport_c.c
[1.036s] -- Up-to-date symlink: /home/hansollee/kdta_ROS2_workspace/install/interface_example/local/lib/python3.10/dist-packages/interface_example/_interface_example_s.ep.rosidl_typesupport_fastrtps_c.c
[1.036s] -- Up-to-date symlink: /home/hansollee/kdta_ROS2_workspace/install/interface_example/local/lib/python3.10/dist-packages/interface_example/_interface_example_s.ep.rosidl_typesupport_introspection_c.c
[1.037s] -- Up-to-date symlink: /home/hansollee/kdta_ROS2_workspace/install/interface_example/local/lib/python3.10/dist-packages/interface_example/action/__init__.py
[1.037s] -- Up-to-date symlink: /home/hansollee/kdta_ROS2_workspace/install/interface_example/local/lib/python3.10/dist-packages/interface_example/action/_arithmetic_checker.py
[1.037s] -- Up-to-date symlink: /home/hansollee/kdta_ROS2_workspace/install/interface_example/local/lib/python3.10/dist-packages/interface_example/action/_arithmetic_checker_s.c
[1.038s] -- Up-to-date symlink: /home/hansollee/kdta_ROS2_workspace/install/interface_example/local/lib/python3.10/dist-packages/interface_example/action/_fibonacci.py
[1.038s] -- Up-to-date symlink: /home/hansollee/kdta_ROS2_workspace/install/interface_example/local/lib/python3.10/dist-packages/interface_example/action/_fibonacci_s.c
[1.038s] -- Up-to-date symlink: /home/hansollee/kdta_ROS2_workspace/install/interface_example/local/lib/python3.10/dist-packages/interface_example/interface_example_s__rosidl_typesupport_c.cpython-310-x86_64-linux-gnu.so
[1.038s] -- Up-to-date symlink: /home/hansollee/kdta_ROS2_workspace/install/interface_example/local/lib/python3.10/dist-packages/interface_example/interface_example_s__rosidl_typesupport_fastrtps_c.cpython-310-x86_64-linux-gnu.so
[1.039s] -- Up-to-date symlink: /home/hansollee/kdta_ROS2_workspace/install/interface_example/local/lib/python3.10/dist-packages/interface_example/interface_example_s__rosidl_typesupport_introspection_c.cpython-310-x86_64-linux-gnu.so
[1.039s] -- Up-to-date symlink: /home/hansollee/kdta_ROS2_workspace/install/interface_example/local/lib/python3.10/dist-packages/interface_example/libinterface_example__rosidl_generator_py.so
[1.040s] -- Up-to-date symlink: /home/hansollee/kdta_ROS2_workspace/install/interface_example/local/lib/python3.10/dist-packages/interface_example/msg/__init__.py
[1.040s] -- Up-to-date symlink: /home/hansollee/kdta_ROS2_workspace/install/interface_example/local/lib/python3.10/dist-packages/interface_example/msg/_arithmetic_argument.py
[1.040s] -- Up-to-date symlink: /home/hansollee/kdta_ROS2_workspace/install/interface_example/local/lib/python3.10/dist-packages/interface_example/msg/_arithmetic_argument_s.c
[1.041s] -- Up-to-date symlink: /home/hansollee/kdta_ROS2_workspace/install/interface_example/local/lib/python3.10/dist-packages/interface_example/srv/__init__.py
[1.041s] -- Up-to-date symlink: /home/hansollee/kdta_ROS2_workspace/install/interface_example/local/lib/python3.10/dist-packages/interface_example/srv/_add_two_int.py
[1.042s] -- Up-to-date symlink: /home/hansollee/kdta_ROS2_workspace/install/interface_example/local/lib/python3.10/dist-packages/interface_example/srv/_add_two_int_s.c
[1.042s] -- Up-to-date symlink: /home/hansollee/kdta_ROS2_workspace/install/interface_example/local/lib/python3.10/dist-packages/interface_example/srv/_arithmetic_operator.py
[1.042s] -- Up-to-date symlink: /home/hansollee/kdta_ROS2_workspace/install/interface_example/local/lib/python3.10/dist-packages/interface_example/srv/_arithmetic_operator_s.c
[1.043s] -- Up-to-date symlink: /home/hansollee/kdta_ROS2_workspace/install/interface_example/local/lib/python3.10/dist-packages/interface_example/interface_example_s__rosidl_typesupport_fastrtps_c.cpython-310-x86_64-linux-gnu.so
[1.044s] -- Up-to-date symlink: /home/hansollee/kdta_ROS2_workspace/install/interface_example/local/lib/python3.10/dist-packages/interface_example/interface_example_s__rosidl_typesupport_introspection_c.cpython-310-x86_64-linux-gnu.so
[1.044s] -- Up-to-date symlink: /home/hansollee/kdta_ROS2_workspace/install/interface_example/local/lib/python3.10/dist-packages/interface_example/interface_example_s__rosidl_typesupport_c.cpython-310-x86_64-linux-gnu.so
[1.045s] -- Up-to-date symlink: /home/hansollee/kdta_ROS2_workspace/install/interface_example/share/interface_example/msg/ArithmeticArgument.idl
[1.046s] -- Up-to-date symlink: /home/hansollee/kdta_ROS2_workspace/install/interface_example/share/interface_example/srv/AddTwoInt.idl
[1.047s] -- Up-to-date symlink: /home/hansollee/kdta_ROS2_workspace/install/interface_example/share/interface_example/srv/ArithmeticOperator.idl
[1.047s] -- Up-to-date symlink: /home/hansollee/kdta_ROS2_workspace/install/interface_example/share/interface_example/action/Fibonacci.idl
[1.048s] -- Up-to-date symlink: /home/hansollee/kdta_ROS2_workspace/install/interface_example/share/interface_example/action/ArithmeticChecker.idl
[1.048s] -- Up-to-date symlink: /home/hansollee/kdta_ROS2_workspace/install/interface_example/share/interface_example/msg/ArithmeticArgument.msg
[1.049s] -- Up-to-date symlink: /home/hansollee/kdta_ROS2_workspace/install/interface_example/share/interface_example/srv/AddTwoInt.srv
[1.049s] -- Up-to-date symlink: /home/hansollee/kdta_ROS2_workspace/install/interface_example/share/interface_example/srv/AddTwoInt_Request.msg
[1.049s] -- Up-to-date symlink: /home/hansollee/kdta_ROS2_workspace/install/interface_example/share/interface_example/srv/AddTwoInt_Response.msg
[1.050s] -- Up-to-date symlink: /home/hansollee/kdta_ROS2_workspace/install/interface_example/share/interface_example/srv/ArithmeticOperator.srv
[1.050s] -- Up-to-date symlink: /home/hansollee/kdta_ROS2_workspace/install/interface_example/share/interface_example/srv/ArithmeticOperator_Request.msg
[1.050s] -- Up-to-date symlink: /home/hansollee/kdta_ROS2_workspace/install/interface_example/share/interface_example/srv/ArithmeticOperator_Response.msg
[1.051s] -- Up-to-date symlink: /home/hansollee/kdta_ROS2_workspace/install/interface_example/share/interface_example/action/Fibonacci.action
[1.051s] -- Up-to-date symlink: /home/hansollee/kdta_ROS2_workspace/install/interface_example/share/interface_example/action/ArithmeticChecker.action
[1.051s] -- Up-to-date symlink: /home/hansollee/kdta_ROS2_workspace/install/interface_example/share/ament_index/resource_index/package_run_dependencies/interface_example
[1.052s] -- Up-to-date symlink: /home/hansollee/kdta_ROS2_workspace/install/interface_example/share/ament_index/resource_index/parent_prefix_path/interface_example
[1.053s] -- Up-to-date symlink: /home/hansollee/kdta_ROS2_workspace/install/interface_example/share/interface_example/environment/ament_prefix_path.sh
[1.053s] -- Up-to-date symlink: /home/hansollee/kdta_ROS2_workspace/install/interface_example/share/interface_example/environment/ament_prefix_path.dsv
[1.053s] -- Up-to-date symlink: /home/hansollee/kdta_ROS2_workspace/install/interface_example/share/interface_example/environment/path.sh
[1.053s] -- Up-to-date symlink: /home/hansollee/kdta_ROS2_workspace/install/interface_example/share/interface_example/environment/path.dsv
[1.054s] -- Up-to-date symlink: /home/hansollee/kdta_ROS2_workspace/install/interface_example/share/interface_example/local_setup.bash
[1.054s] -- Up-to-date symlink: /home/hansollee/kdta_ROS2_workspace/install/interface_example/share/interface_example/local_setup.sh
[1.055s] -- Up-to-date symlink: /home/hansollee/kdta_ROS2_workspace/install/interface_example/share/interface_example/local_setup.zsh
[1.055s] -- Up-to-date symlink: /home/hansollee/kdta_ROS2_workspace/install/interface_example/share/interface_example/local_setup.dsv
[1.055s] -- Symlinking: /home/hansollee/kdta_ROS2_workspace/install/interface_example/share/interface_example/package.dsv
[1.065s] -- Up-to-date symlink: /home/hansollee/kdta_ROS2_workspace/install/interface_example/share/ament_index/resource_index/packages/interface_example
[1.066s] -- Up-to-date symlink: /home/hansollee/kdta_ROS2_workspace/install/interface_example/share/interface_example/cmake/rosidl_cmake-extras.cmake
[1.066s] -- Up-to-date symlink: /home/hansollee/kdta_ROS2_workspace/install/interface_example/share/interface_example/cmake/ament_cmake_export_dependencies-extras.cmake
[1.066s] -- Up-to-date symlink: /home/hansollee/kdta_ROS2_workspace/install/interface_example/share/interface_example/cmake/ament_cmake_export_include_directories-extras.cmake
[1.067s] -- Up-to-date symlink: /home/hansollee/kdta_ROS2_workspace/install/interface_example/share/interface_example/cmake/ament_cmake_export_libraries-extras.cmake
[1.067s] -- Up-to-date symlink: /home/hansollee/kdta_ROS2_workspace/install/interface_example/share/interface_example/cmake/ament_cmake_export_targets-extras.cmake
[1.067s] -- Up-to-date symlink: /home/hansollee/kdta_ROS2_workspace/install/interface_example/share/interface_example/cmake/rosidl_cmake_export_typesupport_targets-extras.cmake
[1.068s] -- Up-to-date symlink: /home/hansollee/kdta_ROS2_workspace/install/interface_example/share/interface_example/cmake/rosidl_cmake_export_typesupport_libraries-extras.cmake
[1.068s] -- Up-to-date symlink: /home/hansollee/kdta_ROS2_workspace/install/interface_example/share/interface_example/cmake/interface_exampleConfig.cmake
[1.069s] -- Up-to-date symlink: /home/hansollee/kdta_ROS2_workspace/install/interface_example/share/interface_example/cmake/interface_exampleConfig-version.cmake
[1.069s] -- Up-to-date symlink: /home/hansollee/kdta_ROS2_workspace/install/interface_example/share/interface_example/package.xml
[1.070s] -- Up-to-date: /home/hansollee/kdta_ROS2_workspace/install/interface_example/lib/libinterface_example__rosidl_generator_c.so
[1.073s] -- Up-to-date: /home/hansollee/kdta_ROS2_workspace/install/interface_example/lib/libinterface_example__rosidl_typesupport_fastrtps_c.so
[1.073s] -- Up-to-date: /home/hansollee/kdta_ROS2_workspace/install/interface_example/lib/libinterface_example__rosidl_typesupport_introspection_c.so
[1.073s] -- Up-to-date: /home/hansollee/kdta_ROS2_workspace/install/interface_example/lib/libinterface_example__rosidl_typesupport_c.so
[1.074s] -- Up-to-date: /home/hansollee/kdta_ROS2_workspace/install/interface_example/lib/libinterface_example__rosidl_typesupport_fastrtps_cpp.so
[1.075s] -- Up-to-date: /home/hansollee/kdta_ROS2_workspace/install/interface_example/lib/libinterface_example__rosidl_typesupport_introspection_cpp.so
[1.076s] -- Up-to-date: /home/hansollee/kdta_ROS2_workspace/install/interface_example/lib/libinterface_example__rosidl_typesupport_cpp.so
[1.125s] Listing '/home/hansollee/kdta_ROS2_workspace/install/interface_example/local/lib/python3.10/dist-packages/interface_example'...
[1.125s] Listing '/home/hansollee/kdta_ROS2_workspace/install/interface_example/local/lib/python3.10/dist-packages/interface_example/action'...
[1.125s] Listing '/home/hansollee/kdta_ROS2_workspace/install/interface_example/local/lib/python3.10/dist-packages/interface_example/msg'...
[1.125s] Listing '/home/hansollee/kdta_ROS2_workspace/install/interface_example/local/lib/python3.10/dist-packages/interface_example/srv'...
[1.126s] -- Up-to-date: /home/hansollee/kdta_ROS2_workspace/install/interface_example/lib/libinterface_example__rosidl_generator_py.so
[1.129s] -- Up-to-date: /home/hansollee/kdta_ROS2_workspace/install/interface_example/share/interface_example/cmake/export_interface_example__rosidl_generator_cExport.cmake
[1.129s] -- Up-to-date: /home/hansollee/kdta_ROS2_workspace/install/interface_example/share/interface_example/cmake/export_interface_example__rosidl_generator_cExport-noconfig.cmake
[1.129s] -- Up-to-date: /home/hansollee/kdta_ROS2_workspace/install/interface_example/share/interface_example/cmake/export_interface_example__rosidl_typesupport_fastrtps_cExport.cmake
[1.130s] -- Up-to-date: /home/hansollee/kdta_ROS2_workspace/install/interface_example/share/interface_example/cmake/export_interface_example__rosidl_typesupport_fastrtps_cExport-noconfig.cmake
[1.130s] -- Up-to-date: /home/hansollee/kdta_ROS2_workspace/install/interface_example/share/interface_example/cmake/interface_example__rosidl_typesupport_introspection_cExport.cmake
[1.130s] -- Up-to-date: /home/hansollee/kdta_ROS2_workspace/install/interface_example/share/interface_example/cmake/interface_example__rosidl_typesupport_introspection_cExport-noconfig.cmake
[1.131s] -- Up-to-date: /home/hansollee/kdta_ROS2_workspace/install/interface_example/share/interface_example/cmake/interface_example__rosidl_typesupport_cExport.cmake
[1.131s] -- Up-to-date: /home/hansollee/kdta_ROS2_workspace/install/interface_example/share/interface_example/cmake/interface_example__rosidl_typesupport_cExport-noconfig.cmake
[1.132s] -- Up-to-date: /home/hansollee/kdta_ROS2_workspace/install/interface_example/share/interface_example/cmake/export_interface_example__rosidl_generator_cppExport.cmake
[1.132s] -- Up-to-date: /home/hansollee/kdta_ROS2_workspace/install/interface_example/share/interface_example/cmake/export_interface_example__rosidl_typesupport_fastrtps_cppExport.cmake
[1.133s] -- Up-to-date: /home/hansollee/kdta_ROS2_workspace/install/interface_example/share/interface_example/cmake/export_interface_example__rosidl_typesupport_fastrtps_cppExport-noconfig.cmake
[1.133s] -- Up-to-date: /home/hansollee/kdta_ROS2_workspace/install/interface_example/share/interface_example/cmake/interface_example__rosidl_typesupport_introspection_cppExport.cmake
[1.133s] -- Up-to-date: /home/hansollee/kdta_ROS2_workspace/install/interface_example/share/interface_example/cmake/interface_example__rosidl_typesupport_introspection_cppExport-noconfig.cmake
[1.134s] -- Up-to-date: /home/hansollee/kdta_ROS2_workspace/install/interface_example/share/interface_example/cmake/interface_example__rosidl_typesupport_cppExport.cmake
[1.134s] -- Up-to-date: /home/hansollee/kdta_ROS2_workspace/install/interface_example/share/interface_example/cmake/interface_example__rosidl_typesupport_cppExport-noconfig.cmake
[1.134s] -- Up-to-date: /home/hansollee/kdta_ROS2_workspace/install/interface_example/share/interface_example/cmake/export_interface_example__rosidl_generator_pyExport.cmake
[1.135s] -- Up-to-date: /home/hansollee/kdta_ROS2_workspace/install/interface_example/share/interface_example/cmake/export_interface_example__rosidl_generator_pyExport-noconfig.cmake
[1.139s] Invoked command in '/home/hansollee/kdta_ROS2_workspace/build/interface_example' returned '0': CMAKE_PREFIX_PATH=${CMAKE_PREFIX_PATH}:/opt/ros/humble /usr/bin/cmake --install /home/hansollee/kdta_ROS2_workspace/build/interface_example
