-- Found ament_cmake: 1.3.9 (/opt/ros/humble/share/ament_cmake/cmake)
-- Override CMake install command with custom implementation using symlinks instead of copying resources
-- Found rclcpp: 16.0.9 (/opt/ros/humble/share/rclcpp/cmake)
-- Found rosidl_generator_c: 3.1.5 (/opt/ros/humble/share/rosidl_generator_c/cmake)
-- Found rosidl_adapter: 3.1.5 (/opt/ros/humble/share/rosidl_adapter/cmake)
-- Found rosidl_generator_cpp: 3.1.5 (/opt/ros/humble/share/rosidl_generator_cpp/cmake)
-- Using all available rosidl_typesupport_c: rosidl_typesupport_fastrtps_c;rosidl_typesupport_introspection_c
-- Using all available rosidl_typesupport_cpp: rosidl_typesupport_fastrtps_cpp;rosidl_typesupport_introspection_cpp
-- Found rmw_implementation_cmake: 6.1.2 (/opt/ros/humble/share/rmw_implementation_cmake/cmake)
-- Found rmw_fastrtps_cpp: 6.2.6 (/opt/ros/humble/share/rmw_fastrtps_cpp/cmake)
-- Using RMW implementation 'rmw_fastrtps_cpp' as default
-- Found geometry_msgs: 4.2.4 (/opt/ros/humble/share/geometry_msgs/cmake)
-- Found nav_msgs: 4.2.4 (/opt/ros/humble/share/nav_msgs/cmake)
-- Found turtlesim: 1.4.2 (/opt/ros/humble/share/turtlesim/cmake)
-- Found tf2: 0.25.7 (/opt/ros/humble/share/tf2/cmake)
-- Found rclcpp_action: 16.0.9 (/opt/ros/humble/share/rclcpp_action/cmake)
-- Found ament_lint_auto: 0.12.11 (/opt/ros/humble/share/ament_lint_auto/cmake)
-- Added test 'cppcheck' to perform static code analysis on C / C++ code
-- Configured cppcheck include dirs: /home/hansollee/kdta_ROS2_workspace/src/move_t_sim/include
-- Configured cppcheck exclude dirs and/or files: 
-- Added test 'lint_cmake' to check CMake code style
-- Added test 'uncrustify' to check C / C++ code style
-- Configured uncrustify additional arguments: 
-- Added test 'xmllint' to check XML markup files
-- Configuring done
-- Generating done
-- Build files have been written to: /home/hansollee/kdta_ROS2_workspace/build/move_t_sim
[35m[1mConsolidate compiler generated dependencies of target moveTurtleBot[0m
[35m[1mConsolidate compiler generated dependencies of target moveTurtleSim[0m
[ 27%] Built target moveTurtleSim
[ 54%] Built target moveTurtleBot
[35m[1mConsolidate compiler generated dependencies of target moveTurtleBot2[0m
[ 81%] Built target moveTurtleBot2
[ 90%] [32mBuilding CXX object CMakeFiles/rotate_turtle.dir/src/rotate_turtle.cpp.o[0m
[01m[K/home/hansollee/kdta_ROS2_workspace/src/move_t_sim/src/rotate_turtle.cpp:[m[K In member function ‘[01m[Kvoid RotateTurtle::feedback_callback(rclcpp_action::ClientGoalHandle<turtlesim::action::RotateAbsolute>::SharedPtr, std::shared_ptr<const turtlesim::action::RotateAbsolute_Feedback_<std::allocator<void> > >)[m[K’:
[01m[K/home/hansollee/kdta_ROS2_workspace/src/move_t_sim/src/rotate_turtle.cpp:65:63:[m[K [01;35m[Kwarning: [m[Kunused parameter ‘[01m[Kfeedback[m[K’ [[01;35m[K]8;;https://gcc.gnu.org/onlinedocs/gcc/Warning-Options.html#index-Wunused-parameter-Wunused-parameter]8;;[m[K]
   65 |         [01;35m[Kconst std::shared_ptr<const RotateAbsoulte::Feedback> feedback[m[K)
      |         [01;35m[K~~~~~~~~~~~~~~~~~~~~~~~~~~~~~~~~~~~~~~~~~~~~~~~~~~~~~~^~~~~~~~[m[K
[01m[K/home/hansollee/kdta_ROS2_workspace/src/move_t_sim/src/rotate_turtle.cpp:[m[K In member function ‘[01m[Kvoid RotateTurtle::result_callback(const rclcpp_action::ClientGoalHandle<turtlesim::action::RotateAbsolute>::WrappedResult&)[m[K’:
[01m[K/home/hansollee/kdta_ROS2_workspace/src/move_t_sim/src/rotate_turtle.cpp:88:43:[m[K [01;31m[Kerror: [m[K‘[01m[Kusing element_type = struct turtlesim::action::RotateAbsolute_Result_<std::allocator<void> >[m[K’ {aka ‘[01m[Kstruct turtlesim::action::RotateAbsolute_Result_<std::allocator<void> >[m[K’} has no member named ‘[01m[Ksequence[m[K’
   88 |         for (auto number : result.result->[01;31m[Ksequence[m[K)
      |                                           [01;31m[K^~~~~~~~[m[K
gmake[2]: *** [CMakeFiles/rotate_turtle.dir/build.make:76: CMakeFiles/rotate_turtle.dir/src/rotate_turtle.cpp.o] 오류 1
gmake[1]: *** [CMakeFiles/Makefile2:221: CMakeFiles/rotate_turtle.dir/all] 오류 2
gmake: *** [Makefile:146: all] 오류 2
