[0.010s] Invoking command in '/home/hansollee/kdta_ROS2_workspace/build/msg': CMAKE_PREFIX_PATH=${CMAKE_PREFIX_PATH}:/opt/ros/humble /usr/bin/cmake --build /home/hansollee/kdta_ROS2_workspace/build/msg -- -j2 -l2
[0.106s] [ 20%] Built target message_publisher_class
[0.134s] [ 40%] Built target message_subscriber_class
[0.202s] [ 60%] Built target message2_subscriber_class
[0.238s] [ 80%] Built target message_time_subscriber_class
[0.269s] [100%] Built target time_publisher_class
[0.283s] Invoked command in '/home/hansollee/kdta_ROS2_workspace/build/msg' returned '0': CMAKE_PREFIX_PATH=${CMAKE_PREFIX_PATH}:/opt/ros/humble /usr/bin/cmake --build /home/hansollee/kdta_ROS2_workspace/build/msg -- -j2 -l2
[0.342s] Invoking command in '/home/hansollee/kdta_ROS2_workspace/build/msg': CMAKE_PREFIX_PATH=${CMAKE_PREFIX_PATH}:/opt/ros/humble /usr/bin/cmake --install /home/hansollee/kdta_ROS2_workspace/build/msg
[0.352s] -- Install configuration: ""
[0.354s] -- Execute custom install script
[0.354s] -- Up-to-date symlink: /home/hansollee/kdta_ROS2_workspace/install/msg/lib/msg/message_publisher_class
[0.354s] -- Up-to-date symlink: /home/hansollee/kdta_ROS2_workspace/install/msg/lib/msg/message_subscriber_class
[0.355s] -- Up-to-date symlink: /home/hansollee/kdta_ROS2_workspace/install/msg/lib/msg/message2_subscriber_class
[0.356s] -- Up-to-date symlink: /home/hansollee/kdta_ROS2_workspace/install/msg/lib/msg/message_time_subscriber_class
[0.356s] -- Up-to-date symlink: /home/hansollee/kdta_ROS2_workspace/install/msg/lib/msg/time_publisher_class
[0.357s] -- Up-to-date symlink: /home/hansollee/kdta_ROS2_workspace/install/msg/share/msg/launch/tmpubsub.launch.py
[0.358s] -- Up-to-date symlink: /home/hansollee/kdta_ROS2_workspace/install/msg/share/msg/param/turtlesim.yaml
[0.359s] -- Up-to-date symlink: /home/hansollee/kdta_ROS2_workspace/install/msg/share/ament_index/resource_index/package_run_dependencies/msg
[0.359s] -- Up-to-date symlink: /home/hansollee/kdta_ROS2_workspace/install/msg/share/ament_index/resource_index/parent_prefix_path/msg
[0.360s] -- Up-to-date symlink: /home/hansollee/kdta_ROS2_workspace/install/msg/share/msg/environment/ament_prefix_path.sh
[0.361s] -- Up-to-date symlink: /home/hansollee/kdta_ROS2_workspace/install/msg/share/msg/environment/ament_prefix_path.dsv
[0.361s] -- Up-to-date symlink: /home/hansollee/kdta_ROS2_workspace/install/msg/share/msg/environment/path.sh
[0.362s] -- Up-to-date symlink: /home/hansollee/kdta_ROS2_workspace/install/msg/share/msg/environment/path.dsv
[0.372s] -- Up-to-date symlink: /home/hansollee/kdta_ROS2_workspace/install/msg/share/msg/local_setup.bash
[0.372s] -- Up-to-date symlink: /home/hansollee/kdta_ROS2_workspace/install/msg/share/msg/local_setup.sh
[0.372s] -- Up-to-date symlink: /home/hansollee/kdta_ROS2_workspace/install/msg/share/msg/local_setup.zsh
[0.372s] -- Up-to-date symlink: /home/hansollee/kdta_ROS2_workspace/install/msg/share/msg/local_setup.dsv
[0.372s] -- Symlinking: /home/hansollee/kdta_ROS2_workspace/install/msg/share/msg/package.dsv
[0.383s] -- Up-to-date symlink: /home/hansollee/kdta_ROS2_workspace/install/msg/share/ament_index/resource_index/packages/msg
[0.383s] -- Up-to-date symlink: /home/hansollee/kdta_ROS2_workspace/install/msg/share/msg/cmake/msgConfig.cmake
[0.383s] -- Up-to-date symlink: /home/hansollee/kdta_ROS2_workspace/install/msg/share/msg/cmake/msgConfig-version.cmake
[0.383s] -- Up-to-date symlink: /home/hansollee/kdta_ROS2_workspace/install/msg/share/msg/package.xml
[0.385s] Invoked command in '/home/hansollee/kdta_ROS2_workspace/build/msg' returned '0': CMAKE_PREFIX_PATH=${CMAKE_PREFIX_PATH}:/opt/ros/humble /usr/bin/cmake --install /home/hansollee/kdta_ROS2_workspace/build/msg
