[0.028s] Invoking command in '/home/hansollee/kdta_ROS2_workspace/build/msg': CMAKE_PREFIX_PATH=${CMAKE_PREFIX_PATH}:/opt/ros/humble /usr/bin/cmake /home/hansollee/kdta_ROS2_workspace/src/msg -DAMENT_CMAKE_SYMLINK_INSTALL=1 -DCMAKE_INSTALL_PREFIX=/home/hansollee/kdta_ROS2_workspace/install/msg
[0.168s] -- The C compiler identification is GNU 11.4.0
[0.259s] -- The CXX compiler identification is GNU 11.4.0
[0.271s] -- Detecting C compiler ABI info
[0.463s] -- Detecting C compiler ABI info - done
[0.464s] -- Check for working C compiler: /usr/bin/cc - skipped
[0.465s] -- Detecting C compile features
[0.465s] -- Detecting C compile features - done
[0.467s] -- Detecting CXX compiler ABI info
[0.675s] -- Detecting CXX compiler ABI info - done
[0.676s] -- Check for working CXX compiler: /usr/bin/c++ - skipped
[0.676s] -- Detecting CXX compile features
[0.676s] -- Detecting CXX compile features - done
[0.684s] -- Found ament_cmake: 1.3.9 (/opt/ros/humble/share/ament_cmake/cmake)
[0.967s] -- Found Python3: /usr/bin/python3 (found version "3.10.12") found components: Interpreter 
[1.059s] -- Override CMake install command with custom implementation using symlinks instead of copying resources
[1.075s] -- Found rclcpp: 16.0.9 (/opt/ros/humble/share/rclcpp/cmake)
[1.104s] -- Found rosidl_generator_c: 3.1.5 (/opt/ros/humble/share/rosidl_generator_c/cmake)
[1.107s] -- Found rosidl_adapter: 3.1.5 (/opt/ros/humble/share/rosidl_adapter/cmake)
[1.112s] -- Found rosidl_generator_cpp: 3.1.5 (/opt/ros/humble/share/rosidl_generator_cpp/cmake)
[1.122s] -- Using all available rosidl_typesupport_c: rosidl_typesupport_fastrtps_c;rosidl_typesupport_introspection_c
[1.134s] -- Using all available rosidl_typesupport_cpp: rosidl_typesupport_fastrtps_cpp;rosidl_typesupport_introspection_cpp
[1.194s] -- Found rmw_implementation_cmake: 6.1.2 (/opt/ros/humble/share/rmw_implementation_cmake/cmake)
[1.201s] -- Found rmw_fastrtps_cpp: 6.2.6 (/opt/ros/humble/share/rmw_fastrtps_cpp/cmake)
[1.297s] -- Found OpenSSL: /usr/lib/x86_64-linux-gnu/libcrypto.so (found version "3.0.2")  
[1.316s] -- Found FastRTPS: /opt/ros/humble/include  
[1.348s] -- Using RMW implementation 'rmw_fastrtps_cpp' as default
[1.354s] -- Looking for pthread.h
[1.410s] -- Looking for pthread.h - found
[1.410s] -- Performing Test CMAKE_HAVE_LIBC_PTHREAD
[1.458s] -- Performing Test CMAKE_HAVE_LIBC_PTHREAD - Success
[1.459s] -- Found Threads: TRUE  
[1.592s] -- Found ament_lint_auto: 0.12.11 (/opt/ros/humble/share/ament_lint_auto/cmake)
[1.711s] -- Added test 'cppcheck' to perform static code analysis on C / C++ code
[1.711s] -- Configured cppcheck include dirs: /home/hansollee/kdta_ROS2_workspace/src/msg/include
[1.711s] -- Configured cppcheck exclude dirs and/or files: 
[1.712s] -- Added test 'flake8' to check Python code syntax and style conventions
[1.712s] -- Added test 'lint_cmake' to check CMake code style
[1.713s] -- Added test 'pep257' to check Python code against some of the docstring style conventions in PEP 257
[1.714s] -- Added test 'uncrustify' to check C / C++ code style
[1.715s] -- Configured uncrustify additional arguments: 
[1.715s] -- Added test 'xmllint' to check XML markup files
[1.716s] -- Configuring done
[1.744s] -- Generating done
[1.745s] -- Build files have been written to: /home/hansollee/kdta_ROS2_workspace/build/msg
[1.758s] Invoked command in '/home/hansollee/kdta_ROS2_workspace/build/msg' returned '0': CMAKE_PREFIX_PATH=${CMAKE_PREFIX_PATH}:/opt/ros/humble /usr/bin/cmake /home/hansollee/kdta_ROS2_workspace/src/msg -DAMENT_CMAKE_SYMLINK_INSTALL=1 -DCMAKE_INSTALL_PREFIX=/home/hansollee/kdta_ROS2_workspace/install/msg
[1.767s] Invoking command in '/home/hansollee/kdta_ROS2_workspace/build/msg': CMAKE_PREFIX_PATH=${CMAKE_PREFIX_PATH}:/opt/ros/humble /usr/bin/cmake --build /home/hansollee/kdta_ROS2_workspace/build/msg -- -j2 -l2
[1.893s] [  6%] [32mBuilding CXX object CMakeFiles/message_subscriber_class.dir/src/message_subscriber_class.cpp.o[0m
[1.894s] [ 13%] [32mBuilding CXX object CMakeFiles/message_publisher_class.dir/src/message_publisher_class.cpp.o[0m
[6.158s] [ 20%] [32mBuilding CXX object CMakeFiles/message_subscriber_class.dir/src/msub.cpp.o[0m
[6.184s] [ 26%] [32mBuilding CXX object CMakeFiles/message_publisher_class.dir/src/mpub.cpp.o[0m
[12.501s] [ 33%] [32m[1mLinking CXX executable message_publisher_class[0m
[12.952s] [ 33%] Built target message_publisher_class
[13.020s] [ 40%] [32mBuilding CXX object CMakeFiles/message2_subscriber_class.dir/src/message2_subscriber_class.cpp.o[0m
[18.369s] [ 46%] [32mBuilding CXX object CMakeFiles/message2_subscriber_class.dir/src/m2sub.cpp.o[0m
[19.437s] [ 53%] [32m[1mLinking CXX executable message_subscriber_class[0m
[20.048s] [ 53%] Built target message_subscriber_class
[20.134s] [ 60%] [32mBuilding CXX object CMakeFiles/message_time_subscriber_class.dir/src/message_time_subscriber_class.cpp.o[0m
[24.265s] [ 66%] [32mBuilding CXX object CMakeFiles/message_time_subscriber_class.dir/src/mtsub.cpp.o[0m
[28.472s] [ 73%] [32m[1mLinking CXX executable message2_subscriber_class[0m
[28.747s] [ 73%] Built target message2_subscriber_class
[33.877s] [ 80%] [32m[1mLinking CXX executable message_time_subscriber_class[0m
[34.244s] [ 80%] Built target message_time_subscriber_class
[34.261s] [ 86%] [32mBuilding CXX object CMakeFiles/time_publisher_class.dir/src/time_publisher_class.cpp.o[0m
[36.460s] [ 93%] [32mBuilding CXX object CMakeFiles/time_publisher_class.dir/src/tpub.cpp.o[0m
[39.604s] [100%] [32m[1mLinking CXX executable time_publisher_class[0m
[39.733s] [100%] Built target time_publisher_class
[39.741s] Invoked command in '/home/hansollee/kdta_ROS2_workspace/build/msg' returned '0': CMAKE_PREFIX_PATH=${CMAKE_PREFIX_PATH}:/opt/ros/humble /usr/bin/cmake --build /home/hansollee/kdta_ROS2_workspace/build/msg -- -j2 -l2
[39.777s] Invoking command in '/home/hansollee/kdta_ROS2_workspace/build/msg': CMAKE_PREFIX_PATH=${CMAKE_PREFIX_PATH}:/opt/ros/humble /usr/bin/cmake --install /home/hansollee/kdta_ROS2_workspace/build/msg
[39.782s] -- Install configuration: ""
[39.783s] -- Execute custom install script
[39.783s] -- Symlinking: /home/hansollee/kdta_ROS2_workspace/install/msg/lib/msg/message_publisher_class
[39.790s] -- Symlinking: /home/hansollee/kdta_ROS2_workspace/install/msg/lib/msg/message_subscriber_class
[39.797s] -- Symlinking: /home/hansollee/kdta_ROS2_workspace/install/msg/lib/msg/message2_subscriber_class
[39.803s] -- Symlinking: /home/hansollee/kdta_ROS2_workspace/install/msg/lib/msg/message_time_subscriber_class
[39.809s] -- Symlinking: /home/hansollee/kdta_ROS2_workspace/install/msg/lib/msg/time_publisher_class
[39.816s] -- Symlinking: /home/hansollee/kdta_ROS2_workspace/install/msg/share/msg/launch/tmpubsub.launch.py
[39.823s] -- Symlinking: /home/hansollee/kdta_ROS2_workspace/install/msg/share/msg/param/turtlesim.yaml
[39.830s] -- Symlinking: /home/hansollee/kdta_ROS2_workspace/install/msg/share/ament_index/resource_index/package_run_dependencies/msg
[39.837s] -- Symlinking: /home/hansollee/kdta_ROS2_workspace/install/msg/share/ament_index/resource_index/parent_prefix_path/msg
[39.843s] -- Symlinking: /home/hansollee/kdta_ROS2_workspace/install/msg/share/msg/environment/ament_prefix_path.sh
[39.849s] -- Symlinking: /home/hansollee/kdta_ROS2_workspace/install/msg/share/msg/environment/ament_prefix_path.dsv
[39.855s] -- Symlinking: /home/hansollee/kdta_ROS2_workspace/install/msg/share/msg/environment/path.sh
[39.860s] -- Symlinking: /home/hansollee/kdta_ROS2_workspace/install/msg/share/msg/environment/path.dsv
[39.866s] -- Symlinking: /home/hansollee/kdta_ROS2_workspace/install/msg/share/msg/local_setup.bash
[39.872s] -- Symlinking: /home/hansollee/kdta_ROS2_workspace/install/msg/share/msg/local_setup.sh
[39.877s] -- Symlinking: /home/hansollee/kdta_ROS2_workspace/install/msg/share/msg/local_setup.zsh
[39.883s] -- Symlinking: /home/hansollee/kdta_ROS2_workspace/install/msg/share/msg/local_setup.dsv
[39.889s] -- Symlinking: /home/hansollee/kdta_ROS2_workspace/install/msg/share/msg/package.dsv
[39.895s] -- Symlinking: /home/hansollee/kdta_ROS2_workspace/install/msg/share/ament_index/resource_index/packages/msg
[39.901s] -- Symlinking: /home/hansollee/kdta_ROS2_workspace/install/msg/share/msg/cmake/msgConfig.cmake
[39.907s] -- Symlinking: /home/hansollee/kdta_ROS2_workspace/install/msg/share/msg/cmake/msgConfig-version.cmake
[39.912s] -- Symlinking: /home/hansollee/kdta_ROS2_workspace/install/msg/share/msg/package.xml
[39.919s] Invoked command in '/home/hansollee/kdta_ROS2_workspace/build/msg' returned '0': CMAKE_PREFIX_PATH=${CMAKE_PREFIX_PATH}:/opt/ros/humble /usr/bin/cmake --install /home/hansollee/kdta_ROS2_workspace/build/msg
