[0.050s] Invoking command in '/home/hansollee/kdta_ROS2_workspace/build/arithmetic': CMAKE_PREFIX_PATH=/home/hansollee/kdta_ROS2_workspace/install/interface_example:/home/hansollee/kdta_ROS2_workspace/install/turtlebot3_simulations:/home/hansollee/kdta_ROS2_workspace/install/turtlebot3_gazebo:/home/hansollee/kdta_ROS2_workspace/install/turtlebot3_fake_node:/home/hansollee/kdta_ROS2_workspace/install/simple_pkg_cpp:/home/hansollee/kdta_ROS2_workspace/install/msg:/home/hansollee/kdta_ROS2_workspace/install/move_t_sim:/home/hansollee/kdta_ROS2_workspace/install/arithmetic:/opt/ros/humble LD_LIBRARY_PATH=/home/hansollee/kdta_ROS2_workspace/install/interface_example/lib:/usr/lib/x86_64-linux-gnu/gazebo-11/plugins:/opt/ros/humble/opt/rviz_ogre_vendor/lib:/opt/ros/humble/lib/x86_64-linux-gnu:/opt/ros/humble/lib:/usr/lib/x86_64-linux-gnu/gazebo-11/plugins /usr/bin/cmake --build /home/hansollee/kdta_ROS2_workspace/build/arithmetic -- -j2 -l2
[0.270s] [ 30%] Built target calculator
[0.379s] [ 50%] Built target argument
[0.498s] [ 70%] Built target operator
[0.609s] [100%] Built target checker
[0.670s] Invoked command in '/home/hansollee/kdta_ROS2_workspace/build/arithmetic' returned '0': CMAKE_PREFIX_PATH=/home/hansollee/kdta_ROS2_workspace/install/interface_example:/home/hansollee/kdta_ROS2_workspace/install/turtlebot3_simulations:/home/hansollee/kdta_ROS2_workspace/install/turtlebot3_gazebo:/home/hansollee/kdta_ROS2_workspace/install/turtlebot3_fake_node:/home/hansollee/kdta_ROS2_workspace/install/simple_pkg_cpp:/home/hansollee/kdta_ROS2_workspace/install/msg:/home/hansollee/kdta_ROS2_workspace/install/move_t_sim:/home/hansollee/kdta_ROS2_workspace/install/arithmetic:/opt/ros/humble LD_LIBRARY_PATH=/home/hansollee/kdta_ROS2_workspace/install/interface_example/lib:/usr/lib/x86_64-linux-gnu/gazebo-11/plugins:/opt/ros/humble/opt/rviz_ogre_vendor/lib:/opt/ros/humble/lib/x86_64-linux-gnu:/opt/ros/humble/lib:/usr/lib/x86_64-linux-gnu/gazebo-11/plugins /usr/bin/cmake --build /home/hansollee/kdta_ROS2_workspace/build/arithmetic -- -j2 -l2
[0.955s] Invoking command in '/home/hansollee/kdta_ROS2_workspace/build/arithmetic': CMAKE_PREFIX_PATH=/home/hansollee/kdta_ROS2_workspace/install/interface_example:/home/hansollee/kdta_ROS2_workspace/install/turtlebot3_simulations:/home/hansollee/kdta_ROS2_workspace/install/turtlebot3_gazebo:/home/hansollee/kdta_ROS2_workspace/install/turtlebot3_fake_node:/home/hansollee/kdta_ROS2_workspace/install/simple_pkg_cpp:/home/hansollee/kdta_ROS2_workspace/install/msg:/home/hansollee/kdta_ROS2_workspace/install/move_t_sim:/home/hansollee/kdta_ROS2_workspace/install/arithmetic:/opt/ros/humble LD_LIBRARY_PATH=/home/hansollee/kdta_ROS2_workspace/install/interface_example/lib:/usr/lib/x86_64-linux-gnu/gazebo-11/plugins:/opt/ros/humble/opt/rviz_ogre_vendor/lib:/opt/ros/humble/lib/x86_64-linux-gnu:/opt/ros/humble/lib:/usr/lib/x86_64-linux-gnu/gazebo-11/plugins /usr/bin/cmake --install /home/hansollee/kdta_ROS2_workspace/build/arithmetic
[0.986s] -- Install configuration: ""
[1.004s] -- Execute custom install script
[1.015s] -- Up-to-date symlink: /home/hansollee/kdta_ROS2_workspace/install/arithmetic/lib/arithmetic/calculator
[1.016s] -- Up-to-date symlink: /home/hansollee/kdta_ROS2_workspace/install/arithmetic/lib/arithmetic/argument
[1.016s] -- Up-to-date symlink: /home/hansollee/kdta_ROS2_workspace/install/arithmetic/lib/arithmetic/operator
[1.016s] -- Up-to-date symlink: /home/hansollee/kdta_ROS2_workspace/install/arithmetic/lib/arithmetic/checker
[1.016s] -- Up-to-date symlink: /home/hansollee/kdta_ROS2_workspace/install/arithmetic/share/arithmetic/launch/arithmetic.launch.py
[1.016s] -- Up-to-date symlink: /home/hansollee/kdta_ROS2_workspace/install/arithmetic/share/arithmetic/param/arithmetic.yaml
[1.016s] -- Up-to-date symlink: /home/hansollee/kdta_ROS2_workspace/install/arithmetic/share/ament_index/resource_index/package_run_dependencies/arithmetic
[1.016s] -- Up-to-date symlink: /home/hansollee/kdta_ROS2_workspace/install/arithmetic/share/ament_index/resource_index/parent_prefix_path/arithmetic
[1.016s] -- Up-to-date symlink: /home/hansollee/kdta_ROS2_workspace/install/arithmetic/share/arithmetic/environment/ament_prefix_path.sh
[1.017s] -- Up-to-date symlink: /home/hansollee/kdta_ROS2_workspace/install/arithmetic/share/arithmetic/environment/ament_prefix_path.dsv
[1.017s] -- Up-to-date symlink: /home/hansollee/kdta_ROS2_workspace/install/arithmetic/share/arithmetic/environment/path.sh
[1.023s] -- Up-to-date symlink: /home/hansollee/kdta_ROS2_workspace/install/arithmetic/share/arithmetic/environment/path.dsv
[1.036s] -- Up-to-date symlink: /home/hansollee/kdta_ROS2_workspace/install/arithmetic/share/arithmetic/local_setup.bash
[1.037s] -- Up-to-date symlink: /home/hansollee/kdta_ROS2_workspace/install/arithmetic/share/arithmetic/local_setup.sh
[1.037s] -- Up-to-date symlink: /home/hansollee/kdta_ROS2_workspace/install/arithmetic/share/arithmetic/local_setup.zsh
[1.037s] -- Up-to-date symlink: /home/hansollee/kdta_ROS2_workspace/install/arithmetic/share/arithmetic/local_setup.dsv
[1.037s] -- Symlinking: /home/hansollee/kdta_ROS2_workspace/install/arithmetic/share/arithmetic/package.dsv
[1.090s] -- Up-to-date symlink: /home/hansollee/kdta_ROS2_workspace/install/arithmetic/share/ament_index/resource_index/packages/arithmetic
[1.090s] -- Up-to-date symlink: /home/hansollee/kdta_ROS2_workspace/install/arithmetic/share/arithmetic/cmake/arithmeticConfig.cmake
[1.111s] -- Up-to-date symlink: /home/hansollee/kdta_ROS2_workspace/install/arithmetic/share/arithmetic/cmake/arithmeticConfig-version.cmake
[1.117s] -- Up-to-date symlink: /home/hansollee/kdta_ROS2_workspace/install/arithmetic/share/arithmetic/package.xml
[1.117s] Invoked command in '/home/hansollee/kdta_ROS2_workspace/build/arithmetic' returned '0': CMAKE_PREFIX_PATH=/home/hansollee/kdta_ROS2_workspace/install/interface_example:/home/hansollee/kdta_ROS2_workspace/install/turtlebot3_simulations:/home/hansollee/kdta_ROS2_workspace/install/turtlebot3_gazebo:/home/hansollee/kdta_ROS2_workspace/install/turtlebot3_fake_node:/home/hansollee/kdta_ROS2_workspace/install/simple_pkg_cpp:/home/hansollee/kdta_ROS2_workspace/install/msg:/home/hansollee/kdta_ROS2_workspace/install/move_t_sim:/home/hansollee/kdta_ROS2_workspace/install/arithmetic:/opt/ros/humble LD_LIBRARY_PATH=/home/hansollee/kdta_ROS2_workspace/install/interface_example/lib:/usr/lib/x86_64-linux-gnu/gazebo-11/plugins:/opt/ros/humble/opt/rviz_ogre_vendor/lib:/opt/ros/humble/lib/x86_64-linux-gnu:/opt/ros/humble/lib:/usr/lib/x86_64-linux-gnu/gazebo-11/plugins /usr/bin/cmake --install /home/hansollee/kdta_ROS2_workspace/build/arithmetic
